#
# A fatal error has been detected by the Java Runtime Environment:
#
#  SIGSEGV (0xb) at pc=0x000000010605a2cc, pid=48494, tid=259
#
# JRE version: OpenJDK Runtime Environment (21.0.2+13) (build 21.0.2+13-58)
# Java VM: OpenJDK 64-Bit Server VM (21.0.2+13-58, mixed mode, sharing, tiered, compressed oops, compressed class ptrs, g1 gc, bsd-aarch64)
# Problematic frame:
# V  [libjvm.dylib+0x5862cc]  JNIHandleBlock::allocate_handle(JavaThread*, oopDesc*, AllocFailStrategy::AllocFailEnum)+0x38
#
# No core dump will be written. Core dumps have been disabled. To enable core dumping, try "ulimit -c unlimited" before starting Java again
#
# If you would like to submit a bug report, please visit:
#   https://bugreport.java.com/bugreport/crash.jsp
#

---------------  S U M M A R Y ------------

Command Line: -Dfile.encoding=UTF-8 --module-path=/Users/darienumanazuniga/Downloads/javafx-sdk-21.0.2/lib --add-modules=javafx.controls,javafx.fxml prueba1.ZeldaGameApp

Host: "Mac14,7" arm64, 8 cores, 8G, Darwin 23.3.0, macOS 14.3 (23D56)
Time: Sat Mar 23 20:54:47 2024 CST elapsed time: 59.824428 seconds (0d 0h 0m 59s)

---------------  T H R E A D  ---------------

Current thread is native thread

Stack: [0x000000016b0f8000,0x000000016b8f4000],  sp=0x000000016b8ef970,  free space=8158k
Native frames: (J=compiled Java code, j=interpreted, Vv=VM code, C=native code)
V  [libjvm.dylib+0x5862cc]  JNIHandleBlock::allocate_handle(JavaThread*, oopDesc*, AllocFailStrategy::AllocFailEnum)+0x38
V  [libjvm.dylib+0x540f6c]  jni_NewLocalRef+0x150
C  [libawt_lwawt.dylib+0x73acc]  -[MTLLayer blitCallback]+0x250
C  [libawt_lwawt.dylib+0x73c68]  -[MTLLayer display]+0x64
C  [QuartzCore+0x1fb3c]  CA::Layer::display_if_needed(CA::Transaction*)+0x2e0
C  [QuartzCore+0x1a4da4]  CA::Context::commit_transaction(CA::Transaction*, double, double*)+0x200
C  [QuartzCore+0x28f0]  CA::Transaction::commit()+0x288
C  [QuartzCore+0x1d7ab8]  CA::Transaction::flush_as_runloop_observer(bool)+0x88
C  [CoreFoundation+0x7cd80]  __CFRUNLOOP_IS_CALLING_OUT_TO_AN_OBSERVER_CALLBACK_FUNCTION__+0x24
C  [CoreFoundation+0x7cc6c]  __CFRunLoopDoObservers+0x214
C  [CoreFoundation+0x7c398]  __CFRunLoopRun+0x404
C  [CoreFoundation+0x7b93c]  CFRunLoopRunSpecific+0x260
C  [libjli.dylib+0xd1b0]  CreateExecutionEnvironment+0x190
C  [libjli.dylib+0x92a0]  JLI_Launch+0x468
C  [java+0x3bb0]  main+0x194
C  [dyld+0x60e0]  start+0x938

siginfo: si_signo: 11 (SIGSEGV), si_code: 2 (SEGV_ACCERR), si_addr: 0x0000000000000100

Registers:
 x0=0x0000000000000000  x1=0x000000014591f400  x2=0x0000000784d90718  x3=0x0000000000000001
 x4=0x0000000000000000  x5=0x0000130300000000  x6=0x0000000000000002  x7=0x0000000000000000
 x8=0x0000000124808200  x9=0x0000000000000000 x10=0x00015a0000015a00 x11=0x00015a0000015a02
x12=0x0000000000015a00 x13=0x00015a0000015a00 x14=0x0100000142291995 x15=0x0000000142291990
x16=0x0000000189d84b4c x17=0x00000001e0655c40 x18=0x0000000000000000 x19=0x0000000784d90718
x20=0x0000000000000000 x21=0x0000000000000001 x22=0x000000014591f400 x23=0x0000000000000001
x24=0x00000001067b0960 x25=0x0000000000000008 x26=0x000000016b8efa80 x27=0x0000000000000000
x28=0x0000000000000008  fp=0x000000016b8ef9a0  lr=0x0000000106014f6c  sp=0x000000016b8ef970
pc=0x000000010605a2cc cpsr=0x0000000060001000

Top of Stack: (sp=0x000000016b8ef970)
0x000000016b8ef970:   0000000000000001 0000000134206f10
0x000000016b8ef980:   000000014591f7b8 0000000146047151
0x000000016b8ef990:   0000000000000000 000000014591f400
0x000000016b8ef9a0:   000000016b8ef9f0 0000000106014f6c
0x000000016b8ef9b0:   000000014591f400 0000000134852010
0x000000016b8ef9c0:   000000010000009d 00000001459bc400
0x000000016b8ef9d0:   0000000142294000 0000000106014e1c
0x000000016b8ef9e0:   0000600001417e20 000000014591f7b8
0x000000016b8ef9f0:   000000016b8efa30 0000000142233acc
0x000000016b8efa00:   000000016b8efa40 503f000191f5b550
0x000000016b8efa10:   0000000134206e00 000000016b8efb20
0x000000016b8efa20:   000000014597ae00 0000600001417e20
0x000000016b8efa30:   000000016b8efa70 0000000142233c68
0x000000016b8efa40:   0000000000000001 0000000134206f10
0x000000016b8efa50:   0000000134206e00 000000016b8efb20
0x000000016b8efa60:   000000014597ae00 000000016b8efa90
0x000000016b8efa70:   000000016b8f0b70 0000000191f5bb3c
0x000000016b8efa80:   0000000000000000 0000000000000010
0x000000016b8efa90:   0000000000000008 0000000000000001
0x000000016b8efaa0:   0000000000000fe0 0000000000000800
0x000000016b8efab0:   000000016b8efb20 000000016b8efb20
0x000000016b8efac0:   000000016b8efb20 0000000000000000
0x000000016b8efad0:   0000000000000001 000000014597ae00
0x000000016b8efae0:   000000016b8efb00 0000020000000100
0x000000016b8efaf0:   0000000000000000 0000000000000000
0x000000016b8efb00:   0000000000000000 000000016b8efb30
0x000000016b8efb10:   0000000000000fd0 0000000000000800
0x000000016b8efb20:   0000000134008950 0000000000000000
0x000000016b8efb30:   000000016b8efb48 0000000000000fe0
0x000000016b8efb40:   0000000000000800 0000000000000000
0x000000016b8efb50:   0000000000000000 0000000000000000
0x000000016b8efb60:   0000000000000000 0000000000000000 

Instructions: (pc=0x000000010605a2cc)
0x000000010605a1cc:   c0 03 5f d6 fd 7b bf a9 fd 03 00 91 a8 3a 00 d0
0x000000010605a1dc:   00 ad 44 f9 fd 7b c1 a8 c0 03 5f d6 fd 7b bf a9
0x000000010605a1ec:   fd 03 00 91 c0 2e 00 b0 00 9c 0a 91 21 01 80 52
0x000000010605a1fc:   22 27 0b 94 a8 3a 00 d0 00 a9 04 f9 c0 2e 00 b0
0x000000010605a20c:   00 c8 0a 91 21 01 80 52 28 27 0b 94 a8 3a 00 d0
0x000000010605a21c:   00 ad 04 f9 fd 7b c1 a8 c0 03 5f d6 fd 7b bf a9
0x000000010605a22c:   fd 03 00 91 e2 03 00 aa 20 3a 00 d0 00 e0 06 91
0x000000010605a23c:   08 00 40 f9 00 01 3f d6 c2 00 00 b4 01 00 40 f9
0x000000010605a24c:   20 14 42 f9 03 00 80 52 fd 7b c1 a8 0f 00 00 14
0x000000010605a25c:   00 00 80 d2 fd 7b c1 a8 c0 03 5f d6 e3 03 02 aa
0x000000010605a26c:   e2 03 01 aa e1 00 00 b4 fd 7b bf a9 fd 03 00 91
0x000000010605a27c:   e1 03 00 aa 00 14 42 f9 fd 7b c1 a8 03 00 00 14
0x000000010605a28c:   00 00 80 d2 c0 03 5f d6 f8 5f bc a9 f6 57 01 a9
0x000000010605a29c:   f4 4f 02 a9 fd 7b 03 a9 fd c3 00 91 f5 03 03 aa
0x000000010605a2ac:   f3 03 02 aa f6 03 01 aa f4 03 00 aa 37 00 80 52
0x000000010605a2bc:   b8 3a 00 d0 18 83 25 91 02 00 00 14 88 8a 00 f9
0x000000010605a2cc:   88 02 41 b9 c8 00 00 34 88 8a 40 f9 09 01 81 b9
0x000000010605a2dc:   3f 7d 00 71 0c 02 00 54 79 00 00 14 88 86 40 f9
0x000000010605a2ec:   c8 00 00 b4 09 01 41 b9 89 00 00 34 1f 01 01 b9
0x000000010605a2fc:   08 85 40 f9 88 ff ff b5 9f 92 00 f9 9f 06 01 b9
0x000000010605a30c:   e8 03 14 aa 94 8a 00 f9 09 01 81 b9 3f 7d 00 71
0x000000010605a31c:   6d 0d 00 54 80 92 40 f9 a0 0d 00 b5 08 85 40 f9
0x000000010605a32c:   e8 fc ff b5 88 06 41 b9 48 03 00 34 d6 00 00 b4
0x000000010605a33c:   c0 1a 42 f9 80 00 00 b4 08 84 40 f9 c8 1a 02 f9
0x000000010605a34c:   46 00 00 14 00 25 80 52 21 01 80 52 bf 06 00 71
0x000000010605a35c:   61 06 00 54 22 00 80 52 c4 e3 ee 97 40 08 00 b4
0x000000010605a36c:   1f 90 00 f9 00 e4 00 6f 00 00 08 ad 00 00 07 ad
0x000000010605a37c:   00 00 06 ad 00 00 05 ad 00 00 04 ad 00 00 03 ad
0x000000010605a38c:   00 00 02 ad 00 00 01 ad 00 00 00 ad 31 00 00 14
0x000000010605a39c:   f4 07 00 b4 0b 00 80 d2 08 00 80 52 09 00 80 52
0x000000010605a3ac:   ea 03 14 aa 04 00 00 14 29 05 00 11 4a 85 40 f9
0x000000010605a3bc:   ca 02 00 b4 4e 01 41 b9 df 05 00 71 6b ff ff 54 



---------------  P R O C E S S  ---------------

VM state: not at safepoint (normal execution)

VM Mutex/Monitor currently owned by a thread: None

Heap address: 0x0000000780000000, size: 2048 MB, Compressed Oops mode: Zero based, Oop shift amount: 3

CDS archive(s) mapped at: [0x0000000700000000-0x0000000700ca4000-0x0000000700ca4000), size 13254656, SharedBaseAddress: 0x0000000700000000, ArchiveRelocationMode: 1.
Compressed class space mapped at: 0x0000000701000000-0x0000000741000000, reserved size: 1073741824
Narrow klass base: 0x0000000700000000, Narrow klass shift: 0, Narrow klass range: 0x100000000

GC Precious Log:
<Skipped>

Heap:
 garbage-first heap   total 89088K, used 54690K [0x0000000780000000, 0x0000000800000000)
  region size 1024K, 16 young (16384K), 1 survivors (1024K)
 Metaspace       used 37573K, committed 38016K, reserved 1114112K
  class space    used 4676K, committed 4864K, reserved 1048576K

Heap Regions: E=young(eden), S=young(survivor), O=old, HS=humongous(starts), HC=humongous(continues), CS=collection set, F=free, TAMS=top-at-mark-start, PB=parsable bottom
|   0|0x0000000780000000, 0x0000000780100000, 0x0000000780100000|100%|HS|  |TAMS 0x0000000780000000| PB 0x0000000780000000| Complete 
|   1|0x0000000780100000, 0x0000000780200000, 0x0000000780200000|100%| O|  |TAMS 0x0000000780100000| PB 0x0000000780100000| Untracked 
|   2|0x0000000780200000, 0x0000000780300000, 0x0000000780300000|100%| O|  |TAMS 0x0000000780200000| PB 0x0000000780200000| Untracked 
|   3|0x0000000780300000, 0x0000000780400000, 0x0000000780400000|100%|HS|  |TAMS 0x0000000780300000| PB 0x0000000780300000| Complete 
|   4|0x0000000780400000, 0x0000000780500000, 0x0000000780500000|100%|HC|  |TAMS 0x0000000780400000| PB 0x0000000780400000| Complete 
|   5|0x0000000780500000, 0x0000000780600000, 0x0000000780600000|100%| O|  |TAMS 0x0000000780500000| PB 0x0000000780500000| Untracked 
|   6|0x0000000780600000, 0x0000000780700000, 0x0000000780700000|100%| O|  |TAMS 0x0000000780600000| PB 0x0000000780600000| Untracked 
|   7|0x0000000780700000, 0x0000000780800000, 0x0000000780800000|100%| O|  |TAMS 0x0000000780700000| PB 0x0000000780700000| Untracked 
|   8|0x0000000780800000, 0x0000000780900000, 0x0000000780900000|100%| O|  |TAMS 0x0000000780800000| PB 0x0000000780800000| Untracked 
|   9|0x0000000780900000, 0x0000000780a00000, 0x0000000780a00000|100%| O|  |TAMS 0x0000000780900000| PB 0x0000000780900000| Untracked 
|  10|0x0000000780a00000, 0x0000000780b00000, 0x0000000780b00000|100%| O|  |TAMS 0x0000000780a00000| PB 0x0000000780a00000| Untracked 
|  11|0x0000000780b00000, 0x0000000780bda0e0, 0x0000000780c00000| 85%| O|  |TAMS 0x0000000780b00000| PB 0x0000000780b00000| Untracked 
|  12|0x0000000780c00000, 0x0000000780d00000, 0x0000000780d00000|100%|HS|  |TAMS 0x0000000780c00000| PB 0x0000000780c00000| Complete 
|  13|0x0000000780d00000, 0x0000000780e00000, 0x0000000780e00000|100%|HC|  |TAMS 0x0000000780d00000| PB 0x0000000780d00000| Complete 
|  14|0x0000000780e00000, 0x0000000780f00000, 0x0000000780f00000|100%|HS|  |TAMS 0x0000000780e00000| PB 0x0000000780e00000| Complete 
|  15|0x0000000780f00000, 0x0000000781000000, 0x0000000781000000|100%|HS|  |TAMS 0x0000000780f00000| PB 0x0000000780f00000| Complete 
|  16|0x0000000781000000, 0x0000000781000000, 0x0000000781100000|  0%| F|  |TAMS 0x0000000781000000| PB 0x0000000781000000| Untracked 
|  17|0x0000000781100000, 0x0000000781100000, 0x0000000781200000|  0%| F|  |TAMS 0x0000000781100000| PB 0x0000000781100000| Untracked 
|  18|0x0000000781200000, 0x0000000781200000, 0x0000000781300000|  0%| F|  |TAMS 0x0000000781200000| PB 0x0000000781200000| Untracked 
|  19|0x0000000781300000, 0x0000000781400000, 0x0000000781400000|100%| O|  |TAMS 0x0000000781300000| PB 0x0000000781300000| Untracked 
|  20|0x0000000781400000, 0x0000000781500000, 0x0000000781500000|100%| O|  |TAMS 0x0000000781400000| PB 0x0000000781400000| Untracked 
|  21|0x0000000781500000, 0x0000000781522240, 0x0000000781600000| 13%| O|Cm|TAMS 0x0000000781500000| PB 0x0000000781500000| Complete 
|  22|0x0000000781600000, 0x0000000781600000, 0x0000000781700000|  0%| F|  |TAMS 0x0000000781600000| PB 0x0000000781600000| Untracked 
|  23|0x0000000781700000, 0x0000000781700000, 0x0000000781800000|  0%| F|  |TAMS 0x0000000781700000| PB 0x0000000781700000| Untracked 
|  24|0x0000000781800000, 0x0000000781900000, 0x0000000781900000|100%|HS|  |TAMS 0x0000000781800000| PB 0x0000000781800000| Complete 
|  25|0x0000000781900000, 0x0000000781a00000, 0x0000000781a00000|100%|HC|  |TAMS 0x0000000781900000| PB 0x0000000781900000| Complete 
|  26|0x0000000781a00000, 0x0000000781b00000, 0x0000000781b00000|100%|HS|  |TAMS 0x0000000781a00000| PB 0x0000000781a00000| Complete 
|  27|0x0000000781b00000, 0x0000000781c00000, 0x0000000781c00000|100%|HC|  |TAMS 0x0000000781b00000| PB 0x0000000781b00000| Complete 
|  28|0x0000000781c00000, 0x0000000781d00000, 0x0000000781d00000|100%|HC|  |TAMS 0x0000000781c00000| PB 0x0000000781c00000| Complete 
|  29|0x0000000781d00000, 0x0000000781e00000, 0x0000000781e00000|100%|HC|  |TAMS 0x0000000781d00000| PB 0x0000000781d00000| Complete 
|  30|0x0000000781e00000, 0x0000000781f00000, 0x0000000781f00000|100%|HC|  |TAMS 0x0000000781e00000| PB 0x0000000781e00000| Complete 
|  31|0x0000000781f00000, 0x0000000782000000, 0x0000000782000000|100%|HC|  |TAMS 0x0000000781f00000| PB 0x0000000781f00000| Complete 
|  32|0x0000000782000000, 0x0000000782100000, 0x0000000782100000|100%|HC|  |TAMS 0x0000000782000000| PB 0x0000000782000000| Complete 
|  33|0x0000000782100000, 0x0000000782200000, 0x0000000782200000|100%|HC|  |TAMS 0x0000000782100000| PB 0x0000000782100000| Complete 
|  34|0x0000000782200000, 0x0000000782300000, 0x0000000782300000|100%|HC|  |TAMS 0x0000000782200000| PB 0x0000000782200000| Complete 
|  35|0x0000000782300000, 0x0000000782400000, 0x0000000782400000|100%|HC|  |TAMS 0x0000000782300000| PB 0x0000000782300000| Complete 
|  36|0x0000000782400000, 0x0000000782500000, 0x0000000782500000|100%|HC|  |TAMS 0x0000000782400000| PB 0x0000000782400000| Complete 
|  37|0x0000000782500000, 0x0000000782600000, 0x0000000782600000|100%|HC|  |TAMS 0x0000000782500000| PB 0x0000000782500000| Complete 
|  38|0x0000000782600000, 0x0000000782700000, 0x0000000782700000|100%|HS|  |TAMS 0x0000000782600000| PB 0x0000000782600000| Complete 
|  39|0x0000000782700000, 0x0000000782800000, 0x0000000782800000|100%|HC|  |TAMS 0x0000000782700000| PB 0x0000000782700000| Complete 
|  40|0x0000000782800000, 0x0000000782900000, 0x0000000782900000|100%| O|  |TAMS 0x0000000782800000| PB 0x0000000782800000| Untracked 
|  41|0x0000000782900000, 0x0000000782a00000, 0x0000000782a00000|100%| O|  |TAMS 0x0000000782900000| PB 0x0000000782900000| Untracked 
|  42|0x0000000782a00000, 0x0000000782b00000, 0x0000000782b00000|100%| O|  |TAMS 0x0000000782a00000| PB 0x0000000782a00000| Untracked 
|  43|0x0000000782b00000, 0x0000000782c00000, 0x0000000782c00000|100%| O|  |TAMS 0x0000000782b00000| PB 0x0000000782b00000| Untracked 
|  44|0x0000000782c00000, 0x0000000782c00000, 0x0000000782d00000|  0%| F|  |TAMS 0x0000000782c00000| PB 0x0000000782c00000| Untracked 
|  45|0x0000000782d00000, 0x0000000782d00000, 0x0000000782e00000|  0%| F|  |TAMS 0x0000000782d00000| PB 0x0000000782d00000| Untracked 
|  46|0x0000000782e00000, 0x0000000782e00000, 0x0000000782f00000|  0%| F|  |TAMS 0x0000000782e00000| PB 0x0000000782e00000| Untracked 
|  47|0x0000000782f00000, 0x0000000782f00000, 0x0000000783000000|  0%| F|  |TAMS 0x0000000782f00000| PB 0x0000000782f00000| Untracked 
|  48|0x0000000783000000, 0x0000000783000000, 0x0000000783100000|  0%| F|  |TAMS 0x0000000783000000| PB 0x0000000783000000| Untracked 
|  49|0x0000000783100000, 0x0000000783100000, 0x0000000783200000|  0%| F|  |TAMS 0x0000000783100000| PB 0x0000000783100000| Untracked 
|  50|0x0000000783200000, 0x0000000783200000, 0x0000000783300000|  0%| F|  |TAMS 0x0000000783200000| PB 0x0000000783200000| Untracked 
|  51|0x0000000783300000, 0x0000000783300000, 0x0000000783400000|  0%| F|  |TAMS 0x0000000783300000| PB 0x0000000783300000| Untracked 
|  52|0x0000000783400000, 0x0000000783400000, 0x0000000783500000|  0%| F|  |TAMS 0x0000000783400000| PB 0x0000000783400000| Untracked 
|  53|0x0000000783500000, 0x0000000783500000, 0x0000000783600000|  0%| F|  |TAMS 0x0000000783500000| PB 0x0000000783500000| Untracked 
|  54|0x0000000783600000, 0x0000000783600000, 0x0000000783700000|  0%| F|  |TAMS 0x0000000783600000| PB 0x0000000783600000| Untracked 
|  55|0x0000000783700000, 0x0000000783700000, 0x0000000783800000|  0%| F|  |TAMS 0x0000000783700000| PB 0x0000000783700000| Untracked 
|  56|0x0000000783800000, 0x0000000783800000, 0x0000000783900000|  0%| F|  |TAMS 0x0000000783800000| PB 0x0000000783800000| Untracked 
|  57|0x0000000783900000, 0x0000000783900000, 0x0000000783a00000|  0%| F|  |TAMS 0x0000000783900000| PB 0x0000000783900000| Untracked 
|  58|0x0000000783a00000, 0x0000000783a00000, 0x0000000783b00000|  0%| F|  |TAMS 0x0000000783a00000| PB 0x0000000783a00000| Untracked 
|  59|0x0000000783b00000, 0x0000000783b00000, 0x0000000783c00000|  0%| F|  |TAMS 0x0000000783b00000| PB 0x0000000783b00000| Untracked 
|  60|0x0000000783c00000, 0x0000000783c00000, 0x0000000783d00000|  0%| F|  |TAMS 0x0000000783c00000| PB 0x0000000783c00000| Untracked 
|  61|0x0000000783d00000, 0x0000000783d00000, 0x0000000783e00000|  0%| F|  |TAMS 0x0000000783d00000| PB 0x0000000783d00000| Untracked 
|  62|0x0000000783e00000, 0x0000000783e00000, 0x0000000783f00000|  0%| F|  |TAMS 0x0000000783e00000| PB 0x0000000783e00000| Untracked 
|  63|0x0000000783f00000, 0x0000000783f00000, 0x0000000784000000|  0%| F|  |TAMS 0x0000000783f00000| PB 0x0000000783f00000| Untracked 
|  64|0x0000000784000000, 0x0000000784000000, 0x0000000784100000|  0%| F|  |TAMS 0x0000000784000000| PB 0x0000000784000000| Untracked 
|  65|0x0000000784100000, 0x0000000784100000, 0x0000000784200000|  0%| F|  |TAMS 0x0000000784100000| PB 0x0000000784100000| Untracked 
|  66|0x0000000784200000, 0x0000000784200000, 0x0000000784300000|  0%| F|  |TAMS 0x0000000784200000| PB 0x0000000784200000| Untracked 
|  67|0x0000000784300000, 0x0000000784300000, 0x0000000784400000|  0%| F|  |TAMS 0x0000000784300000| PB 0x0000000784300000| Untracked 
|  68|0x0000000784400000, 0x0000000784400000, 0x0000000784500000|  0%| F|  |TAMS 0x0000000784400000| PB 0x0000000784400000| Untracked 
|  69|0x0000000784500000, 0x0000000784500000, 0x0000000784600000|  0%| F|  |TAMS 0x0000000784500000| PB 0x0000000784500000| Untracked 
|  70|0x0000000784600000, 0x0000000784625cf0, 0x0000000784700000| 14%| E|  |TAMS 0x0000000784600000| PB 0x0000000784600000| Complete 
|  71|0x0000000784700000, 0x0000000784800000, 0x0000000784800000|100%| E|CS|TAMS 0x0000000784700000| PB 0x0000000784700000| Complete 
|  72|0x0000000784800000, 0x0000000784900000, 0x0000000784900000|100%| E|CS|TAMS 0x0000000784800000| PB 0x0000000784800000| Complete 
|  73|0x0000000784900000, 0x0000000784a00000, 0x0000000784a00000|100%| E|CS|TAMS 0x0000000784900000| PB 0x0000000784900000| Complete 
|  74|0x0000000784a00000, 0x0000000784b00000, 0x0000000784b00000|100%| E|CS|TAMS 0x0000000784a00000| PB 0x0000000784a00000| Complete 
|  75|0x0000000784b00000, 0x0000000784c00000, 0x0000000784c00000|100%| E|CS|TAMS 0x0000000784b00000| PB 0x0000000784b00000| Complete 
|  76|0x0000000784c00000, 0x0000000784d00000, 0x0000000784d00000|100%| E|  |TAMS 0x0000000784c00000| PB 0x0000000784c00000| Complete 
|  77|0x0000000784d00000, 0x0000000784e00000, 0x0000000784e00000|100%| E|CS|TAMS 0x0000000784d00000| PB 0x0000000784d00000| Complete 
|  78|0x0000000784e00000, 0x0000000784f00000, 0x0000000784f00000|100%| E|CS|TAMS 0x0000000784e00000| PB 0x0000000784e00000| Complete 
|  79|0x0000000784f00000, 0x0000000785000000, 0x0000000785000000|100%| E|CS|TAMS 0x0000000784f00000| PB 0x0000000784f00000| Complete 
|  80|0x0000000785000000, 0x0000000785100000, 0x0000000785100000|100%| E|CS|TAMS 0x0000000785000000| PB 0x0000000785000000| Complete 
|  81|0x0000000785100000, 0x0000000785200000, 0x0000000785200000|100%| E|CS|TAMS 0x0000000785100000| PB 0x0000000785100000| Complete 
|  82|0x0000000785200000, 0x0000000785300000, 0x0000000785300000|100%| E|CS|TAMS 0x0000000785200000| PB 0x0000000785200000| Complete 
|  83|0x0000000785300000, 0x0000000785400000, 0x0000000785400000|100%| E|CS|TAMS 0x0000000785300000| PB 0x0000000785300000| Complete 
| 126|0x0000000787e00000, 0x0000000787e46b30, 0x0000000787f00000| 27%| S|CS|TAMS 0x0000000787e00000| PB 0x0000000787e00000| Complete 
|2046|0x00000007ffe00000, 0x00000007fff00000, 0x00000007fff00000|100%| O|  |TAMS 0x00000007ffe00000| PB 0x00000007ffe00000| Untracked 
|2047|0x00000007fff00000, 0x0000000800000000, 0x0000000800000000|100%| E|CS|TAMS 0x00000007fff00000| PB 0x00000007fff00000| Complete 

Card table byte_map: [0x0000000104e30000,0x0000000105230000] _byte_map_base: 0x0000000101230000

Marking Bits: (CMBitMap*) 0x0000000145819a10
 Bits: [0x000000011df44000, 0x000000011ff44000)

Polling page: 0x0000000104520000

Metaspace:

Usage:
  Non-class:     32.13 MB used.
      Class:      4.57 MB used.
       Both:     36.69 MB used.

Virtual space:
  Non-class space:       64.00 MB reserved,      32.38 MB ( 51%) committed,  1 nodes.
      Class space:        1.00 GB reserved,       4.75 MB ( <1%) committed,  1 nodes.
             Both:        1.06 GB reserved,      37.12 MB (  3%) committed. 

Chunk freelists:
   Non-Class:  14.94 MB
       Class:  11.13 MB
        Both:  26.07 MB

MaxMetaspaceSize: unlimited
CompressedClassSpaceSize: 1.00 GB
Initial GC threshold: 21.00 MB
Current GC threshold: 59.69 MB
CDS: on
 - commit_granule_bytes: 65536.
 - commit_granule_words: 8192.
 - virtual_space_node_default_size: 8388608.
 - enlarge_chunks_in_place: 1.
 - use_allocation_guard: 0.


Internal statistics:

num_allocs_failed_limit: 14.
num_arena_births: 542.
num_arena_deaths: 0.
num_vsnodes_births: 2.
num_vsnodes_deaths: 0.
num_space_committed: 594.
num_space_uncommitted: 0.
num_chunks_returned_to_freelist: 14.
num_chunks_taken_from_freelist: 1367.
num_chunk_merges: 8.
num_chunk_splits: 949.
num_chunks_enlarged: 688.
num_inconsistent_stats: 0.

CodeHeap 'non-profiled nmethods': size=120032Kb used=3064Kb max_used=3064Kb free=116967Kb
 bounds [0x0000000116a0c000, 0x0000000116d0c000, 0x000000011df44000]
CodeHeap 'profiled nmethods': size=120016Kb used=12532Kb max_used=12532Kb free=107483Kb
 bounds [0x000000010ef44000, 0x000000010fb84000, 0x0000000116478000]
CodeHeap 'non-nmethods': size=5712Kb used=1915Kb max_used=2006Kb free=3796Kb
 bounds [0x0000000116478000, 0x00000001166e8000, 0x0000000116a0c000]
 total_blobs=7151 nmethods=6032 adapters=1024
 compilation: enabled
              stopped_count=0, restarted_count=0
 full_count=0

Compilation events (20 events):
Event: 59.793 Thread 0x0000000144817e00 nmethod 6495 0x000000010fb7a290 code [0x000000010fb7a440, 0x000000010fb7a5b0]
Event: 59.793 Thread 0x0000000144817e00 6496       3       java.io.Writer::write (11 bytes)
Event: 59.793 Thread 0x0000000144817e00 nmethod 6496 0x000000010fb7a690 code [0x000000010fb7a840, 0x000000010fb7ab68]
Event: 59.793 Thread 0x0000000144817e00 6497   !   3       java.io.BufferedWriter::write (82 bytes)
Event: 59.794 Thread 0x0000000144817e00 nmethod 6497 0x000000010fb7ad10 code [0x000000010fb7b040, 0x000000010fb7c0a8]
Event: 59.794 Thread 0x0000000144817e00 6499       3       java.io.BufferedWriter::growIfNeeded (63 bytes)
Event: 59.794 Thread 0x0000000144817e00 nmethod 6499 0x000000010fb7c610 code [0x000000010fb7c7c0, 0x000000010fb7cad0]
Event: 59.796 Thread 0x0000000144811400 nmethod 6494% 0x0000000116d08810 code [0x0000000116d089c0, 0x0000000116d08d68]
Event: 59.796 Thread 0x0000000144811400 6490       4       java.lang.String::checkBoundsBeginEnd (11 bytes)
Event: 59.796 Thread 0x0000000144811400 nmethod 6490 0x0000000116d08e90 code [0x0000000116d09000, 0x0000000116d090d8]
Event: 59.802 Thread 0x0000000144817e00 6500  s    3       javax.swing.RepaintManager::getPaintManager (107 bytes)
Event: 59.802 Thread 0x0000000144817e00 nmethod 6500 0x000000010fb7cc10 code [0x000000010fb7ce40, 0x000000010fb7d630]
Event: 59.803 Thread 0x0000000144811400 6501       4       sun.util.logging.internal.LoggingProviderImpl$JULWrapper::toJUL (40 bytes)
Event: 59.803 Thread 0x0000000144811400 nmethod 6501 0x0000000116d09210 code [0x0000000116d09380, 0x0000000116d09448]
Event: 59.803 Thread 0x0000000144811400 6502       4       sun.util.logging.PlatformLogger::isLoggable (23 bytes)
Event: 59.804 Thread 0x0000000144817e00 6503       1       javax.swing.AbstractButton::getIcon (5 bytes)
Event: 59.804 Thread 0x0000000144817e00 nmethod 6503 0x0000000116d09510 code [0x0000000116d09680, 0x0000000116d09728]
Event: 59.804 Thread 0x0000000144817e00 6504       1       sun.java2d.metal.MTLSurfaceData::getType (5 bytes)
Event: 59.804 Thread 0x0000000144817e00 nmethod 6504 0x0000000116d09810 code [0x0000000116d09980, 0x0000000116d09a28]
Event: 59.804 Thread 0x0000000144811400 nmethod 6502 0x0000000116d09b10 code [0x0000000116d09cc0, 0x0000000116d09e78]

GC Heap History (12 events):
Event: 0.447 GC heap before
{Heap before GC invocations=0 (full 0):
 garbage-first heap   total 133120K, used 25612K [0x0000000780000000, 0x0000000800000000)
  region size 1024K, 23 young (23552K), 0 survivors (0K)
 Metaspace       used 5510K, committed 5696K, reserved 1114112K
  class space    used 493K, committed 576K, reserved 1048576K
}
Event: 0.450 GC heap after
{Heap after GC invocations=1 (full 0):
 garbage-first heap   total 133120K, used 5175K [0x0000000780000000, 0x0000000800000000)
  region size 1024K, 3 young (3072K), 3 survivors (3072K)
 Metaspace       used 5510K, committed 5696K, reserved 1114112K
  class space    used 493K, committed 576K, reserved 1048576K
}
Event: 1.222 GC heap before
{Heap before GC invocations=1 (full 0):
 garbage-first heap   total 133120K, used 47159K [0x0000000780000000, 0x0000000800000000)
  region size 1024K, 45 young (46080K), 3 survivors (3072K)
 Metaspace       used 14978K, committed 15296K, reserved 1114112K
  class space    used 2097K, committed 2240K, reserved 1048576K
}
Event: 1.226 GC heap after
{Heap after GC invocations=2 (full 0):
 garbage-first heap   total 133120K, used 9690K [0x0000000780000000, 0x0000000800000000)
  region size 1024K, 6 young (6144K), 6 survivors (6144K)
 Metaspace       used 14978K, committed 15296K, reserved 1114112K
  class space    used 2097K, committed 2240K, reserved 1048576K
}
Event: 1.454 GC heap before
{Heap before GC invocations=2 (full 0):
 garbage-first heap   total 133120K, used 50650K [0x0000000780000000, 0x0000000800000000)
  region size 1024K, 32 young (32768K), 6 survivors (6144K)
 Metaspace       used 21131K, committed 21568K, reserved 1114112K
  class space    used 2840K, committed 3008K, reserved 1048576K
}
Event: 1.459 GC heap after
{Heap after GC invocations=3 (full 0):
 garbage-first heap   total 133120K, used 28160K [0x0000000780000000, 0x0000000800000000)
  region size 1024K, 8 young (8192K), 8 survivors (8192K)
 Metaspace       used 21131K, committed 21568K, reserved 1114112K
  class space    used 2840K, committed 3008K, reserved 1048576K
}
Event: 26.677 GC heap before
{Heap before GC invocations=4 (full 0):
 garbage-first heap   total 109568K, used 82432K [0x0000000780000000, 0x0000000800000000)
  region size 1024K, 43 young (44032K), 8 survivors (8192K)
 Metaspace       used 35508K, committed 35968K, reserved 1114112K
  class space    used 4375K, committed 4608K, reserved 1048576K
}
Event: 26.683 GC heap after
{Heap after GC invocations=5 (full 0):
 garbage-first heap   total 109568K, used 23779K [0x0000000780000000, 0x0000000800000000)
  region size 1024K, 8 young (8192K), 8 survivors (8192K)
 Metaspace       used 35508K, committed 35968K, reserved 1114112K
  class space    used 4375K, committed 4608K, reserved 1048576K
}
Event: 37.480 GC heap before
{Heap before GC invocations=5 (full 0):
 garbage-first heap   total 109568K, used 31971K [0x0000000780000000, 0x0000000800000000)
  region size 1024K, 17 young (17408K), 8 survivors (8192K)
 Metaspace       used 35921K, committed 36288K, reserved 1114112K
  class space    used 4423K, committed 4608K, reserved 1048576K
}
Event: 37.484 GC heap after
{Heap after GC invocations=6 (full 0):
 garbage-first heap   total 109568K, used 24560K [0x0000000780000000, 0x0000000800000000)
  region size 1024K, 1 young (1024K), 1 survivors (1024K)
 Metaspace       used 35921K, committed 36288K, reserved 1114112K
  class space    used 4423K, committed 4608K, reserved 1048576K
}
Event: 37.497 GC heap before
{Heap before GC invocations=6 (full 0):
 garbage-first heap   total 109568K, used 25584K [0x0000000780000000, 0x0000000800000000)
  region size 1024K, 3 young (3072K), 1 survivors (1024K)
 Metaspace       used 36189K, committed 36608K, reserved 1114112K
  class space    used 4491K, committed 4736K, reserved 1048576K
}
Event: 37.498 GC heap after
{Heap after GC invocations=7 (full 0):
 garbage-first heap   total 109568K, used 23819K [0x0000000780000000, 0x0000000800000000)
  region size 1024K, 1 young (1024K), 1 survivors (1024K)
 Metaspace       used 36189K, committed 36608K, reserved 1114112K
  class space    used 4491K, committed 4736K, reserved 1048576K
}

Dll operation events (13 events):
Event: 0.010 Loaded shared library /Users/darienumanazuniga/Library/Java/JavaVirtualMachines/openjdk-21.0.2/Contents/Home/lib/libjava.dylib
Event: 0.061 Loaded shared library /Users/darienumanazuniga/Library/Java/JavaVirtualMachines/openjdk-21.0.2/Contents/Home/lib/libnio.dylib
Event: 0.082 Loaded shared library /Users/darienumanazuniga/Library/Java/JavaVirtualMachines/openjdk-21.0.2/Contents/Home/lib/libzip.dylib
Event: 0.247 Loaded shared library /Users/darienumanazuniga/Library/Java/JavaVirtualMachines/openjdk-21.0.2/Contents/Home/lib/libjimage.dylib
Event: 0.309 Loaded shared library /Users/darienumanazuniga/Downloads/javafx-sdk-21.0.2/lib/libprism_es2.dylib
Event: 0.365 Loaded shared library /Users/darienumanazuniga/Downloads/javafx-sdk-21.0.2/lib/libglass.dylib
Event: 0.584 Loaded shared library /Users/darienumanazuniga/Downloads/javafx-sdk-21.0.2/lib/libjavafx_font.dylib
Event: 1.347 Loaded shared library /Users/darienumanazuniga/Library/Java/JavaVirtualMachines/openjdk-21.0.2/Contents/Home/lib/libnet.dylib
Event: 1.565 Loaded shared library /Users/darienumanazuniga/Library/Java/JavaVirtualMachines/openjdk-21.0.2/Contents/Home/lib/libextnet.dylib
Event: 1.624 Loaded shared library /Users/darienumanazuniga/Library/Java/JavaVirtualMachines/openjdk-21.0.2/Contents/Home/lib/libawt.dylib
Event: 1.638 Loaded shared library /Users/darienumanazuniga/Library/Java/JavaVirtualMachines/openjdk-21.0.2/Contents/Home/lib/libawt_lwawt.dylib
Event: 1.654 Loaded shared library /Users/darienumanazuniga/Library/Java/JavaVirtualMachines/openjdk-21.0.2/Contents/Home/lib/libfontmanager.dylib
Event: 1.694 Loaded shared library /Users/darienumanazuniga/Library/Java/JavaVirtualMachines/openjdk-21.0.2/Contents/Home/lib/libosxui.dylib

Deoptimization events (20 events):
Event: 59.783 Thread 0x000000014591f400 Uncommon trap: trap_request=0xffffff45 fr.pc=0x0000000116c43364 relative=0x0000000000000064
Event: 59.783 Thread 0x000000014591f400 Uncommon trap: reason=unstable_if action=reinterpret pc=0x0000000116c43364 method=java.lang.Enum.hashCode()I @ 6 c2
Event: 59.783 Thread 0x000000014591f400 DEOPT PACKING pc=0x0000000116c43364 sp=0x000000016b8eecb0
Event: 59.783 Thread 0x000000014591f400 DEOPT UNPACKING pc=0x00000001164bb01c sp=0x000000016b8eec40 mode 2
Event: 59.785 Thread 0x000000014591f400 Uncommon trap: trap_request=0xffffff45 fr.pc=0x0000000116b7b9e8 relative=0x00000000000002a8
Event: 59.785 Thread 0x000000014591f400 Uncommon trap: reason=unstable_if action=reinterpret pc=0x0000000116b7b9e8 method=java.util.regex.Pattern$Start.match(Ljava/util/regex/Matcher;ILjava/lang/CharSequence;)Z @ 10 c2
Event: 59.785 Thread 0x000000014591f400 DEOPT PACKING pc=0x0000000116b7b9e8 sp=0x000000016b8ee210
Event: 59.785 Thread 0x000000014591f400 DEOPT UNPACKING pc=0x00000001164bb01c sp=0x000000016b8ee110 mode 2
Event: 59.801 Thread 0x000000012487ce00 Uncommon trap: trap_request=0xffffffbe fr.pc=0x0000000116cafc0c relative=0x0000000000000ecc
Event: 59.801 Thread 0x000000012487ce00 Uncommon trap: reason=profile_predicate action=maybe_recompile pc=0x0000000116cafc0c method=java.util.concurrent.locks.AbstractQueuedSynchronizer.acquire(Ljava/util/concurrent/locks/AbstractQueuedSynchronizer$Node;IZZZJ)I @ 20 c2
Event: 59.801 Thread 0x000000012487ce00 DEOPT PACKING pc=0x0000000116cafc0c sp=0x000000016dff2520
Event: 59.801 Thread 0x000000012487ce00 DEOPT UNPACKING pc=0x00000001164bb01c sp=0x000000016dff2480 mode 2
Event: 59.802 Thread 0x000000012487ce00 Uncommon trap: trap_request=0xffffffbe fr.pc=0x0000000116cafc0c relative=0x0000000000000ecc
Event: 59.802 Thread 0x000000012487ce00 Uncommon trap: reason=profile_predicate action=maybe_recompile pc=0x0000000116cafc0c method=java.util.concurrent.locks.AbstractQueuedSynchronizer.acquire(Ljava/util/concurrent/locks/AbstractQueuedSynchronizer$Node;IZZZJ)I @ 20 c2
Event: 59.802 Thread 0x000000012487ce00 DEOPT PACKING pc=0x0000000116cafc0c sp=0x000000016dff2520
Event: 59.802 Thread 0x000000012487ce00 DEOPT UNPACKING pc=0x00000001164bb01c sp=0x000000016dff2480 mode 2
Event: 59.802 Thread 0x0000000145906e00 Uncommon trap: trap_request=0xffffff45 fr.pc=0x0000000116cbf4b8 relative=0x00000000000004f8
Event: 59.802 Thread 0x0000000145906e00 Uncommon trap: reason=unstable_if action=reinterpret pc=0x0000000116cbf4b8 method=java.util.concurrent.locks.AbstractQueuedSynchronizer$ConditionNode.isReleasable()Z @ 14 c2
Event: 59.802 Thread 0x0000000145906e00 DEOPT PACKING pc=0x0000000116cbf4b8 sp=0x000000016e1fe5e0
Event: 59.802 Thread 0x0000000145906e00 DEOPT UNPACKING pc=0x00000001164bb01c sp=0x000000016e1fe3d0 mode 2

Classes loaded (20 events):
Event: 59.786 Loading class java/util/concurrent/atomic/AtomicMarkableReference
Event: 59.786 Loading class java/util/concurrent/atomic/AtomicMarkableReference done
Event: 59.786 Loading class java/util/concurrent/atomic/AtomicMarkableReference$Pair
Event: 59.786 Loading class java/util/concurrent/atomic/AtomicMarkableReference$Pair done
Event: 59.786 Loading class sun/util/resources/LocaleData$2
Event: 59.787 Loading class sun/util/resources/LocaleData$2 done
Event: 59.787 Loading class sun/util/resources/LocaleData$SupplementaryStrategy
Event: 59.787 Loading class sun/util/resources/LocaleData$SupplementaryStrategy done
Event: 59.787 Loading class sun/text/resources/JavaTimeSupplementary
Event: 59.787 Loading class sun/util/resources/OpenListResourceBundle
Event: 59.787 Loading class sun/util/resources/OpenListResourceBundle done
Event: 59.787 Loading class sun/text/resources/JavaTimeSupplementary done
Event: 59.787 Loading class sun/util/resources/LocaleData$SupplementaryResourceBundleProvider
Event: 59.787 Loading class sun/util/resources/LocaleData$SupplementaryResourceBundleProvider done
Event: 59.788 Loading class sun/util/resources/ParallelListResourceBundle$KeySet
Event: 59.788 Loading class sun/util/resources/ParallelListResourceBundle$KeySet done
Event: 59.788 Loading class sun/util/locale/provider/CalendarDataUtility$CalendarFieldValueNameGetter
Event: 59.789 Loading class sun/util/locale/provider/CalendarDataUtility$CalendarFieldValueNameGetter done
Event: 59.791 Loading class sun/nio/ch/ChannelOutputStream
Event: 59.791 Loading class sun/nio/ch/ChannelOutputStream done

Classes unloaded (0 events):
No events

Classes redefined (0 events):
No events

Internal exceptions (20 events):
Event: 23.519 Thread 0x000000014591f400 Exception <a 'java/lang/NoSuchMethodError'{0x00000007842da218}: 'java.lang.Object java.lang.invoke.Invokers$Holder.linkToTargetMethod(java.lang.Object, java.lang.Object, int, java.lang.Object, java.lang.Object)'> (0x00000007842da218) 
thrown [open/src/hotspot/share/interpreter/linkResolver.cpp, line 773]
Event: 23.527 Thread 0x000000014591f400 Exception <a 'java/lang/NoSuchMethodError'{0x00000007842de2d8}: 'void java.lang.invoke.DirectMethodHandle$Holder.invokeStatic(java.lang.Object, int, long)'> (0x00000007842de2d8) 
thrown [open/src/hotspot/share/interpreter/linkResolver.cpp, line 773]
Event: 23.529 Thread 0x00000001448e5e00 Exception <a 'java/lang/NoSuchMethodError'{0x0000000784100c80}: 'void java.lang.invoke.DirectMethodHandle$Holder.invokeStatic(java.lang.Object, long)'> (0x0000000784100c80) 
thrown [open/src/hotspot/share/interpreter/linkResolver.cpp, line 773]
Event: 23.540 Thread 0x000000014591f400 Exception <a 'java/lang/NoSuchMethodError'{0x0000000784126550}: 'java.lang.Object java.lang.invoke.Invokers$Holder.linkToTargetMethod(int, int, int, int, java.lang.Object)'> (0x0000000784126550) 
thrown [open/src/hotspot/share/interpreter/linkResolver.cpp, line 773]
Event: 23.541 Thread 0x000000014591f400 Exception <a 'java/lang/NoSuchMethodError'{0x0000000784129e30}: 'void java.lang.invoke.DirectMethodHandle$Holder.invokeStatic(java.lang.Object, java.lang.Object, long)'> (0x0000000784129e30) 
thrown [open/src/hotspot/share/interpreter/linkResolver.cpp, line 773]
Event: 23.561 Thread 0x000000014591f400 Exception <a 'java/lang/NoSuchMethodError'{0x000000078414aec8}: 'void java.lang.invoke.DirectMethodHandle$Holder.invokeSpecial(java.lang.Object, java.lang.Object, long)'> (0x000000078414aec8) 
thrown [open/src/hotspot/share/interpreter/linkResolver.cpp, line 773]
Event: 23.562 Thread 0x000000014591f400 Exception <a 'java/lang/NoSuchMethodError'{0x0000000784150520}: 'void java.lang.invoke.DirectMethodHandle$Holder.invokeStatic(java.lang.Object, long, long)'> (0x0000000784150520) 
thrown [open/src/hotspot/share/interpreter/linkResolver.cpp, line 773]
Event: 23.562 Thread 0x000000014591f400 Exception <a 'java/lang/NoSuchMethodError'{0x0000000784155580}: 'java.lang.Object java.lang.invoke.DirectMethodHandle$Holder.newInvokeSpecial(java.lang.Object, long)'> (0x0000000784155580) 
thrown [open/src/hotspot/share/interpreter/linkResolver.cpp, line 773]
Event: 37.023 Thread 0x000000014591f400 Exception <a 'java/lang/NoSuchMethodError'{0x00000007862d1348}: 'java.lang.Object java.lang.invoke.DirectMethodHandle$Holder.newInvokeSpecial(java.lang.Object, java.lang.Object, int, int, int, int, int, java.lang.Object)'> (0x00000007862d1348) 
thrown [open/src/hotspot/share/interpreter/linkResolver.cpp, line 773]
Event: 37.024 Thread 0x000000014591f400 Exception <a 'java/lang/NoSuchMethodError'{0x00000007862e2f58}: 'java.lang.Object java.lang.invoke.DirectMethodHandle$Holder.newInvokeSpecial(java.lang.Object, java.lang.Object, java.lang.Object, int, int, int, int, int)'> (0x00000007862e2f58) 
thrown [open/src/hotspot/share/interpreter/linkResolver.cpp, line 773]
Event: 37.025 Thread 0x000000014591f400 Exception <a 'java/lang/NoSuchMethodError'{0x00000007862ea298}: 'java.lang.Object java.lang.invoke.Invokers$Holder.linkToTargetMethod(java.lang.Object, java.lang.Object, int, int, int, int, int, java.lang.Object)'> (0x00000007862ea298) 
thrown [open/src/hotspot/share/interpreter/linkResolver.cpp, line 773]
Event: 37.545 Thread 0x0000000145906e00 Implicit null exception at 0x0000000116c526dc to 0x0000000116c52820
Event: 37.545 Thread 0x0000000145906e00 Implicit null exception at 0x0000000116bd1624 to 0x0000000116bd1684
Event: 49.862 Thread 0x00000001250c4800 Exception <a 'java/lang/NoSuchMethodError'{0x0000000784d16f60}: 'java.lang.Object java.lang.invoke.DirectMethodHandle$Holder.newInvokeSpecial(java.lang.Object, double, double)'> (0x0000000784d16f60) 
thrown [open/src/hotspot/share/interpreter/linkResolver.cpp, line 773]
Event: 49.865 Thread 0x00000001250c4800 Exception <a 'java/lang/NoSuchMethodError'{0x0000000784d75938}: 'java.lang.Object java.lang.invoke.DirectMethodHandle$Holder.newInvokeSpecial(java.lang.Object, java.lang.Object, int, int)'> (0x0000000784d75938) 
thrown [open/src/hotspot/share/interpreter/linkResolver.cpp, line 773]
Event: 49.865 Thread 0x00000001250c4800 Exception <a 'java/lang/NoSuchMethodError'{0x0000000784d79b48}: 'java.lang.Object java.lang.invoke.DirectMethodHandle$Holder.invokeSpecial(java.lang.Object, java.lang.Object, java.lang.Object, int, int)'> (0x0000000784d79b48) 
thrown [open/src/hotspot/share/interpreter/linkResolver.cpp, line 773]
Event: 49.904 Thread 0x00000001250c4800 Exception <a 'java/lang/NoSuchMethodError'{0x0000000784c04e18}: 'int java.lang.invoke.DirectMethodHandle$Holder.invokeStatic(java.lang.Object)'> (0x0000000784c04e18) 
thrown [open/src/hotspot/share/interpreter/linkResolver.cpp, line 773]
Event: 49.911 Thread 0x00000001250c4800 Exception <a 'java/lang/NoSuchMethodError'{0x0000000784c217a8}: 'java.lang.Object java.lang.invoke.DirectMethodHandle$Holder.newInvokeSpecial(java.lang.Object, java.lang.Object, int, int, int, int)'> (0x0000000784c217a8) 
thrown [open/src/hotspot/share/interpreter/linkResolver.cpp, line 773]
Event: 49.927 Thread 0x00000001250c4800 Exception <a 'java/lang/NoSuchMethodError'{0x0000000784c57c08}: 'java.lang.Object java.lang.invoke.DirectMethodHandle$Holder.invokeStatic(java.lang.Object, int, java.lang.Object, java.lang.Object)'> (0x0000000784c57c08) 
thrown [open/src/hotspot/share/interpreter/linkResolver.cpp, line 773]
Event: 49.927 Thread 0x00000001250c4800 Exception <a 'java/lang/NoSuchMethodError'{0x0000000784c5eca8}: 'java.lang.Object java.lang.invoke.DirectMethodHandle$Holder.newInvokeSpecial(java.lang.Object, int, java.lang.Object)'> (0x0000000784c5eca8) 
thrown [open/src/hotspot/share/interpreter/linkResolver.cpp, line 773]

ZGC Phase Switch (0 events):
No events

VM Operations (20 events):
Event: 49.867 Executing VM operation: HandshakeAllThreads (Deoptimize)
Event: 49.867 Executing VM operation: HandshakeAllThreads (Deoptimize) done
Event: 49.867 Executing VM operation: HandshakeAllThreads (Deoptimize)
Event: 49.867 Executing VM operation: HandshakeAllThreads (Deoptimize) done
Event: 49.872 Executing VM operation: HandshakeAllThreads (Deoptimize)
Event: 49.872 Executing VM operation: HandshakeAllThreads (Deoptimize) done
Event: 49.891 Executing VM operation: HandshakeAllThreads (Deoptimize)
Event: 49.891 Executing VM operation: HandshakeAllThreads (Deoptimize) done
Event: 50.896 Executing VM operation: Cleanup
Event: 50.896 Executing VM operation: Cleanup done
Event: 51.897 Executing VM operation: Cleanup
Event: 51.897 Executing VM operation: Cleanup done
Event: 52.899 Executing VM operation: Cleanup
Event: 52.899 Executing VM operation: Cleanup done
Event: 53.904 Executing VM operation: Cleanup
Event: 53.904 Executing VM operation: Cleanup done
Event: 54.906 Executing VM operation: Cleanup
Event: 54.907 Executing VM operation: Cleanup done
Event: 58.918 Executing VM operation: Cleanup
Event: 58.918 Executing VM operation: Cleanup done

Events (20 events):
Event: 43.497 Thread 0x00000001250c4800 Thread added: 0x00000001250c4800
Event: 43.497 Protecting memory [0x00000002bb784000,0x00000002bb790000] with protection modes 0
Event: 59.775 Protecting memory [0x000000016fabc000,0x000000016fac8000] with protection modes 3
Event: 59.775 Thread 0x00000001451e2c00 Thread exited: 0x00000001451e2c00
Event: 59.775 Protecting memory [0x000000016eff4000,0x000000016f000000] with protection modes 3
Event: 59.775 Thread 0x00000001448eb400 Thread exited: 0x00000001448eb400
Event: 59.775 Protecting memory [0x000000016f8b0000,0x000000016f8bc000] with protection modes 3
Event: 59.775 Thread 0x0000000124b3c800 Thread exited: 0x0000000124b3c800
Event: 59.775 Protecting memory [0x000000016f6a4000,0x000000016f6b0000] with protection modes 3
Event: 59.775 Thread 0x00000001451e2400 Thread exited: 0x00000001451e2400
Event: 59.802 Protecting memory [0x000000016dffc000,0x000000016e008000] with protection modes 3
Event: 59.802 Thread 0x0000000145906e00 Thread exited: 0x0000000145906e00
Event: 59.802 Protecting memory [0x000000016ddf0000,0x000000016ddfc000] with protection modes 3
Event: 59.802 Protecting memory [0x000000016b0f8000,0x000000016b104000] with protection modes 3
Event: 59.802 Thread 0x000000012487ce00 Thread exited: 0x000000012487ce00
Event: 59.802 Thread 0x000000014591f400 Thread exited: 0x000000014591f400
Event: 59.802 Protecting memory [0x000000016b980000,0x000000016b98c000] with protection modes 3
Event: 59.802 Thread 0x0000000144812200 Thread exited: 0x0000000144812200
Event: 59.802 Protecting memory [0x000000016b980000,0x000000016b98c000] with protection modes 0
Event: 59.802 Thread 0x00000001453af000 Thread added: 0x00000001453af000


Dynamic libraries:
0x0000000104990000 	/Users/darienumanazuniga/Library/Java/JavaVirtualMachines/openjdk-21.0.2/Contents/Home/lib/libjli.dylib
0x00000001a3ab6000 	/System/Library/Frameworks/Cocoa.framework/Versions/A/Cocoa
0x000000018d60b000 	/System/Library/Frameworks/AppKit.framework/Versions/C/AppKit
0x0000000190653000 	/System/Library/Frameworks/CoreData.framework/Versions/A/CoreData
0x000000018af17000 	/System/Library/Frameworks/Foundation.framework/Versions/C/Foundation
0x0000000196636000 	/usr/lib/libSystem.B.dylib
0x000000018e937000 	/System/Library/PrivateFrameworks/UIFoundation.framework/Versions/A/UIFoundation
0x000000020092e000 	/System/Library/PrivateFrameworks/CollectionViewCore.framework/Versions/A/CollectionViewCore
0x000000019d7e3000 	/System/Library/PrivateFrameworks/RemoteViewServices.framework/Versions/A/RemoteViewServices
0x00000001946d6000 	/System/Library/PrivateFrameworks/XCTTargetBootstrap.framework/Versions/A/XCTTargetBootstrap
0x0000000198c21000 	/System/Library/PrivateFrameworks/InternationalSupport.framework/Versions/A/InternationalSupport
0x0000000198ca9000 	/System/Library/PrivateFrameworks/UserActivity.framework/Versions/A/UserActivity
0x0000000222c97000 	/System/Library/PrivateFrameworks/WindowManagement.framework/Versions/A/WindowManagement
0x000000018aba0000 	/System/Library/Frameworks/SystemConfiguration.framework/Versions/A/SystemConfiguration
0x00000001980c2000 	/usr/lib/libspindump.dylib
0x000000018eaec000 	/System/Library/Frameworks/UniformTypeIdentifiers.framework/Versions/A/UniformTypeIdentifiers
0x0000000192629000 	/usr/lib/libapp_launch_measurement.dylib
0x0000000191a3b000 	/System/Library/PrivateFrameworks/CoreAnalytics.framework/Versions/A/CoreAnalytics
0x0000000192630000 	/System/Library/PrivateFrameworks/CoreAutoLayout.framework/Versions/A/CoreAutoLayout
0x0000000193f00000 	/System/Library/Frameworks/Metal.framework/Versions/A/Metal
0x0000000194e46000 	/usr/lib/liblangid.dylib
0x00000001946dc000 	/System/Library/PrivateFrameworks/CoreSVG.framework/Versions/A/CoreSVG
0x000000018f4a6000 	/System/Library/PrivateFrameworks/SkyLight.framework/Versions/A/SkyLight
0x000000018f93e000 	/System/Library/Frameworks/CoreGraphics.framework/Versions/A/CoreGraphics
0x000000019df2b000 	/System/Library/Frameworks/Accelerate.framework/Versions/A/Accelerate
0x0000000197f20000 	/System/Library/PrivateFrameworks/IconServices.framework/Versions/A/IconServices
0x0000000193ede000 	/System/Library/Frameworks/IOSurface.framework/Versions/A/IOSurface
0x0000000191a6a000 	/usr/lib/libDiagnosticMessagesClient.dylib
0x0000000196579000 	/usr/lib/libz.1.dylib
0x00000001a1623000 	/System/Library/Frameworks/ApplicationServices.framework/Versions/A/ApplicationServices
0x00000001946be000 	/System/Library/PrivateFrameworks/DFRFoundation.framework/Versions/A/DFRFoundation
0x000000018ce77000 	/usr/lib/libicucore.A.dylib
0x0000000199c87000 	/System/Library/Frameworks/AudioToolbox.framework/Versions/A/AudioToolbox
0x0000000198c2e000 	/System/Library/PrivateFrameworks/DataDetectorsCore.framework/Versions/A/DataDetectorsCore
0x00000001b1f18000 	/System/Library/PrivateFrameworks/TextInput.framework/Versions/A/TextInput
0x000000018f3f9000 	/usr/lib/libMobileGestalt.dylib
0x00000001943fe000 	/System/Library/Frameworks/Carbon.framework/Versions/A/Frameworks/HIToolbox.framework/Versions/A/HIToolbox
0x0000000191f3c000 	/System/Library/Frameworks/QuartzCore.framework/Versions/A/QuartzCore
0x000000018cab5000 	/System/Library/Frameworks/Security.framework/Versions/A/Security
0x000000019d823000 	/System/Library/Frameworks/Carbon.framework/Versions/A/Frameworks/SpeechRecognition.framework/Versions/A/SpeechRecognition
0x0000000192357000 	/System/Library/PrivateFrameworks/CoreUI.framework/Versions/A/CoreUI
0x000000018c3c1000 	/System/Library/Frameworks/CoreAudio.framework/Versions/A/CoreAudio
0x0000000191b4e000 	/System/Library/Frameworks/DiskArbitration.framework/Versions/A/DiskArbitration
0x0000000198519000 	/System/Library/PrivateFrameworks/MultitouchSupport.framework/Versions/A/MultitouchSupport
0x000000018f3f7000 	/usr/lib/libenergytrace.dylib
0x00000001a7a8b000 	/System/Library/PrivateFrameworks/RenderBox.framework/Versions/A/RenderBox
0x000000018d4c1000 	/System/Library/Frameworks/IOKit.framework/Versions/A/IOKit
0x000000019dc27000 	/System/Library/Frameworks/CoreServices.framework/Versions/A/CoreServices
0x00000001925b5000 	/System/Library/PrivateFrameworks/PerformanceAnalysis.framework/Versions/A/PerformanceAnalysis
0x00000001f2583000 	/System/Library/Frameworks/OpenGL.framework/Versions/A/OpenGL
0x000000019267a000 	/usr/lib/libxml2.2.dylib
0x0000000195a73000 	/System/Library/PrivateFrameworks/MobileKeyBag.framework/Versions/A/MobileKeyBag
0x00000001899b4000 	/usr/lib/libobjc.A.dylib
0x0000000189c9e000 	/usr/lib/libc++.1.dylib
0x000000019dba4000 	/System/Library/Frameworks/Accessibility.framework/Versions/A/Accessibility
0x000000019001c000 	/System/Library/Frameworks/ColorSync.framework/Versions/A/ColorSync
0x0000000189dea000 	/System/Library/Frameworks/CoreFoundation.framework/Versions/A/CoreFoundation
0x0000000194a32000 	/System/Library/Frameworks/CoreImage.framework/Versions/A/CoreImage
0x000000018c1cd000 	/System/Library/Frameworks/CoreText.framework/Versions/A/CoreText
0x00000001f6d85000 	/System/Library/Frameworks/CoreTransferable.framework/Versions/A/CoreTransferable
0x00000001f7267000 	/System/Library/Frameworks/DeveloperToolsSupport.framework/Versions/A/DeveloperToolsSupport
0x0000000194717000 	/System/Library/Frameworks/ImageIO.framework/Versions/A/ImageIO
0x00000001fb1b5000 	/System/Library/Frameworks/Symbols.framework/Versions/A/Symbols
0x000000019663c000 	/System/Library/PrivateFrameworks/SoftLinking.framework/Versions/A/SoftLinking
0x0000000199659000 	/usr/lib/swift/libswiftCore.dylib
0x00000001aec4c000 	/usr/lib/swift/libswiftCoreFoundation.dylib
0x00000001ac8dd000 	/usr/lib/swift/libswiftCoreGraphics.dylib
0x00000001aec98000 	/usr/lib/swift/libswiftCoreImage.dylib
0x00000001ac8e4000 	/usr/lib/swift/libswiftDarwin.dylib
0x000000019f29b000 	/usr/lib/swift/libswiftDispatch.dylib
0x00000001aec99000 	/usr/lib/swift/libswiftIOKit.dylib
0x00000001ba658000 	/usr/lib/swift/libswiftMetal.dylib
0x00000001c7002000 	/usr/lib/swift/libswiftOSLog.dylib
0x00000001a1a8f000 	/usr/lib/swift/libswiftObjectiveC.dylib
0x00000001be283000 	/usr/lib/swift/libswiftQuartzCore.dylib
0x00000001c22da000 	/usr/lib/swift/libswiftUniformTypeIdentifiers.dylib
0x00000001aec62000 	/usr/lib/swift/libswiftXPC.dylib
0x000000022afa4000 	/usr/lib/swift/libswift_Concurrency.dylib
0x00000001a1a93000 	/usr/lib/swift/libswiftos.dylib
0x00000001b1e7c000 	/usr/lib/swift/libswiftsimd.dylib
0x00000001967ea000 	/usr/lib/libcompression.dylib
0x0000000198b7b000 	/System/Library/PrivateFrameworks/TextureIO.framework/Versions/A/TextureIO
0x0000000197bd3000 	/usr/lib/libate.dylib
0x0000000196630000 	/usr/lib/system/libcache.dylib
0x00000001965eb000 	/usr/lib/system/libcommonCrypto.dylib
0x0000000196617000 	/usr/lib/system/libcompiler_rt.dylib
0x000000019660d000 	/usr/lib/system/libcopyfile.dylib
0x0000000189aff000 	/usr/lib/system/libcorecrypto.dylib
0x0000000189bd5000 	/usr/lib/system/libdispatch.dylib
0x0000000189d90000 	/usr/lib/system/libdyld.dylib
0x0000000196626000 	/usr/lib/system/libkeymgr.dylib
0x00000001965c3000 	/usr/lib/system/libmacho.dylib
0x0000000195b59000 	/usr/lib/system/libquarantine.dylib
0x0000000196623000 	/usr/lib/system/libremovefile.dylib
0x000000018f46d000 	/usr/lib/system/libsystem_asl.dylib
0x0000000189a98000 	/usr/lib/system/libsystem_blocks.dylib
0x0000000189c1f000 	/usr/lib/system/libsystem_c.dylib
0x000000019661b000 	/usr/lib/system/libsystem_collections.dylib
0x0000000194e35000 	/usr/lib/system/libsystem_configuration.dylib
0x0000000193eb4000 	/usr/lib/system/libsystem_containermanager.dylib
0x000000019625f000 	/usr/lib/system/libsystem_coreservices.dylib
0x000000018d130000 	/usr/lib/system/libsystem_darwin.dylib
0x000000022b2d1000 	/usr/lib/system/libsystem_darwindirectory.dylib
0x0000000196627000 	/usr/lib/system/libsystem_dnssd.dylib
0x0000000189c1c000 	/usr/lib/system/libsystem_featureflags.dylib
0x0000000189dbd000 	/usr/lib/system/libsystem_info.dylib
0x0000000196588000 	/usr/lib/system/libsystem_m.dylib
0x0000000189b9e000 	/usr/lib/system/libsystem_malloc.dylib
0x000000018f3dd000 	/usr/lib/system/libsystem_networkextension.dylib
0x000000018d5a3000 	/usr/lib/system/libsystem_notify.dylib
0x0000000194e3a000 	/usr/lib/system/libsystem_sandbox.dylib
0x0000000196620000 	/usr/lib/system/libsystem_secinit.dylib
0x0000000189d48000 	/usr/lib/system/libsystem_kernel.dylib
0x0000000189db6000 	/usr/lib/system/libsystem_platform.dylib
0x0000000189d83000 	/usr/lib/system/libsystem_pthread.dylib
0x0000000190e45000 	/usr/lib/system/libsystem_symptoms.dylib
0x0000000189ae4000 	/usr/lib/system/libsystem_trace.dylib
0x00000001965f9000 	/usr/lib/system/libunwind.dylib
0x0000000189a9d000 	/usr/lib/system/libxpc.dylib
0x0000000189d2c000 	/usr/lib/libc++abi.dylib
0x0000000196605000 	/usr/lib/liboah.dylib
0x0000000197a86000 	/usr/lib/liblzma.5.dylib
0x0000000196638000 	/usr/lib/libfakelink.dylib
0x000000018f009000 	/System/Library/Frameworks/CFNetwork.framework/Versions/A/CFNetwork
0x000000019668c000 	/usr/lib/libarchive.2.dylib
0x000000019bb0e000 	/System/Library/Frameworks/Combine.framework/Versions/A/Combine
0x0000000200942000 	/System/Library/PrivateFrameworks/CollectionsInternal.framework/Versions/A/CollectionsInternal
0x0000000216111000 	/System/Library/PrivateFrameworks/ReflectionInternal.framework/Versions/A/ReflectionInternal
0x00000002166be000 	/System/Library/PrivateFrameworks/RuntimeInternal.framework/Versions/A/RuntimeInternal
0x000000022b0ed000 	/usr/lib/swift/libswift_StringProcessing.dylib
0x000000018d440000 	/System/Library/PrivateFrameworks/CoreServicesInternal.framework/Versions/A/CoreServicesInternal
0x0000000195b80000 	/usr/lib/libbsm.0.dylib
0x00000001965cb000 	/usr/lib/system/libkxld.dylib
0x00000001925f1000 	/System/Library/Frameworks/CoreServices.framework/Versions/A/Frameworks/FSEvents.framework/Versions/A/FSEvents
0x000000018d13b000 	/System/Library/Frameworks/CoreServices.framework/Versions/A/Frameworks/CarbonCore.framework/Versions/A/CarbonCore
0x0000000191ab3000 	/System/Library/Frameworks/CoreServices.framework/Versions/A/Frameworks/Metadata.framework/Versions/A/Metadata
0x0000000196265000 	/System/Library/Frameworks/CoreServices.framework/Versions/A/Frameworks/OSServices.framework/Versions/A/OSServices
0x0000000196715000 	/System/Library/Frameworks/CoreServices.framework/Versions/A/Frameworks/SearchKit.framework/Versions/A/SearchKit
0x0000000190dc7000 	/System/Library/Frameworks/CoreServices.framework/Versions/A/Frameworks/AE.framework/Versions/A/AE
0x000000018a2c2000 	/System/Library/Frameworks/CoreServices.framework/Versions/A/Frameworks/LaunchServices.framework/Versions/A/LaunchServices
0x0000000197a2f000 	/System/Library/Frameworks/CoreServices.framework/Versions/A/Frameworks/DictionaryServices.framework/Versions/A/DictionaryServices
0x00000001925fe000 	/System/Library/Frameworks/CoreServices.framework/Versions/A/Frameworks/SharedFileList.framework/Versions/A/SharedFileList
0x00000001967b4000 	/usr/lib/libapple_nghttp2.dylib
0x0000000190a49000 	/usr/lib/libsqlite3.dylib
0x0000000190e4e000 	/System/Library/Frameworks/Network.framework/Versions/A/Network
0x0000000229a3a000 	/usr/lib/libCoreEntitlements.dylib
0x000000021145c000 	/System/Library/PrivateFrameworks/MessageSecurity.framework/Versions/A/MessageSecurity
0x0000000190a2f000 	/System/Library/PrivateFrameworks/ProtocolBuffer.framework/Versions/A/ProtocolBuffer
0x000000019618e000 	/System/Library/PrivateFrameworks/AppleFSCompression.framework/Versions/A/AppleFSCompression
0x0000000195b68000 	/usr/lib/libcoretls.dylib
0x0000000197a9f000 	/usr/lib/libcoretls_cfhelpers.dylib
0x00000001967e4000 	/usr/lib/libpam.2.dylib
0x0000000197b10000 	/usr/lib/libxar.1.dylib
0x0000000197ef7000 	/usr/lib/libheimdal-asn1.dylib
0x000000018f008000 	/usr/lib/libnetwork.dylib
0x000000019663d000 	/usr/lib/libpcap.A.dylib
0x0000000190e3b000 	/usr/lib/libdns_services.dylib
0x0000000194e42000 	/System/Library/PrivateFrameworks/AppleSystemInfo.framework/Versions/A/AppleSystemInfo
0x0000000195869000 	/System/Library/PrivateFrameworks/IOMobileFramebuffer.framework/Versions/A/IOMobileFramebuffer
0x000000022b041000 	/usr/lib/swift/libswift_RegexParser.dylib
0x0000000196252000 	/usr/lib/libbz2.1.0.dylib
0x0000000195b5c000 	/usr/lib/libCheckFix.dylib
0x000000018f485000 	/System/Library/PrivateFrameworks/TCC.framework/Versions/A/TCC
0x0000000194e48000 	/System/Library/PrivateFrameworks/CoreNLP.framework/Versions/A/CoreNLP
0x0000000191a6c000 	/System/Library/PrivateFrameworks/MetadataUtilities.framework/Versions/A/MetadataUtilities
0x0000000195b92000 	/usr/lib/libmecab.dylib
0x000000018ac33000 	/usr/lib/libCRFSuite.dylib
0x0000000195bee000 	/usr/lib/libgermantok.dylib
0x000000019678c000 	/usr/lib/libThaiTokenizer.dylib
0x0000000191b57000 	/System/Library/Frameworks/Accelerate.framework/Versions/A/Frameworks/vImage.framework/Versions/A/vImage
0x000000019dbfe000 	/System/Library/Frameworks/Accelerate.framework/Versions/A/Frameworks/vecLib.framework/Versions/A/vecLib
0x0000000197b57000 	/System/Library/Frameworks/Accelerate.framework/Versions/A/Frameworks/vecLib.framework/Versions/A/libvMisc.dylib
0x0000000195745000 	/System/Library/Frameworks/Accelerate.framework/Versions/A/Frameworks/vecLib.framework/Versions/A/libvDSP.dylib
0x000000018a6c2000 	/System/Library/Frameworks/Accelerate.framework/Versions/A/Frameworks/vecLib.framework/Versions/A/libBLAS.dylib
0x00000001968bd000 	/System/Library/Frameworks/Accelerate.framework/Versions/A/Frameworks/vecLib.framework/Versions/A/libLAPACK.dylib
0x0000000195bf1000 	/System/Library/Frameworks/Accelerate.framework/Versions/A/Frameworks/vecLib.framework/Versions/A/libLinearAlgebra.dylib
0x00000001967cf000 	/System/Library/Frameworks/Accelerate.framework/Versions/A/Frameworks/vecLib.framework/Versions/A/libSparseBLAS.dylib
0x00000001968b8000 	/System/Library/Frameworks/Accelerate.framework/Versions/A/Frameworks/vecLib.framework/Versions/A/libQuadrature.dylib
0x0000000194f6a000 	/System/Library/Frameworks/Accelerate.framework/Versions/A/Frameworks/vecLib.framework/Versions/A/libBNNS.dylib
0x000000018ab39000 	/System/Library/Frameworks/Accelerate.framework/Versions/A/Frameworks/vecLib.framework/Versions/A/libSparse.dylib
0x000000020fcd2000 	/System/Library/PrivateFrameworks/MIL.framework/Versions/A/MIL
0x0000000196673000 	/usr/lib/libiconv.2.dylib
0x00000001965bf000 	/usr/lib/libcharset.1.dylib
0x00000001925d1000 	/System/Library/Frameworks/OpenDirectory.framework/Versions/A/Frameworks/CFOpenDirectory.framework/Versions/A/CFOpenDirectory
0x00000001925c1000 	/System/Library/Frameworks/OpenDirectory.framework/Versions/A/OpenDirectory
0x0000000197aa1000 	/System/Library/PrivateFrameworks/APFS.framework/Versions/A/APFS
0x0000000195a99000 	/System/Library/Frameworks/SecurityFoundation.framework/Versions/A/SecurityFoundation
0x0000000197b1f000 	/usr/lib/libutil.dylib
0x000000020deb9000 	/System/Library/PrivateFrameworks/InstalledContentLibrary.framework/Versions/A/InstalledContentLibrary
0x000000018d480000 	/System/Library/PrivateFrameworks/CoreServicesStore.framework/Versions/A/CoreServicesStore
0x00000001fe4fa000 	/System/Library/PrivateFrameworks/AppleMobileFileIntegrity.framework/Versions/A/AppleMobileFileIntegrity
0x00000001aec2a000 	/usr/lib/libmis.dylib
0x00000001be74a000 	/System/Library/PrivateFrameworks/MobileSystemServices.framework/Versions/A/MobileSystemServices
0x00000001ef9eb000 	/System/Library/PrivateFrameworks/ConfigProfileHelper.framework/Versions/A/ConfigProfileHelper
0x000000019678e000 	/System/Library/PrivateFrameworks/AppleSauce.framework/Versions/A/AppleSauce
0x000000018bb5f000 	/System/Library/PrivateFrameworks/LanguageModeling.framework/Versions/A/LanguageModeling
0x0000000197b23000 	/usr/lib/libxslt.1.dylib
0x000000019667a000 	/usr/lib/libcmph.dylib
0x0000000195836000 	/System/Library/PrivateFrameworks/CoreEmoji.framework/Versions/A/CoreEmoji
0x0000000194f64000 	/System/Library/PrivateFrameworks/LinguisticData.framework/Versions/A/LinguisticData
0x000000018aa4c000 	/System/Library/PrivateFrameworks/Lexicon.framework/Versions/A/Lexicon
0x0000000195b27000 	/System/Library/PrivateFrameworks/BackgroundTaskManagement.framework/Versions/A/BackgroundTaskManagement
0x0000000229c23000 	/usr/lib/libTLE.dylib
0x00000001983df000 	/System/Library/PrivateFrameworks/AppleJPEG.framework/Versions/A/AppleJPEG
0x0000000197edc000 	/usr/lib/libexpat.1.dylib
0x00000001989d9000 	/System/Library/Frameworks/ImageIO.framework/Versions/A/Resources/libPng.dylib
0x0000000198a04000 	/System/Library/Frameworks/ImageIO.framework/Versions/A/Resources/libTIFF.dylib
0x0000000198aef000 	/System/Library/Frameworks/ImageIO.framework/Versions/A/Resources/libGIF.dylib
0x0000000198425000 	/System/Library/Frameworks/ImageIO.framework/Versions/A/Resources/libJP2.dylib
0x0000000198a94000 	/System/Library/Frameworks/ImageIO.framework/Versions/A/Resources/libJPEG.dylib
0x0000000198a8b000 	/System/Library/Frameworks/ImageIO.framework/Versions/A/Resources/libRadiance.dylib
0x0000000194299000 	/System/Library/PrivateFrameworks/FontServices.framework/libFontParser.dylib
0x0000000190d65000 	/System/Library/PrivateFrameworks/RunningBoardServices.framework/Versions/A/RunningBoardServices
0x00000001a434b000 	/System/Library/PrivateFrameworks/IOSurfaceAccelerator.framework/Versions/A/IOSurfaceAccelerator
0x0000000198515000 	/System/Library/PrivateFrameworks/WatchdogClient.framework/Versions/A/WatchdogClient
0x000000018bd42000 	/System/Library/Frameworks/CoreDisplay.framework/Versions/A/CoreDisplay
0x0000000194152000 	/System/Library/Frameworks/CoreMedia.framework/Versions/A/CoreMedia
0x0000000193ef6000 	/System/Library/PrivateFrameworks/IOAccelerator.framework/Versions/A/IOAccelerator
0x0000000192764000 	/System/Library/Frameworks/CoreVideo.framework/Versions/A/CoreVideo
0x00000001967e2000 	/System/Library/Frameworks/MetalPerformanceShaders.framework/Versions/A/MetalPerformanceShaders
0x0000000198558000 	/System/Library/Frameworks/VideoToolbox.framework/Versions/A/VideoToolbox
0x00000001927ff000 	/System/Library/PrivateFrameworks/UserManagement.framework/Versions/A/UserManagement
0x0000000190c94000 	/System/Library/PrivateFrameworks/BaseBoard.framework/Versions/A/BaseBoard
0x0000000194e40000 	/System/Library/PrivateFrameworks/AggregateDictionary.framework/Versions/A/AggregateDictionary
0x00000001fe47a000 	/System/Library/PrivateFrameworks/AppleKeyStore.framework/Versions/A/AppleKeyStore
0x0000000198a86000 	/System/Library/PrivateFrameworks/GPUWrangler.framework/Versions/A/GPUWrangler
0x0000000198a66000 	/System/Library/PrivateFrameworks/IOPresentment.framework/Versions/A/IOPresentment
0x0000000198a8e000 	/System/Library/PrivateFrameworks/DSExternalDisplay.framework/Versions/A/DSExternalDisplay
0x000000020a027000 	/System/Library/PrivateFrameworks/GPUCompiler.framework/Versions/32023/Libraries/libllvm-flatbuffers.dylib
0x00000001f2576000 	/System/Library/Frameworks/OpenGL.framework/Versions/A/Libraries/libCoreFSCache.dylib
0x000000020725f000 	/System/Library/PrivateFrameworks/GPUCompiler.framework/Versions/32023/Libraries/libGPUCompilerUtils.dylib
0x0000000198af5000 	/System/Library/PrivateFrameworks/CMCaptureCore.framework/Versions/A/CMCaptureCore
0x00000001f736c000 	/System/Library/Frameworks/ExtensionFoundation.framework/Versions/A/ExtensionFoundation
0x000000019fae0000 	/System/Library/PrivateFrameworks/CoreTime.framework/Versions/A/CoreTime
0x00000001980ad000 	/System/Library/PrivateFrameworks/AppServerSupport.framework/Versions/A/AppServerSupport
0x000000019a607000 	/System/Library/PrivateFrameworks/perfdata.framework/Versions/A/perfdata
0x000000018be66000 	/System/Library/PrivateFrameworks/AudioToolboxCore.framework/Versions/A/AudioToolboxCore
0x0000000194128000 	/System/Library/PrivateFrameworks/caulk.framework/Versions/A/caulk
0x0000000199e82000 	/usr/lib/libAudioStatistics.dylib
0x00000001adf86000 	/System/Library/PrivateFrameworks/SystemPolicy.framework/Versions/A/SystemPolicy
0x000000019a15a000 	/usr/lib/libSMC.dylib
0x00000001a3945000 	/System/Library/Frameworks/CoreMIDI.framework/Versions/A/CoreMIDI
0x00000001989a0000 	/usr/lib/libAudioToolboxUtility.dylib
0x00000001a9730000 	/System/Library/PrivateFrameworks/OSAServicesClient.framework/Versions/A/OSAServicesClient
0x000000019a615000 	/usr/lib/libperfcheck.dylib
0x0000000197dc6000 	/System/Library/PrivateFrameworks/PlugInKit.framework/Versions/A/PlugInKit
0x0000000195a8b000 	/System/Library/PrivateFrameworks/AssertionServices.framework/Versions/A/AssertionServices
0x00000001a2a59000 	/System/Library/PrivateFrameworks/ASEProcessing.framework/Versions/A/ASEProcessing
0x00000001ca3bb000 	/System/Library/PrivateFrameworks/Symbolication.framework/Versions/A/Symbolication
0x000000021517e000 	/System/Library/PrivateFrameworks/PhotosensitivityProcessing.framework/Versions/A/PhotosensitivityProcessing
0x000000019805f000 	/System/Library/PrivateFrameworks/GraphVisualizer.framework/Versions/A/GraphVisualizer
0x00000001f25d8000 	/System/Library/Frameworks/OpenGL.framework/Versions/A/Libraries/libGLU.dylib
0x00000001f2597000 	/System/Library/Frameworks/OpenGL.framework/Versions/A/Libraries/libGFXShared.dylib
0x00000001f2770000 	/System/Library/Frameworks/OpenGL.framework/Versions/A/Libraries/libGL.dylib
0x00000001f25a0000 	/System/Library/Frameworks/OpenGL.framework/Versions/A/Libraries/libGLImage.dylib
0x00000001f2594000 	/System/Library/Frameworks/OpenGL.framework/Versions/A/Libraries/libCVMSPluginSupport.dylib
0x0000000229bdc000 	/usr/lib/libRosetta.dylib
0x00000001f257d000 	/System/Library/Frameworks/OpenGL.framework/Versions/A/Libraries/libCoreVMClient.dylib
0x0000000205619000 	/System/Library/PrivateFrameworks/FontServices.framework/Versions/A/FontServices
0x000000019806b000 	/System/Library/PrivateFrameworks/OTSVG.framework/Versions/A/OTSVG
0x0000000192305000 	/System/Library/Frameworks/ApplicationServices.framework/Versions/A/Frameworks/ATS.framework/Versions/A/Resources/libFontRegistry.dylib
0x00000001980b7000 	/System/Library/PrivateFrameworks/FontServices.framework/libhvf.dylib
0x000000020561a000 	/System/Library/PrivateFrameworks/FontServices.framework/libXTFontStaticRegistryData.dylib
0x0000000194db7000 	/System/Library/Frameworks/MetalPerformanceShaders.framework/Versions/A/Frameworks/MPSCore.framework/Versions/A/MPSCore
0x0000000196101000 	/System/Library/Frameworks/MetalPerformanceShaders.framework/Versions/A/Frameworks/MPSImage.framework/Versions/A/MPSImage
0x0000000195c06000 	/System/Library/Frameworks/MetalPerformanceShaders.framework/Versions/A/Frameworks/MPSNeuralNetwork.framework/Versions/A/MPSNeuralNetwork
0x0000000195ff4000 	/System/Library/Frameworks/MetalPerformanceShaders.framework/Versions/A/Frameworks/MPSMatrix.framework/Versions/A/MPSMatrix
0x0000000195e00000 	/System/Library/Frameworks/MetalPerformanceShaders.framework/Versions/A/Frameworks/MPSRayIntersector.framework/Versions/A/MPSRayIntersector
0x0000000196023000 	/System/Library/Frameworks/MetalPerformanceShaders.framework/Versions/A/Frameworks/MPSNDArray.framework/Versions/A/MPSNDArray
0x00000001f8a44000 	/System/Library/Frameworks/MetalPerformanceShaders.framework/Versions/A/Frameworks/MPSFunctions.framework/Versions/A/MPSFunctions
0x00000001f8a26000 	/System/Library/Frameworks/MetalPerformanceShaders.framework/Versions/A/Frameworks/MPSBenchmarkLoop.framework/Versions/A/MPSBenchmarkLoop
0x000000018a577000 	/System/Library/PrivateFrameworks/MetalTools.framework/Versions/A/MetalTools
0x00000001b3039000 	/System/Library/PrivateFrameworks/IOAccelMemoryInfo.framework/Versions/A/IOAccelMemoryInfo
0x00000001be657000 	/System/Library/PrivateFrameworks/kperf.framework/Versions/A/kperf
0x00000001aec3e000 	/System/Library/PrivateFrameworks/GPURawCounter.framework/Versions/A/GPURawCounter
0x000000019f9d0000 	/System/Library/PrivateFrameworks/CoreSymbolication.framework/Versions/A/CoreSymbolication
0x00000001aebfb000 	/System/Library/PrivateFrameworks/MallocStackLogging.framework/Versions/A/MallocStackLogging
0x0000000197c6d000 	/System/Library/PrivateFrameworks/CrashReporterSupport.framework/Versions/A/CrashReporterSupport
0x000000019f98b000 	/System/Library/PrivateFrameworks/DebugSymbols.framework/Versions/A/DebugSymbols
0x00000001bd995000 	/System/Library/PrivateFrameworks/OSAnalytics.framework/Versions/A/OSAnalytics
0x0000000221151000 	/System/Library/PrivateFrameworks/VideoToolboxParavirtualizationSupport.framework/Versions/A/VideoToolboxParavirtualizationSupport
0x0000000197e90000 	/System/Library/PrivateFrameworks/AppleVA.framework/Versions/A/AppleVA
0x0000000199eca000 	/System/Library/Frameworks/ApplicationServices.framework/Versions/A/Frameworks/ATS.framework/Versions/A/ATS
0x00000001901cb000 	/System/Library/Frameworks/ApplicationServices.framework/Versions/A/Frameworks/HIServices.framework/Versions/A/HIServices
0x0000000198b03000 	/System/Library/Frameworks/ApplicationServices.framework/Versions/A/Frameworks/PrintCore.framework/Versions/A/PrintCore
0x000000019a2b3000 	/System/Library/Frameworks/ApplicationServices.framework/Versions/A/Frameworks/QD.framework/Versions/A/QD
0x000000019a2a7000 	/System/Library/Frameworks/ApplicationServices.framework/Versions/A/Frameworks/ColorSyncLegacy.framework/Versions/A/ColorSyncLegacy
0x0000000199e9a000 	/System/Library/Frameworks/ApplicationServices.framework/Versions/A/Frameworks/SpeechSynthesis.framework/Versions/A/SpeechSynthesis
0x0000000198abf000 	/System/Library/Frameworks/ApplicationServices.framework/Versions/A/Frameworks/ATSUI.framework/Versions/A/ATSUI
0x000000019a23a000 	/usr/lib/libcups.2.dylib
0x000000019a623000 	/System/Library/Frameworks/Kerberos.framework/Versions/A/Kerberos
0x000000019a634000 	/System/Library/Frameworks/GSS.framework/Versions/A/GSS
0x0000000199f49000 	/usr/lib/libresolv.9.dylib
0x00000001980c8000 	/System/Library/PrivateFrameworks/Heimdal.framework/Versions/A/Heimdal
0x00000001a19fb000 	/System/Library/Frameworks/Kerberos.framework/Versions/A/Libraries/libHeimdalProxy.dylib
0x000000019a68e000 	/System/Library/PrivateFrameworks/CommonAuth.framework/Versions/A/CommonAuth
0x00000001f616d000 	/System/Library/Frameworks/AVFAudio.framework/Versions/A/AVFAudio
0x00000001a977f000 	/System/Library/PrivateFrameworks/AXCoreUtilities.framework/Versions/A/AXCoreUtilities
0x0000000199e06000 	/System/Library/PrivateFrameworks/AudioSession.framework/Versions/A/AudioSession
0x000000019b8b1000 	/System/Library/Frameworks/IOBluetooth.framework/Versions/A/IOBluetooth
0x0000000197f9b000 	/System/Library/PrivateFrameworks/MediaExperience.framework/Versions/A/MediaExperience
0x0000000199c49000 	/System/Library/PrivateFrameworks/AudioSession.framework/libSessionUtility.dylib
0x000000019a2bf000 	/System/Library/PrivateFrameworks/AudioResourceArbitration.framework/Versions/A/AudioResourceArbitration
0x000000019e955000 	/System/Library/PrivateFrameworks/PowerLog.framework/Versions/A/PowerLog
0x000000019e878000 	/System/Library/Frameworks/CoreBluetooth.framework/Versions/A/CoreBluetooth
0x00000001a19fc000 	/System/Library/Frameworks/AudioUnit.framework/Versions/A/AudioUnit
0x00000001958f6000 	/System/Library/PrivateFrameworks/CoreUtils.framework/Versions/A/CoreUtils
0x0000000203a8a000 	/System/Library/PrivateFrameworks/CoreUtilsExtras.framework/Versions/A/CoreUtilsExtras
0x000000020dd50000 	/System/Library/PrivateFrameworks/IO80211.framework/Versions/A/IO80211
0x00000001a979a000 	/usr/lib/libAccessibility.dylib
0x000000019df77000 	/System/Library/Frameworks/MediaAccessibility.framework/Versions/A/MediaAccessibility
0x000000019f4fe000 	/System/Library/PrivateFrameworks/FrontBoardServices.framework/Versions/A/FrontBoardServices
0x00000001a0fd9000 	/System/Library/PrivateFrameworks/BackBoardServices.framework/Versions/A/BackBoardServices
0x000000019f5b8000 	/System/Library/PrivateFrameworks/BoardServices.framework/Versions/A/BoardServices
0x0000000197f02000 	/System/Library/PrivateFrameworks/IconFoundation.framework/Versions/A/IconFoundation
0x000000019d80f000 	/System/Library/PrivateFrameworks/SpeechRecognitionCore.framework/Versions/A/SpeechRecognitionCore
0x00000001cd7be000 	/System/Library/Frameworks/OSLog.framework/Versions/A/OSLog
0x00000001aeb8b000 	/System/Library/PrivateFrameworks/LoggingSupport.framework/Versions/A/LoggingSupport
0x0000000105ad4000 	/Users/darienumanazuniga/Library/Java/JavaVirtualMachines/openjdk-21.0.2/Contents/Home/lib/server/libjvm.dylib
0x0000000104534000 	/Users/darienumanazuniga/Library/Java/JavaVirtualMachines/openjdk-21.0.2/Contents/Home/lib/libjimage.dylib
0x0000000104578000 	/Users/darienumanazuniga/Library/Java/JavaVirtualMachines/openjdk-21.0.2/Contents/Home/lib/libjava.dylib
0x0000000105230000 	/Users/darienumanazuniga/Library/Java/JavaVirtualMachines/openjdk-21.0.2/Contents/Home/lib/libnio.dylib
0x00000001047e8000 	/Users/darienumanazuniga/Library/Java/JavaVirtualMachines/openjdk-21.0.2/Contents/Home/lib/libnet.dylib
0x0000000105278000 	/Users/darienumanazuniga/Library/Java/JavaVirtualMachines/openjdk-21.0.2/Contents/Home/lib/libzip.dylib
0x0000000104900000 	/Users/darienumanazuniga/Downloads/javafx-sdk-21.0.2/lib/libprism_es2.dylib
0x00000001ad922000 	/System/Library/Frameworks/Carbon.framework/Versions/A/Carbon
0x00000001a5b12000 	/System/Library/Frameworks/Carbon.framework/Versions/A/Frameworks/CommonPanels.framework/Versions/A/CommonPanels
0x00000001a1311000 	/System/Library/Frameworks/Carbon.framework/Versions/A/Frameworks/Help.framework/Versions/A/Help
0x00000001a5b16000 	/System/Library/Frameworks/Carbon.framework/Versions/A/Frameworks/ImageCapture.framework/Versions/A/ImageCapture
0x00000001a5aea000 	/System/Library/Frameworks/Carbon.framework/Versions/A/Frameworks/OpenScripting.framework/Versions/A/OpenScripting
0x00000001a5b0e000 	/System/Library/Frameworks/Carbon.framework/Versions/A/Frameworks/Ink.framework/Versions/A/Ink
0x00000001a5b0a000 	/System/Library/Frameworks/Carbon.framework/Versions/A/Frameworks/SecurityHI.framework/Versions/A/SecurityHI
0x00000001f277a000 	/System/Library/Frameworks/OpenGL.framework/Versions/A/Resources/GLEngine.bundle/GLEngine
0x00000001f2612000 	/System/Library/Frameworks/OpenGL.framework/Versions/A/Libraries/libGLProgrammability.dylib
0x00000001058bc000 	/System/Library/Extensions/AppleMetalOpenGLRenderer.bundle/Contents/MacOS/AppleMetalOpenGLRenderer
0x00000001f28da000 	/System/Library/Frameworks/OpenGL.framework/Versions/A/Resources/GLRendererFloat.bundle/GLRendererFloat
0x00000001f30e4000 	/System/Library/Extensions/AGXMetalG14G.bundle/Contents/MacOS/AGXMetalG14G
0x00000001a86cb000 	/System/Library/PrivateFrameworks/IOGPU.framework/Versions/A/IOGPU
0x0000000123ebc000 	/Users/darienumanazuniga/Downloads/javafx-sdk-21.0.2/lib/libglass.dylib
0x000000019eb9a000 	/System/Library/Frameworks/FileProvider.framework/Versions/A/FileProvider
0x0000000190bfa000 	/System/Library/Frameworks/Accounts.framework/Versions/A/Accounts
0x000000019ed46000 	/System/Library/PrivateFrameworks/GenerationalStorage.framework/Versions/A/GenerationalStorage
0x000000019e949000 	/System/Library/PrivateFrameworks/SymptomDiagnosticReporter.framework/Versions/A/SymptomDiagnosticReporter
0x000000018eb02000 	/System/Library/PrivateFrameworks/DesktopServicesPriv.framework/Versions/A/DesktopServicesPriv
0x000000018d5b4000 	/usr/lib/libsandbox.1.dylib
0x000000019a29a000 	/System/Library/PrivateFrameworks/NetAuth.framework/Versions/A/NetAuth
0x000000019b512000 	/System/Library/PrivateFrameworks/Sharing.framework/Versions/A/Sharing
0x00000001927c2000 	/System/Library/PrivateFrameworks/login.framework/Versions/A/Frameworks/loginsupport.framework/Versions/A/loginsupport
0x00000001a0e12000 	/System/Library/PrivateFrameworks/Apple80211.framework/Versions/A/Apple80211
0x0000000196297000 	/System/Library/PrivateFrameworks/AuthKit.framework/Versions/A/AuthKit
0x0000000195879000 	/System/Library/Frameworks/CoreWLAN.framework/Versions/A/CoreWLAN
0x00000001aec42000 	/usr/lib/swift/libswiftCoreAudio.dylib
0x00000001b3db0000 	/usr/lib/swift/libswiftCoreLocation.dylib
0x0000000197c64000 	/usr/lib/libIOReport.dylib
0x00000001a0e16000 	/System/Library/PrivateFrameworks/CoreWiFi.framework/Versions/A/CoreWiFi
0x00000001d4582000 	/System/Library/PrivateFrameworks/WiFiPeerToPeer.framework/Versions/A/WiFiPeerToPeer
0x0000000196432000 	/System/Library/Frameworks/UserNotifications.framework/Versions/A/UserNotifications
0x000000019a7cb000 	/System/Library/PrivateFrameworks/CorePhoneNumbers.framework/Versions/A/CorePhoneNumbers
0x0000000199f76000 	/System/Library/PrivateFrameworks/MultiverseSupport.framework/Versions/A/MultiverseSupport
0x00000001a1267000 	/System/Library/PrivateFrameworks/RemoteServiceDiscovery.framework/Versions/A/RemoteServiceDiscovery
0x000000019ea76000 	/System/Library/PrivateFrameworks/DiskManagement.framework/Versions/A/DiskManagement
0x000000019e97d000 	/System/Library/PrivateFrameworks/AppleIDAuthSupport.framework/Versions/A/AppleIDAuthSupport
0x00000001fc56c000 	/System/Library/PrivateFrameworks/AAAFoundation.framework/Versions/A/AAAFoundation
0x000000019a79e000 	/System/Library/PrivateFrameworks/KeychainCircle.framework/Versions/A/KeychainCircle
0x00000001a127b000 	/System/Library/PrivateFrameworks/RemoteXPC.framework/Versions/A/RemoteXPC
0x00000001a131d000 	/usr/lib/libcsfde.dylib
0x0000000197e0c000 	/usr/lib/libCoreStorage.dylib
0x000000019ea42000 	/System/Library/PrivateFrameworks/MediaKit.framework/Versions/A/MediaKit
0x000000019e98a000 	/System/Library/Frameworks/DiscRecording.framework/Versions/A/DiscRecording
0x000000019b990000 	/System/Library/PrivateFrameworks/ProtectedCloudStorage.framework/Versions/A/ProtectedCloudStorage
0x00000001a1315000 	/System/Library/PrivateFrameworks/EFILogin.framework/Versions/A/EFILogin
0x000000019ed6e000 	/System/Library/PrivateFrameworks/OctagonTrust.framework/Versions/A/OctagonTrust
0x0000000193da3000 	/System/Library/Frameworks/CoreLocation.framework/Versions/A/CoreLocation
0x000000019bc4b000 	/System/Library/PrivateFrameworks/GeoServices.framework/Versions/A/GeoServices
0x0000000199c13000 	/System/Library/PrivateFrameworks/LocationSupport.framework/Versions/A/LocationSupport
0x000000020acb6000 	/System/Library/PrivateFrameworks/GeoServicesCore.framework/Versions/A/GeoServicesCore
0x00000001a9774000 	/System/Library/PrivateFrameworks/PhoneNumbers.framework/Versions/A/PhoneNumbers
0x0000000197e04000 	/usr/lib/libMatch.1.dylib
0x00000001b3d96000 	/System/Library/Frameworks/Accelerate.framework/Versions/A/Frameworks/vImage.framework/Versions/A/Libraries/libCGInterfaces.dylib
0x0000000127c98000 	/usr/lib/libobjc-trampolines.dylib
0x0000000229903000 	/usr/lib/libAccessibilityBaseImplementations.dylib
0x00000001924a5000 	/System/Library/PrivateFrameworks/ViewBridge.framework/Versions/A/ViewBridge
0x000000013411c000 	/Users/darienumanazuniga/Downloads/javafx-sdk-21.0.2/lib/libjavafx_font.dylib
0x0000000198198000 	/System/Library/PrivateFrameworks/login.framework/Versions/A/login
0x000000019f6d1000 	/System/Library/Frameworks/LocalAuthentication.framework/Versions/A/LocalAuthentication
0x000000020fb86000 	/System/Library/PrivateFrameworks/LocalAuthenticationCore.framework/Versions/A/LocalAuthenticationCore
0x000000019f71e000 	/System/Library/Frameworks/LocalAuthentication.framework/Support/SharedUtils.framework/Versions/A/SharedUtils
0x000000019f66c000 	/System/Library/Frameworks/CryptoTokenKit.framework/Versions/A/CryptoTokenKit
0x000000021d92a000 	/System/Library/PrivateFrameworks/TextInputUI.framework/Versions/A/TextInputUI
0x000000021d932000 	/System/Library/PrivateFrameworks/TextInputUIMacHelper.framework/Versions/A/TextInputUIMacHelper
0x0000000141348000 	/System/Library/Frameworks/FileProvider.framework/OverrideBundles/FileProviderOverride.bundle/Contents/MacOS/FileProviderOverride
0x00000001413e8000 	/System/Library/Frameworks/FileProvider.framework/OverrideBundles/FinderSyncCollaborationFileProviderOverride.bundle/Contents/MacOS/FinderSyncCollaborationFileProviderOverride
0x00000001c21c1000 	/System/Library/PrivateFrameworks/FinderSyncPriv.framework/Versions/A/FinderSyncPriv
0x0000000141320000 	/System/Library/Frameworks/FileProvider.framework/OverrideBundles/iCloudDriveFileProviderOverride.bundle/Contents/MacOS/iCloudDriveFileProviderOverride
0x0000000192b6f000 	/System/Library/PrivateFrameworks/CloudDocs.framework/Versions/A/CloudDocs
0x00000001a16e7000 	/System/Library/PrivateFrameworks/AppleAccount.framework/Versions/A/AppleAccount
0x0000000192829000 	/System/Library/Frameworks/CloudKit.framework/Versions/A/CloudKit
0x000000019b971000 	/System/Library/PrivateFrameworks/AppContainer.framework/Versions/A/AppContainer
0x000000019b118000 	/System/Library/PrivateFrameworks/IDS.framework/Versions/A/IDS
0x00000001927c5000 	/System/Library/PrivateFrameworks/ApplePushService.framework/Versions/A/ApplePushService
0x00000001a13ae000 	/System/Library/PrivateFrameworks/AppSupport.framework/Versions/A/AppSupport
0x00000001a184f000 	/System/Library/PrivateFrameworks/AppleIDSSOAuthentication.framework/Versions/A/AppleIDSSOAuthentication
0x0000000199b9a000 	/System/Library/PrivateFrameworks/IMFoundation.framework/Versions/A/IMFoundation
0x00000001a8e9e000 	/System/Library/PrivateFrameworks/Marco.framework/Versions/A/Marco
0x000000019b2ab000 	/System/Library/PrivateFrameworks/IDSFoundation.framework/Versions/A/IDSFoundation
0x0000000190c7e000 	/System/Library/PrivateFrameworks/CommonUtilities.framework/Versions/A/CommonUtilities
0x00000001ae7c4000 	/System/Library/PrivateFrameworks/FTServices.framework/Versions/A/FTServices
0x00000001a5ad2000 	/System/Library/PrivateFrameworks/Engram.framework/Versions/A/Engram
0x00000001a5a73000 	/usr/lib/libtidy.A.dylib
0x0000000198369000 	/System/Library/PrivateFrameworks/Bom.framework/Versions/A/Bom
0x0000000199f86000 	/usr/lib/libParallelCompression.dylib
0x000000022990b000 	/usr/lib/libAppleArchive.dylib
0x00000001bacfc000 	/System/Library/PrivateFrameworks/FTAWD.framework/Versions/A/FTAWD
0x00000001faee1000 	/System/Library/Frameworks/SharedWithYouCore.framework/Versions/A/SharedWithYouCore
0x0000000229a22000 	/usr/lib/libBASupport.dylib
0x00000001add8e000 	/System/Library/Frameworks/AVFoundation.framework/Versions/A/AVFoundation
0x00000001a1ac6000 	/System/Library/PrivateFrameworks/C2.framework/Versions/A/C2
0x00000001a1abd000 	/System/Library/Frameworks/PushKit.framework/Versions/A/PushKit
0x00000001cf947000 	/System/Library/Frameworks/CryptoKit.framework/Versions/A/CryptoKit
0x00000001d44f4000 	/System/Library/PrivateFrameworks/FeatureFlags.framework/Versions/A/FeatureFlags
0x00000001c72a2000 	/usr/lib/swift/libswiftAVFoundation.dylib
0x00000001b3dc5000 	/usr/lib/swift/libswiftCoreMIDI.dylib
0x00000001c5ae4000 	/usr/lib/swift/libswiftCoreMedia.dylib
0x000000019f2b4000 	/System/Library/PrivateFrameworks/AVFCore.framework/Versions/A/AVFCore
0x00000001a72bf000 	/System/Library/PrivateFrameworks/AVFCapture.framework/Versions/A/AVFCapture
0x0000000198d15000 	/System/Library/Frameworks/MediaToolbox.framework/Versions/A/MediaToolbox
0x000000019eb66000 	/System/Library/PrivateFrameworks/CoreAVCHD.framework/Versions/A/CoreAVCHD
0x000000019eb62000 	/System/Library/PrivateFrameworks/Mangrove.framework/Versions/A/Mangrove
0x00000001ff8a2000 	/System/Library/PrivateFrameworks/CMPhoto.framework/Versions/A/CMPhoto
0x000000019f16f000 	/System/Library/Frameworks/CoreTelephony.framework/Versions/A/CoreTelephony
0x000000019eb56000 	/System/Library/PrivateFrameworks/CoreAUC.framework/Versions/A/CoreAUC
0x00000001fe2ba000 	/System/Library/PrivateFrameworks/AppleJPEGXL.framework/Versions/A/AppleJPEGXL
0x000000019a7d5000 	/usr/lib/libTelephonyUtilDynamic.dylib
0x00000001b43c1000 	/System/Library/PrivateFrameworks/MSUDataAccessor.framework/Versions/A/MSUDataAccessor
0x00000001c24c6000 	/usr/lib/libpartition2_dynamic.dylib
0x00000001b0686000 	/usr/lib/libbootpolicy.dylib
0x00000001ff837000 	/System/Library/PrivateFrameworks/CMImaging.framework/Versions/A/CMImaging
0x00000001a7498000 	/System/Library/PrivateFrameworks/Quagga.framework/Versions/A/Quagga
0x00000001a75a2000 	/System/Library/PrivateFrameworks/CMCapture.framework/Versions/A/CMCapture
0x000000019a05b000 	/System/Library/Frameworks/CoreMediaIO.framework/Versions/A/CoreMediaIO
0x00000001a1b5c000 	/System/Library/PrivateFrameworks/Espresso.framework/Versions/A/Espresso
0x00000001f002b000 	/System/Library/PrivateFrameworks/ANECompiler.framework/Versions/A/ANECompiler
0x00000001a37f9000 	/System/Library/PrivateFrameworks/AppleNeuralEngine.framework/Versions/A/AppleNeuralEngine
0x00000001f8a58000 	/System/Library/Frameworks/MetalPerformanceShadersGraph.framework/Versions/A/MetalPerformanceShadersGraph
0x000000021034f000 	/System/Library/PrivateFrameworks/MLCompilerServices.framework/Versions/A/MLCompilerServices
0x00000001a28c0000 	/System/Library/PrivateFrameworks/ANEServices.framework/Versions/A/ANEServices
0x00000001b3005000 	/usr/lib/libncurses.5.4.dylib
0x00000002102eb000 	/System/Library/PrivateFrameworks/MLCompilerRuntime.framework/Versions/A/MLCompilerRuntime
0x00000001a35a6000 	/System/Library/PrivateFrameworks/RTCReporting.framework/Versions/A/RTCReporting
0x00000001a19f5000 	/System/Library/PrivateFrameworks/CryptoKitCBridging.framework/Versions/A/CryptoKitCBridging
0x00000001c5ae2000 	/usr/lib/swift/libswiftCryptoTokenKit.dylib
0x000000019b988000 	/System/Library/PrivateFrameworks/SecCodeWrapper.framework/Versions/A/SecCodeWrapper
0x00000001ac416000 	/usr/lib/libFosl_dynamic.dylib
0x00000001995fb000 	/usr/lib/libusrtcp.dylib
0x000000018ef3f000 	/usr/lib/libboringssl.dylib
0x0000000141ee8000 	/Users/darienumanazuniga/Library/Java/JavaVirtualMachines/openjdk-21.0.2/Contents/Home/lib/libextnet.dylib
0x0000000141f80000 	/Users/darienumanazuniga/Library/Java/JavaVirtualMachines/openjdk-21.0.2/Contents/Home/lib/libawt.dylib
0x0000000142030000 	/Users/darienumanazuniga/Library/Java/JavaVirtualMachines/openjdk-21.0.2/Contents/Home/lib/libmlib_image.dylib
0x00000001f7fbc000 	/System/Library/Frameworks/JavaRuntimeSupport.framework/Versions/A/JavaRuntimeSupport
0x00000001421c0000 	/Users/darienumanazuniga/Library/Java/JavaVirtualMachines/openjdk-21.0.2/Contents/Home/lib/libawt_lwawt.dylib
0x0000000141f2c000 	/Users/darienumanazuniga/Library/Java/JavaVirtualMachines/openjdk-21.0.2/Contents/Home/lib/libosxapp.dylib
0x00000001ac959000 	/System/Library/Frameworks/ExceptionHandling.framework/Versions/A/ExceptionHandling
0x0000000142504000 	/Users/darienumanazuniga/Library/Java/JavaVirtualMachines/openjdk-21.0.2/Contents/Home/lib/libfontmanager.dylib
0x00000001422e4000 	/Users/darienumanazuniga/Library/Java/JavaVirtualMachines/openjdk-21.0.2/Contents/Home/lib/libfreetype.dylib
0x0000000141f14000 	/Users/darienumanazuniga/Library/Java/JavaVirtualMachines/openjdk-21.0.2/Contents/Home/lib/libosxui.dylib
0x000000019dfb0000 	/System/Library/PrivateFrameworks/SystemAdministration.framework/Versions/A/SystemAdministration
0x000000019d7d7000 	/System/Library/Frameworks/DirectoryService.framework/Versions/A/DirectoryService
0x00000001a1167000 	/System/Library/PrivateFrameworks/DiskImages.framework/Versions/A/DiskImages
0x0000000195b4e000 	/System/Library/Frameworks/ServiceManagement.framework/Versions/A/ServiceManagement
0x00000001a13a6000 	/System/Library/PrivateFrameworks/LoginUIKit.framework/Versions/A/Frameworks/LoginUICore.framework/Versions/A/LoginUICore
0x0000000198365000 	/usr/lib/libodfde.dylib
0x00000001a1329000 	/usr/lib/libcurl.4.dylib
0x0000000229f81000 	/usr/lib/libcrypto.46.dylib
0x000000022ac2f000 	/usr/lib/libssl.48.dylib
0x00000001a0ffd000 	/System/Library/Frameworks/LDAP.framework/Versions/A/LDAP
0x00000001a1039000 	/System/Library/PrivateFrameworks/TrustEvaluationAgent.framework/Versions/A/TrustEvaluationAgent
0x0000000199f62000 	/usr/lib/libsasl2.2.dylib


VM Arguments:
jvm_args: -Dfile.encoding=UTF-8 --module-path=/Users/darienumanazuniga/Downloads/javafx-sdk-21.0.2/lib --add-modules=javafx.controls,javafx.fxml 
java_command: prueba1.ZeldaGameApp
java_class_path (initial): /Users/darienumanazuniga/Desktop/fxgl-21-uber.jar:/Users/darienumanazuniga/Downloads/javafx-sdk-21.0.2/lib/javafx-swt.jar:/Users/darienumanazuniga/Downloads/javafx-sdk-21.0.2/lib/javafx.base.jar:/Users/darienumanazuniga/Downloads/javafx-sdk-21.0.2/lib/javafx.controls.jar:/Users/darienumanazuniga/Downloads/javafx-sdk-21.0.2/lib/javafx.fxml.jar:/Users/darienumanazuniga/Downloads/javafx-sdk-21.0.2/lib/javafx.graphics.jar:/Users/darienumanazuniga/Downloads/javafx-sdk-21.0.2/lib/javafx.media.jar:/Users/darienumanazuniga/Downloads/javafx-sdk-21.0.2/lib/javafx.swing.jar:/Users/darienumanazuniga/Downloads/javafx-sdk-21.0.2/lib/javafx.web.jar:/Users/darienumanazuniga/Desktop/Prueba1/build/classes
Launcher Type: SUN_STANDARD

[Global flags]
     intx CICompilerCount                          = 4                                         {product} {ergonomic}
     uint ConcGCThreads                            = 2                                         {product} {ergonomic}
     uint G1ConcRefinementThreads                  = 8                                         {product} {ergonomic}
   size_t G1HeapRegionSize                         = 1048576                                   {product} {ergonomic}
    uintx GCDrainStackTargetSize                   = 64                                        {product} {ergonomic}
   size_t InitialHeapSize                          = 134217728                                 {product} {ergonomic}
   size_t MarkStackSize                            = 4194304                                   {product} {ergonomic}
   size_t MaxHeapSize                              = 2147483648                                {product} {ergonomic}
   size_t MaxNewSize                               = 1287651328                                {product} {ergonomic}
   size_t MinHeapDeltaBytes                        = 1048576                                   {product} {ergonomic}
   size_t MinHeapSize                              = 8388608                                   {product} {ergonomic}
    uintx NonNMethodCodeHeapSize                   = 5839564                                {pd product} {ergonomic}
    uintx NonProfiledCodeHeapSize                  = 122909338                              {pd product} {ergonomic}
    uintx ProfiledCodeHeapSize                     = 122909338                              {pd product} {ergonomic}
    uintx ReservedCodeCacheSize                    = 251658240                              {pd product} {ergonomic}
     bool SegmentedCodeCache                       = true                                      {product} {ergonomic}
   size_t SoftMaxHeapSize                          = 2147483648                             {manageable} {ergonomic}
     bool UseCompressedOops                        = true                           {product lp64_product} {ergonomic}
     bool UseG1GC                                  = true                                      {product} {ergonomic}
     bool UseNUMA                                  = false                                     {product} {ergonomic}
     bool UseNUMAInterleaving                      = false                                     {product} {ergonomic}

Logging:
Log output configuration:
 #0: stdout all=warning uptime,level,tags foldmultilines=false
 #1: stderr all=off uptime,level,tags foldmultilines=false

Environment Variables:
PATH=/usr/bin:/bin:/usr/sbin:/sbin
SHELL=/bin/zsh
LC_CTYPE=UTF-8
TMPDIR=/var/folders/22/prkg6fkx3fg49q0cntr1cxj00000gn/T/

Active Locale:
LC_ALL=C/UTF-8/C/C/C/C
LC_COLLATE=C
LC_CTYPE=UTF-8
LC_MESSAGES=C
LC_MONETARY=C
LC_NUMERIC=C
LC_TIME=C

Signal Handlers:
   SIGSEGV: crash_handler in libjvm.dylib, mask=11100110000111110111111111111111, flags=SA_ONSTACK|SA_RESTART|SA_SIGINFO, unblocked
    SIGBUS: crash_handler in libjvm.dylib, mask=11100110000111110111111111111111, flags=SA_RESTART|SA_SIGINFO, unblocked
    SIGFPE: crash_handler in libjvm.dylib, mask=11100110000111110111111111111111, flags=SA_RESTART|SA_SIGINFO, unblocked
   SIGPIPE: javaSignalHandler in libjvm.dylib, mask=11100110000111110111111111111111, flags=SA_RESTART|SA_SIGINFO, blocked
   SIGXFSZ: javaSignalHandler in libjvm.dylib, mask=11100110000111110111111111111111, flags=SA_RESTART|SA_SIGINFO, blocked
    SIGILL: crash_handler in libjvm.dylib, mask=11100110000111110111111111111111, flags=SA_RESTART|SA_SIGINFO, unblocked
   SIGUSR2: SR_handler in libjvm.dylib, mask=00000000000000000000000000000000, flags=SA_RESTART|SA_SIGINFO, blocked
    SIGHUP: UserHandler in libjvm.dylib, mask=11100110000111110111111111111111, flags=SA_RESTART|SA_SIGINFO, blocked
    SIGINT: SIG_IGN, mask=00000000000000000000000000000000, flags=none, blocked
   SIGTERM: UserHandler in libjvm.dylib, mask=11100110000111110111111111111111, flags=SA_RESTART|SA_SIGINFO, blocked
   SIGQUIT: UserHandler in libjvm.dylib, mask=11100110000111110111111111111111, flags=SA_RESTART|SA_SIGINFO, blocked
   SIGTRAP: crash_handler in libjvm.dylib, mask=11100110000111110111111111111111, flags=SA_RESTART|SA_SIGINFO, unblocked


Periodic native trim disabled

---------------  S Y S T E M  ---------------

OS:
uname: Darwin 23.3.0 Darwin Kernel Version 23.3.0: Wed Dec 20 21:33:31 PST 2023; root:xnu-10002.81.5~7/RELEASE_ARM64_T8112 arm64
OS uptime: 9 days 4:04 hours
rlimit (soft/hard): STACK 8176k/65520k , CORE 0k/infinity , NPROC 1333/2000 , NOFILE 10240/infinity , AS infinity/infinity , CPU infinity/infinity , DATA infinity/infinity , FSIZE infinity/infinity , MEMLOCK infinity/infinity , RSS infinity/infinity
load average: 3.20 3.19 3.24

CPU: total 8 (initial active 8) 0x61:0x0:0xda33d83d:0, fp, asimd, aes, pmull, sha1, sha256, crc32, lse, sha3, sha512
machdep.cpu.brand_string:Apple M2
hw.cachelinesize:128
hw.l1icachesize:131072
hw.l1dcachesize:65536
hw.l2cachesize:4194304

Memory: 16k page, physical 8388608k(63600k free), swap 2097152k(1054592k free)

vm_info: OpenJDK 64-Bit Server VM (21.0.2+13-58) for bsd-aarch64 JRE (21.0.2+13-58), built on 2024-01-05T18:32:24Z by "mach5one" with clang Apple LLVM 12.0.0 (clang-1200.0.32.29)

END.
