#
# A fatal error has been detected by the Java Runtime Environment:
#
#  SIGSEGV (0xb) at pc=0x0000000102a9862c, pid=16320, tid=259
#
# JRE version: OpenJDK Runtime Environment Zulu21.32+17-CA (21.0.2+13) (build 21.0.2+13-LTS)
# Java VM: OpenJDK 64-Bit Server VM Zulu21.32+17-CA (21.0.2+13-LTS, mixed mode, sharing, tiered, compressed oops, compressed class ptrs, g1 gc, bsd-aarch64)
# Problematic frame:
# V  [libjvm.dylib+0x57062c]  JNIHandleBlock::allocate_handle(JavaThread*, oopDesc*, AllocFailStrategy::AllocFailEnum)+0x38
#
# No core dump will be written. Core dumps have been disabled. To enable core dumping, try "ulimit -c unlimited" before starting Java again
#
# If you would like to submit a bug report, please visit:
#   http://www.azul.com/support/
#

---------------  S U M M A R Y ------------

Command Line: -Dfile.encoding=UTF-8 codigo.ZeldaGameApp

Host: "Mac14,7" arm64, 8 cores, 8G, Darwin 23.4.0, macOS 14.4.1 (23E224)
Time: Thu Apr  4 22:36:16 2024 CST elapsed time: 138.170684 seconds (0d 0h 2m 18s)

---------------  T H R E A D  ---------------

Current thread is native thread

Stack: [0x000000016e758000,0x000000016ef54000],  sp=0x000000016ef4fa60,  free space=8158k
Native frames: (J=compiled Java code, j=interpreted, Vv=VM code, C=native code)
V  [libjvm.dylib+0x57062c]  JNIHandleBlock::allocate_handle(JavaThread*, oopDesc*, AllocFailStrategy::AllocFailEnum)+0x38
V  [libjvm.dylib+0x525920]  jni_NewLocalRef+0x150
C  [libawt_lwawt.dylib+0x69508]  -[MTLLayer blitCallback]+0x210
C  [libawt_lwawt.dylib+0x6967c]  -[MTLLayer display]+0x54
C  [QuartzCore+0x1fbd4]  CA::Layer::display_if_needed(CA::Transaction*)+0x2e8
C  [QuartzCore+0x1a4464]  CA::Context::commit_transaction(CA::Transaction*, double, double*)+0x200
C  [QuartzCore+0x2618]  CA::Transaction::commit()+0x288
C  [QuartzCore+0x1d7bc8]  CA::Transaction::flush_as_runloop_observer(bool)+0x88
C  [CoreFoundation+0x7d254]  __CFRUNLOOP_IS_CALLING_OUT_TO_AN_OBSERVER_CALLBACK_FUNCTION__+0x24
C  [CoreFoundation+0x7d140]  __CFRunLoopDoObservers+0x218
C  [CoreFoundation+0x7c868]  __CFRunLoopRun+0x404
C  [CoreFoundation+0x7be0c]  CFRunLoopRunSpecific+0x260
C  [libjli.dylib+0xce98]  CreateExecutionEnvironment+0x194
C  [libjli.dylib+0x8ba0]  JLI_Launch+0x480
C  [java+0x3bb4]  main+0x194
C  [dyld+0x60e0]  start+0x938

siginfo: si_signo: 11 (SIGSEGV), si_code: 2 (SEGV_ACCERR), si_addr: 0x0000000000000100

Registers:
 x0=0x0000000000000000  x1=0x00000001320a1800  x2=0x0000000782251458  x3=0x0000000000000001
 x4=0x0000000000000000  x5=0x0000190300000000  x6=0x0000000000000002  x7=0x0000000000000000
 x8=0x0000000133820400  x9=0x0000000000000000 x10=0x0001380000013800 x11=0x0001380000013802
x12=0x0000000000013800 x13=0x0001380000013800 x14=0x010000016a01da2d x15=0x000000016a01da28
x16=0x000000018d8b9a44 x17=0x00000001f55cbac0 x18=0x0000000000000000 x19=0x0000000782251458
x20=0x0000000000000000 x21=0x0000000000000001 x22=0x00000001320a1800 x23=0x0000000000000001
x24=0x000000010326b020 x25=0x0000000000000008 x26=0x000000016ef4fb70 x27=0x0000000000000000
x28=0x0000000000000008  fp=0x000000016ef4fa90  lr=0x0000000102a4d920  sp=0x000000016ef4fa60
pc=0x0000000102a9862c cpsr=0x0000000060001000

Top of Stack: (sp=0x000000016ef4fa60)
0x000000016ef4fa60:   0000000000000001 0000000101f081a0
0x000000016ef4fa70:   00000001320a1bc0 0000000133073911
0x000000016ef4fa80:   0000000000000000 00000001320a1800
0x000000016ef4fa90:   000000016ef4fae0 0000000102a4d920
0x000000016ef4faa0:   00000001320a1800 0000000132203e10
0x000000016ef4fab0:   00000001000000a7 000000013204cc00
0x000000016ef4fac0:   000000016a020000 0000000102a4d7d0
0x000000016ef4fad0:   00006000007f3480 00000001320a1bc0
0x000000016ef4fae0:   000000016ef4fb20 0000000169fb9508
0x000000016ef4faf0:   000000016ef4fb30 d904800195ba75e0
0x000000016ef4fb00:   0000000101f08090 000000016ef4fc10
0x000000016ef4fb10:   00000001329a8e00 00006000007f3480
0x000000016ef4fb20:   000000016ef4fb60 0000000169fb967c
0x000000016ef4fb30:   0000000000000001 0000000101f081a0
0x000000016ef4fb40:   0000000101f08090 000000016ef4fc10
0x000000016ef4fb50:   00000001329a8e00 000000016ef4fb80
0x000000016ef4fb60:   000000016ef50c60 0000000195ba7bd4
0x000000016ef4fb70:   0000000000000000 0000000000000010
0x000000016ef4fb80:   0000000000000008 0000000000000001
0x000000016ef4fb90:   0000000000000fe0 0000000000000800
0x000000016ef4fba0:   000000016ef4fc10 000000016ef4fc10
0x000000016ef4fbb0:   000000016ef4fc10 0000000000000000
0x000000016ef4fbc0:   0000000000000001 00000001329a8e00
0x000000016ef4fbd0:   000000016ef4fbf0 0000020000000100
0x000000016ef4fbe0:   0000000000000000 0000000000000000
0x000000016ef4fbf0:   0000000000000000 000000016ef4fc20
0x000000016ef4fc00:   0000000000000fd0 0000000000000800
0x000000016ef4fc10:   0000000131d0a550 0000000000000000
0x000000016ef4fc20:   000000016ef4fc38 0000000000000fe0
0x000000016ef4fc30:   0000000000000800 0000000000000000
0x000000016ef4fc40:   0000000000000000 0000000000000000
0x000000016ef4fc50:   0000000000000000 0000000000000000 

Instructions: (pc=0x0000000102a9862c)
0x0000000102a9852c:   00 09 40 f9 fd 7b c1 a8 c0 03 5f d6 fd 7b bf a9
0x0000000102a9853c:   fd 03 00 91 88 3e 00 f0 00 0d 40 f9 fd 7b c1 a8
0x0000000102a9854c:   c0 03 5f d6 fd 7b bf a9 fd 03 00 91 20 32 00 90
0x0000000102a9855c:   00 bc 1c 91 21 01 80 52 e8 dc 0a 94 88 3e 00 f0
0x0000000102a9856c:   00 09 00 f9 20 32 00 90 00 e8 1c 91 21 01 80 52
0x0000000102a9857c:   ee dc 0a 94 88 3e 00 f0 00 0d 00 f9 fd 7b c1 a8
0x0000000102a9858c:   c0 03 5f d6 a0 01 00 b4 fd 7b bf a9 fd 03 00 91
0x0000000102a9859c:   e2 03 00 aa 00 3e 00 d0 00 60 0b 91 08 00 40 f9
0x0000000102a985ac:   00 01 3f d6 01 00 40 f9 20 18 42 f9 03 00 80 52
0x0000000102a985bc:   fd 7b c1 a8 0d 00 00 14 c0 03 5f d6 e3 03 02 aa
0x0000000102a985cc:   e2 03 01 aa e1 00 00 b4 fd 7b bf a9 fd 03 00 91
0x0000000102a985dc:   e1 03 00 aa 00 18 42 f9 fd 7b c1 a8 03 00 00 14
0x0000000102a985ec:   00 00 80 d2 c0 03 5f d6 f8 5f bc a9 f6 57 01 a9
0x0000000102a985fc:   f4 4f 02 a9 fd 7b 03 a9 fd c3 00 91 f5 03 03 aa
0x0000000102a9860c:   f3 03 02 aa f6 03 01 aa f4 03 00 aa 37 00 80 52
0x0000000102a9861c:   98 3e 00 f0 18 83 00 91 02 00 00 14 88 8a 00 f9
0x0000000102a9862c:   88 02 41 b9 c8 00 00 34 88 8a 40 f9 09 01 81 b9
0x0000000102a9863c:   3f 7d 00 71 0c 02 00 54 76 00 00 14 88 86 40 f9
0x0000000102a9864c:   c8 00 00 b4 09 01 41 b9 89 00 00 34 1f 01 01 b9
0x0000000102a9865c:   08 85 40 f9 88 ff ff b5 9f 92 00 f9 9f 06 01 b9
0x0000000102a9866c:   e8 03 14 aa 94 8a 00 f9 09 01 81 b9 3f 7d 00 71
0x0000000102a9867c:   0d 0d 00 54 80 92 40 f9 e0 0d 00 b5 08 85 40 f9
0x0000000102a9868c:   e8 fc ff b5 88 06 41 b9 48 03 00 34 d6 00 00 b4
0x0000000102a9869c:   c0 1e 42 f9 80 00 00 b4 08 84 40 f9 c8 1e 02 f9
0x0000000102a986ac:   46 00 00 14 00 25 80 52 21 01 80 52 bf 06 00 71
0x0000000102a986bc:   61 06 00 54 22 00 80 52 ab 96 ee 97 40 08 00 b4
0x0000000102a986cc:   1f 90 00 f9 00 e4 00 6f 00 00 08 ad 00 00 07 ad
0x0000000102a986dc:   00 00 06 ad 00 00 05 ad 00 00 04 ad 00 00 03 ad
0x0000000102a986ec:   00 00 02 ad 00 00 01 ad 00 00 00 ad 31 00 00 14
0x0000000102a986fc:   f4 07 00 b4 0b 00 80 d2 08 00 80 52 09 00 80 52
0x0000000102a9870c:   ea 03 14 aa 04 00 00 14 29 05 00 11 4a 85 40 f9
0x0000000102a9871c:   ca 02 00 b4 4e 01 41 b9 df 05 00 71 6b ff ff 54 



---------------  P R O C E S S  ---------------

VM state: not at safepoint (normal execution)

VM Mutex/Monitor currently owned by a thread: None

Heap address: 0x0000000780000000, size: 2048 MB, Compressed Oops mode: Zero based, Oop shift amount: 3

CDS archive(s) mapped at: [0x0000007000000000-0x0000007000d10000-0x0000007000d10000), size 13697024, SharedBaseAddress: 0x0000007000000000, ArchiveRelocationMode: 1.
Compressed class space mapped at: 0x0000007001000000-0x0000007041000000, reserved size: 1073741824
Narrow klass base: 0x0000007000000000, Narrow klass shift: 0, Narrow klass range: 0x100000000

GC Precious Log:
<Skipped>

Heap:
 garbage-first heap   total 110592K, used 96186K [0x0000000780000000, 0x0000000800000000)
  region size 1024K, 52 young (53248K), 2 survivors (2048K)
 Metaspace       used 38774K, committed 39232K, reserved 1114112K
  class space    used 4740K, committed 4928K, reserved 1048576K

Heap Regions: E=young(eden), S=young(survivor), O=old, HS=humongous(starts), HC=humongous(continues), CS=collection set, F=free, TAMS=top-at-mark-start, PB=parsable bottom
|   0|0x0000000780000000, 0x0000000780100000, 0x0000000780100000|100%|HS|  |TAMS 0x0000000780000000| PB 0x0000000780000000| Complete 
|   1|0x0000000780100000, 0x0000000780200000, 0x0000000780200000|100%| O|  |TAMS 0x0000000780100000| PB 0x0000000780100000| Untracked 
|   2|0x0000000780200000, 0x0000000780300000, 0x0000000780300000|100%| O|  |TAMS 0x0000000780200000| PB 0x0000000780200000| Untracked 
|   3|0x0000000780300000, 0x0000000780400000, 0x0000000780400000|100%| O|  |TAMS 0x0000000780300000| PB 0x0000000780300000| Untracked 
|   4|0x0000000780400000, 0x0000000780500000, 0x0000000780500000|100%| O|  |TAMS 0x0000000780400000| PB 0x0000000780400000| Untracked 
|   5|0x0000000780500000, 0x0000000780600000, 0x0000000780600000|100%| O|  |TAMS 0x0000000780500000| PB 0x0000000780500000| Untracked 
|   6|0x0000000780600000, 0x0000000780700000, 0x0000000780700000|100%|HS|  |TAMS 0x0000000780600000| PB 0x0000000780600000| Complete 
|   7|0x0000000780700000, 0x0000000780800000, 0x0000000780800000|100%|HC|  |TAMS 0x0000000780700000| PB 0x0000000780700000| Complete 
|   8|0x0000000780800000, 0x0000000780900000, 0x0000000780900000|100%|HS|  |TAMS 0x0000000780800000| PB 0x0000000780800000| Complete 
|   9|0x0000000780900000, 0x0000000780a00000, 0x0000000780a00000|100%|HC|  |TAMS 0x0000000780900000| PB 0x0000000780900000| Complete 
|  10|0x0000000780a00000, 0x0000000780b00000, 0x0000000780b00000|100%| O|  |TAMS 0x0000000780a00000| PB 0x0000000780a00000| Untracked 
|  11|0x0000000780b00000, 0x0000000780c00000, 0x0000000780c00000|100%| O|  |TAMS 0x0000000780b00000| PB 0x0000000780b00000| Untracked 
|  12|0x0000000780c00000, 0x0000000780d00000, 0x0000000780d00000|100%|HS|  |TAMS 0x0000000780c00000| PB 0x0000000780c00000| Complete 
|  13|0x0000000780d00000, 0x0000000780e00000, 0x0000000780e00000|100%|HS|  |TAMS 0x0000000780d00000| PB 0x0000000780d00000| Complete 
|  14|0x0000000780e00000, 0x0000000780f00000, 0x0000000780f00000|100%|HC|  |TAMS 0x0000000780e00000| PB 0x0000000780e00000| Complete 
|  15|0x0000000780f00000, 0x0000000781000000, 0x0000000781000000|100%| O|  |TAMS 0x0000000780f00000| PB 0x0000000780f00000| Untracked 
|  16|0x0000000781000000, 0x0000000781100000, 0x0000000781100000|100%| O|  |TAMS 0x0000000781000000| PB 0x0000000781000000| Untracked 
|  17|0x0000000781100000, 0x0000000781200000, 0x0000000781200000|100%| O|  |TAMS 0x0000000781100000| PB 0x0000000781100000| Untracked 
|  18|0x0000000781200000, 0x0000000781300000, 0x0000000781300000|100%| O|  |TAMS 0x0000000781200000| PB 0x0000000781200000| Untracked 
|  19|0x0000000781300000, 0x0000000781400000, 0x0000000781400000|100%| O|  |TAMS 0x0000000781300000| PB 0x0000000781300000| Untracked 
|  20|0x0000000781400000, 0x0000000781500000, 0x0000000781500000|100%| O|  |TAMS 0x0000000781400000| PB 0x0000000781400000| Untracked 
|  21|0x0000000781500000, 0x0000000781600000, 0x0000000781600000|100%|HS|  |TAMS 0x0000000781500000| PB 0x0000000781500000| Complete 
|  22|0x0000000781600000, 0x0000000781700000, 0x0000000781700000|100%|HC|  |TAMS 0x0000000781600000| PB 0x0000000781600000| Complete 
|  23|0x0000000781700000, 0x0000000781800000, 0x0000000781800000|100%|HS|  |TAMS 0x0000000781700000| PB 0x0000000781700000| Complete 
|  24|0x0000000781800000, 0x0000000781900000, 0x0000000781900000|100%|HS|  |TAMS 0x0000000781800000| PB 0x0000000781800000| Complete 
|  25|0x0000000781900000, 0x00000007819bad78, 0x0000000781a00000| 72%| O|  |TAMS 0x0000000781900000| PB 0x0000000781900000| Untracked 
|  26|0x0000000781a00000, 0x0000000781a00000, 0x0000000781b00000|  0%| F|  |TAMS 0x0000000781a00000| PB 0x0000000781a00000| Untracked 
|  27|0x0000000781b00000, 0x0000000781c00000, 0x0000000781c00000|100%|HS|  |TAMS 0x0000000781b00000| PB 0x0000000781b00000| Complete 
|  28|0x0000000781c00000, 0x0000000781d00000, 0x0000000781d00000|100%|HC|  |TAMS 0x0000000781c00000| PB 0x0000000781c00000| Complete 
|  29|0x0000000781d00000, 0x0000000781d00000, 0x0000000781e00000|  0%| F|  |TAMS 0x0000000781d00000| PB 0x0000000781d00000| Untracked 
|  30|0x0000000781e00000, 0x0000000781e00000, 0x0000000781f00000|  0%| F|  |TAMS 0x0000000781e00000| PB 0x0000000781e00000| Untracked 
|  31|0x0000000781f00000, 0x0000000781f00000, 0x0000000782000000|  0%| F|  |TAMS 0x0000000781f00000| PB 0x0000000781f00000| Untracked 
|  32|0x0000000782000000, 0x0000000782000000, 0x0000000782100000|  0%| F|  |TAMS 0x0000000782000000| PB 0x0000000782000000| Untracked 
|  33|0x0000000782100000, 0x0000000782100000, 0x0000000782200000|  0%| F|  |TAMS 0x0000000782100000| PB 0x0000000782100000| Untracked 
|  34|0x0000000782200000, 0x000000078228b190, 0x0000000782300000| 54%| S|CS|TAMS 0x0000000782200000| PB 0x0000000782200000| Complete 
|  35|0x0000000782300000, 0x0000000782400000, 0x0000000782400000|100%| S|CS|TAMS 0x0000000782300000| PB 0x0000000782300000| Complete 
|  36|0x0000000782400000, 0x0000000782400000, 0x0000000782500000|  0%| F|  |TAMS 0x0000000782400000| PB 0x0000000782400000| Untracked 
|  37|0x0000000782500000, 0x0000000782500000, 0x0000000782600000|  0%| F|  |TAMS 0x0000000782500000| PB 0x0000000782500000| Untracked 
|  38|0x0000000782600000, 0x0000000782600000, 0x0000000782700000|  0%| F|  |TAMS 0x0000000782600000| PB 0x0000000782600000| Untracked 
|  39|0x0000000782700000, 0x0000000782700000, 0x0000000782800000|  0%| F|  |TAMS 0x0000000782700000| PB 0x0000000782700000| Untracked 
|  40|0x0000000782800000, 0x0000000782800000, 0x0000000782900000|  0%| F|  |TAMS 0x0000000782800000| PB 0x0000000782800000| Untracked 
|  41|0x0000000782900000, 0x0000000782900000, 0x0000000782a00000|  0%| F|  |TAMS 0x0000000782900000| PB 0x0000000782900000| Untracked 
|  42|0x0000000782a00000, 0x0000000782a00000, 0x0000000782b00000|  0%| F|  |TAMS 0x0000000782a00000| PB 0x0000000782a00000| Untracked 
|  43|0x0000000782b00000, 0x0000000782ba8c20, 0x0000000782c00000| 65%| E|  |TAMS 0x0000000782b00000| PB 0x0000000782b00000| Complete 
|  44|0x0000000782c00000, 0x0000000782d00000, 0x0000000782d00000|100%| E|CS|TAMS 0x0000000782c00000| PB 0x0000000782c00000| Complete 
|  45|0x0000000782d00000, 0x0000000782e00000, 0x0000000782e00000|100%| E|CS|TAMS 0x0000000782d00000| PB 0x0000000782d00000| Complete 
|  46|0x0000000782e00000, 0x0000000782f00000, 0x0000000782f00000|100%| E|CS|TAMS 0x0000000782e00000| PB 0x0000000782e00000| Complete 
|  47|0x0000000782f00000, 0x0000000783000000, 0x0000000783000000|100%| E|CS|TAMS 0x0000000782f00000| PB 0x0000000782f00000| Complete 
|  48|0x0000000783000000, 0x0000000783100000, 0x0000000783100000|100%| E|CS|TAMS 0x0000000783000000| PB 0x0000000783000000| Complete 
|  49|0x0000000783100000, 0x0000000783200000, 0x0000000783200000|100%| E|CS|TAMS 0x0000000783100000| PB 0x0000000783100000| Complete 
|  50|0x0000000783200000, 0x0000000783300000, 0x0000000783300000|100%| E|CS|TAMS 0x0000000783200000| PB 0x0000000783200000| Complete 
|  51|0x0000000783300000, 0x0000000783400000, 0x0000000783400000|100%| E|CS|TAMS 0x0000000783300000| PB 0x0000000783300000| Complete 
|  52|0x0000000783400000, 0x0000000783500000, 0x0000000783500000|100%|HS|  |TAMS 0x0000000783400000| PB 0x0000000783400000| Complete 
|  53|0x0000000783500000, 0x0000000783600000, 0x0000000783600000|100%|HC|  |TAMS 0x0000000783500000| PB 0x0000000783500000| Complete 
|  54|0x0000000783600000, 0x0000000783700000, 0x0000000783700000|100%|HC|  |TAMS 0x0000000783600000| PB 0x0000000783600000| Complete 
|  55|0x0000000783700000, 0x0000000783800000, 0x0000000783800000|100%|HC|  |TAMS 0x0000000783700000| PB 0x0000000783700000| Complete 
|  56|0x0000000783800000, 0x0000000783900000, 0x0000000783900000|100%|HC|  |TAMS 0x0000000783800000| PB 0x0000000783800000| Complete 
|  57|0x0000000783900000, 0x0000000783a00000, 0x0000000783a00000|100%|HC|  |TAMS 0x0000000783900000| PB 0x0000000783900000| Complete 
|  58|0x0000000783a00000, 0x0000000783b00000, 0x0000000783b00000|100%|HC|  |TAMS 0x0000000783a00000| PB 0x0000000783a00000| Complete 
|  59|0x0000000783b00000, 0x0000000783c00000, 0x0000000783c00000|100%|HC|  |TAMS 0x0000000783b00000| PB 0x0000000783b00000| Complete 
|  60|0x0000000783c00000, 0x0000000783d00000, 0x0000000783d00000|100%|HC|  |TAMS 0x0000000783c00000| PB 0x0000000783c00000| Complete 
|  61|0x0000000783d00000, 0x0000000783e00000, 0x0000000783e00000|100%|HC|  |TAMS 0x0000000783d00000| PB 0x0000000783d00000| Complete 
|  62|0x0000000783e00000, 0x0000000783f00000, 0x0000000783f00000|100%|HC|  |TAMS 0x0000000783e00000| PB 0x0000000783e00000| Complete 
|  63|0x0000000783f00000, 0x0000000784000000, 0x0000000784000000|100%| E|CS|TAMS 0x0000000783f00000| PB 0x0000000783f00000| Complete 
|  64|0x0000000784000000, 0x0000000784100000, 0x0000000784100000|100%| E|CS|TAMS 0x0000000784000000| PB 0x0000000784000000| Complete 
|  65|0x0000000784100000, 0x0000000784200000, 0x0000000784200000|100%| E|CS|TAMS 0x0000000784100000| PB 0x0000000784100000| Complete 
|  66|0x0000000784200000, 0x0000000784300000, 0x0000000784300000|100%| E|CS|TAMS 0x0000000784200000| PB 0x0000000784200000| Complete 
|  67|0x0000000784300000, 0x0000000784400000, 0x0000000784400000|100%| E|CS|TAMS 0x0000000784300000| PB 0x0000000784300000| Complete 
|  68|0x0000000784400000, 0x0000000784500000, 0x0000000784500000|100%| E|CS|TAMS 0x0000000784400000| PB 0x0000000784400000| Complete 
|  69|0x0000000784500000, 0x0000000784600000, 0x0000000784600000|100%| E|CS|TAMS 0x0000000784500000| PB 0x0000000784500000| Complete 
|  70|0x0000000784600000, 0x0000000784700000, 0x0000000784700000|100%| E|CS|TAMS 0x0000000784600000| PB 0x0000000784600000| Complete 
|  71|0x0000000784700000, 0x0000000784800000, 0x0000000784800000|100%| E|CS|TAMS 0x0000000784700000| PB 0x0000000784700000| Complete 
|  72|0x0000000784800000, 0x0000000784900000, 0x0000000784900000|100%| E|CS|TAMS 0x0000000784800000| PB 0x0000000784800000| Complete 
|  73|0x0000000784900000, 0x0000000784a00000, 0x0000000784a00000|100%| E|CS|TAMS 0x0000000784900000| PB 0x0000000784900000| Complete 
|  74|0x0000000784a00000, 0x0000000784b00000, 0x0000000784b00000|100%| E|CS|TAMS 0x0000000784a00000| PB 0x0000000784a00000| Complete 
|  75|0x0000000784b00000, 0x0000000784c00000, 0x0000000784c00000|100%| E|CS|TAMS 0x0000000784b00000| PB 0x0000000784b00000| Complete 
|  76|0x0000000784c00000, 0x0000000784d00000, 0x0000000784d00000|100%| E|CS|TAMS 0x0000000784c00000| PB 0x0000000784c00000| Complete 
|  77|0x0000000784d00000, 0x0000000784e00000, 0x0000000784e00000|100%| E|CS|TAMS 0x0000000784d00000| PB 0x0000000784d00000| Complete 
|  78|0x0000000784e00000, 0x0000000784f00000, 0x0000000784f00000|100%| E|CS|TAMS 0x0000000784e00000| PB 0x0000000784e00000| Complete 
|  79|0x0000000784f00000, 0x0000000785000000, 0x0000000785000000|100%| E|CS|TAMS 0x0000000784f00000| PB 0x0000000784f00000| Complete 
|  80|0x0000000785000000, 0x0000000785100000, 0x0000000785100000|100%| E|CS|TAMS 0x0000000785000000| PB 0x0000000785000000| Complete 
|  81|0x0000000785100000, 0x0000000785200000, 0x0000000785200000|100%| E|CS|TAMS 0x0000000785100000| PB 0x0000000785100000| Complete 
|  82|0x0000000785200000, 0x0000000785300000, 0x0000000785300000|100%| E|CS|TAMS 0x0000000785200000| PB 0x0000000785200000| Complete 
|  83|0x0000000785300000, 0x0000000785400000, 0x0000000785400000|100%| E|CS|TAMS 0x0000000785300000| PB 0x0000000785300000| Complete 
|  84|0x0000000785400000, 0x0000000785500000, 0x0000000785500000|100%| E|CS|TAMS 0x0000000785400000| PB 0x0000000785400000| Complete 
|  85|0x0000000785500000, 0x0000000785600000, 0x0000000785600000|100%| E|CS|TAMS 0x0000000785500000| PB 0x0000000785500000| Complete 
|  86|0x0000000785600000, 0x0000000785700000, 0x0000000785700000|100%| E|CS|TAMS 0x0000000785600000| PB 0x0000000785600000| Complete 
|  87|0x0000000785700000, 0x0000000785800000, 0x0000000785800000|100%| E|CS|TAMS 0x0000000785700000| PB 0x0000000785700000| Complete 
|  88|0x0000000785800000, 0x0000000785900000, 0x0000000785900000|100%| E|CS|TAMS 0x0000000785800000| PB 0x0000000785800000| Complete 
|  89|0x0000000785900000, 0x0000000785a00000, 0x0000000785a00000|100%| E|CS|TAMS 0x0000000785900000| PB 0x0000000785900000| Complete 
|  90|0x0000000785a00000, 0x0000000785b00000, 0x0000000785b00000|100%| E|CS|TAMS 0x0000000785a00000| PB 0x0000000785a00000| Complete 
|  91|0x0000000785b00000, 0x0000000785c00000, 0x0000000785c00000|100%| E|CS|TAMS 0x0000000785b00000| PB 0x0000000785b00000| Complete 
| 117|0x0000000787500000, 0x0000000787600000, 0x0000000787600000|100%| E|CS|TAMS 0x0000000787500000| PB 0x0000000787500000| Complete 
| 118|0x0000000787600000, 0x0000000787700000, 0x0000000787700000|100%| E|CS|TAMS 0x0000000787600000| PB 0x0000000787600000| Complete 
| 119|0x0000000787700000, 0x0000000787800000, 0x0000000787800000|100%| E|CS|TAMS 0x0000000787700000| PB 0x0000000787700000| Complete 
| 120|0x0000000787800000, 0x0000000787900000, 0x0000000787900000|100%| E|CS|TAMS 0x0000000787800000| PB 0x0000000787800000| Complete 
| 121|0x0000000787900000, 0x0000000787a00000, 0x0000000787a00000|100%| E|CS|TAMS 0x0000000787900000| PB 0x0000000787900000| Complete 
| 122|0x0000000787a00000, 0x0000000787b00000, 0x0000000787b00000|100%| E|CS|TAMS 0x0000000787a00000| PB 0x0000000787a00000| Complete 
| 123|0x0000000787b00000, 0x0000000787c00000, 0x0000000787c00000|100%| E|CS|TAMS 0x0000000787b00000| PB 0x0000000787b00000| Complete 
| 124|0x0000000787c00000, 0x0000000787d00000, 0x0000000787d00000|100%| E|CS|TAMS 0x0000000787c00000| PB 0x0000000787c00000| Complete 
| 125|0x0000000787d00000, 0x0000000787e00000, 0x0000000787e00000|100%| E|CS|TAMS 0x0000000787d00000| PB 0x0000000787d00000| Complete 
| 126|0x0000000787e00000, 0x0000000787f00000, 0x0000000787f00000|100%| E|CS|TAMS 0x0000000787e00000| PB 0x0000000787e00000| Complete 
| 127|0x0000000787f00000, 0x0000000788000000, 0x0000000788000000|100%| E|CS|TAMS 0x0000000787f00000| PB 0x0000000787f00000| Complete 
|2043|0x00000007ffb00000, 0x00000007ffc00000, 0x00000007ffc00000|100%| O|  |TAMS 0x00000007ffb00000| PB 0x00000007ffb00000| Untracked 
|2044|0x00000007ffc00000, 0x00000007ffd00000, 0x00000007ffd00000|100%| O|  |TAMS 0x00000007ffc00000| PB 0x00000007ffc00000| Untracked 
|2045|0x00000007ffd00000, 0x00000007ffe00000, 0x00000007ffe00000|100%| O|  |TAMS 0x00000007ffd00000| PB 0x00000007ffd00000| Untracked 
|2046|0x00000007ffe00000, 0x00000007fff00000, 0x00000007fff00000|100%| O|  |TAMS 0x00000007ffe00000| PB 0x00000007ffe00000| Untracked 
|2047|0x00000007fff00000, 0x0000000800000000, 0x0000000800000000|100%| E|CS|TAMS 0x00000007fff00000| PB 0x00000007fff00000| Complete 

Card table byte_map: [0x00000001017d4000,0x0000000101bd4000] _byte_map_base: 0x00000000fdbd4000

Marking Bits: (CMBitMap*) 0x0000000133830610
 Bits: [0x000000011be78000, 0x000000011de78000)

Polling page: 0x0000000100ec0000

Metaspace:

Usage:
  Non-class:     33.24 MB used.
      Class:      4.63 MB used.
       Both:     37.87 MB used.

Virtual space:
  Non-class space:       64.00 MB reserved,      33.50 MB ( 52%) committed,  1 nodes.
      Class space:        1.00 GB reserved,       4.81 MB ( <1%) committed,  1 nodes.
             Both:        1.06 GB reserved,      38.31 MB (  4%) committed. 

Chunk freelists:
   Non-Class:  14.16 MB
       Class:  11.02 MB
        Both:  25.17 MB

MaxMetaspaceSize: unlimited
CompressedClassSpaceSize: 1.00 GB
Initial GC threshold: 21.00 MB
Current GC threshold: 57.94 MB
CDS: on
 - commit_granule_bytes: 65536.
 - commit_granule_words: 8192.
 - virtual_space_node_default_size: 8388608.
 - enlarge_chunks_in_place: 1.
 - use_allocation_guard: 0.


Internal statistics:

num_allocs_failed_limit: 6.
num_arena_births: 522.
num_arena_deaths: 0.
num_vsnodes_births: 2.
num_vsnodes_deaths: 0.
num_space_committed: 613.
num_space_uncommitted: 0.
num_chunks_returned_to_freelist: 6.
num_chunks_taken_from_freelist: 1507.
num_chunk_merges: 3.
num_chunk_splits: 983.
num_chunks_enlarged: 642.
num_inconsistent_stats: 0.

CodeHeap 'non-profiled nmethods': size=120032Kb used=4101Kb max_used=4101Kb free=115930Kb
 bounds [0x0000000114940000, 0x0000000114d50000, 0x000000011be78000]
CodeHeap 'profiled nmethods': size=120016Kb used=12358Kb max_used=12358Kb free=107657Kb
 bounds [0x000000010ce78000, 0x000000010da98000, 0x00000001143ac000]
CodeHeap 'non-nmethods': size=5712Kb used=1919Kb max_used=1984Kb free=3792Kb
 bounds [0x00000001143ac000, 0x000000011461c000, 0x0000000114940000]
 total_blobs=7222 nmethods=6102 adapters=1027
 compilation: enabled
              stopped_count=0, restarted_count=0
 full_count=0

Compilation events (20 events):
Event: 138.126 Thread 0x000000013201fc00 nmethod 6968 0x000000010da86890 code [0x000000010da86a00, 0x000000010da86ae8]
Event: 138.128 Thread 0x000000013201f400 nmethod 6959 0x0000000114d40d10 code [0x0000000114d40e80, 0x0000000114d41088]
Event: 138.137 Thread 0x000000013201fc00 6969       3       javax.swing.JComponent::setFlag (34 bytes)
Event: 138.137 Thread 0x000000013201fc00 nmethod 6969 0x000000010da86b90 code [0x000000010da86d40, 0x000000010da86ef8]
Event: 138.138 Thread 0x000000013201fc00 6970  s    3       java.awt.KeyboardFocusManager::getCurrentKeyboardFocusManager (32 bytes)
Event: 138.138 Thread 0x000000013201fc00 nmethod 6970 0x000000010da86f90 code [0x000000010da87180, 0x000000010da87628]
Event: 138.138 Thread 0x000000013201fc00 6971       3       java.awt.KeyboardFocusManager::getCurrentKeyboardFocusManager (7 bytes)
Event: 138.138 Thread 0x000000013201fc00 nmethod 6971 0x000000010da87790 code [0x000000010da879c0, 0x000000010da87f38]
Event: 138.138 Thread 0x000000013201fc00 6973       3       sun.java2d.pipe.Region::dimAdd (20 bytes)
Event: 138.138 Thread 0x000000013201fc00 nmethod 6973 0x000000010da88190 code [0x000000010da88340, 0x000000010da884c0]
Event: 138.138 Thread 0x000000013201fc00 6972       1       sun.font.SunFontManager::usingAlternateCompositeFonts (5 bytes)
Event: 138.138 Thread 0x000000013201fc00 nmethod 6972 0x0000000114d41190 code [0x0000000114d41300, 0x0000000114d413a8]
Event: 138.138 Thread 0x000000013201fc00 6974       1       java.awt.geom.AffineTransform::getScaleY (5 bytes)
Event: 138.138 Thread 0x000000013201fc00 nmethod 6974 0x0000000114d41490 code [0x0000000114d41600, 0x0000000114d416a8]
Event: 138.138 Thread 0x000000013201fc00 6975       3       sun.java2d.pipe.RenderBuffer::remaining (11 bytes)
Event: 138.138 Thread 0x000000013201fc00 nmethod 6975 0x000000010da88590 code [0x000000010da88700, 0x000000010da88820]
Event: 138.138 Thread 0x000000013201fc00 6976       3       sun.java2d.pipe.Region::clipRound (34 bytes)
Event: 138.139 Thread 0x000000013201fc00 nmethod 6976 0x000000010da88890 code [0x000000010da88ac0, 0x000000010da88d28]
Event: 138.139 Thread 0x000000013201fc00 6977       3       sun.java2d.pipe.RenderQueue::ensureCapacity (16 bytes)
Event: 138.139 Thread 0x000000013201fc00 nmethod 6977 0x000000010da88e10 code [0x000000010da89080, 0x000000010da896c8]

GC Heap History (20 events):
Event: 65.445 GC heap before
{Heap before GC invocations=18 (full 0):
 garbage-first heap   total 110592K, used 101776K [0x0000000780000000, 0x0000000800000000)
  region size 1024K, 61 young (62464K), 2 survivors (2048K)
 Metaspace       used 35889K, committed 36288K, reserved 1114112K
  class space    used 4403K, committed 4608K, reserved 1048576K
}
Event: 65.448 GC heap after
{Heap after GC invocations=19 (full 0):
 garbage-first heap   total 110592K, used 41440K [0x0000000780000000, 0x0000000800000000)
  region size 1024K, 2 young (2048K), 2 survivors (2048K)
 Metaspace       used 35889K, committed 36288K, reserved 1114112K
  class space    used 4403K, committed 4608K, reserved 1048576K
}
Event: 73.605 GC heap before
{Heap before GC invocations=19 (full 0):
 garbage-first heap   total 110592K, used 101856K [0x0000000780000000, 0x0000000800000000)
  region size 1024K, 61 young (62464K), 2 survivors (2048K)
 Metaspace       used 35889K, committed 36288K, reserved 1114112K
  class space    used 4403K, committed 4608K, reserved 1048576K
}
Event: 73.611 GC heap after
{Heap after GC invocations=20 (full 0):
 garbage-first heap   total 110592K, used 41433K [0x0000000780000000, 0x0000000800000000)
  region size 1024K, 2 young (2048K), 2 survivors (2048K)
 Metaspace       used 35889K, committed 36288K, reserved 1114112K
  class space    used 4403K, committed 4608K, reserved 1048576K
}
Event: 81.285 GC heap before
{Heap before GC invocations=20 (full 0):
 garbage-first heap   total 110592K, used 101849K [0x0000000780000000, 0x0000000800000000)
  region size 1024K, 61 young (62464K), 2 survivors (2048K)
 Metaspace       used 35889K, committed 36288K, reserved 1114112K
  class space    used 4403K, committed 4608K, reserved 1048576K
}
Event: 81.289 GC heap after
{Heap after GC invocations=21 (full 0):
 garbage-first heap   total 110592K, used 41506K [0x0000000780000000, 0x0000000800000000)
  region size 1024K, 2 young (2048K), 2 survivors (2048K)
 Metaspace       used 35889K, committed 36288K, reserved 1114112K
  class space    used 4403K, committed 4608K, reserved 1048576K
}
Event: 87.279 GC heap before
{Heap before GC invocations=21 (full 0):
 garbage-first heap   total 110592K, used 101922K [0x0000000780000000, 0x0000000800000000)
  region size 1024K, 61 young (62464K), 2 survivors (2048K)
 Metaspace       used 35914K, committed 36352K, reserved 1114112K
  class space    used 4405K, committed 4608K, reserved 1048576K
}
Event: 87.284 GC heap after
{Heap after GC invocations=22 (full 0):
 garbage-first heap   total 110592K, used 41386K [0x0000000780000000, 0x0000000800000000)
  region size 1024K, 2 young (2048K), 2 survivors (2048K)
 Metaspace       used 35914K, committed 36352K, reserved 1114112K
  class space    used 4405K, committed 4608K, reserved 1048576K
}
Event: 94.356 GC heap before
{Heap before GC invocations=22 (full 0):
 garbage-first heap   total 110592K, used 101802K [0x0000000780000000, 0x0000000800000000)
  region size 1024K, 61 young (62464K), 2 survivors (2048K)
 Metaspace       used 35919K, committed 36352K, reserved 1114112K
  class space    used 4405K, committed 4608K, reserved 1048576K
}
Event: 94.360 GC heap after
{Heap after GC invocations=23 (full 0):
 garbage-first heap   total 110592K, used 41374K [0x0000000780000000, 0x0000000800000000)
  region size 1024K, 2 young (2048K), 2 survivors (2048K)
 Metaspace       used 35919K, committed 36352K, reserved 1114112K
  class space    used 4405K, committed 4608K, reserved 1048576K
}
Event: 100.559 GC heap before
{Heap before GC invocations=23 (full 0):
 garbage-first heap   total 110592K, used 101790K [0x0000000780000000, 0x0000000800000000)
  region size 1024K, 61 young (62464K), 2 survivors (2048K)
 Metaspace       used 35921K, committed 36352K, reserved 1114112K
  class space    used 4405K, committed 4608K, reserved 1048576K
}
Event: 100.563 GC heap after
{Heap after GC invocations=24 (full 0):
 garbage-first heap   total 110592K, used 41432K [0x0000000780000000, 0x0000000800000000)
  region size 1024K, 2 young (2048K), 2 survivors (2048K)
 Metaspace       used 35921K, committed 36352K, reserved 1114112K
  class space    used 4405K, committed 4608K, reserved 1048576K
}
Event: 107.557 GC heap before
{Heap before GC invocations=24 (full 0):
 garbage-first heap   total 110592K, used 101848K [0x0000000780000000, 0x0000000800000000)
  region size 1024K, 61 young (62464K), 2 survivors (2048K)
 Metaspace       used 35925K, committed 36352K, reserved 1114112K
  class space    used 4405K, committed 4608K, reserved 1048576K
}
Event: 107.560 GC heap after
{Heap after GC invocations=25 (full 0):
 garbage-first heap   total 110592K, used 41415K [0x0000000780000000, 0x0000000800000000)
  region size 1024K, 2 young (2048K), 2 survivors (2048K)
 Metaspace       used 35925K, committed 36352K, reserved 1114112K
  class space    used 4405K, committed 4608K, reserved 1048576K
}
Event: 114.244 GC heap before
{Heap before GC invocations=25 (full 0):
 garbage-first heap   total 110592K, used 104903K [0x0000000780000000, 0x0000000800000000)
  region size 1024K, 61 young (62464K), 2 survivors (2048K)
 Metaspace       used 38222K, committed 38720K, reserved 1114112K
  class space    used 4682K, committed 4928K, reserved 1048576K
}
Event: 114.249 GC heap after
{Heap after GC invocations=26 (full 0):
 garbage-first heap   total 110592K, used 45130K [0x0000000780000000, 0x0000000800000000)
  region size 1024K, 2 young (2048K), 2 survivors (2048K)
 Metaspace       used 38222K, committed 38720K, reserved 1114112K
  class space    used 4682K, committed 4928K, reserved 1048576K
}
Event: 121.957 GC heap before
{Heap before GC invocations=26 (full 0):
 garbage-first heap   total 110592K, used 100426K [0x0000000780000000, 0x0000000800000000)
  region size 1024K, 57 young (58368K), 2 survivors (2048K)
 Metaspace       used 38569K, committed 38976K, reserved 1114112K
  class space    used 4710K, committed 4928K, reserved 1048576K
}
Event: 121.960 GC heap after
{Heap after GC invocations=27 (full 0):
 garbage-first heap   total 110592K, used 45280K [0x0000000780000000, 0x0000000800000000)
  region size 1024K, 2 young (2048K), 2 survivors (2048K)
 Metaspace       used 38569K, committed 38976K, reserved 1114112K
  class space    used 4710K, committed 4928K, reserved 1048576K
}
Event: 130.565 GC heap before
{Heap before GC invocations=27 (full 0):
 garbage-first heap   total 110592K, used 101600K [0x0000000780000000, 0x0000000800000000)
  region size 1024K, 57 young (58368K), 2 survivors (2048K)
 Metaspace       used 38569K, committed 38976K, reserved 1114112K
  class space    used 4710K, committed 4928K, reserved 1048576K
}
Event: 130.569 GC heap after
{Heap after GC invocations=28 (full 0):
 garbage-first heap   total 110592K, used 45335K [0x0000000780000000, 0x0000000800000000)
  region size 1024K, 2 young (2048K), 2 survivors (2048K)
 Metaspace       used 38569K, committed 38976K, reserved 1114112K
  class space    used 4710K, committed 4928K, reserved 1048576K
}

Dll operation events (17 events):
Event: 0.004 Loaded shared library /Library/Java/JavaVirtualMachines/zulu-21.jdk/Contents/Home/lib/libjava.dylib
Event: 0.024 Loaded shared library /Library/Java/JavaVirtualMachines/zulu-21.jdk/Contents/Home/lib/libnio.dylib
Event: 0.035 Loaded shared library /Library/Java/JavaVirtualMachines/zulu-21.jdk/Contents/Home/lib/libzip.dylib
Event: 0.043 Loaded shared library /Library/Java/JavaVirtualMachines/zulu-21.jdk/Contents/Home/lib/libjimage.dylib
Event: 0.194 Loaded shared library /Library/Java/JavaVirtualMachines/zulu-21.jdk/Contents/Home/lib/libprism_es2.dylib
Event: 0.246 Loaded shared library /Library/Java/JavaVirtualMachines/zulu-21.jdk/Contents/Home/lib/libglass.dylib
Event: 0.421 Loaded shared library /Library/Java/JavaVirtualMachines/zulu-21.jdk/Contents/Home/lib/libjavafx_font.dylib
Event: 1.092 Loaded shared library /Library/Java/JavaVirtualMachines/zulu-21.jdk/Contents/Home/lib/libglib-lite.dylib
Event: 1.092 Loaded shared library /Library/Java/JavaVirtualMachines/zulu-21.jdk/Contents/Home/lib/libnet.dylib
Event: 1.094 Loaded shared library /Library/Java/JavaVirtualMachines/zulu-21.jdk/Contents/Home/lib/libgstreamer-lite.dylib
Event: 1.096 Loaded shared library /Library/Java/JavaVirtualMachines/zulu-21.jdk/Contents/Home/lib/libjfxmedia.dylib
Event: 1.102 Loaded shared library /Library/Java/JavaVirtualMachines/zulu-21.jdk/Contents/Home/lib/libjfxmedia_avf.dylib
Event: 1.248 Loaded shared library /Library/Java/JavaVirtualMachines/zulu-21.jdk/Contents/Home/lib/libextnet.dylib
Event: 2.658 Loaded shared library /Library/Java/JavaVirtualMachines/zulu-21.jdk/Contents/Home/lib/libawt.dylib
Event: 2.660 Loaded shared library /Library/Java/JavaVirtualMachines/zulu-21.jdk/Contents/Home/lib/libawt_lwawt.dylib
Event: 2.668 Loaded shared library /Library/Java/JavaVirtualMachines/zulu-21.jdk/Contents/Home/lib/libfontmanager.dylib
Event: 2.688 Loaded shared library /Library/Java/JavaVirtualMachines/zulu-21.jdk/Contents/Home/lib/libosxui.dylib

Deoptimization events (20 events):
Event: 138.137 Thread 0x00000001320a1800 Uncommon trap: trap_request=0xffffff45 fr.pc=0x0000000114c807c4 relative=0x0000000000000b44
Event: 138.137 Thread 0x00000001320a1800 Uncommon trap: reason=unstable_if action=reinterpret pc=0x0000000114c807c4 method=java.security.AccessControlContext.optimize()Ljava/security/AccessControlContext; @ 280 c2
Event: 138.137 Thread 0x00000001320a1800 DEOPT PACKING pc=0x0000000114c807c4 sp=0x000000016ef4f840
Event: 138.137 Thread 0x00000001320a1800 DEOPT UNPACKING pc=0x00000001143ef01c sp=0x000000016ef4f6b0 mode 2
Event: 138.137 Thread 0x000000013204cc00 Uncommon trap: trap_request=0xffffffbe fr.pc=0x0000000114bf1228 relative=0x0000000000000c68
Event: 138.137 Thread 0x000000013204cc00 Uncommon trap: reason=profile_predicate action=maybe_recompile pc=0x0000000114bf1228 method=java.util.concurrent.locks.AbstractQueuedSynchronizer.acquire(Ljava/util/concurrent/locks/AbstractQueuedSynchronizer$Node;IZZZJ)I @ 20 c2
Event: 138.137 Thread 0x000000013204cc00 DEOPT PACKING pc=0x0000000114bf1228 sp=0x00000001715c6530
Event: 138.137 Thread 0x000000013204cc00 DEOPT UNPACKING pc=0x00000001143ef01c sp=0x00000001715c6480 mode 2
Event: 138.137 Thread 0x000000013204cc00 Uncommon trap: trap_request=0xffffffbe fr.pc=0x0000000114bf1228 relative=0x0000000000000c68
Event: 138.137 Thread 0x000000013204cc00 Uncommon trap: reason=profile_predicate action=maybe_recompile pc=0x0000000114bf1228 method=java.util.concurrent.locks.AbstractQueuedSynchronizer.acquire(Ljava/util/concurrent/locks/AbstractQueuedSynchronizer$Node;IZZZJ)I @ 20 c2
Event: 138.137 Thread 0x000000013204cc00 DEOPT PACKING pc=0x0000000114bf1228 sp=0x00000001715c6530
Event: 138.137 Thread 0x000000013204cc00 DEOPT UNPACKING pc=0x00000001143ef01c sp=0x00000001715c6480 mode 2
Event: 138.169 Thread 0x000000013396b400 Uncommon trap: trap_request=0xffffff45 fr.pc=0x0000000114bfe9ec relative=0x000000000000052c
Event: 138.169 Thread 0x000000013396b400 Uncommon trap: reason=unstable_if action=reinterpret pc=0x0000000114bfe9ec method=java.util.concurrent.locks.AbstractQueuedSynchronizer$ConditionNode.isReleasable()Z @ 14 c2
Event: 138.169 Thread 0x000000013396b400 DEOPT PACKING pc=0x0000000114bfe9ec sp=0x00000001717d25e0
Event: 138.169 Thread 0x000000013396b400 DEOPT UNPACKING pc=0x00000001143ef01c sp=0x00000001717d23d0 mode 2
Event: 138.169 Thread 0x000000013396b400 Uncommon trap: trap_request=0xffffff45 fr.pc=0x0000000114c6a068 relative=0x0000000000000268
Event: 138.169 Thread 0x000000013396b400 Uncommon trap: reason=unstable_if action=reinterpret pc=0x0000000114c6a068 method=java.lang.Thread.clearReferences()V @ 19 c2
Event: 138.169 Thread 0x000000013396b400 DEOPT PACKING pc=0x0000000114c6a068 sp=0x00000001717d2a10
Event: 138.169 Thread 0x000000013396b400 DEOPT UNPACKING pc=0x00000001143ef01c sp=0x00000001717d2910 mode 2

Classes loaded (20 events):
Event: 138.119 Loading class java/util/concurrent/atomic/AtomicMarkableReference
Event: 138.119 Loading class java/util/concurrent/atomic/AtomicMarkableReference done
Event: 138.119 Loading class java/util/concurrent/atomic/AtomicMarkableReference$Pair
Event: 138.119 Loading class java/util/concurrent/atomic/AtomicMarkableReference$Pair done
Event: 138.119 Loading class sun/util/resources/LocaleData$2
Event: 138.119 Loading class sun/util/resources/LocaleData$2 done
Event: 138.119 Loading class sun/util/resources/LocaleData$SupplementaryStrategy
Event: 138.119 Loading class sun/util/resources/LocaleData$SupplementaryStrategy done
Event: 138.120 Loading class sun/text/resources/JavaTimeSupplementary
Event: 138.120 Loading class sun/util/resources/OpenListResourceBundle
Event: 138.120 Loading class sun/util/resources/OpenListResourceBundle done
Event: 138.120 Loading class sun/text/resources/JavaTimeSupplementary done
Event: 138.120 Loading class sun/util/resources/LocaleData$SupplementaryResourceBundleProvider
Event: 138.120 Loading class sun/util/resources/LocaleData$SupplementaryResourceBundleProvider done
Event: 138.120 Loading class sun/util/resources/ParallelListResourceBundle$KeySet
Event: 138.120 Loading class sun/util/resources/ParallelListResourceBundle$KeySet done
Event: 138.121 Loading class sun/util/locale/provider/CalendarDataUtility$CalendarFieldValueNameGetter
Event: 138.121 Loading class sun/util/locale/provider/CalendarDataUtility$CalendarFieldValueNameGetter done
Event: 138.124 Loading class sun/nio/ch/ChannelOutputStream
Event: 138.124 Loading class sun/nio/ch/ChannelOutputStream done

Classes unloaded (0 events):
No events

Classes redefined (0 events):
No events

Internal exceptions (20 events):
Event: 18.684 Thread 0x00000001320a1800 Exception <a 'java/io/FileNotFoundException'{0x0000000781ac50e8}> (0x0000000781ac50e8) 
thrown [src/hotspot/share/prims/jni.cpp, line 520]
Event: 18.685 Thread 0x00000001320a1800 Exception <a 'java/io/FileNotFoundException'{0x0000000781ad2758}> (0x0000000781ad2758) 
thrown [src/hotspot/share/prims/jni.cpp, line 520]
Event: 40.454 Thread 0x00000001320a1800 Exception <a 'java/io/FileNotFoundException'{0x0000000787fb06d8}> (0x0000000787fb06d8) 
thrown [src/hotspot/share/prims/jni.cpp, line 520]
Event: 40.455 Thread 0x00000001320a1800 Exception <a 'java/io/FileNotFoundException'{0x0000000787fbdd48}> (0x0000000787fbdd48) 
thrown [src/hotspot/share/prims/jni.cpp, line 520]
Event: 40.455 Thread 0x00000001320a1800 Exception <a 'java/io/FileNotFoundException'{0x0000000787fcb480}> (0x0000000787fcb480) 
thrown [src/hotspot/share/prims/jni.cpp, line 520]
Event: 40.462 Thread 0x000000013396b400 Implicit null exception at 0x0000000114964624 to 0x0000000114964684
Event: 42.504 Thread 0x000000013396b400 Exception <a 'java/lang/NoSuchMethodError'{0x0000000785b0bc60}: 'java.lang.Object java.lang.invoke.DirectMethodHandle$Holder.invokeStaticInit(java.lang.Object, int)'> (0x0000000785b0bc60) 
thrown [src/hotspot/share/interpreter/linkResolver.cpp, line 773]
Event: 108.109 Thread 0x00000001320a1800 Exception <a 'java/lang/NoSuchMethodError'{0x0000000787c93a40}: 'java.lang.Object java.lang.invoke.DirectMethodHandle$Holder.newInvokeSpecial(java.lang.Object, java.lang.Object, java.lang.Object, int, java.lang.Object)'> (0x0000000787c93a40) 
thrown [src/hotspot/share/interpreter/linkResolver.cpp, line 773]
Event: 108.109 Thread 0x00000001320a1800 Exception <a 'java/lang/NoSuchMethodError'{0x0000000787c9b5a8}: 'java.lang.Object java.lang.invoke.Invokers$Holder.linkToTargetMethod(java.lang.Object, java.lang.Object, int, java.lang.Object, java.lang.Object)'> (0x0000000787c9b5a8) 
thrown [src/hotspot/share/interpreter/linkResolver.cpp, line 773]
Event: 108.119 Thread 0x00000001320a1800 Exception <a 'java/lang/NoSuchMethodError'{0x0000000787c9fb10}: 'void java.lang.invoke.DirectMethodHandle$Holder.invokeStatic(java.lang.Object, int, long)'> (0x0000000787c9fb10) 
thrown [src/hotspot/share/interpreter/linkResolver.cpp, line 773]
Event: 108.120 Thread 0x00000001339f9600 Exception <a 'java/lang/NoSuchMethodError'{0x0000000787cb1af0}: 'void java.lang.invoke.DirectMethodHandle$Holder.invokeStatic(java.lang.Object, long)'> (0x0000000787cb1af0) 
thrown [src/hotspot/share/interpreter/linkResolver.cpp, line 773]
Event: 108.132 Thread 0x00000001320a1800 Exception <a 'java/lang/NoSuchMethodError'{0x0000000787b13b60}: 'java.lang.Object java.lang.invoke.Invokers$Holder.linkToTargetMethod(int, int, int, int, java.lang.Object)'> (0x0000000787b13b60) 
thrown [src/hotspot/share/interpreter/linkResolver.cpp, line 773]
Event: 108.133 Thread 0x00000001320a1800 Exception <a 'java/lang/NoSuchMethodError'{0x0000000787b17440}: 'void java.lang.invoke.DirectMethodHandle$Holder.invokeStatic(java.lang.Object, java.lang.Object, long)'> (0x0000000787b17440) 
thrown [src/hotspot/share/interpreter/linkResolver.cpp, line 773]
Event: 108.143 Thread 0x00000001320a1800 Exception <a 'java/lang/NoSuchMethodError'{0x0000000787b2f6d8}: 'void java.lang.invoke.DirectMethodHandle$Holder.invokeSpecial(java.lang.Object, java.lang.Object, long)'> (0x0000000787b2f6d8) 
thrown [src/hotspot/share/interpreter/linkResolver.cpp, line 773]
Event: 108.144 Thread 0x00000001320a1800 Exception <a 'java/lang/NoSuchMethodError'{0x0000000787b34d30}: 'void java.lang.invoke.DirectMethodHandle$Holder.invokeStatic(java.lang.Object, long, long)'> (0x0000000787b34d30) 
thrown [src/hotspot/share/interpreter/linkResolver.cpp, line 773]
Event: 108.144 Thread 0x00000001320a1800 Exception <a 'java/lang/NoSuchMethodError'{0x0000000787b3a200}: 'java.lang.Object java.lang.invoke.DirectMethodHandle$Holder.newInvokeSpecial(java.lang.Object, long)'> (0x0000000787b3a200) 
thrown [src/hotspot/share/interpreter/linkResolver.cpp, line 773]
Event: 108.163 Thread 0x00000001339f9600 Implicit null exception at 0x0000000114bf59bc to 0x0000000114bf5cac
Event: 108.187 Thread 0x00000001320a1800 Implicit null exception at 0x0000000114c289c0 to 0x0000000114c28d40
Event: 117.458 Thread 0x000000013396b400 Implicit null exception at 0x0000000114bc8c1c to 0x0000000114bc9730
Event: 117.458 Thread 0x000000013396b400 Implicit null exception at 0x0000000114bc3bac to 0x0000000114bc45f0

ZGC Phase Switch (0 events):
No events

VM Operations (20 events):
Event: 120.252 Executing VM operation: RendezvousGCThreads
Event: 120.252 Executing VM operation: RendezvousGCThreads done
Event: 121.256 Executing VM operation: Cleanup
Event: 121.256 Executing VM operation: Cleanup done
Event: 121.957 Executing VM operation: G1CollectForAllocation (G1 Evacuation Pause)
Event: 121.960 Executing VM operation: G1CollectForAllocation (G1 Evacuation Pause) done
Event: 122.965 Executing VM operation: Cleanup
Event: 122.965 Executing VM operation: Cleanup done
Event: 123.966 Executing VM operation: Cleanup
Event: 123.966 Executing VM operation: Cleanup done
Event: 124.971 Executing VM operation: Cleanup
Event: 124.971 Executing VM operation: Cleanup done
Event: 130.565 Executing VM operation: G1CollectForAllocation (G1 Evacuation Pause)
Event: 130.569 Executing VM operation: G1CollectForAllocation (G1 Evacuation Pause) done
Event: 135.590 Executing VM operation: Cleanup
Event: 135.590 Executing VM operation: Cleanup done
Event: 136.595 Executing VM operation: Cleanup
Event: 136.595 Executing VM operation: Cleanup done
Event: 137.596 Executing VM operation: Cleanup
Event: 137.596 Executing VM operation: Cleanup done

Events (20 events):
Event: 138.116 Protecting memory [0x0000000173c08000,0x0000000173c14000] with protection modes 3
Event: 138.116 Thread 0x0000000132bac600 Thread exited: 0x0000000132bac600
Event: 138.116 Protecting memory [0x0000000173c08000,0x0000000173c14000] with protection modes 0
Event: 138.116 Thread 0x0000000132bac600 Thread added: 0x0000000132bac600
Event: 138.116 Protecting memory [0x0000000173c08000,0x0000000173c14000] with protection modes 3
Event: 138.116 Thread 0x0000000132bac600 Thread exited: 0x0000000132bac600
Event: 138.138 Protecting memory [0x0000000173fb8000,0x0000000173fc4000] with protection modes 3
Event: 138.138 Thread 0x0000000132b7de00 Thread exited: 0x0000000132b7de00
Event: 138.138 Protecting memory [0x000000017311c000,0x0000000173128000] with protection modes 3
Event: 138.138 Thread 0x0000000132154c00 Thread exited: 0x0000000132154c00
Event: 138.169 Protecting memory [0x00000001713c4000,0x00000001713d0000] with protection modes 3
Event: 138.169 Thread 0x000000013204cc00 Thread exited: 0x000000013204cc00
Event: 138.169 Protecting memory [0x000000016efe0000,0x000000016efec000] with protection modes 3
Event: 138.169 Protecting memory [0x000000016e758000,0x000000016e764000] with protection modes 3
Event: 138.169 Thread 0x0000000132818a00 Thread exited: 0x0000000132818a00
Event: 138.169 Protecting memory [0x00000001715d0000,0x00000001715dc000] with protection modes 3
Event: 138.169 Thread 0x00000001320a1800 Thread exited: 0x00000001320a1800
Event: 138.169 Thread 0x000000013396b400 Thread exited: 0x000000013396b400
Event: 138.169 Protecting memory [0x000000016efe0000,0x000000016efec000] with protection modes 0
Event: 138.169 Thread 0x0000000130045c00 Thread added: 0x0000000130045c00


Dynamic libraries:
0x0000000101334000 	/Library/Java/JavaVirtualMachines/zulu-21.jdk/Contents/Home/lib/libjli.dylib
0x00000001a7bd9000 	/System/Library/Frameworks/Cocoa.framework/Versions/A/Cocoa
0x00000001911ba000 	/System/Library/Frameworks/AppKit.framework/Versions/C/AppKit
0x0000000194228000 	/System/Library/Frameworks/CoreData.framework/Versions/A/CoreData
0x000000018ea74000 	/System/Library/Frameworks/Foundation.framework/Versions/C/Foundation
0x000000019a52e000 	/usr/lib/libSystem.B.dylib
0x00000001924f7000 	/System/Library/PrivateFrameworks/UIFoundation.framework/Versions/A/UIFoundation
0x0000000228156000 	/System/Library/PrivateFrameworks/CollectionViewCore.framework/Versions/A/CollectionViewCore
0x00000001a1790000 	/System/Library/PrivateFrameworks/RemoteViewServices.framework/Versions/A/RemoteViewServices
0x00000001983e0000 	/System/Library/PrivateFrameworks/XCTTargetBootstrap.framework/Versions/A/XCTTargetBootstrap
0x000000019cb68000 	/System/Library/PrivateFrameworks/InternationalSupport.framework/Versions/A/InternationalSupport
0x000000019cbbc000 	/System/Library/PrivateFrameworks/UserActivity.framework/Versions/A/UserActivity
0x000000024bab2000 	/System/Library/PrivateFrameworks/WindowManagement.framework/Versions/A/WindowManagement
0x000000018e6f4000 	/System/Library/Frameworks/SystemConfiguration.framework/Versions/A/SystemConfiguration
0x000000019bfd7000 	/usr/lib/libspindump.dylib
0x00000001926ac000 	/System/Library/Frameworks/UniformTypeIdentifiers.framework/Versions/A/UniformTypeIdentifiers
0x000000019625a000 	/usr/lib/libapp_launch_measurement.dylib
0x0000000195682000 	/System/Library/PrivateFrameworks/CoreAnalytics.framework/Versions/A/CoreAnalytics
0x0000000196261000 	/System/Library/PrivateFrameworks/CoreAutoLayout.framework/Versions/A/CoreAutoLayout
0x0000000197c01000 	/System/Library/Frameworks/Metal.framework/Versions/A/Metal
0x0000000198b87000 	/usr/lib/liblangid.dylib
0x00000001983e6000 	/System/Library/PrivateFrameworks/CoreSVG.framework/Versions/A/CoreSVG
0x0000000193075000 	/System/Library/PrivateFrameworks/SkyLight.framework/Versions/A/SkyLight
0x0000000193515000 	/System/Library/Frameworks/CoreGraphics.framework/Versions/A/CoreGraphics
0x00000001a1e63000 	/System/Library/Frameworks/Accelerate.framework/Versions/A/Accelerate
0x000000019be32000 	/System/Library/PrivateFrameworks/IconServices.framework/Versions/A/IconServices
0x0000000197bdf000 	/System/Library/Frameworks/IOSurface.framework/Versions/A/IOSurface
0x00000001956b1000 	/usr/lib/libDiagnosticMessagesClient.dylib
0x000000019a471000 	/usr/lib/libz.1.dylib
0x00000001a55ff000 	/System/Library/Frameworks/ApplicationServices.framework/Versions/A/ApplicationServices
0x00000001983c8000 	/System/Library/PrivateFrameworks/DFRFoundation.framework/Versions/A/DFRFoundation
0x0000000190a14000 	/usr/lib/libicucore.A.dylib
0x000000019dbc5000 	/System/Library/Frameworks/AudioToolbox.framework/Versions/A/AudioToolbox
0x000000019cb77000 	/System/Library/PrivateFrameworks/DataDetectorsCore.framework/Versions/A/DataDetectorsCore
0x00000001b6552000 	/System/Library/PrivateFrameworks/TextInput.framework/Versions/A/TextInput
0x0000000192fc6000 	/usr/lib/libMobileGestalt.dylib
0x0000000198104000 	/System/Library/Frameworks/Carbon.framework/Versions/A/Frameworks/HIToolbox.framework/Versions/A/HIToolbox
0x0000000195b88000 	/System/Library/Frameworks/QuartzCore.framework/Versions/A/QuartzCore
0x0000000190641000 	/System/Library/Frameworks/Security.framework/Versions/A/Security
0x00000001a17d0000 	/System/Library/Frameworks/Carbon.framework/Versions/A/Frameworks/SpeechRecognition.framework/Versions/A/SpeechRecognition
0x0000000195f88000 	/System/Library/PrivateFrameworks/CoreUI.framework/Versions/A/CoreUI
0x000000018ff40000 	/System/Library/Frameworks/CoreAudio.framework/Versions/A/CoreAudio
0x0000000195795000 	/System/Library/Frameworks/DiskArbitration.framework/Versions/A/DiskArbitration
0x000000019c432000 	/System/Library/PrivateFrameworks/MultitouchSupport.framework/Versions/A/MultitouchSupport
0x0000000192fc4000 	/usr/lib/libenergytrace.dylib
0x00000001abcdb000 	/System/Library/PrivateFrameworks/RenderBox.framework/Versions/A/RenderBox
0x000000019106e000 	/System/Library/Frameworks/IOKit.framework/Versions/A/IOKit
0x00000001a1ba4000 	/System/Library/Frameworks/CoreServices.framework/Versions/A/CoreServices
0x00000001961e6000 	/System/Library/PrivateFrameworks/PerformanceAnalysis.framework/Versions/A/PerformanceAnalysis
0x00000001e3ebd000 	/System/Library/Frameworks/OpenGL.framework/Versions/A/OpenGL
0x00000001962ab000 	/usr/lib/libxml2.2.dylib
0x00000001998b6000 	/System/Library/PrivateFrameworks/MobileKeyBag.framework/Versions/A/MobileKeyBag
0x000000018d4e0000 	/usr/lib/libobjc.A.dylib
0x000000018d7d4000 	/usr/lib/libc++.1.dylib
0x00000001a1b21000 	/System/Library/Frameworks/Accessibility.framework/Versions/A/Accessibility
0x0000000193bf4000 	/System/Library/Frameworks/ColorSync.framework/Versions/A/ColorSync
0x000000018d920000 	/System/Library/Frameworks/CoreFoundation.framework/Versions/A/CoreFoundation
0x0000000198742000 	/System/Library/Frameworks/CoreImage.framework/Versions/A/CoreImage
0x000000018fd4b000 	/System/Library/Frameworks/CoreText.framework/Versions/A/CoreText
0x00000001e8717000 	/System/Library/Frameworks/CoreTransferable.framework/Versions/A/CoreTransferable
0x00000001e8bdc000 	/System/Library/Frameworks/DeveloperToolsSupport.framework/Versions/A/DeveloperToolsSupport
0x0000000198421000 	/System/Library/Frameworks/ImageIO.framework/Versions/A/ImageIO
0x00000001ecf43000 	/System/Library/Frameworks/Symbols.framework/Versions/A/Symbols
0x000000019a534000 	/System/Library/PrivateFrameworks/SoftLinking.framework/Versions/A/SoftLinking
0x000000019d577000 	/usr/lib/swift/libswiftCore.dylib
0x00000001b31fb000 	/usr/lib/swift/libswiftCoreFoundation.dylib
0x00000001b0d02000 	/usr/lib/swift/libswiftCoreGraphics.dylib
0x00000001b3245000 	/usr/lib/swift/libswiftCoreImage.dylib
0x00000001b0d09000 	/usr/lib/swift/libswiftDarwin.dylib
0x00000001a3209000 	/usr/lib/swift/libswiftDispatch.dylib
0x00000001b3246000 	/usr/lib/swift/libswiftIOKit.dylib
0x00000001bec4b000 	/usr/lib/swift/libswiftMetal.dylib
0x00000001cc2bf000 	/usr/lib/swift/libswiftOSLog.dylib
0x00000001a5a78000 	/usr/lib/swift/libswiftObjectiveC.dylib
0x00000001c336c000 	/usr/lib/swift/libswiftQuartzCore.dylib
0x00000001c7453000 	/usr/lib/swift/libswiftUniformTypeIdentifiers.dylib
0x00000001b320d000 	/usr/lib/swift/libswiftXPC.dylib
0x0000000253f5d000 	/usr/lib/swift/libswift_Concurrency.dylib
0x00000001a5a7c000 	/usr/lib/swift/libswiftos.dylib
0x00000001b64b7000 	/usr/lib/swift/libswiftsimd.dylib
0x000000019a6e3000 	/usr/lib/libcompression.dylib
0x000000019cac2000 	/System/Library/PrivateFrameworks/TextureIO.framework/Versions/A/TextureIO
0x000000019bade000 	/usr/lib/libate.dylib
0x000000019a528000 	/usr/lib/system/libcache.dylib
0x000000019a4e3000 	/usr/lib/system/libcommonCrypto.dylib
0x000000019a50f000 	/usr/lib/system/libcompiler_rt.dylib
0x000000019a505000 	/usr/lib/system/libcopyfile.dylib
0x000000018d624000 	/usr/lib/system/libcorecrypto.dylib
0x000000018d70a000 	/usr/lib/system/libdispatch.dylib
0x000000018d8c5000 	/usr/lib/system/libdyld.dylib
0x000000019a51e000 	/usr/lib/system/libkeymgr.dylib
0x000000019a4bb000 	/usr/lib/system/libmacho.dylib
0x000000019999c000 	/usr/lib/system/libquarantine.dylib
0x000000019a51b000 	/usr/lib/system/libremovefile.dylib
0x000000019303c000 	/usr/lib/system/libsystem_asl.dylib
0x000000018d5b9000 	/usr/lib/system/libsystem_blocks.dylib
0x000000018d755000 	/usr/lib/system/libsystem_c.dylib
0x000000019a513000 	/usr/lib/system/libsystem_collections.dylib
0x0000000198b76000 	/usr/lib/system/libsystem_configuration.dylib
0x0000000197bb4000 	/usr/lib/system/libsystem_containermanager.dylib
0x000000019a152000 	/usr/lib/system/libsystem_coreservices.dylib
0x0000000190cdb000 	/usr/lib/system/libsystem_darwin.dylib
0x00000002542aa000 	/usr/lib/system/libsystem_darwindirectory.dylib
0x000000019a51f000 	/usr/lib/system/libsystem_dnssd.dylib
0x00000002542ae000 	/usr/lib/system/libsystem_eligibility.dylib
0x000000018d752000 	/usr/lib/system/libsystem_featureflags.dylib
0x000000018d8f3000 	/usr/lib/system/libsystem_info.dylib
0x000000019a480000 	/usr/lib/system/libsystem_m.dylib
0x000000018d6cd000 	/usr/lib/system/libsystem_malloc.dylib
0x0000000192faa000 	/usr/lib/system/libsystem_networkextension.dylib
0x0000000191151000 	/usr/lib/system/libsystem_notify.dylib
0x0000000198b7b000 	/usr/lib/system/libsystem_sandbox.dylib
0x00000002542b2000 	/usr/lib/system/libsystem_sanitizers.dylib
0x000000019a518000 	/usr/lib/system/libsystem_secinit.dylib
0x000000018d87d000 	/usr/lib/system/libsystem_kernel.dylib
0x000000018d8eb000 	/usr/lib/system/libsystem_platform.dylib
0x000000018d8b8000 	/usr/lib/system/libsystem_pthread.dylib
0x0000000194a2a000 	/usr/lib/system/libsystem_symptoms.dylib
0x000000018d609000 	/usr/lib/system/libsystem_trace.dylib
0x000000019a4f1000 	/usr/lib/system/libunwind.dylib
0x000000018d5be000 	/usr/lib/system/libxpc.dylib
0x000000018d861000 	/usr/lib/libc++abi.dylib
0x000000019a4fd000 	/usr/lib/liboah.dylib
0x000000019b98a000 	/usr/lib/liblzma.5.dylib
0x000000019a530000 	/usr/lib/libfakelink.dylib
0x0000000192bd5000 	/System/Library/Frameworks/CFNetwork.framework/Versions/A/CFNetwork
0x000000019a584000 	/usr/lib/libarchive.2.dylib
0x000000019faa6000 	/System/Library/Frameworks/Combine.framework/Versions/A/Combine
0x000000022816a000 	/System/Library/PrivateFrameworks/CollectionsInternal.framework/Versions/A/CollectionsInternal
0x000000023e1fb000 	/System/Library/PrivateFrameworks/ReflectionInternal.framework/Versions/A/ReflectionInternal
0x000000023e781000 	/System/Library/PrivateFrameworks/RuntimeInternal.framework/Versions/A/RuntimeInternal
0x00000002540b1000 	/usr/lib/swift/libswift_StringProcessing.dylib
0x0000000190fec000 	/System/Library/PrivateFrameworks/CoreServicesInternal.framework/Versions/A/CoreServicesInternal
0x00000001999c3000 	/usr/lib/libbsm.0.dylib
0x000000019a4c3000 	/usr/lib/system/libkxld.dylib
0x0000000196222000 	/System/Library/Frameworks/CoreServices.framework/Versions/A/Frameworks/FSEvents.framework/Versions/A/FSEvents
0x0000000190ce6000 	/System/Library/Frameworks/CoreServices.framework/Versions/A/Frameworks/CarbonCore.framework/Versions/A/CarbonCore
0x00000001956fa000 	/System/Library/Frameworks/CoreServices.framework/Versions/A/Frameworks/Metadata.framework/Versions/A/Metadata
0x000000019a158000 	/System/Library/Frameworks/CoreServices.framework/Versions/A/Frameworks/OSServices.framework/Versions/A/OSServices
0x000000019a60d000 	/System/Library/Frameworks/CoreServices.framework/Versions/A/Frameworks/SearchKit.framework/Versions/A/SearchKit
0x00000001949ab000 	/System/Library/Frameworks/CoreServices.framework/Versions/A/Frameworks/AE.framework/Versions/A/AE
0x000000018ddf9000 	/System/Library/Frameworks/CoreServices.framework/Versions/A/Frameworks/LaunchServices.framework/Versions/A/LaunchServices
0x000000019b933000 	/System/Library/Frameworks/CoreServices.framework/Versions/A/Frameworks/DictionaryServices.framework/Versions/A/DictionaryServices
0x000000019622f000 	/System/Library/Frameworks/CoreServices.framework/Versions/A/Frameworks/SharedFileList.framework/Versions/A/SharedFileList
0x000000019a6ad000 	/usr/lib/libapple_nghttp2.dylib
0x000000019461f000 	/usr/lib/libsqlite3.dylib
0x0000000194a33000 	/System/Library/Frameworks/Network.framework/Versions/A/Network
0x000000025296a000 	/usr/lib/libCoreEntitlements.dylib
0x000000023912d000 	/System/Library/PrivateFrameworks/MessageSecurity.framework/Versions/A/MessageSecurity
0x0000000194605000 	/System/Library/PrivateFrameworks/ProtocolBuffer.framework/Versions/A/ProtocolBuffer
0x000000019a081000 	/System/Library/PrivateFrameworks/AppleFSCompression.framework/Versions/A/AppleFSCompression
0x00000001999ab000 	/usr/lib/libcoretls.dylib
0x000000019b9a9000 	/usr/lib/libcoretls_cfhelpers.dylib
0x000000019a6dd000 	/usr/lib/libpam.2.dylib
0x000000019ba1b000 	/usr/lib/libxar.1.dylib
0x000000019be09000 	/usr/lib/libheimdal-asn1.dylib
0x0000000192bd4000 	/usr/lib/libnetwork.dylib
0x000000019a535000 	/usr/lib/libpcap.A.dylib
0x0000000194a1f000 	/usr/lib/libdns_services.dylib
0x0000000198b83000 	/System/Library/PrivateFrameworks/AppleSystemInfo.framework/Versions/A/AppleSystemInfo
0x00000001996ab000 	/System/Library/PrivateFrameworks/IOMobileFramebuffer.framework/Versions/A/IOMobileFramebuffer
0x0000000254008000 	/usr/lib/swift/libswift_RegexParser.dylib
0x000000019a145000 	/usr/lib/libbz2.1.0.dylib
0x000000019999f000 	/usr/lib/libCheckFix.dylib
0x0000000193054000 	/System/Library/PrivateFrameworks/TCC.framework/Versions/A/TCC
0x0000000198b89000 	/System/Library/PrivateFrameworks/CoreNLP.framework/Versions/A/CoreNLP
0x00000001956b3000 	/System/Library/PrivateFrameworks/MetadataUtilities.framework/Versions/A/MetadataUtilities
0x00000001999d5000 	/usr/lib/libmecab.dylib
0x000000018e788000 	/usr/lib/libCRFSuite.dylib
0x0000000199a31000 	/usr/lib/libgermantok.dylib
0x000000019a684000 	/usr/lib/libThaiTokenizer.dylib
0x000000019579e000 	/System/Library/Frameworks/Accelerate.framework/Versions/A/Frameworks/vImage.framework/Versions/A/vImage
0x00000001a1b7b000 	/System/Library/Frameworks/Accelerate.framework/Versions/A/Frameworks/vecLib.framework/Versions/A/vecLib
0x000000019ba62000 	/System/Library/Frameworks/Accelerate.framework/Versions/A/Frameworks/vecLib.framework/Versions/A/libvMisc.dylib
0x0000000199586000 	/System/Library/Frameworks/Accelerate.framework/Versions/A/Frameworks/vecLib.framework/Versions/A/libvDSP.dylib
0x000000018e1ff000 	/System/Library/Frameworks/Accelerate.framework/Versions/A/Frameworks/vecLib.framework/Versions/A/libBLAS.dylib
0x000000019a7b8000 	/System/Library/Frameworks/Accelerate.framework/Versions/A/Frameworks/vecLib.framework/Versions/A/libLAPACK.dylib
0x0000000199a34000 	/System/Library/Frameworks/Accelerate.framework/Versions/A/Frameworks/vecLib.framework/Versions/A/libLinearAlgebra.dylib
0x000000019a6c8000 	/System/Library/Frameworks/Accelerate.framework/Versions/A/Frameworks/vecLib.framework/Versions/A/libSparseBLAS.dylib
0x000000019a7b3000 	/System/Library/Frameworks/Accelerate.framework/Versions/A/Frameworks/vecLib.framework/Versions/A/libQuadrature.dylib
0x0000000198cb2000 	/System/Library/Frameworks/Accelerate.framework/Versions/A/Frameworks/vecLib.framework/Versions/A/libBNNS.dylib
0x000000018e68d000 	/System/Library/Frameworks/Accelerate.framework/Versions/A/Frameworks/vecLib.framework/Versions/A/libSparse.dylib
0x000000023787c000 	/System/Library/PrivateFrameworks/MIL.framework/Versions/A/MIL
0x000000019a56b000 	/usr/lib/libiconv.2.dylib
0x000000019a4b7000 	/usr/lib/libcharset.1.dylib
0x0000000196202000 	/System/Library/Frameworks/OpenDirectory.framework/Versions/A/Frameworks/CFOpenDirectory.framework/Versions/A/CFOpenDirectory
0x00000001961f2000 	/System/Library/Frameworks/OpenDirectory.framework/Versions/A/OpenDirectory
0x000000019b9ab000 	/System/Library/PrivateFrameworks/APFS.framework/Versions/A/APFS
0x00000001998dc000 	/System/Library/Frameworks/SecurityFoundation.framework/Versions/A/SecurityFoundation
0x000000019ba2a000 	/usr/lib/libutil.dylib
0x0000000235a01000 	/System/Library/PrivateFrameworks/InstalledContentLibrary.framework/Versions/A/InstalledContentLibrary
0x000000019102d000 	/System/Library/PrivateFrameworks/CoreServicesStore.framework/Versions/A/CoreServicesStore
0x000000022592f000 	/System/Library/PrivateFrameworks/AppleMobileFileIntegrity.framework/Versions/A/AppleMobileFileIntegrity
0x00000001b31c9000 	/usr/lib/libmis.dylib
0x00000001c3852000 	/System/Library/PrivateFrameworks/MobileSystemServices.framework/Versions/A/MobileSystemServices
0x00000001e12cb000 	/System/Library/PrivateFrameworks/ConfigProfileHelper.framework/Versions/A/ConfigProfileHelper
0x000000019a686000 	/System/Library/PrivateFrameworks/AppleSauce.framework/Versions/A/AppleSauce
0x000000018f6d2000 	/System/Library/PrivateFrameworks/LanguageModeling.framework/Versions/A/LanguageModeling
0x000000019ba2e000 	/usr/lib/libxslt.1.dylib
0x000000019a572000 	/usr/lib/libcmph.dylib
0x0000000199677000 	/System/Library/PrivateFrameworks/CoreEmoji.framework/Versions/A/CoreEmoji
0x0000000198cac000 	/System/Library/PrivateFrameworks/LinguisticData.framework/Versions/A/LinguisticData
0x000000018e59b000 	/System/Library/PrivateFrameworks/Lexicon.framework/Versions/A/Lexicon
0x000000019996a000 	/System/Library/PrivateFrameworks/BackgroundTaskManagement.framework/Versions/A/BackgroundTaskManagement
0x0000000252b58000 	/usr/lib/libTLE.dylib
0x000000019c2f8000 	/System/Library/PrivateFrameworks/AppleJPEG.framework/Versions/A/AppleJPEG
0x000000019bdee000 	/usr/lib/libexpat.1.dylib
0x000000019c920000 	/System/Library/Frameworks/ImageIO.framework/Versions/A/Resources/libPng.dylib
0x000000019c94b000 	/System/Library/Frameworks/ImageIO.framework/Versions/A/Resources/libTIFF.dylib
0x000000019ca36000 	/System/Library/Frameworks/ImageIO.framework/Versions/A/Resources/libGIF.dylib
0x000000019c33e000 	/System/Library/Frameworks/ImageIO.framework/Versions/A/Resources/libJP2.dylib
0x000000019c9db000 	/System/Library/Frameworks/ImageIO.framework/Versions/A/Resources/libJPEG.dylib
0x000000019c9d2000 	/System/Library/Frameworks/ImageIO.framework/Versions/A/Resources/libRadiance.dylib
0x0000000197f9f000 	/System/Library/PrivateFrameworks/FontServices.framework/libFontParser.dylib
0x0000000194944000 	/System/Library/PrivateFrameworks/RunningBoardServices.framework/Versions/A/RunningBoardServices
0x00000001a84ad000 	/System/Library/PrivateFrameworks/IOSurfaceAccelerator.framework/Versions/A/IOSurfaceAccelerator
0x000000019c42e000 	/System/Library/PrivateFrameworks/WatchdogClient.framework/Versions/A/WatchdogClient
0x000000018f8b8000 	/System/Library/Frameworks/CoreDisplay.framework/Versions/A/CoreDisplay
0x0000000197e57000 	/System/Library/Frameworks/CoreMedia.framework/Versions/A/CoreMedia
0x0000000197bf7000 	/System/Library/PrivateFrameworks/IOAccelerator.framework/Versions/A/IOAccelerator
0x0000000196395000 	/System/Library/Frameworks/CoreVideo.framework/Versions/A/CoreVideo
0x000000019a6db000 	/System/Library/Frameworks/MetalPerformanceShaders.framework/Versions/A/MetalPerformanceShaders
0x000000019c471000 	/System/Library/Frameworks/VideoToolbox.framework/Versions/A/VideoToolbox
0x0000000196431000 	/System/Library/PrivateFrameworks/UserManagement.framework/Versions/A/UserManagement
0x000000019486b000 	/System/Library/PrivateFrameworks/BaseBoard.framework/Versions/A/BaseBoard
0x0000000198b81000 	/System/Library/PrivateFrameworks/AggregateDictionary.framework/Versions/A/AggregateDictionary
0x0000000225769000 	/System/Library/PrivateFrameworks/AppleKeyStore.framework/Versions/A/AppleKeyStore
0x000000019c9cd000 	/System/Library/PrivateFrameworks/GPUWrangler.framework/Versions/A/GPUWrangler
0x000000019c9ad000 	/System/Library/PrivateFrameworks/IOPresentment.framework/Versions/A/IOPresentment
0x000000019c9d5000 	/System/Library/PrivateFrameworks/DSExternalDisplay.framework/Versions/A/DSExternalDisplay
0x0000000231aed000 	/System/Library/PrivateFrameworks/GPUCompiler.framework/Versions/32023/Libraries/libllvm-flatbuffers.dylib
0x00000001e3eb0000 	/System/Library/Frameworks/OpenGL.framework/Versions/A/Libraries/libCoreFSCache.dylib
0x000000022ed09000 	/System/Library/PrivateFrameworks/GPUCompiler.framework/Versions/32023/Libraries/libGPUCompilerUtils.dylib
0x000000019ca3c000 	/System/Library/PrivateFrameworks/CMCaptureCore.framework/Versions/A/CMCaptureCore
0x00000001e8cfd000 	/System/Library/Frameworks/ExtensionFoundation.framework/Versions/A/ExtensionFoundation
0x00000001a3a71000 	/System/Library/PrivateFrameworks/CoreTime.framework/Versions/A/CoreTime
0x000000019bfc1000 	/System/Library/PrivateFrameworks/AppServerSupport.framework/Versions/A/AppServerSupport
0x000000019e553000 	/System/Library/PrivateFrameworks/perfdata.framework/Versions/A/perfdata
0x000000018f9dc000 	/System/Library/PrivateFrameworks/AudioToolboxCore.framework/Versions/A/AudioToolboxCore
0x0000000197e2d000 	/System/Library/PrivateFrameworks/caulk.framework/Versions/A/caulk
0x000000019ddc1000 	/usr/lib/libAudioStatistics.dylib
0x00000001b2506000 	/System/Library/PrivateFrameworks/SystemPolicy.framework/Versions/A/SystemPolicy
0x000000019e09a000 	/usr/lib/libSMC.dylib
0x00000001a7a5b000 	/System/Library/Frameworks/CoreMIDI.framework/Versions/A/CoreMIDI
0x000000019c8e7000 	/usr/lib/libAudioToolboxUtility.dylib
0x00000001ad977000 	/System/Library/PrivateFrameworks/OSAServicesClient.framework/Versions/A/OSAServicesClient
0x000000019e561000 	/usr/lib/libperfcheck.dylib
0x00000001a3529000 	/System/Library/PrivateFrameworks/BoardServices.framework/Versions/A/BoardServices
0x000000019bcd6000 	/System/Library/PrivateFrameworks/PlugInKit.framework/Versions/A/PlugInKit
0x00000001998ce000 	/System/Library/PrivateFrameworks/AssertionServices.framework/Versions/A/AssertionServices
0x00000001a6b75000 	/System/Library/PrivateFrameworks/ASEProcessing.framework/Versions/A/ASEProcessing
0x00000001cf735000 	/System/Library/PrivateFrameworks/Symbolication.framework/Versions/A/Symbolication
0x000000023cff1000 	/System/Library/PrivateFrameworks/PhotosensitivityProcessing.framework/Versions/A/PhotosensitivityProcessing
0x000000019bf72000 	/System/Library/PrivateFrameworks/GraphVisualizer.framework/Versions/A/GraphVisualizer
0x00000001e3f12000 	/System/Library/Frameworks/OpenGL.framework/Versions/A/Libraries/libGLU.dylib
0x00000001e3ed1000 	/System/Library/Frameworks/OpenGL.framework/Versions/A/Libraries/libGFXShared.dylib
0x00000001e40aa000 	/System/Library/Frameworks/OpenGL.framework/Versions/A/Libraries/libGL.dylib
0x00000001e3eda000 	/System/Library/Frameworks/OpenGL.framework/Versions/A/Libraries/libGLImage.dylib
0x00000001e3ece000 	/System/Library/Frameworks/OpenGL.framework/Versions/A/Libraries/libCVMSPluginSupport.dylib
0x0000000252b10000 	/usr/lib/libRosetta.dylib
0x00000001e3eb7000 	/System/Library/Frameworks/OpenGL.framework/Versions/A/Libraries/libCoreVMClient.dylib
0x000000022d0a3000 	/System/Library/PrivateFrameworks/FontServices.framework/Versions/A/FontServices
0x000000019bf7e000 	/System/Library/PrivateFrameworks/OTSVG.framework/Versions/A/OTSVG
0x0000000195f36000 	/System/Library/Frameworks/ApplicationServices.framework/Versions/A/Frameworks/ATS.framework/Versions/A/Resources/libFontRegistry.dylib
0x000000019bfcc000 	/System/Library/PrivateFrameworks/FontServices.framework/libhvf.dylib
0x000000022d0a4000 	/System/Library/PrivateFrameworks/FontServices.framework/libXTFontStaticRegistryData.dylib
0x0000000198ac8000 	/System/Library/Frameworks/MetalPerformanceShaders.framework/Versions/A/Frameworks/MPSCore.framework/Versions/A/MPSCore
0x0000000199fef000 	/System/Library/Frameworks/MetalPerformanceShaders.framework/Versions/A/Frameworks/MPSImage.framework/Versions/A/MPSImage
0x0000000199a49000 	/System/Library/Frameworks/MetalPerformanceShaders.framework/Versions/A/Frameworks/MPSNeuralNetwork.framework/Versions/A/MPSNeuralNetwork
0x0000000199e94000 	/System/Library/Frameworks/MetalPerformanceShaders.framework/Versions/A/Frameworks/MPSMatrix.framework/Versions/A/MPSMatrix
0x0000000199c9f000 	/System/Library/Frameworks/MetalPerformanceShaders.framework/Versions/A/Frameworks/MPSRayIntersector.framework/Versions/A/MPSRayIntersector
0x0000000199ec6000 	/System/Library/Frameworks/MetalPerformanceShaders.framework/Versions/A/Frameworks/MPSNDArray.framework/Versions/A/MPSNDArray
0x00000001ea542000 	/System/Library/Frameworks/MetalPerformanceShaders.framework/Versions/A/Frameworks/MPSFunctions.framework/Versions/A/MPSFunctions
0x00000001ea527000 	/System/Library/Frameworks/MetalPerformanceShaders.framework/Versions/A/Frameworks/MPSBenchmarkLoop.framework/Versions/A/MPSBenchmarkLoop
0x000000018e0b3000 	/System/Library/PrivateFrameworks/MetalTools.framework/Versions/A/MetalTools
0x00000001b768b000 	/System/Library/PrivateFrameworks/IOAccelMemoryInfo.framework/Versions/A/IOAccelMemoryInfo
0x00000001c374c000 	/System/Library/PrivateFrameworks/kperf.framework/Versions/A/kperf
0x00000001b31ee000 	/System/Library/PrivateFrameworks/GPURawCounter.framework/Versions/A/GPURawCounter
0x00000001a3943000 	/System/Library/PrivateFrameworks/CoreSymbolication.framework/Versions/A/CoreSymbolication
0x00000001b319a000 	/System/Library/PrivateFrameworks/MallocStackLogging.framework/Versions/A/MallocStackLogging
0x000000019bb78000 	/System/Library/PrivateFrameworks/CrashReporterSupport.framework/Versions/A/CrashReporterSupport
0x00000001a38fe000 	/System/Library/PrivateFrameworks/DebugSymbols.framework/Versions/A/DebugSymbols
0x00000001c20bc000 	/System/Library/PrivateFrameworks/OSAnalytics.framework/Versions/A/OSAnalytics
0x0000000249d67000 	/System/Library/PrivateFrameworks/VideoToolboxParavirtualizationSupport.framework/Versions/A/VideoToolboxParavirtualizationSupport
0x000000019bda2000 	/System/Library/PrivateFrameworks/AppleVA.framework/Versions/A/AppleVA
0x000000019de09000 	/System/Library/Frameworks/ApplicationServices.framework/Versions/A/Frameworks/ATS.framework/Versions/A/ATS
0x0000000193da3000 	/System/Library/Frameworks/ApplicationServices.framework/Versions/A/Frameworks/HIServices.framework/Versions/A/HIServices
0x000000019ca4a000 	/System/Library/Frameworks/ApplicationServices.framework/Versions/A/Frameworks/PrintCore.framework/Versions/A/PrintCore
0x000000019e1f3000 	/System/Library/Frameworks/ApplicationServices.framework/Versions/A/Frameworks/QD.framework/Versions/A/QD
0x000000019e1e7000 	/System/Library/Frameworks/ApplicationServices.framework/Versions/A/Frameworks/ColorSyncLegacy.framework/Versions/A/ColorSyncLegacy
0x000000019ddd9000 	/System/Library/Frameworks/ApplicationServices.framework/Versions/A/Frameworks/SpeechSynthesis.framework/Versions/A/SpeechSynthesis
0x000000019ca06000 	/System/Library/Frameworks/ApplicationServices.framework/Versions/A/Frameworks/ATSUI.framework/Versions/A/ATSUI
0x000000019e17a000 	/usr/lib/libcups.2.dylib
0x000000019e56f000 	/System/Library/Frameworks/Kerberos.framework/Versions/A/Kerberos
0x000000019e580000 	/System/Library/Frameworks/GSS.framework/Versions/A/GSS
0x000000019de88000 	/usr/lib/libresolv.9.dylib
0x000000019bfdd000 	/System/Library/PrivateFrameworks/Heimdal.framework/Versions/A/Heimdal
0x00000001a59e6000 	/System/Library/Frameworks/Kerberos.framework/Versions/A/Libraries/libHeimdalProxy.dylib
0x000000019e5da000 	/System/Library/PrivateFrameworks/CommonAuth.framework/Versions/A/CommonAuth
0x00000001e7aea000 	/System/Library/Frameworks/AVFAudio.framework/Versions/A/AVFAudio
0x00000001ad9c6000 	/System/Library/PrivateFrameworks/AXCoreUtilities.framework/Versions/A/AXCoreUtilities
0x0000000236f74000 	/System/Library/PrivateFrameworks/IsolatedCoreAudioClient.framework/Versions/A/IsolatedCoreAudioClient
0x000000019dd45000 	/System/Library/PrivateFrameworks/AudioSession.framework/Versions/A/AudioSession
0x000000019f843000 	/System/Library/Frameworks/IOBluetooth.framework/Versions/A/IOBluetooth
0x000000019bead000 	/System/Library/PrivateFrameworks/MediaExperience.framework/Versions/A/MediaExperience
0x000000019db84000 	/System/Library/PrivateFrameworks/AudioSession.framework/libSessionUtility.dylib
0x000000019e1ff000 	/System/Library/PrivateFrameworks/AudioResourceArbitration.framework/Versions/A/AudioResourceArbitration
0x00000001a28b9000 	/System/Library/PrivateFrameworks/PowerLog.framework/Versions/A/PowerLog
0x00000001a27d8000 	/System/Library/Frameworks/CoreBluetooth.framework/Versions/A/CoreBluetooth
0x00000001a59e7000 	/System/Library/Frameworks/AudioUnit.framework/Versions/A/AudioUnit
0x0000000199738000 	/System/Library/PrivateFrameworks/CoreUtils.framework/Versions/A/CoreUtils
0x000000022b3eb000 	/System/Library/PrivateFrameworks/CoreUtilsExtras.framework/Versions/A/CoreUtilsExtras
0x000000023588f000 	/System/Library/PrivateFrameworks/IO80211.framework/Versions/A/IO80211
0x00000001a346d000 	/System/Library/PrivateFrameworks/FrontBoardServices.framework/Versions/A/FrontBoardServices
0x00000001a4fb1000 	/System/Library/PrivateFrameworks/BackBoardServices.framework/Versions/A/BackBoardServices
0x000000019be14000 	/System/Library/PrivateFrameworks/IconFoundation.framework/Versions/A/IconFoundation
0x00000001a17bc000 	/System/Library/PrivateFrameworks/SpeechRecognitionCore.framework/Versions/A/SpeechRecognitionCore
0x00000001ad9e5000 	/usr/lib/libAccessibility.dylib
0x00000001a1eaf000 	/System/Library/Frameworks/MediaAccessibility.framework/Versions/A/MediaAccessibility
0x00000001d2dc6000 	/System/Library/Frameworks/OSLog.framework/Versions/A/OSLog
0x00000001b3128000 	/System/Library/PrivateFrameworks/LoggingSupport.framework/Versions/A/LoggingSupport
0x0000000102528000 	/Library/Java/JavaVirtualMachines/zulu-21.jdk/Contents/Home/lib/server/libjvm.dylib
0x0000000100ed4000 	/Library/Java/JavaVirtualMachines/zulu-21.jdk/Contents/Home/lib/libjimage.dylib
0x0000000100f18000 	/Library/Java/JavaVirtualMachines/zulu-21.jdk/Contents/Home/lib/libjava.dylib
0x00000001011a8000 	/Library/Java/JavaVirtualMachines/zulu-21.jdk/Contents/Home/lib/libnio.dylib
0x0000000101188000 	/Library/Java/JavaVirtualMachines/zulu-21.jdk/Contents/Home/lib/libnet.dylib
0x00000001011f0000 	/Library/Java/JavaVirtualMachines/zulu-21.jdk/Contents/Home/lib/libzip.dylib
0x00000001011c8000 	/Library/Java/JavaVirtualMachines/zulu-21.jdk/Contents/Home/lib/libprism_es2.dylib
0x00000001b1e8a000 	/System/Library/Frameworks/Carbon.framework/Versions/A/Carbon
0x00000001a9ca6000 	/System/Library/Frameworks/Carbon.framework/Versions/A/Frameworks/CommonPanels.framework/Versions/A/CommonPanels
0x00000001a52eb000 	/System/Library/Frameworks/Carbon.framework/Versions/A/Frameworks/Help.framework/Versions/A/Help
0x00000001a9caa000 	/System/Library/Frameworks/Carbon.framework/Versions/A/Frameworks/ImageCapture.framework/Versions/A/ImageCapture
0x00000001a9c7e000 	/System/Library/Frameworks/Carbon.framework/Versions/A/Frameworks/OpenScripting.framework/Versions/A/OpenScripting
0x00000001a9ca2000 	/System/Library/Frameworks/Carbon.framework/Versions/A/Frameworks/Ink.framework/Versions/A/Ink
0x00000001a9c9e000 	/System/Library/Frameworks/Carbon.framework/Versions/A/Frameworks/SecurityHI.framework/Versions/A/SecurityHI
0x00000001e40b4000 	/System/Library/Frameworks/OpenGL.framework/Versions/A/Resources/GLEngine.bundle/GLEngine
0x00000001e3f4c000 	/System/Library/Frameworks/OpenGL.framework/Versions/A/Libraries/libGLProgrammability.dylib
0x00000001021b8000 	/System/Library/Extensions/AppleMetalOpenGLRenderer.bundle/Contents/MacOS/AppleMetalOpenGLRenderer
0x00000001e4215000 	/System/Library/Frameworks/OpenGL.framework/Versions/A/Resources/GLRendererFloat.bundle/GLRendererFloat
0x00000001e4a35000 	/System/Library/Extensions/AGXMetalG14G.bundle/Contents/MacOS/AGXMetalG14G
0x00000001ac91e000 	/System/Library/PrivateFrameworks/IOGPU.framework/Versions/A/IOGPU
0x0000000102124000 	/Library/Java/JavaVirtualMachines/zulu-21.jdk/Contents/Home/lib/libglass.dylib
0x00000001a2aff000 	/System/Library/Frameworks/FileProvider.framework/Versions/A/FileProvider
0x00000001947d2000 	/System/Library/Frameworks/Accounts.framework/Versions/A/Accounts
0x00000001a2cb0000 	/System/Library/PrivateFrameworks/GenerationalStorage.framework/Versions/A/GenerationalStorage
0x00000001a28ad000 	/System/Library/PrivateFrameworks/SymptomDiagnosticReporter.framework/Versions/A/SymptomDiagnosticReporter
0x00000001926c2000 	/System/Library/PrivateFrameworks/DesktopServicesPriv.framework/Versions/A/DesktopServicesPriv
0x0000000191162000 	/usr/lib/libsandbox.1.dylib
0x000000019e1da000 	/System/Library/PrivateFrameworks/NetAuth.framework/Versions/A/NetAuth
0x000000019f48f000 	/System/Library/PrivateFrameworks/Sharing.framework/Versions/A/Sharing
0x00000001963f4000 	/System/Library/PrivateFrameworks/login.framework/Versions/A/Frameworks/loginsupport.framework/Versions/A/loginsupport
0x00000001a4df6000 	/System/Library/PrivateFrameworks/Apple80211.framework/Versions/A/Apple80211
0x000000019a18a000 	/System/Library/PrivateFrameworks/AuthKit.framework/Versions/A/AuthKit
0x00000001a4dfa000 	/System/Library/PrivateFrameworks/CoreWiFi.framework/Versions/A/CoreWiFi
0x00000001996bb000 	/System/Library/Frameworks/CoreWLAN.framework/Versions/A/CoreWLAN
0x00000001b31f2000 	/usr/lib/swift/libswiftCoreAudio.dylib
0x00000001b846e000 	/usr/lib/swift/libswiftCoreLocation.dylib
0x000000019bb6f000 	/usr/lib/libIOReport.dylib
0x00000001d9af5000 	/System/Library/PrivateFrameworks/WiFiPeerToPeer.framework/Versions/A/WiFiPeerToPeer
0x000000019a32a000 	/System/Library/Frameworks/UserNotifications.framework/Versions/A/UserNotifications
0x000000019e720000 	/System/Library/PrivateFrameworks/CorePhoneNumbers.framework/Versions/A/CorePhoneNumbers
0x000000019deb5000 	/System/Library/PrivateFrameworks/MultiverseSupport.framework/Versions/A/MultiverseSupport
0x00000001a5241000 	/System/Library/PrivateFrameworks/RemoteServiceDiscovery.framework/Versions/A/RemoteServiceDiscovery
0x00000001a29db000 	/System/Library/PrivateFrameworks/DiskManagement.framework/Versions/A/DiskManagement
0x00000001a28e2000 	/System/Library/PrivateFrameworks/AppleIDAuthSupport.framework/Versions/A/AppleIDAuthSupport
0x0000000223748000 	/System/Library/PrivateFrameworks/AAAFoundation.framework/Versions/A/AAAFoundation
0x000000019e6f2000 	/System/Library/PrivateFrameworks/KeychainCircle.framework/Versions/A/KeychainCircle
0x00000001a5255000 	/System/Library/PrivateFrameworks/RemoteXPC.framework/Versions/A/RemoteXPC
0x00000001a52f7000 	/usr/lib/libcsfde.dylib
0x000000019bd1e000 	/usr/lib/libCoreStorage.dylib
0x00000001a29a7000 	/System/Library/PrivateFrameworks/MediaKit.framework/Versions/A/MediaKit
0x00000001a28ef000 	/System/Library/Frameworks/DiscRecording.framework/Versions/A/DiscRecording
0x000000019f924000 	/System/Library/PrivateFrameworks/ProtectedCloudStorage.framework/Versions/A/ProtectedCloudStorage
0x00000001a52ef000 	/System/Library/PrivateFrameworks/EFILogin.framework/Versions/A/EFILogin
0x00000001a2cd8000 	/System/Library/PrivateFrameworks/OctagonTrust.framework/Versions/A/OctagonTrust
0x0000000197a9f000 	/System/Library/Frameworks/CoreLocation.framework/Versions/A/CoreLocation
0x000000019fbe4000 	/System/Library/PrivateFrameworks/GeoServices.framework/Versions/A/GeoServices
0x000000019db4e000 	/System/Library/PrivateFrameworks/LocationSupport.framework/Versions/A/LocationSupport
0x0000000232757000 	/System/Library/PrivateFrameworks/GeoServicesCore.framework/Versions/A/GeoServicesCore
0x00000001ad9bb000 	/System/Library/PrivateFrameworks/PhoneNumbers.framework/Versions/A/PhoneNumbers
0x000000019bd16000 	/usr/lib/libMatch.1.dylib
0x00000001b8454000 	/System/Library/Frameworks/Accelerate.framework/Versions/A/Frameworks/vImage.framework/Versions/A/Libraries/libCGInterfaces.dylib
0x0000000121dcc000 	/usr/lib/libobjc-trampolines.dylib
0x000000025281b000 	/usr/lib/libAccessibilityBaseImplementations.dylib
0x00000001960d6000 	/System/Library/PrivateFrameworks/ViewBridge.framework/Versions/A/ViewBridge
0x0000000131cd8000 	/Library/Java/JavaVirtualMachines/zulu-21.jdk/Contents/Home/lib/libjavafx_font.dylib
0x000000019c0ad000 	/System/Library/PrivateFrameworks/login.framework/Versions/A/login
0x00000001a3643000 	/System/Library/Frameworks/LocalAuthentication.framework/Versions/A/LocalAuthentication
0x0000000237712000 	/System/Library/PrivateFrameworks/LocalAuthenticationCore.framework/Versions/A/LocalAuthenticationCore
0x00000001a368e000 	/System/Library/Frameworks/LocalAuthentication.framework/Support/SharedUtils.framework/Versions/A/SharedUtils
0x00000001a35de000 	/System/Library/Frameworks/CryptoTokenKit.framework/Versions/A/CryptoTokenKit
0x0000000246448000 	/System/Library/PrivateFrameworks/TextInputUI.framework/Versions/A/TextInputUI
0x0000000246450000 	/System/Library/PrivateFrameworks/TextInputUIMacHelper.framework/Versions/A/TextInputUIMacHelper
0x0000000157ab8000 	/Library/Java/JavaVirtualMachines/zulu-21.jdk/Contents/Home/lib/libglib-lite.dylib
0x0000000157da0000 	/Library/Java/JavaVirtualMachines/zulu-21.jdk/Contents/Home/lib/libgstreamer-lite.dylib
0x000000015724c000 	/Library/Java/JavaVirtualMachines/zulu-21.jdk/Contents/Home/lib/libjfxmedia.dylib
0x00000001572a8000 	/Library/Java/JavaVirtualMachines/zulu-21.jdk/Contents/Home/lib/libjfxmedia_avf.dylib
0x00000001b2306000 	/System/Library/Frameworks/AVFoundation.framework/Versions/A/AVFoundation
0x00000001a3221000 	/System/Library/PrivateFrameworks/AVFCore.framework/Versions/A/AVFCore
0x00000001ab4e0000 	/System/Library/PrivateFrameworks/AVFCapture.framework/Versions/A/AVFCapture
0x000000019cc28000 	/System/Library/Frameworks/MediaToolbox.framework/Versions/A/MediaToolbox
0x00000001a2acb000 	/System/Library/PrivateFrameworks/CoreAVCHD.framework/Versions/A/CoreAVCHD
0x00000001a2ac7000 	/System/Library/PrivateFrameworks/Mangrove.framework/Versions/A/Mangrove
0x0000000226fac000 	/System/Library/PrivateFrameworks/CMPhoto.framework/Versions/A/CMPhoto
0x00000001a30d9000 	/System/Library/Frameworks/CoreTelephony.framework/Versions/A/CoreTelephony
0x00000001a2abb000 	/System/Library/PrivateFrameworks/CoreAUC.framework/Versions/A/CoreAUC
0x00000002255a9000 	/System/Library/PrivateFrameworks/AppleJPEGXL.framework/Versions/A/AppleJPEGXL
0x000000019e72a000 	/usr/lib/libTelephonyUtilDynamic.dylib
0x00000001b8a86000 	/System/Library/PrivateFrameworks/MSUDataAccessor.framework/Versions/A/MSUDataAccessor
0x00000001c763b000 	/usr/lib/libpartition2_dynamic.dylib
0x00000001b4c34000 	/usr/lib/libbootpolicy.dylib
0x0000000226ea3000 	/System/Library/PrivateFrameworks/CMImaging.framework/Versions/A/CMImaging
0x00000001ab6c0000 	/System/Library/PrivateFrameworks/Quagga.framework/Versions/A/Quagga
0x00000001ab7cc000 	/System/Library/PrivateFrameworks/CMCapture.framework/Versions/A/CMCapture
0x000000019df9a000 	/System/Library/Frameworks/CoreMediaIO.framework/Versions/A/CoreMediaIO
0x00000001a5b47000 	/System/Library/PrivateFrameworks/Espresso.framework/Versions/A/Espresso
0x00000001a5388000 	/System/Library/PrivateFrameworks/AppSupport.framework/Versions/A/AppSupport
0x00000001e1908000 	/System/Library/PrivateFrameworks/ANECompiler.framework/Versions/A/ANECompiler
0x00000001a790f000 	/System/Library/PrivateFrameworks/AppleNeuralEngine.framework/Versions/A/AppleNeuralEngine
0x00000001ea557000 	/System/Library/Frameworks/MetalPerformanceShadersGraph.framework/Versions/A/MetalPerformanceShadersGraph
0x0000000237fc1000 	/System/Library/PrivateFrameworks/MLCompilerServices.framework/Versions/A/MLCompilerServices
0x00000001a69dd000 	/System/Library/PrivateFrameworks/ANEServices.framework/Versions/A/ANEServices
0x00000001b7657000 	/usr/lib/libncurses.5.4.dylib
0x0000000237f5d000 	/System/Library/PrivateFrameworks/MLCompilerRuntime.framework/Versions/A/MLCompilerRuntime
0x00000001579d0000 	/Library/Java/JavaVirtualMachines/zulu-21.jdk/Contents/Home/lib/libfxplugins.dylib
0x00000001682ec000 	/System/Library/Components/CoreAudio.component/Contents/MacOS/CoreAudio
0x000000019d519000 	/usr/lib/libusrtcp.dylib
0x0000000192b0b000 	/usr/lib/libboringssl.dylib
0x0000000157a74000 	/System/Library/Frameworks/FileProvider.framework/OverrideBundles/FileProviderOverride.bundle/Contents/MacOS/FileProviderOverride
0x0000000157f48000 	/System/Library/Frameworks/FileProvider.framework/OverrideBundles/FinderSyncCollaborationFileProviderOverride.bundle/Contents/MacOS/FinderSyncCollaborationFileProviderOverride
0x00000001c733a000 	/System/Library/PrivateFrameworks/FinderSyncPriv.framework/Versions/A/FinderSyncPriv
0x0000000157a8c000 	/System/Library/Frameworks/FileProvider.framework/OverrideBundles/iCloudDriveFileProviderOverride.bundle/Contents/MacOS/iCloudDriveFileProviderOverride
0x00000001967ad000 	/System/Library/PrivateFrameworks/CloudDocs.framework/Versions/A/CloudDocs
0x00000001a56c4000 	/System/Library/PrivateFrameworks/AppleAccount.framework/Versions/A/AppleAccount
0x000000019645b000 	/System/Library/Frameworks/CloudKit.framework/Versions/A/CloudKit
0x000000019f903000 	/System/Library/PrivateFrameworks/AppContainer.framework/Versions/A/AppContainer
0x000000019f08e000 	/System/Library/PrivateFrameworks/IDS.framework/Versions/A/IDS
0x00000001963f7000 	/System/Library/PrivateFrameworks/ApplePushService.framework/Versions/A/ApplePushService
0x00000001a5831000 	/System/Library/PrivateFrameworks/AppleIDSSOAuthentication.framework/Versions/A/AppleIDSSOAuthentication
0x000000019dad5000 	/System/Library/PrivateFrameworks/IMFoundation.framework/Versions/A/IMFoundation
0x00000001ad0eb000 	/System/Library/PrivateFrameworks/Marco.framework/Versions/A/Marco
0x000000019f225000 	/System/Library/PrivateFrameworks/IDSFoundation.framework/Versions/A/IDSFoundation
0x0000000194855000 	/System/Library/PrivateFrameworks/CommonUtilities.framework/Versions/A/CommonUtilities
0x00000001b2d5e000 	/System/Library/PrivateFrameworks/FTServices.framework/Versions/A/FTServices
0x00000001a9c66000 	/System/Library/PrivateFrameworks/Engram.framework/Versions/A/Engram
0x00000001a9c07000 	/usr/lib/libtidy.A.dylib
0x000000019c282000 	/System/Library/PrivateFrameworks/Bom.framework/Versions/A/Bom
0x000000019dec5000 	/usr/lib/libParallelCompression.dylib
0x0000000252823000 	/usr/lib/libAppleArchive.dylib
0x00000001bf42b000 	/System/Library/PrivateFrameworks/FTAWD.framework/Versions/A/FTAWD
0x00000001ecc67000 	/System/Library/Frameworks/SharedWithYouCore.framework/Versions/A/SharedWithYouCore
0x0000000252952000 	/usr/lib/libBASupport.dylib
0x00000001a5ab1000 	/System/Library/PrivateFrameworks/C2.framework/Versions/A/C2
0x00000001a5aa8000 	/System/Library/Frameworks/PushKit.framework/Versions/A/PushKit
0x00000001d4fb0000 	/System/Library/Frameworks/CryptoKit.framework/Versions/A/CryptoKit
0x00000001d9a68000 	/System/Library/PrivateFrameworks/FeatureFlags.framework/Versions/A/FeatureFlags
0x00000001cc562000 	/usr/lib/swift/libswiftAVFoundation.dylib
0x00000001b8483000 	/usr/lib/swift/libswiftCoreMIDI.dylib
0x00000001cad7a000 	/usr/lib/swift/libswiftCoreMedia.dylib
0x00000001a76cb000 	/System/Library/PrivateFrameworks/RTCReporting.framework/Versions/A/RTCReporting
0x00000001a59e0000 	/System/Library/PrivateFrameworks/CryptoKitCBridging.framework/Versions/A/CryptoKitCBridging
0x00000001cad78000 	/usr/lib/swift/libswiftCryptoTokenKit.dylib
0x000000019f91c000 	/System/Library/PrivateFrameworks/SecCodeWrapper.framework/Versions/A/SecCodeWrapper
0x0000000157a5c000 	/Library/Java/JavaVirtualMachines/zulu-21.jdk/Contents/Home/lib/libextnet.dylib
0x00000001b0839000 	/usr/lib/libFosl_dynamic.dylib
0x0000000169cf8000 	/Library/Java/JavaVirtualMachines/zulu-21.jdk/Contents/Home/lib/libawt.dylib
0x0000000169db0000 	/Library/Java/JavaVirtualMachines/zulu-21.jdk/Contents/Home/lib/libmlib_image.dylib
0x00000001e999c000 	/System/Library/Frameworks/JavaRuntimeSupport.framework/Versions/A/JavaRuntimeSupport
0x0000000169f50000 	/Library/Java/JavaVirtualMachines/zulu-21.jdk/Contents/Home/lib/libawt_lwawt.dylib
0x0000000169c9c000 	/Library/Java/JavaVirtualMachines/zulu-21.jdk/Contents/Home/lib/libosxapp.dylib
0x00000001b0d7e000 	/System/Library/Frameworks/ExceptionHandling.framework/Versions/A/ExceptionHandling
0x000000016a2ac000 	/Library/Java/JavaVirtualMachines/zulu-21.jdk/Contents/Home/lib/libfontmanager.dylib
0x000000016a080000 	/Library/Java/JavaVirtualMachines/zulu-21.jdk/Contents/Home/lib/libfreetype.dylib
0x0000000169ccc000 	/Library/Java/JavaVirtualMachines/zulu-21.jdk/Contents/Home/lib/libosxui.dylib
0x00000001a1ee8000 	/System/Library/PrivateFrameworks/SystemAdministration.framework/Versions/A/SystemAdministration
0x00000001a1784000 	/System/Library/Frameworks/DirectoryService.framework/Versions/A/DirectoryService
0x00000001a5141000 	/System/Library/PrivateFrameworks/DiskImages.framework/Versions/A/DiskImages
0x0000000199991000 	/System/Library/Frameworks/ServiceManagement.framework/Versions/A/ServiceManagement
0x00000001a5380000 	/System/Library/PrivateFrameworks/LoginUIKit.framework/Versions/A/Frameworks/LoginUICore.framework/Versions/A/LoginUICore
0x000000019c27e000 	/usr/lib/libodfde.dylib
0x00000001a5303000 	/usr/lib/libcurl.4.dylib
0x0000000252ebe000 	/usr/lib/libcrypto.46.dylib
0x0000000253be0000 	/usr/lib/libssl.48.dylib
0x00000001a4fd7000 	/System/Library/Frameworks/LDAP.framework/Versions/A/LDAP
0x00000001a5013000 	/System/Library/PrivateFrameworks/TrustEvaluationAgent.framework/Versions/A/TrustEvaluationAgent
0x000000019dea1000 	/usr/lib/libsasl2.2.dylib


VM Arguments:
jvm_args: -Dfile.encoding=UTF-8 
java_command: codigo.ZeldaGameApp
java_class_path (initial): /Users/darienumanazuniga/Desktop/fxgl-21-uber.jar:/Users/darienumanazuniga/Downloads/javafx-sdk-21.0.2/lib/javafx-swt.jar:/Users/darienumanazuniga/Downloads/javafx-sdk-21.0.2/lib/javafx.base.jar:/Users/darienumanazuniga/Downloads/javafx-sdk-21.0.2/lib/javafx.controls.jar:/Users/darienumanazuniga/Downloads/javafx-sdk-21.0.2/lib/javafx.fxml.jar:/Users/darienumanazuniga/Downloads/javafx-sdk-21.0.2/lib/javafx.graphics.jar:/Users/darienumanazuniga/Downloads/javafx-sdk-21.0.2/lib/javafx.media.jar:/Users/darienumanazuniga/Downloads/javafx-sdk-21.0.2/lib/javafx.swing.jar:/Users/darienumanazuniga/Downloads/javafx-sdk-21.0.2/lib/javafx.web.jar:/Users/darienumanazuniga/Desktop/Prueba1/build/classes
Launcher Type: SUN_STANDARD

[Global flags]
     intx CICompilerCount                          = 4                                         {product} {ergonomic}
     uint ConcGCThreads                            = 2                                         {product} {ergonomic}
     uint G1ConcRefinementThreads                  = 8                                         {product} {ergonomic}
   size_t G1HeapRegionSize                         = 1048576                                   {product} {ergonomic}
    uintx GCDrainStackTargetSize                   = 64                                        {product} {ergonomic}
   size_t InitialHeapSize                          = 134217728                                 {product} {ergonomic}
   size_t MarkStackSize                            = 4194304                                   {product} {ergonomic}
   size_t MaxHeapSize                              = 2147483648                                {product} {ergonomic}
   size_t MaxNewSize                               = 1287651328                                {product} {ergonomic}
   size_t MinHeapDeltaBytes                        = 1048576                                   {product} {ergonomic}
   size_t MinHeapSize                              = 8388608                                   {product} {ergonomic}
    uintx NonNMethodCodeHeapSize                   = 5839564                                {pd product} {ergonomic}
    uintx NonProfiledCodeHeapSize                  = 122909338                              {pd product} {ergonomic}
    uintx ProfiledCodeHeapSize                     = 122909338                              {pd product} {ergonomic}
    uintx ReservedCodeCacheSize                    = 251658240                              {pd product} {ergonomic}
     bool SegmentedCodeCache                       = true                                      {product} {ergonomic}
   size_t SoftMaxHeapSize                          = 2147483648                             {manageable} {ergonomic}
     bool UseCompressedOops                        = true                           {product lp64_product} {ergonomic}
     bool UseG1GC                                  = true                                      {product} {ergonomic}
     bool UseNUMA                                  = false                                     {product} {ergonomic}
     bool UseNUMAInterleaving                      = false                                     {product} {ergonomic}

Logging:
Log output configuration:
 #0: stdout all=warning uptime,level,tags foldmultilines=false
 #1: stderr all=off uptime,level,tags foldmultilines=false

Environment Variables:
PATH=/usr/bin:/bin:/usr/sbin:/sbin
SHELL=/bin/zsh
LC_CTYPE=UTF-8
TMPDIR=/var/folders/22/prkg6fkx3fg49q0cntr1cxj00000gn/T/

Active Locale:
LC_ALL=C/UTF-8/C/C/C/C
LC_COLLATE=C
LC_CTYPE=UTF-8
LC_MESSAGES=C
LC_MONETARY=C
LC_NUMERIC=C
LC_TIME=C

Signal Handlers:
   SIGSEGV: crash_handler in libjvm.dylib, mask=11100110000111110111111111111111, flags=SA_ONSTACK|SA_RESTART|SA_SIGINFO, unblocked
    SIGBUS: crash_handler in libjvm.dylib, mask=11100110000111110111111111111111, flags=SA_RESTART|SA_SIGINFO, unblocked
    SIGFPE: crash_handler in libjvm.dylib, mask=11100110000111110111111111111111, flags=SA_RESTART|SA_SIGINFO, unblocked
   SIGPIPE: javaSignalHandler in libjvm.dylib, mask=11100110000111110111111111111111, flags=SA_RESTART|SA_SIGINFO, blocked
   SIGXFSZ: javaSignalHandler in libjvm.dylib, mask=11100110000111110111111111111111, flags=SA_RESTART|SA_SIGINFO, blocked
    SIGILL: crash_handler in libjvm.dylib, mask=11100110000111110111111111111111, flags=SA_RESTART|SA_SIGINFO, unblocked
   SIGUSR2: SR_handler in libjvm.dylib, mask=00000000000000000000000000000000, flags=SA_RESTART|SA_SIGINFO, blocked
    SIGHUP: UserHandler in libjvm.dylib, mask=11100110000111110111111111111111, flags=SA_RESTART|SA_SIGINFO, blocked
    SIGINT: SIG_IGN, mask=00000000000000000000000000000000, flags=none, blocked
   SIGTERM: UserHandler in libjvm.dylib, mask=11100110000111110111111111111111, flags=SA_RESTART|SA_SIGINFO, blocked
   SIGQUIT: UserHandler in libjvm.dylib, mask=11100110000111110111111111111111, flags=SA_RESTART|SA_SIGINFO, blocked
   SIGTRAP: crash_handler in libjvm.dylib, mask=11100110000111110111111111111111, flags=SA_RESTART|SA_SIGINFO, unblocked


Periodic native trim disabled

---------------  S Y S T E M  ---------------

OS:
uname: Darwin 23.4.0 Darwin Kernel Version 23.4.0: Fri Mar 15 00:19:22 PDT 2024; root:xnu-10063.101.17~1/RELEASE_ARM64_T8112 arm64
OS uptime: 1 days 23:16 hours
rlimit (soft/hard): STACK 8176k/65520k , CORE 0k/infinity , NPROC 1333/2000 , NOFILE 10240/infinity , AS infinity/infinity , CPU infinity/infinity , DATA infinity/infinity , FSIZE infinity/infinity , MEMLOCK infinity/infinity , RSS infinity/infinity
load average: 3.97 3.91 3.35

CPU: total 8 (initial active 8) 0x61:0x0:0xda33d83d:0, fp, asimd, aes, pmull, sha1, sha256, crc32, lse, sha3, sha512
machdep.cpu.brand_string:Apple M2
hw.cachelinesize:128
hw.l1icachesize:131072
hw.l1dcachesize:65536
hw.l2cachesize:4194304

Memory: 16k page, physical 8388608k(46272k free), swap 3145728k(1546944k free)

vm_info: OpenJDK 64-Bit Server VM (21.0.2+13-LTS) for bsd-aarch64 JRE (21.0.2+13-LTS) (Zulu21.32+17-CA), built on 2024-01-09T19:18:52Z by "tester" with clang Apple LLVM 14.0.3 (clang-1403.0.22.14.1)

END.
