07:44:31.437 [main                     ] DEBUG Logger               - Configured Logger
07:44:31.464 [main                     ] DEBUG GameApplication      - Logging settings
Title: Zelda-Minish-Cap
Version: beta
Width: 672
Height: 432
Fullscreen: false
Intro: false
Profiling: false
Single step:false
App Mode: DEVELOPER
Menu Key: ESCAPE
Stage Style: DECORATED
Scene Factory: class codigo.Main$1

07:44:31.647 [JavaFX Application Thread] DEBUG FXGLApplication      - Initializing FXGL
07:44:31.650 [JavaFX Application Thread] INFO  Engine               - FXGL-21 (28.12.2023 13.39) on MAC (J:21.0.2 FX:21.0.2)
07:44:31.651 [JavaFX Application Thread] DEBUG Engine               - JRE Vendor Name: Azul Systems, Inc.
07:44:31.651 [JavaFX Application Thread] DEBUG Engine               - Running on OS: Mac OS X version 14.4.1
07:44:31.651 [JavaFX Application Thread] DEBUG Engine               - Architecture: aarch64
07:44:31.651 [JavaFX Application Thread] INFO  Engine               - Source code and latest versions at: https://github.com/AlmasB/FXGL
07:44:31.651 [JavaFX Application Thread] INFO  Engine               -       Ask questions and discuss at: https://github.com/AlmasB/FXGL/discussions
07:44:31.651 [JavaFX Application Thread] INFO  Engine               -              Join the FXGL chat at: https://gitter.im/AlmasB/FXGL
07:44:31.699 [JavaFX Application Thread] DEBUG PrimaryStageWindow   - Creating a JavaFX scene
07:44:31.720 [JavaFX Application Thread] DEBUG PrimaryStageWindow   - Target settings size: 672.0 x 432.0
07:44:31.721 [JavaFX Application Thread] DEBUG PrimaryStageWindow   - Scaled scene size:    672.0 x 432.0
07:44:31.721 [JavaFX Application Thread] DEBUG PrimaryStageWindow   - Scaled ratio: (1.0, 1.0)
07:44:31.722 [JavaFX Application Thread] DEBUG PrimaryStageWindow   - Set initial scene to FXGLStartupScene
07:44:31.724 [JavaFX Application Thread] DEBUG PrimaryStageWindow   - Opening main window
07:44:31.802 [JavaFX Application Thread] DEBUG PrimaryStageWindow   - Window border size: (0.0, 28.0)
07:44:31.802 [JavaFX Application Thread] DEBUG PrimaryStageWindow   - Scaled size: 672.0 x 432.0
07:44:31.802 [JavaFX Application Thread] DEBUG PrimaryStageWindow   - Scaled ratio: (1.0, 1.0)
07:44:31.802 [JavaFX Application Thread] DEBUG PrimaryStageWindow   - Scene size: 672.0 x 432.0
07:44:31.803 [JavaFX Application Thread] DEBUG PrimaryStageWindow   - Stage size: 672.0 x 460.0
07:44:31.807 [FXGL Background Thread 1 ] DEBUG Engine               - Initializing environment variables
07:44:31.867 [FXGL Background Thread 1 ] DEBUG FXGLAssetLoaderServi - User app class for loading assets: class codigo.Main
07:44:31.867 [FXGL Background Thread 1 ] DEBUG GameApplicationServi - Applying CSS: fxgl_dark.css
07:44:31.869 [FXGL Background Thread 1 ] DEBUG FXGLAssetLoaderServi - Loading from file system: jar:file:/Users/darienumanazuniga/Desktop/fxgl-21-uber.jar!/fxglassets/ui/css/fxgl_dark.css
07:44:31.918 [FXGL Background Thread 1 ] DEBUG GameApplicationServi - Initializing application scenes
07:44:32.124 [FXGL Background Thread 1 ] DEBUG GameWorld            - Game world initialized
07:44:32.193 [FXGL Background Thread 1 ] DEBUG PhysicsWorld         - Physics world initialized: appHeight=432, physics.ppm=50,0
07:44:32.194 [FXGL Background Thread 1 ] DEBUG PhysicsWorld         - Using strategy: BRUTE_FORCE
07:44:32.196 [FXGL Background Thread 1 ] DEBUG GameScene            - Game scene initialized: 672x432
07:44:32.204 [FXGL Background Thread 1 ] DEBUG FXGLAssetLoaderServi - Loading from file system: file:/Users/darienumanazuniga/Desktop/Prueba1/build/classes/assets/textures/FONDO.png
07:44:32.266 [FXGL Background Thread 1 ] WARN  FXGL.DefaultMenu     - FXGLDefaultMenu is not designed for resolutions < 800x600
07:44:32.266 [FXGL Background Thread 1 ] DEBUG FXGL.DefaultMenu     - createMenuBodyGameMenu()
07:44:32.272 [FXGL Background Thread 1 ] DEBUG FXGL.DefaultMenu     - createOptionsMenu()
07:44:32.276 [FXGL Background Thread 1 ] DEBUG FXGLAssetLoaderServi - Loading from file system: jar:file:/Users/darienumanazuniga/Desktop/fxgl-21-uber.jar!/fxglassets/textures/particles/smoke.png
07:44:32.332 [FXGL Background Thread 1 ] DEBUG FXGLAssetLoaderServi - Loading from file system: jar:file:/Users/darienumanazuniga/Desktop/fxgl-21-uber.jar!/fxglassets/textures/particles/trace_horizontal.png
07:44:32.350 [FXGL Background Thread 1 ] DEBUG GameApplicationServi - Application scenes initialized
07:44:32.357 [FXGL Background Thread 1 ] DEBUG SystemBundleService  - Loading FXGL system data
07:44:32.360 [FXGL Background Thread 1 ] DEBUG FileSystemAccess     - Reading from: /Users/darienumanazuniga/Desktop/Prueba1/system/fxgl.bundle
07:44:32.366 [FXGL Background Thread 1 ] DEBUG SystemBundleService  - Bundle FXGL: {}
07:44:32.366 [FXGL Background Thread 1 ] DEBUG UpdaterService       - Checking for updates
07:44:32.378 [FXGL Background Thread 4 ] DEBUG FXGLApplication      - Loading fonts
07:44:32.378 [FXGL Background Thread 4 ] DEBUG FXGLAssetLoaderServi - Loading from file system: jar:file:/Users/darienumanazuniga/Desktop/fxgl-21-uber.jar!/fxglassets/ui/fonts/VarelaRound-Regular.ttf
07:44:32.378 [FXGL Background Thread 1 ] DEBUG FXGLApplication      - Loading default localization
07:44:32.379 [FXGL Background Thread 1 ] DEBUG FXGLAssetLoaderServi - Loading from file system: jar:file:/Users/darienumanazuniga/Desktop/fxgl-21-uber.jar!/fxglassets/languages/english.lang
07:44:32.389 [FXGL Background Thread 1 ] INFO  FXGLApplication      - FXGL initialization took: 0,582 sec
07:44:32.395 [JavaFX Application Thread] DEBUG Input                - Registered new binding: Left - Left
07:44:32.395 [JavaFX Application Thread] DEBUG Input                - Registered new binding: Right - Right
07:44:32.395 [JavaFX Application Thread] DEBUG Input                - Registered new binding: Up - Up
07:44:32.396 [JavaFX Application Thread] DEBUG Input                - Registered new binding: Down - Down
07:44:32.396 [JavaFX Application Thread] DEBUG FXGLAssetLoaderServi - Loading from file system: jar:file:/Users/darienumanazuniga/Desktop/fxgl-21-uber.jar!/fxglassets/textures/fxgl_icon.png
07:44:32.402 [FXGL Background Thread 4 ] DEBUG FXGLAssetLoaderServi - Loading from file system: jar:file:/Users/darienumanazuniga/Desktop/fxgl-21-uber.jar!/fxglassets/ui/fonts/Abel-Regular.ttf
07:44:32.404 [FXGL Background Thread 4 ] DEBUG FXGLAssetLoaderServi - Loading from file system: jar:file:/Users/darienumanazuniga/Desktop/fxgl-21-uber.jar!/fxglassets/ui/fonts/TerminalLandMono-Regular.otf
07:44:32.406 [FXGL Background Thread 4 ] DEBUG FXGLAssetLoaderServi - Loading from file system: jar:file:/Users/darienumanazuniga/Desktop/fxgl-21-uber.jar!/fxglassets/ui/fonts/Courier-Prime.ttf
07:44:32.414 [JavaFX Application Thread] DEBUG FXGLAssetLoaderServi - Loading from file system: jar:file:/Users/darienumanazuniga/Desktop/fxgl-21-uber.jar!/fxglassets/textures/fxgl_default_cursor.png
07:44:32.415 [JavaFX Application Thread] DEBUG Input                - Registered new binding: Screenshot - CTRL+8
07:44:32.415 [JavaFX Application Thread] DEBUG Input                - Registered new binding: Dev Options - 1
07:44:32.415 [JavaFX Application Thread] DEBUG Input                - Registered new binding: Dev Console - 2
07:44:32.415 [JavaFX Application Thread] DEBUG Input                - Registered new binding: System info dump - CTRL+9
07:44:32.415 [JavaFX Application Thread] DEBUG Input                - Registered new binding: Restart - CTRL+R
07:44:32.416 [JavaFX Application Thread] DEBUG Input                - Registered new binding: Toggle Debug Camera - CTRL+7
07:44:32.417 [JavaFX Application Thread] DEBUG LoopRunner           - Starting loop
07:44:32.423 [JavaFX Application Thread] DEBUG LoopRunner           - Initializing JavaFX AnimationTimerLoop
07:44:32.424 [JavaFX Application Thread] DEBUG Input                - Clearing active input actions
07:44:32.428 [JavaFX Application Thread] DEBUG GameApplicationServi - Removing overlay from FXGLStartupScene and adding to FXGLMainMenuDummyScene
07:44:32.430 [JavaFX Application Thread] DEBUG PrimaryStageWindow   - FXGLStartupScene -> FXGLMainMenuDummyScene
07:44:32.430 [JavaFX Application Thread] DEBUG PrimaryStageWindow   - Push state: ZeldaaMainMenu
07:44:32.430 [JavaFX Application Thread] DEBUG Input                - Clearing active input actions
07:44:32.431 [JavaFX Application Thread] DEBUG GameApplicationServi - Removing overlay from FXGLMainMenuDummyScene and adding to ZeldaaMainMenu
07:44:32.432 [JavaFX Application Thread] DEBUG PrimaryStageWindow   - FXGLMainMenuDummyScene -> ZeldaaMainMenu
07:44:32.446 [JavaFX Application Thread] DEBUG FXGLApplication      - Registering font factories with UI factory
07:44:32.910 [FXGL Background Thread 2 ] INFO  UpdaterService       - Your current version:  21
07:44:32.910 [FXGL Background Thread 2 ] INFO  UpdaterService       - Latest stable version: 21.1
07:44:32.976 [JavaFX Application Thread] DEBUG Menu                 - fireNewGame()
07:44:32.976 [JavaFX Application Thread] DEBUG GameApplicationServi - Starting new game
07:44:32.976 [JavaFX Application Thread] DEBUG PrimaryStageWindow   - Pop state: ZeldaaMainMenu
07:44:32.976 [JavaFX Application Thread] DEBUG Input                - Clearing active input actions
07:44:32.977 [JavaFX Application Thread] DEBUG GameApplicationServi - Removing overlay from ZeldaaMainMenu and adding to FXGLMainMenuDummyScene
07:44:32.979 [JavaFX Application Thread] DEBUG PrimaryStageWindow   - FXGLMainMenuDummyScene <- ZeldaaMainMenu
07:44:32.979 [JavaFX Application Thread] DEBUG Input                - Clearing active input actions
07:44:32.983 [JavaFX Application Thread] DEBUG GameApplicationServi - Removing overlay from FXGLMainMenuDummyScene and adding to FXGLLoadingScene
07:44:32.983 [JavaFX Application Thread] DEBUG PrimaryStageWindow   - FXGLMainMenuDummyScene -> FXGLLoadingScene
07:44:32.983 [JavaFX Application Thread] DEBUG GameApplicationServi - Clearing previous game
07:44:32.983 [JavaFX Application Thread] DEBUG GameScene            - Clearing game scene
07:44:32.983 [JavaFX Application Thread] DEBUG GameWorld            - Clearing game world
07:44:32.983 [JavaFX Application Thread] DEBUG PhysicsWorld         - Clearing physics world
07:44:32.984 [FXGL Background Thread 2 ] DEBUG FXGLApplication      - Initializing game
07:44:33.011 [FXGL Background Thread 2 ] DEBUG TMXLevelLoader       - Parsed TiledMap: file:/Users/darienumanazuniga/Desktop/Prueba1/build/classes/assets/levels/tmx/mapa1.tmx
07:44:33.012 [FXGL Background Thread 2 ] DEBUG TMXLevelLoader       - Creating tile layer entities
07:44:33.013 [FXGL Background Thread 2 ] DEBUG TilesetLoader        - Loading view for layer Tile Layer 1
07:44:33.013 [FXGL Background Thread 2 ] DEBUG TilesetLoader        - Created buffer with size 672.0x432.0
07:44:33.103 [FXGL Background Thread 2 ] DEBUG TilesetLoader        - Loading view for layer MUEBLES
07:44:33.103 [FXGL Background Thread 2 ] DEBUG TilesetLoader        - Created buffer with size 672.0x432.0
07:44:33.104 [FXGL Background Thread 2 ] DEBUG TMXLevelLoader       - Creating object layer entities
07:44:33.116 [FXGL Background Thread 2 ] DEBUG GameWorld            - Clearing removable entities
07:44:33.116 [FXGL Background Thread 2 ] DEBUG GameWorld            - Setting level: com.almasb.fxgl.entity.level.Level@26a79014
07:44:33.121 [FXGL Background Thread 2 ] DEBUG FXGLAssetLoaderServi - Loading from file system: file:/Users/darienumanazuniga/Desktop/Prueba1/build/classes/assets/textures/sprits1.png
07:44:33.125 [FXGL Background Thread 2 ] DEBUG FXGLAssetLoaderServi - Loading from file system: file:/Users/darienumanazuniga/Desktop/Prueba1/build/classes/assets/textures/sprits2.png
07:44:33.129 [FXGL Background Thread 2 ] DEBUG FXGLAssetLoaderServi - Loading from file system: file:/Users/darienumanazuniga/Desktop/Prueba1/build/classes/assets/textures/sprits3.png
07:44:33.133 [FXGL Background Thread 2 ] DEBUG FXGLAssetLoaderServi - Loading from file system: file:/Users/darienumanazuniga/Desktop/Prueba1/build/classes/assets/textures/sprits4.png
07:44:33.144 [FXGL Background Thread 2 ] INFO  FXGLApplication      - Game initialization took: 0,160 sec
07:44:33.145 [JavaFX Application Thread] DEBUG Input                - Clearing active input actions
07:44:33.149 [JavaFX Application Thread] DEBUG GameApplicationServi - Removing overlay from FXGLLoadingScene and adding to GameScene
07:44:33.152 [JavaFX Application Thread] DEBUG PrimaryStageWindow   - FXGLLoadingScene -> GameScene
07:44:35.383 [FXGL Background Thread 3 ] DEBUG Engine               - Logging environment variables
07:44:35.385 [FXGL Background Thread 3 ] DEBUG Engine               - achievements: []
07:44:35.385 [FXGL Background Thread 3 ] DEBUG Engine               - actualHeight: 432.0
07:44:35.385 [FXGL Background Thread 3 ] DEBUG Engine               - actualHeightProperty: ReadOnlyDoubleProperty [value: 432.0]
07:44:35.385 [FXGL Background Thread 3 ] DEBUG Engine               - actualWidth: 672.0
07:44:35.386 [FXGL Background Thread 3 ] DEBUG Engine               - actualWidthProperty: ReadOnlyDoubleProperty [value: 672.0]
07:44:35.386 [FXGL Background Thread 3 ] DEBUG Engine               - appIcon: fxgl_icon.png
07:44:35.386 [FXGL Background Thread 3 ] DEBUG Engine               - applicationMode: DEVELOPER
07:44:35.386 [FXGL Background Thread 3 ] DEBUG Engine               - cSSList: [fxgl_dark.css]
07:44:35.386 [FXGL Background Thread 3 ] DEBUG Engine               - collisionDetectionStrategy: BRUTE_FORCE
07:44:35.386 [FXGL Background Thread 3 ] DEBUG Engine               - configClass: Optional.empty
07:44:35.387 [FXGL Background Thread 3 ] DEBUG Engine               - credits: []
07:44:35.387 [FXGL Background Thread 3 ] DEBUG Engine               - defaultCursor: CursorInfo(imageName=fxgl_default_cursor.png, hotspotX=7.0, hotspotY=6.0)
07:44:35.388 [FXGL Background Thread 3 ] DEBUG Engine               - devBBoxColorProperty: ObjectProperty [value: 0xff0000ff]
07:44:35.388 [FXGL Background Thread 3 ] DEBUG Engine               - devEnableDebugCameraProperty: BooleanProperty [value: false]
07:44:35.388 [FXGL Background Thread 3 ] DEBUG Engine               - devSensorColorProperty: ObjectProperty [value: 0xffff00ff]
07:44:35.388 [FXGL Background Thread 3 ] DEBUG Engine               - devShowBBoxProperty: BooleanProperty [value: false]
07:44:35.388 [FXGL Background Thread 3 ] DEBUG Engine               - devShowPositionProperty: BooleanProperty [value: false]
07:44:35.388 [FXGL Background Thread 3 ] DEBUG Engine               - enabledMenuItems: []
07:44:35.388 [FXGL Background Thread 3 ] DEBUG Engine               - engineServices: [class com.almasb.fxgl.app.services.FXGLAssetLoaderService, class com.almasb.fxgl.app.FXGLApplication$GameApplicationService, class com.almasb.fxgl.app.services.FXGLDialogService, class com.almasb.fxgl.app.services.IOTaskExecutorService, class com.almasb.fxgl.io.FileSystemService, class com.almasb.fxgl.localization.LocalizationService, class com.almasb.fxgl.app.services.SystemBundleService, class com.almasb.fxgl.profile.SaveLoadService, class com.almasb.fxgl.ui.FXGLUIFactoryServiceProvider, class com.almasb.fxgl.ui.FXGLDialogFactoryServiceProvider, class com.almasb.fxgl.audio.AudioPlayer, class com.almasb.fxgl.notification.impl.NotificationServiceProvider, class com.almasb.fxgl.achievement.AchievementService, class com.almasb.fxgl.cutscene.CutsceneService, class com.almasb.fxgl.minigames.MiniGameService, class com.almasb.fxgl.net.NetService, class com.almasb.fxgl.app.services.UpdaterService, class com.almasb.fxgl.dev.DevService]
07:44:35.388 [FXGL Background Thread 3 ] DEBUG Engine               - fontGame: Abel-Regular.ttf
07:44:35.388 [FXGL Background Thread 3 ] DEBUG Engine               - fontMono: TerminalLandMono-Regular.otf
07:44:35.389 [FXGL Background Thread 3 ] DEBUG Engine               - fontSizeScaleUI: 1.0
07:44:35.389 [FXGL Background Thread 3 ] DEBUG Engine               - fontText: Courier-Prime.ttf
07:44:35.389 [FXGL Background Thread 3 ] DEBUG Engine               - fontUI: VarelaRound-Regular.ttf
07:44:35.389 [FXGL Background Thread 3 ] DEBUG Engine               - fullScreen: BooleanProperty [value: false]
07:44:35.389 [FXGL Background Thread 3 ] DEBUG Engine               - gameDifficulty: MEDIUM
07:44:35.389 [FXGL Background Thread 3 ] DEBUG Engine               - gameDifficultyProperty: ObjectProperty [value: MEDIUM]
07:44:35.389 [FXGL Background Thread 3 ] DEBUG Engine               - globalMusicVolume: 0.5
07:44:35.389 [FXGL Background Thread 3 ] DEBUG Engine               - globalMusicVolumeProperty: DoubleProperty [value: 0.3]
07:44:35.389 [FXGL Background Thread 3 ] DEBUG Engine               - globalSoundVolume: 0.5
07:44:35.389 [FXGL Background Thread 3 ] DEBUG Engine               - globalSoundVolumeProperty: DoubleProperty [value: 0.5]
07:44:35.389 [FXGL Background Thread 3 ] DEBUG Engine               - height: 432
07:44:35.389 [FXGL Background Thread 3 ] DEBUG Engine               - is3D: false
07:44:35.390 [FXGL Background Thread 3 ] DEBUG Engine               - isAndroid: false
07:44:35.390 [FXGL Background Thread 3 ] DEBUG Engine               - isBrowser: false
07:44:35.390 [FXGL Background Thread 3 ] DEBUG Engine               - isClickFeedbackEnabled: false
07:44:35.390 [FXGL Background Thread 3 ] DEBUG Engine               - isCloseConfirmation: false
07:44:35.390 [FXGL Background Thread 3 ] DEBUG Engine               - isDesktop: true
07:44:35.390 [FXGL Background Thread 3 ] DEBUG Engine               - isDeveloperMenuEnabled: true
07:44:35.390 [FXGL Background Thread 3 ] DEBUG Engine               - isEmbedded: false
07:44:35.390 [FXGL Background Thread 3 ] DEBUG Engine               - isEntityPreloadEnabled: true
07:44:35.390 [FXGL Background Thread 3 ] DEBUG Engine               - isExperimentalTiledLargeMap: false
07:44:35.390 [FXGL Background Thread 3 ] DEBUG Engine               - isFileSystemWriteAllowed: true
07:44:35.390 [FXGL Background Thread 3 ] DEBUG Engine               - isFullScreenAllowed: false
07:44:35.390 [FXGL Background Thread 3 ] DEBUG Engine               - isFullScreenFromStart: false
07:44:35.390 [FXGL Background Thread 3 ] DEBUG Engine               - isGameMenuEnabled: true
07:44:35.390 [FXGL Background Thread 3 ] DEBUG Engine               - isIOS: false
07:44:35.390 [FXGL Background Thread 3 ] DEBUG Engine               - isIntroEnabled: false
07:44:35.391 [FXGL Background Thread 3 ] DEBUG Engine               - isLinux: false
07:44:35.391 [FXGL Background Thread 3 ] DEBUG Engine               - isMac: true
07:44:35.391 [FXGL Background Thread 3 ] DEBUG Engine               - isMainMenuEnabled: true
07:44:35.391 [FXGL Background Thread 3 ] DEBUG Engine               - isManualResizeEnabled: false
07:44:35.391 [FXGL Background Thread 3 ] DEBUG Engine               - isMobile: false
07:44:35.391 [FXGL Background Thread 3 ] DEBUG Engine               - isNative: false
07:44:35.391 [FXGL Background Thread 3 ] DEBUG Engine               - isPauseMusicWhenMinimized: true
07:44:35.391 [FXGL Background Thread 3 ] DEBUG Engine               - isPreserveResizeRatio: false
07:44:35.391 [FXGL Background Thread 3 ] DEBUG Engine               - isProfilingEnabled: false
07:44:35.391 [FXGL Background Thread 3 ] DEBUG Engine               - isScaleAffectedOnResize: true
07:44:35.391 [FXGL Background Thread 3 ] DEBUG Engine               - isSingleStep: false
07:44:35.391 [FXGL Background Thread 3 ] DEBUG Engine               - isUserProfileEnabled: false
07:44:35.391 [FXGL Background Thread 3 ] DEBUG Engine               - isWindows: false
07:44:35.391 [FXGL Background Thread 3 ] DEBUG Engine               - language: ObjectProperty [value: ENGLISH]
07:44:35.391 [FXGL Background Thread 3 ] DEBUG Engine               - menuKey: ESCAPE
07:44:35.392 [FXGL Background Thread 3 ] DEBUG Engine               - mouseSensitivity: 0.2
07:44:35.392 [FXGL Background Thread 3 ] DEBUG Engine               - notificationViewClass: class com.almasb.fxgl.notification.view.XboxNotificationView
07:44:35.392 [FXGL Background Thread 3 ] DEBUG Engine               - pixelsPerMeter: 50.0
07:44:35.392 [FXGL Background Thread 3 ] DEBUG Engine               - platform: MAC
07:44:35.392 [FXGL Background Thread 3 ] DEBUG Engine               - prefHeightProperty: ReadOnlyDoubleProperty [value: 432.0]
07:44:35.392 [FXGL Background Thread 3 ] DEBUG Engine               - prefWidthProperty: ReadOnlyDoubleProperty [value: 672.0]
07:44:35.392 [FXGL Background Thread 3 ] DEBUG Engine               - profileDir: profiles/
07:44:35.392 [FXGL Background Thread 3 ] DEBUG Engine               - profileName: StringProperty [value: DEFAULT]
07:44:35.392 [FXGL Background Thread 3 ] DEBUG Engine               - randomSeed: -1
07:44:35.394 [FXGL Background Thread 3 ] DEBUG Engine               - runtimeInfo: RuntimeInfo(platform=MAC, version=21, build=28.12.2023 13.39)
07:44:35.394 [FXGL Background Thread 3 ] DEBUG Engine               - saveFileExt: sav
07:44:35.394 [FXGL Background Thread 3 ] DEBUG Engine               - scaledHeightProp$fxgl: DoubleProperty [bound, value: 432.0]
07:44:35.394 [FXGL Background Thread 3 ] DEBUG Engine               - scaledWidthProp$fxgl: DoubleProperty [bound, value: 672.0]
07:44:35.394 [FXGL Background Thread 3 ] DEBUG Engine               - sceneFactory: codigo.Main$1@38dea50c
07:44:35.394 [FXGL Background Thread 3 ] DEBUG Engine               - secondsIn24h: 60
07:44:35.395 [FXGL Background Thread 3 ] DEBUG Engine               - soundMenuBack: menu/back.wav
07:44:35.395 [FXGL Background Thread 3 ] DEBUG Engine               - soundMenuPress: menu/press.wav
07:44:35.395 [FXGL Background Thread 3 ] DEBUG Engine               - soundMenuSelect: menu/select.wav
07:44:35.395 [FXGL Background Thread 3 ] DEBUG Engine               - soundNotification: core/notification.wav
07:44:35.395 [FXGL Background Thread 3 ] DEBUG Engine               - stageStyle: DECORATED
07:44:35.395 [FXGL Background Thread 3 ] DEBUG Engine               - supportedLanguages: [ENGLISH, FRENCH, GERMAN, HUNGARIAN, RUSSIAN]
07:44:35.395 [FXGL Background Thread 3 ] DEBUG Engine               - ticksPerSecond: -1
07:44:35.395 [FXGL Background Thread 3 ] DEBUG Engine               - title: Zelda-Minish-Cap
07:44:35.395 [FXGL Background Thread 3 ] DEBUG Engine               - urlGithub: https://github.com/AlmasB/FXGL
07:44:35.395 [FXGL Background Thread 3 ] DEBUG Engine               - urlLeaderboard: http://fxgl-top.herokuapp.com/
07:44:35.395 [FXGL Background Thread 3 ] DEBUG Engine               - urlPOM: https://raw.githubusercontent.com/AlmasB/FXGL/release/README.md
07:44:35.395 [FXGL Background Thread 3 ] DEBUG Engine               - userAppClass: class codigo.Main
07:44:35.395 [FXGL Background Thread 3 ] DEBUG Engine               - version: beta
07:44:35.395 [FXGL Background Thread 3 ] DEBUG Engine               - versionCheckDays: 7
07:44:35.395 [FXGL Background Thread 3 ] DEBUG Engine               - width: 672
07:44:35.395 [FXGL Background Thread 3 ] DEBUG Engine               - Logging services
07:44:35.396 [FXGL Background Thread 3 ] DEBUG Engine               - class com.almasb.fxgl.app.services.FXGLAssetLoaderService
07:44:35.396 [FXGL Background Thread 3 ] DEBUG Engine               - class com.almasb.fxgl.app.FXGLApplication$GameApplicationService
07:44:35.396 [FXGL Background Thread 3 ] DEBUG Engine               - class com.almasb.fxgl.app.services.FXGLDialogService
07:44:35.396 [FXGL Background Thread 3 ] DEBUG Engine               - class com.almasb.fxgl.app.services.IOTaskExecutorService
07:44:35.396 [FXGL Background Thread 3 ] DEBUG Engine               - class com.almasb.fxgl.io.FileSystemService
07:44:35.396 [FXGL Background Thread 3 ] DEBUG Engine               - class com.almasb.fxgl.localization.LocalizationService
07:44:35.396 [FXGL Background Thread 3 ] DEBUG Engine               - class com.almasb.fxgl.app.services.SystemBundleService
07:44:35.396 [FXGL Background Thread 3 ] DEBUG Engine               - class com.almasb.fxgl.profile.SaveLoadService
07:44:35.396 [FXGL Background Thread 3 ] DEBUG Engine               - class com.almasb.fxgl.ui.FXGLUIFactoryServiceProvider
07:44:35.396 [FXGL Background Thread 3 ] DEBUG Engine               - class com.almasb.fxgl.ui.FXGLDialogFactoryServiceProvider
07:44:35.396 [FXGL Background Thread 3 ] DEBUG Engine               - class com.almasb.fxgl.audio.AudioPlayer
07:44:35.396 [FXGL Background Thread 3 ] DEBUG Engine               - class com.almasb.fxgl.notification.impl.NotificationServiceProvider
07:44:35.396 [FXGL Background Thread 3 ] DEBUG Engine               - class com.almasb.fxgl.achievement.AchievementService
07:44:35.396 [FXGL Background Thread 3 ] DEBUG Engine               - class com.almasb.fxgl.cutscene.CutsceneService
07:44:35.396 [FXGL Background Thread 3 ] DEBUG Engine               - class com.almasb.fxgl.minigames.MiniGameService
07:44:35.396 [FXGL Background Thread 3 ] DEBUG Engine               - class com.almasb.fxgl.net.NetService
07:44:35.396 [FXGL Background Thread 3 ] DEBUG Engine               - class com.almasb.fxgl.app.services.UpdaterService
07:44:35.396 [FXGL Background Thread 3 ] DEBUG Engine               - class com.almasb.fxgl.dev.DevService
07:44:36.881 [JavaFX Application Thread] DEBUG FXGLApplication      - Exiting FXGL
07:44:36.881 [JavaFX Application Thread] DEBUG LoopRunner           - Stopping loop
07:44:36.881 [JavaFX Application Thread] DEBUG SystemBundleService  - Saving FXGL system data
07:44:36.885 [JavaFX Application Thread] DEBUG FileSystemAccess     - Writing to: /Users/darienumanazuniga/Desktop/Prueba1/system/fxgl.bundle
07:44:36.886 [JavaFX Application Thread] DEBUG Async                - Shutting down background threads
07:44:36.887 [JavaFX Application Thread] DEBUG PrimaryStageWindow   - Closing main window
07:44:36.908 [JavaFX Application Thread] DEBUG Logger               - Closing Logger
