17:41:59.492 [main                     ] DEBUG Logger               - Configured Logger
17:41:59.521 [main                     ] DEBUG GameApplication      - Logging settings
Title: Zelda-Minish-Cap
Version: beta
Width: 672
Height: 432
Fullscreen: false
Intro: false
Profiling: false
Single step:false
App Mode: DEVELOPER
Menu Key: ESCAPE
Stage Style: DECORATED
Scene Factory: class codigo.Main$1

17:41:59.733 [JavaFX Application Thread] DEBUG FXGLApplication      - Initializing FXGL
17:41:59.737 [JavaFX Application Thread] INFO  Engine               - FXGL-21 (28.12.2023 13.39) on MAC (J:21.0.2 FX:21.0.2)
17:41:59.737 [JavaFX Application Thread] DEBUG Engine               - JRE Vendor Name: Azul Systems, Inc.
17:41:59.737 [JavaFX Application Thread] DEBUG Engine               - Running on OS: Mac OS X version 14.4.1
17:41:59.738 [JavaFX Application Thread] DEBUG Engine               - Architecture: aarch64
17:41:59.738 [JavaFX Application Thread] INFO  Engine               - Source code and latest versions at: https://github.com/AlmasB/FXGL
17:41:59.738 [JavaFX Application Thread] INFO  Engine               -       Ask questions and discuss at: https://github.com/AlmasB/FXGL/discussions
17:41:59.738 [JavaFX Application Thread] INFO  Engine               -              Join the FXGL chat at: https://gitter.im/AlmasB/FXGL
17:41:59.798 [JavaFX Application Thread] DEBUG PrimaryStageWindow   - Creating a JavaFX scene
17:41:59.821 [JavaFX Application Thread] DEBUG PrimaryStageWindow   - Target settings size: 672.0 x 432.0
17:41:59.821 [JavaFX Application Thread] DEBUG PrimaryStageWindow   - Scaled scene size:    672.0 x 432.0
17:41:59.821 [JavaFX Application Thread] DEBUG PrimaryStageWindow   - Scaled ratio: (1.0, 1.0)
17:41:59.822 [JavaFX Application Thread] DEBUG PrimaryStageWindow   - Set initial scene to FXGLStartupScene
17:41:59.824 [JavaFX Application Thread] DEBUG PrimaryStageWindow   - Opening main window
17:41:59.909 [JavaFX Application Thread] DEBUG PrimaryStageWindow   - Window border size: (0.0, 28.0)
17:41:59.909 [JavaFX Application Thread] DEBUG PrimaryStageWindow   - Scaled size: 672.0 x 432.0
17:41:59.909 [JavaFX Application Thread] DEBUG PrimaryStageWindow   - Scaled ratio: (1.0, 1.0)
17:41:59.909 [JavaFX Application Thread] DEBUG PrimaryStageWindow   - Scene size: 672.0 x 432.0
17:41:59.909 [JavaFX Application Thread] DEBUG PrimaryStageWindow   - Stage size: 672.0 x 460.0
17:41:59.915 [FXGL Background Thread 1 ] DEBUG Engine               - Initializing environment variables
17:41:59.961 [FXGL Background Thread 1 ] DEBUG FXGLAssetLoaderServi - User app class for loading assets: class codigo.Main
17:41:59.962 [FXGL Background Thread 1 ] DEBUG GameApplicationServi - Applying CSS: fxgl_dark.css
17:41:59.962 [FXGL Background Thread 1 ] DEBUG FXGLAssetLoaderServi - Loading from file system: jar:file:/Users/darienumanazuniga/Desktop/fxgl-21-uber.jar!/fxglassets/ui/css/fxgl_dark.css
17:42:00.003 [FXGL Background Thread 1 ] DEBUG GameApplicationServi - Initializing application scenes
17:42:00.222 [FXGL Background Thread 1 ] DEBUG GameWorld            - Game world initialized
17:42:00.295 [FXGL Background Thread 1 ] DEBUG PhysicsWorld         - Physics world initialized: appHeight=432, physics.ppm=50,0
17:42:00.295 [FXGL Background Thread 1 ] DEBUG PhysicsWorld         - Using strategy: BRUTE_FORCE
17:42:00.299 [FXGL Background Thread 1 ] DEBUG GameScene            - Game scene initialized: 672x432
17:42:00.308 [FXGL Background Thread 1 ] DEBUG FXGLAssetLoaderServi - Loading from file system: file:/Users/darienumanazuniga/Desktop/Prueba1/build/classes/assets/textures/FONDO.png
17:42:00.366 [FXGL Background Thread 1 ] WARN  FXGL.DefaultMenu     - FXGLDefaultMenu is not designed for resolutions < 800x600
17:42:00.366 [FXGL Background Thread 1 ] DEBUG FXGL.DefaultMenu     - createMenuBodyGameMenu()
17:42:00.373 [FXGL Background Thread 1 ] DEBUG FXGL.DefaultMenu     - createOptionsMenu()
17:42:00.377 [FXGL Background Thread 1 ] DEBUG FXGLAssetLoaderServi - Loading from file system: jar:file:/Users/darienumanazuniga/Desktop/fxgl-21-uber.jar!/fxglassets/textures/particles/smoke.png
17:42:00.439 [FXGL Background Thread 1 ] DEBUG FXGLAssetLoaderServi - Loading from file system: jar:file:/Users/darienumanazuniga/Desktop/fxgl-21-uber.jar!/fxglassets/textures/particles/trace_horizontal.png
17:42:00.462 [FXGL Background Thread 1 ] DEBUG GameApplicationServi - Application scenes initialized
17:42:00.469 [FXGL Background Thread 1 ] DEBUG SystemBundleService  - Loading FXGL system data
17:42:00.472 [FXGL Background Thread 1 ] DEBUG FileSystemAccess     - Reading from: /Users/darienumanazuniga/Desktop/Prueba1/system/fxgl.bundle
17:42:00.478 [FXGL Background Thread 1 ] DEBUG SystemBundleService  - Bundle FXGL: {}
17:42:00.478 [FXGL Background Thread 1 ] DEBUG UpdaterService       - Checking for updates
17:42:00.493 [FXGL Background Thread 4 ] DEBUG FXGLApplication      - Loading fonts
17:42:00.494 [FXGL Background Thread 1 ] DEBUG FXGLApplication      - Loading default localization
17:42:00.494 [FXGL Background Thread 4 ] DEBUG FXGLAssetLoaderServi - Loading from file system: jar:file:/Users/darienumanazuniga/Desktop/fxgl-21-uber.jar!/fxglassets/ui/fonts/VarelaRound-Regular.ttf
17:42:00.494 [FXGL Background Thread 1 ] DEBUG FXGLAssetLoaderServi - Loading from file system: jar:file:/Users/darienumanazuniga/Desktop/fxgl-21-uber.jar!/fxglassets/languages/english.lang
17:42:00.515 [FXGL Background Thread 1 ] INFO  FXGLApplication      - FXGL initialization took: 0,600 sec
17:42:00.522 [JavaFX Application Thread] DEBUG Input                - Registered new binding: Left - Left
17:42:00.522 [JavaFX Application Thread] DEBUG Input                - Registered new binding: Right - Right
17:42:00.522 [JavaFX Application Thread] DEBUG Input                - Registered new binding: Up - Up
17:42:00.522 [JavaFX Application Thread] DEBUG Input                - Registered new binding: Down - Down
17:42:00.523 [JavaFX Application Thread] DEBUG FXGLAssetLoaderServi - Loading from file system: jar:file:/Users/darienumanazuniga/Desktop/fxgl-21-uber.jar!/fxglassets/textures/fxgl_icon.png
17:42:00.531 [FXGL Background Thread 4 ] DEBUG FXGLAssetLoaderServi - Loading from file system: jar:file:/Users/darienumanazuniga/Desktop/fxgl-21-uber.jar!/fxglassets/ui/fonts/Abel-Regular.ttf
17:42:00.534 [FXGL Background Thread 4 ] DEBUG FXGLAssetLoaderServi - Loading from file system: jar:file:/Users/darienumanazuniga/Desktop/fxgl-21-uber.jar!/fxglassets/ui/fonts/TerminalLandMono-Regular.otf
17:42:00.537 [FXGL Background Thread 4 ] DEBUG FXGLAssetLoaderServi - Loading from file system: jar:file:/Users/darienumanazuniga/Desktop/fxgl-21-uber.jar!/fxglassets/ui/fonts/Courier-Prime.ttf
17:42:00.539 [JavaFX Application Thread] DEBUG FXGLAssetLoaderServi - Loading from file system: jar:file:/Users/darienumanazuniga/Desktop/fxgl-21-uber.jar!/fxglassets/textures/fxgl_default_cursor.png
17:42:00.540 [JavaFX Application Thread] DEBUG Input                - Registered new binding: Screenshot - CTRL+8
17:42:00.541 [JavaFX Application Thread] DEBUG Input                - Registered new binding: Dev Options - 1
17:42:00.541 [JavaFX Application Thread] DEBUG Input                - Registered new binding: Dev Console - 2
17:42:00.541 [JavaFX Application Thread] DEBUG Input                - Registered new binding: System info dump - CTRL+9
17:42:00.541 [JavaFX Application Thread] DEBUG Input                - Registered new binding: Restart - CTRL+R
17:42:00.542 [JavaFX Application Thread] DEBUG Input                - Registered new binding: Toggle Debug Camera - CTRL+7
17:42:00.543 [JavaFX Application Thread] DEBUG LoopRunner           - Starting loop
17:42:00.551 [JavaFX Application Thread] DEBUG LoopRunner           - Initializing JavaFX AnimationTimerLoop
17:42:00.552 [JavaFX Application Thread] DEBUG Input                - Clearing active input actions
17:42:00.558 [JavaFX Application Thread] DEBUG GameApplicationServi - Removing overlay from FXGLStartupScene and adding to FXGLMainMenuDummyScene
17:42:00.560 [JavaFX Application Thread] DEBUG PrimaryStageWindow   - FXGLStartupScene -> FXGLMainMenuDummyScene
17:42:00.560 [JavaFX Application Thread] DEBUG PrimaryStageWindow   - Push state: ZeldaaMainMenu
17:42:00.560 [JavaFX Application Thread] DEBUG Input                - Clearing active input actions
17:42:00.562 [JavaFX Application Thread] DEBUG GameApplicationServi - Removing overlay from FXGLMainMenuDummyScene and adding to ZeldaaMainMenu
17:42:00.562 [JavaFX Application Thread] DEBUG PrimaryStageWindow   - FXGLMainMenuDummyScene -> ZeldaaMainMenu
17:42:00.584 [JavaFX Application Thread] DEBUG FXGLApplication      - Registering font factories with UI factory
17:42:01.513 [FXGL Background Thread 2 ] INFO  UpdaterService       - Your current version:  21
17:42:01.513 [FXGL Background Thread 2 ] INFO  UpdaterService       - Latest stable version: 21.1
17:42:03.497 [FXGL Background Thread 3 ] DEBUG Engine               - Logging environment variables
17:42:03.498 [FXGL Background Thread 3 ] DEBUG Engine               - achievements: []
17:42:03.498 [FXGL Background Thread 3 ] DEBUG Engine               - actualHeight: 432.0
17:42:03.498 [FXGL Background Thread 3 ] DEBUG Engine               - actualHeightProperty: ReadOnlyDoubleProperty [value: 432.0]
17:42:03.498 [FXGL Background Thread 3 ] DEBUG Engine               - actualWidth: 672.0
17:42:03.498 [FXGL Background Thread 3 ] DEBUG Engine               - actualWidthProperty: ReadOnlyDoubleProperty [value: 672.0]
17:42:03.498 [FXGL Background Thread 3 ] DEBUG Engine               - appIcon: fxgl_icon.png
17:42:03.498 [FXGL Background Thread 3 ] DEBUG Engine               - applicationMode: DEVELOPER
17:42:03.498 [FXGL Background Thread 3 ] DEBUG Engine               - cSSList: [fxgl_dark.css]
17:42:03.498 [FXGL Background Thread 3 ] DEBUG Engine               - collisionDetectionStrategy: BRUTE_FORCE
17:42:03.498 [FXGL Background Thread 3 ] DEBUG Engine               - configClass: Optional.empty
17:42:03.499 [FXGL Background Thread 3 ] DEBUG Engine               - credits: []
17:42:03.499 [FXGL Background Thread 3 ] DEBUG Engine               - defaultCursor: CursorInfo(imageName=fxgl_default_cursor.png, hotspotX=7.0, hotspotY=6.0)
17:42:03.499 [FXGL Background Thread 3 ] DEBUG Engine               - devBBoxColorProperty: ObjectProperty [value: 0xff0000ff]
17:42:03.499 [FXGL Background Thread 3 ] DEBUG Engine               - devEnableDebugCameraProperty: BooleanProperty [value: false]
17:42:03.499 [FXGL Background Thread 3 ] DEBUG Engine               - devSensorColorProperty: ObjectProperty [value: 0xffff00ff]
17:42:03.499 [FXGL Background Thread 3 ] DEBUG Engine               - devShowBBoxProperty: BooleanProperty [value: false]
17:42:03.499 [FXGL Background Thread 3 ] DEBUG Engine               - devShowPositionProperty: BooleanProperty [value: false]
17:42:03.499 [FXGL Background Thread 3 ] DEBUG Engine               - enabledMenuItems: []
17:42:03.499 [FXGL Background Thread 3 ] DEBUG Engine               - engineServices: [class com.almasb.fxgl.app.services.FXGLAssetLoaderService, class com.almasb.fxgl.app.FXGLApplication$GameApplicationService, class com.almasb.fxgl.app.services.FXGLDialogService, class com.almasb.fxgl.app.services.IOTaskExecutorService, class com.almasb.fxgl.io.FileSystemService, class com.almasb.fxgl.localization.LocalizationService, class com.almasb.fxgl.app.services.SystemBundleService, class com.almasb.fxgl.profile.SaveLoadService, class com.almasb.fxgl.ui.FXGLUIFactoryServiceProvider, class com.almasb.fxgl.ui.FXGLDialogFactoryServiceProvider, class com.almasb.fxgl.audio.AudioPlayer, class com.almasb.fxgl.notification.impl.NotificationServiceProvider, class com.almasb.fxgl.achievement.AchievementService, class com.almasb.fxgl.cutscene.CutsceneService, class com.almasb.fxgl.minigames.MiniGameService, class com.almasb.fxgl.net.NetService, class com.almasb.fxgl.app.services.UpdaterService, class com.almasb.fxgl.dev.DevService]
17:42:03.499 [FXGL Background Thread 3 ] DEBUG Engine               - fontGame: Abel-Regular.ttf
17:42:03.499 [FXGL Background Thread 3 ] DEBUG Engine               - fontMono: TerminalLandMono-Regular.otf
17:42:03.500 [FXGL Background Thread 3 ] DEBUG Engine               - fontSizeScaleUI: 1.0
17:42:03.500 [FXGL Background Thread 3 ] DEBUG Engine               - fontText: Courier-Prime.ttf
17:42:03.500 [FXGL Background Thread 3 ] DEBUG Engine               - fontUI: VarelaRound-Regular.ttf
17:42:03.500 [FXGL Background Thread 3 ] DEBUG Engine               - fullScreen: BooleanProperty [value: false]
17:42:03.500 [FXGL Background Thread 3 ] DEBUG Engine               - gameDifficulty: MEDIUM
17:42:03.500 [FXGL Background Thread 3 ] DEBUG Engine               - gameDifficultyProperty: ObjectProperty [value: MEDIUM]
17:42:03.500 [FXGL Background Thread 3 ] DEBUG Engine               - globalMusicVolume: 0.5
17:42:03.500 [FXGL Background Thread 3 ] DEBUG Engine               - globalMusicVolumeProperty: DoubleProperty [value: 0.3]
17:42:03.500 [FXGL Background Thread 3 ] DEBUG Engine               - globalSoundVolume: 0.5
17:42:03.500 [FXGL Background Thread 3 ] DEBUG Engine               - globalSoundVolumeProperty: DoubleProperty [value: 0.5]
17:42:03.500 [FXGL Background Thread 3 ] DEBUG Engine               - height: 432
17:42:03.500 [FXGL Background Thread 3 ] DEBUG Engine               - is3D: false
17:42:03.501 [FXGL Background Thread 3 ] DEBUG Engine               - isAndroid: false
17:42:03.501 [FXGL Background Thread 3 ] DEBUG Engine               - isBrowser: false
17:42:03.501 [FXGL Background Thread 3 ] DEBUG Engine               - isClickFeedbackEnabled: false
17:42:03.501 [FXGL Background Thread 3 ] DEBUG Engine               - isCloseConfirmation: false
17:42:03.501 [FXGL Background Thread 3 ] DEBUG Engine               - isDesktop: true
17:42:03.501 [FXGL Background Thread 3 ] DEBUG Engine               - isDeveloperMenuEnabled: true
17:42:03.501 [FXGL Background Thread 3 ] DEBUG Engine               - isEmbedded: false
17:42:03.501 [FXGL Background Thread 3 ] DEBUG Engine               - isEntityPreloadEnabled: true
17:42:03.501 [FXGL Background Thread 3 ] DEBUG Engine               - isExperimentalTiledLargeMap: false
17:42:03.502 [FXGL Background Thread 3 ] DEBUG Engine               - isFileSystemWriteAllowed: true
17:42:03.502 [FXGL Background Thread 3 ] DEBUG Engine               - isFullScreenAllowed: false
17:42:03.502 [FXGL Background Thread 3 ] DEBUG Engine               - isFullScreenFromStart: false
17:42:03.502 [FXGL Background Thread 3 ] DEBUG Engine               - isGameMenuEnabled: true
17:42:03.502 [FXGL Background Thread 3 ] DEBUG Engine               - isIOS: false
17:42:03.502 [FXGL Background Thread 3 ] DEBUG Engine               - isIntroEnabled: false
17:42:03.502 [FXGL Background Thread 3 ] DEBUG Engine               - isLinux: false
17:42:03.502 [FXGL Background Thread 3 ] DEBUG Engine               - isMac: true
17:42:03.502 [FXGL Background Thread 3 ] DEBUG Engine               - isMainMenuEnabled: true
17:42:03.502 [FXGL Background Thread 3 ] DEBUG Engine               - isManualResizeEnabled: false
17:42:03.502 [FXGL Background Thread 3 ] DEBUG Engine               - isMobile: false
17:42:03.502 [FXGL Background Thread 3 ] DEBUG Engine               - isNative: false
17:42:03.502 [FXGL Background Thread 3 ] DEBUG Engine               - isPauseMusicWhenMinimized: true
17:42:03.502 [FXGL Background Thread 3 ] DEBUG Engine               - isPreserveResizeRatio: false
17:42:03.502 [FXGL Background Thread 3 ] DEBUG Engine               - isProfilingEnabled: false
17:42:03.502 [FXGL Background Thread 3 ] DEBUG Engine               - isScaleAffectedOnResize: true
17:42:03.502 [FXGL Background Thread 3 ] DEBUG Engine               - isSingleStep: false
17:42:03.502 [FXGL Background Thread 3 ] DEBUG Engine               - isUserProfileEnabled: false
17:42:03.502 [FXGL Background Thread 3 ] DEBUG Engine               - isWindows: false
17:42:03.503 [FXGL Background Thread 3 ] DEBUG Engine               - language: ObjectProperty [value: ENGLISH]
17:42:03.503 [FXGL Background Thread 3 ] DEBUG Engine               - menuKey: ESCAPE
17:42:03.503 [FXGL Background Thread 3 ] DEBUG Engine               - mouseSensitivity: 0.2
17:42:03.503 [FXGL Background Thread 3 ] DEBUG Engine               - notificationViewClass: class com.almasb.fxgl.notification.view.XboxNotificationView
17:42:03.503 [FXGL Background Thread 3 ] DEBUG Engine               - pixelsPerMeter: 50.0
17:42:03.503 [FXGL Background Thread 3 ] DEBUG Engine               - platform: MAC
17:42:03.503 [FXGL Background Thread 3 ] DEBUG Engine               - prefHeightProperty: ReadOnlyDoubleProperty [value: 432.0]
17:42:03.503 [FXGL Background Thread 3 ] DEBUG Engine               - prefWidthProperty: ReadOnlyDoubleProperty [value: 672.0]
17:42:03.503 [FXGL Background Thread 3 ] DEBUG Engine               - profileDir: profiles/
17:42:03.503 [FXGL Background Thread 3 ] DEBUG Engine               - profileName: StringProperty [value: DEFAULT]
17:42:03.503 [FXGL Background Thread 3 ] DEBUG Engine               - randomSeed: -1
17:42:03.503 [FXGL Background Thread 3 ] DEBUG Engine               - runtimeInfo: RuntimeInfo(platform=MAC, version=21, build=28.12.2023 13.39)
17:42:03.503 [FXGL Background Thread 3 ] DEBUG Engine               - saveFileExt: sav
17:42:03.503 [FXGL Background Thread 3 ] DEBUG Engine               - scaledHeightProp$fxgl: DoubleProperty [bound, value: 432.0]
17:42:03.503 [FXGL Background Thread 3 ] DEBUG Engine               - scaledWidthProp$fxgl: DoubleProperty [bound, value: 672.0]
17:42:03.504 [FXGL Background Thread 3 ] DEBUG Engine               - sceneFactory: codigo.Main$1@6092760c
17:42:03.504 [FXGL Background Thread 3 ] DEBUG Engine               - secondsIn24h: 60
17:42:03.504 [FXGL Background Thread 3 ] DEBUG Engine               - soundMenuBack: menu/back.wav
17:42:03.504 [FXGL Background Thread 3 ] DEBUG Engine               - soundMenuPress: menu/press.wav
17:42:03.504 [FXGL Background Thread 3 ] DEBUG Engine               - soundMenuSelect: menu/select.wav
17:42:03.504 [FXGL Background Thread 3 ] DEBUG Engine               - soundNotification: core/notification.wav
17:42:03.504 [FXGL Background Thread 3 ] DEBUG Engine               - stageStyle: DECORATED
17:42:03.504 [FXGL Background Thread 3 ] DEBUG Engine               - supportedLanguages: [ENGLISH, FRENCH, GERMAN, HUNGARIAN, RUSSIAN]
17:42:03.504 [FXGL Background Thread 3 ] DEBUG Engine               - ticksPerSecond: -1
17:42:03.504 [FXGL Background Thread 3 ] DEBUG Engine               - title: Zelda-Minish-Cap
17:42:03.504 [FXGL Background Thread 3 ] DEBUG Engine               - urlGithub: https://github.com/AlmasB/FXGL
17:42:03.504 [FXGL Background Thread 3 ] DEBUG Engine               - urlLeaderboard: http://fxgl-top.herokuapp.com/
17:42:03.504 [FXGL Background Thread 3 ] DEBUG Engine               - urlPOM: https://raw.githubusercontent.com/AlmasB/FXGL/release/README.md
17:42:03.504 [FXGL Background Thread 3 ] DEBUG Engine               - userAppClass: class codigo.Main
17:42:03.504 [FXGL Background Thread 3 ] DEBUG Engine               - version: beta
17:42:03.504 [FXGL Background Thread 3 ] DEBUG Engine               - versionCheckDays: 7
17:42:03.504 [FXGL Background Thread 3 ] DEBUG Engine               - width: 672
17:42:03.504 [FXGL Background Thread 3 ] DEBUG Engine               - Logging services
17:42:03.505 [FXGL Background Thread 3 ] DEBUG Engine               - class com.almasb.fxgl.app.services.FXGLAssetLoaderService
17:42:03.505 [FXGL Background Thread 3 ] DEBUG Engine               - class com.almasb.fxgl.app.FXGLApplication$GameApplicationService
17:42:03.505 [FXGL Background Thread 3 ] DEBUG Engine               - class com.almasb.fxgl.app.services.FXGLDialogService
17:42:03.505 [FXGL Background Thread 3 ] DEBUG Engine               - class com.almasb.fxgl.app.services.IOTaskExecutorService
17:42:03.505 [FXGL Background Thread 3 ] DEBUG Engine               - class com.almasb.fxgl.io.FileSystemService
17:42:03.505 [FXGL Background Thread 3 ] DEBUG Engine               - class com.almasb.fxgl.localization.LocalizationService
17:42:03.505 [FXGL Background Thread 3 ] DEBUG Engine               - class com.almasb.fxgl.app.services.SystemBundleService
17:42:03.505 [FXGL Background Thread 3 ] DEBUG Engine               - class com.almasb.fxgl.profile.SaveLoadService
17:42:03.505 [FXGL Background Thread 3 ] DEBUG Engine               - class com.almasb.fxgl.ui.FXGLUIFactoryServiceProvider
17:42:03.505 [FXGL Background Thread 3 ] DEBUG Engine               - class com.almasb.fxgl.ui.FXGLDialogFactoryServiceProvider
17:42:03.505 [FXGL Background Thread 3 ] DEBUG Engine               - class com.almasb.fxgl.audio.AudioPlayer
17:42:03.505 [FXGL Background Thread 3 ] DEBUG Engine               - class com.almasb.fxgl.notification.impl.NotificationServiceProvider
17:42:03.505 [FXGL Background Thread 3 ] DEBUG Engine               - class com.almasb.fxgl.achievement.AchievementService
17:42:03.505 [FXGL Background Thread 3 ] DEBUG Engine               - class com.almasb.fxgl.cutscene.CutsceneService
17:42:03.505 [FXGL Background Thread 3 ] DEBUG Engine               - class com.almasb.fxgl.minigames.MiniGameService
17:42:03.505 [FXGL Background Thread 3 ] DEBUG Engine               - class com.almasb.fxgl.net.NetService
17:42:03.505 [FXGL Background Thread 3 ] DEBUG Engine               - class com.almasb.fxgl.app.services.UpdaterService
17:42:03.505 [FXGL Background Thread 3 ] DEBUG Engine               - class com.almasb.fxgl.dev.DevService
17:42:06.683 [JavaFX Application Thread] DEBUG Menu                 - fireNewGame()
17:42:06.683 [JavaFX Application Thread] DEBUG GameApplicationServi - Starting new game
17:42:06.684 [JavaFX Application Thread] DEBUG PrimaryStageWindow   - Pop state: ZeldaaMainMenu
17:42:06.684 [JavaFX Application Thread] DEBUG Input                - Clearing active input actions
17:42:06.685 [JavaFX Application Thread] DEBUG GameApplicationServi - Removing overlay from ZeldaaMainMenu and adding to FXGLMainMenuDummyScene
17:42:06.687 [JavaFX Application Thread] DEBUG PrimaryStageWindow   - FXGLMainMenuDummyScene <- ZeldaaMainMenu
17:42:06.687 [JavaFX Application Thread] DEBUG Input                - Clearing active input actions
17:42:06.692 [JavaFX Application Thread] DEBUG GameApplicationServi - Removing overlay from FXGLMainMenuDummyScene and adding to FXGLLoadingScene
17:42:06.692 [JavaFX Application Thread] DEBUG PrimaryStageWindow   - FXGLMainMenuDummyScene -> FXGLLoadingScene
17:42:06.692 [JavaFX Application Thread] DEBUG GameApplicationServi - Clearing previous game
17:42:06.692 [JavaFX Application Thread] DEBUG GameScene            - Clearing game scene
17:42:06.692 [JavaFX Application Thread] DEBUG GameWorld            - Clearing game world
17:42:06.692 [JavaFX Application Thread] DEBUG PhysicsWorld         - Clearing physics world
17:42:06.694 [FXGL Background Thread 2 ] DEBUG FXGLApplication      - Initializing game
17:42:06.730 [FXGL Background Thread 2 ] DEBUG TMXLevelLoader       - Parsed TiledMap: file:/Users/darienumanazuniga/Desktop/Prueba1/build/classes/assets/levels/tmx/mapa1.tmx
17:42:06.731 [FXGL Background Thread 2 ] DEBUG TMXLevelLoader       - Creating tile layer entities
17:42:06.732 [FXGL Background Thread 2 ] DEBUG TilesetLoader        - Loading view for layer Tile Layer 1
17:42:06.733 [FXGL Background Thread 2 ] DEBUG TilesetLoader        - Created buffer with size 672.0x432.0
17:42:06.845 [FXGL Background Thread 2 ] DEBUG TilesetLoader        - Loading view for layer MUEBLES
17:42:06.845 [FXGL Background Thread 2 ] DEBUG TilesetLoader        - Created buffer with size 672.0x432.0
17:42:06.845 [FXGL Background Thread 2 ] DEBUG TMXLevelLoader       - Creating object layer entities
17:42:06.860 [FXGL Background Thread 2 ] DEBUG GameWorld            - Clearing removable entities
17:42:06.860 [FXGL Background Thread 2 ] DEBUG GameWorld            - Setting level: com.almasb.fxgl.entity.level.Level@73241863
17:42:06.867 [FXGL Background Thread 2 ] DEBUG FXGLAssetLoaderServi - Loading from file system: file:/Users/darienumanazuniga/Desktop/Prueba1/build/classes/assets/textures/sprits1.png
17:42:06.871 [FXGL Background Thread 2 ] DEBUG FXGLAssetLoaderServi - Loading from file system: file:/Users/darienumanazuniga/Desktop/Prueba1/build/classes/assets/textures/sprits2.png
17:42:06.874 [FXGL Background Thread 2 ] DEBUG FXGLAssetLoaderServi - Loading from file system: file:/Users/darienumanazuniga/Desktop/Prueba1/build/classes/assets/textures/sprits3.png
17:42:06.877 [FXGL Background Thread 2 ] DEBUG FXGLAssetLoaderServi - Loading from file system: file:/Users/darienumanazuniga/Desktop/Prueba1/build/classes/assets/textures/sprits4.png
17:42:06.889 [FXGL Background Thread 2 ] INFO  FXGLApplication      - Game initialization took: 0,194 sec
17:42:06.890 [JavaFX Application Thread] DEBUG Input                - Clearing active input actions
17:42:06.894 [JavaFX Application Thread] DEBUG GameApplicationServi - Removing overlay from FXGLLoadingScene and adding to GameScene
17:42:06.896 [JavaFX Application Thread] DEBUG PrimaryStageWindow   - FXGLLoadingScene -> GameScene
17:42:13.015 [JavaFX Application Thread] DEBUG PrimaryStageWindow   - Push state: DialogSubScene
17:42:13.015 [JavaFX Application Thread] DEBUG Input                - Clearing active input actions
17:42:13.015 [JavaFX Application Thread] DEBUG GameApplicationServi - Removing overlay from GameScene and adding to DialogSubScene
17:42:13.016 [JavaFX Application Thread] DEBUG PrimaryStageWindow   - GameScene -> DialogSubScene
17:42:26.980 [JavaFX Application Thread] DEBUG PrimaryStageWindow   - Pop state: DialogSubScene
17:42:26.980 [JavaFX Application Thread] DEBUG Input                - Clearing active input actions
17:42:26.981 [JavaFX Application Thread] DEBUG GameApplicationServi - Removing overlay from DialogSubScene and adding to GameScene
17:42:26.983 [JavaFX Application Thread] DEBUG PrimaryStageWindow   - GameScene <- DialogSubScene
17:42:32.164 [JavaFX Application Thread] DEBUG FXGLAssetLoaderServi - Loading from file system: file:/Users/darienumanazuniga/Desktop/Prueba1/build/classes/assets/music/mapa1-2.mp3
17:42:32.457 [JavaFX Application Thread] DEBUG FXGLAssetLoaderServi - Loading from file system: file:/Users/darienumanazuniga/Desktop/Prueba1/build/classes/assets/music/mapa32.mp3
17:42:32.459 [JavaFX Application Thread] DEBUG FXGLAssetLoaderServi - Loading from file system: file:/Users/darienumanazuniga/Desktop/Prueba1/build/classes/assets/music/mapa4.mp3
17:42:32.460 [JavaFX Application Thread] DEBUG FXGLAssetLoaderServi - Loading from file system: file:/Users/darienumanazuniga/Desktop/Prueba1/build/classes/assets/music/mapa5-6.mp3
17:42:32.464 [JavaFX Application Thread] DEBUG TMXLevelLoader       - Parsed TiledMap: file:/Users/darienumanazuniga/Desktop/Prueba1/build/classes/assets/levels/tmx/mapa2.tmx
17:42:32.465 [JavaFX Application Thread] DEBUG TMXLevelLoader       - Creating tile layer entities
17:42:32.465 [JavaFX Application Thread] DEBUG TilesetLoader        - Loading view for layer Tile Layer 1
17:42:32.465 [JavaFX Application Thread] DEBUG TilesetLoader        - Created buffer with size 672.0x432.0
17:42:32.555 [JavaFX Application Thread] DEBUG TilesetLoader        - Loading view for layer muebles
17:42:32.555 [JavaFX Application Thread] DEBUG TilesetLoader        - Created buffer with size 672.0x432.0
17:42:32.556 [JavaFX Application Thread] DEBUG TMXLevelLoader       - Creating object layer entities
17:42:32.558 [JavaFX Application Thread] DEBUG GameWorld            - Clearing removable entities
17:42:32.560 [JavaFX Application Thread] DEBUG GameWorld            - Setting level: com.almasb.fxgl.entity.level.Level@b1a0f62
17:42:37.003 [JavaFX Application Thread] DEBUG PrimaryStageWindow   - Push state: DialogSubScene
17:42:37.004 [JavaFX Application Thread] DEBUG Input                - Clearing active input actions
17:42:37.007 [JavaFX Application Thread] DEBUG GameApplicationServi - Removing overlay from GameScene and adding to DialogSubScene
17:42:37.008 [JavaFX Application Thread] DEBUG PrimaryStageWindow   - GameScene -> DialogSubScene
17:42:47.608 [JavaFX Application Thread] DEBUG PrimaryStageWindow   - Pop state: DialogSubScene
17:42:47.608 [JavaFX Application Thread] DEBUG Input                - Clearing active input actions
17:42:47.610 [JavaFX Application Thread] DEBUG GameApplicationServi - Removing overlay from DialogSubScene and adding to GameScene
17:42:47.611 [JavaFX Application Thread] DEBUG PrimaryStageWindow   - GameScene <- DialogSubScene
17:42:47.614 [JavaFX Application Thread] DEBUG PrimaryStageWindow   - Push state: DialogSubScene
17:42:47.614 [JavaFX Application Thread] DEBUG Input                - Clearing active input actions
17:42:47.614 [JavaFX Application Thread] DEBUG GameApplicationServi - Removing overlay from GameScene and adding to DialogSubScene
17:42:47.614 [JavaFX Application Thread] DEBUG PrimaryStageWindow   - GameScene -> DialogSubScene
17:42:51.452 [JavaFX Application Thread] DEBUG PrimaryStageWindow   - Pop state: DialogSubScene
17:42:51.452 [JavaFX Application Thread] DEBUG Input                - Clearing active input actions
17:42:51.453 [JavaFX Application Thread] DEBUG GameApplicationServi - Removing overlay from DialogSubScene and adding to GameScene
17:42:51.455 [JavaFX Application Thread] DEBUG PrimaryStageWindow   - GameScene <- DialogSubScene
17:42:56.477 [JavaFX Application Thread] DEBUG TMXLevelLoader       - Parsed TiledMap: file:/Users/darienumanazuniga/Desktop/Prueba1/build/classes/assets/levels/tmx/mapa3.tmx
17:42:56.477 [JavaFX Application Thread] DEBUG TMXLevelLoader       - Creating tile layer entities
17:42:56.477 [JavaFX Application Thread] DEBUG TilesetLoader        - Loading view for layer Capa de patrones 1
17:42:56.477 [JavaFX Application Thread] DEBUG TilesetLoader        - Created buffer with size 2016.0x1344.0
17:42:56.608 [JavaFX Application Thread] DEBUG TMXLevelLoader       - Creating object layer entities
17:42:56.623 [JavaFX Application Thread] DEBUG GameWorld            - Clearing removable entities
17:42:56.624 [JavaFX Application Thread] DEBUG GameWorld            - Setting level: com.almasb.fxgl.entity.level.Level@1098f09b
17:42:56.627 [JavaFX Application Thread] DEBUG AudioPlayer          - Playing music com.almasb.fxgl.audio.Music@231fbe6
17:42:56.629 [JavaFX Application Thread] DEBUG AudioPlayer          - Stopping music com.almasb.fxgl.audio.Music@231fbe6
17:42:56.631 [JavaFX Application Thread] DEBUG AudioPlayer          - Playing music com.almasb.fxgl.audio.Music@4cb28a9f
17:42:56.633 [JavaFX Application Thread] DEBUG FXGLAssetLoaderServi - Loading from file system: file:/Users/darienumanazuniga/Desktop/Prueba1/build/classes/assets/textures/gato3.png
17:42:56.637 [JavaFX Application Thread] DEBUG FXGLAssetLoaderServi - Loading from file system: file:/Users/darienumanazuniga/Desktop/Prueba1/build/classes/assets/textures/npcpuzle1.png
17:44:10.632 [JavaFX Application Thread] DEBUG PrimaryStageWindow   - Push state: DialogSubScene
17:44:10.633 [JavaFX Application Thread] DEBUG Input                - Clearing active input actions
17:44:10.635 [JavaFX Application Thread] DEBUG GameApplicationServi - Removing overlay from GameScene and adding to DialogSubScene
17:44:10.637 [JavaFX Application Thread] DEBUG PrimaryStageWindow   - GameScene -> DialogSubScene
17:44:36.720 [JavaFX Application Thread] DEBUG PrimaryStageWindow   - Pop state: DialogSubScene
17:44:36.721 [JavaFX Application Thread] DEBUG Input                - Clearing active input actions
17:44:36.722 [JavaFX Application Thread] DEBUG GameApplicationServi - Removing overlay from DialogSubScene and adding to GameScene
17:44:36.723 [JavaFX Application Thread] DEBUG PrimaryStageWindow   - GameScene <- DialogSubScene
17:44:36.725 [JavaFX Application Thread] DEBUG PrimaryStageWindow   - Push state: DialogSubScene
17:44:36.725 [JavaFX Application Thread] DEBUG Input                - Clearing active input actions
17:44:36.725 [JavaFX Application Thread] DEBUG GameApplicationServi - Removing overlay from GameScene and adding to DialogSubScene
17:44:36.725 [JavaFX Application Thread] DEBUG PrimaryStageWindow   - GameScene -> DialogSubScene
17:44:41.559 [JavaFX Application Thread] DEBUG PrimaryStageWindow   - Pop state: DialogSubScene
17:44:41.560 [JavaFX Application Thread] DEBUG Input                - Clearing active input actions
17:44:41.561 [JavaFX Application Thread] DEBUG GameApplicationServi - Removing overlay from DialogSubScene and adding to GameScene
17:44:41.562 [JavaFX Application Thread] DEBUG PrimaryStageWindow   - GameScene <- DialogSubScene
17:44:44.347 [JavaFX Application Thread] DEBUG PrimaryStageWindow   - Push state: DialogSubScene
17:44:44.347 [JavaFX Application Thread] DEBUG Input                - Clearing active input actions
17:44:44.348 [JavaFX Application Thread] DEBUG GameApplicationServi - Removing overlay from GameScene and adding to DialogSubScene
17:44:44.349 [JavaFX Application Thread] DEBUG PrimaryStageWindow   - GameScene -> DialogSubScene
17:44:51.962 [JavaFX Application Thread] DEBUG PrimaryStageWindow   - Pop state: DialogSubScene
17:44:51.962 [JavaFX Application Thread] DEBUG Input                - Clearing active input actions
17:44:51.964 [JavaFX Application Thread] DEBUG GameApplicationServi - Removing overlay from DialogSubScene and adding to GameScene
17:44:51.965 [JavaFX Application Thread] DEBUG PrimaryStageWindow   - GameScene <- DialogSubScene
17:44:51.966 [JavaFX Application Thread] DEBUG PrimaryStageWindow   - Push state: DialogSubScene
17:44:51.967 [JavaFX Application Thread] DEBUG Input                - Clearing active input actions
17:44:51.967 [JavaFX Application Thread] DEBUG GameApplicationServi - Removing overlay from GameScene and adding to DialogSubScene
17:44:51.967 [JavaFX Application Thread] DEBUG PrimaryStageWindow   - GameScene -> DialogSubScene
17:45:02.043 [JavaFX Application Thread] DEBUG PrimaryStageWindow   - Pop state: DialogSubScene
17:45:02.044 [JavaFX Application Thread] DEBUG Input                - Clearing active input actions
17:45:02.045 [JavaFX Application Thread] DEBUG GameApplicationServi - Removing overlay from DialogSubScene and adding to GameScene
17:45:02.047 [JavaFX Application Thread] DEBUG PrimaryStageWindow   - GameScene <- DialogSubScene
17:45:05.697 [JavaFX Application Thread] DEBUG PrimaryStageWindow   - Push state: DialogSubScene
17:45:05.698 [JavaFX Application Thread] DEBUG Input                - Clearing active input actions
17:45:05.699 [JavaFX Application Thread] DEBUG GameApplicationServi - Removing overlay from GameScene and adding to DialogSubScene
17:45:05.700 [JavaFX Application Thread] DEBUG PrimaryStageWindow   - GameScene -> DialogSubScene
17:45:15.346 [JavaFX Application Thread] DEBUG PrimaryStageWindow   - Pop state: DialogSubScene
17:45:15.346 [JavaFX Application Thread] DEBUG Input                - Clearing active input actions
17:45:15.348 [JavaFX Application Thread] DEBUG GameApplicationServi - Removing overlay from DialogSubScene and adding to GameScene
17:45:15.350 [JavaFX Application Thread] DEBUG PrimaryStageWindow   - GameScene <- DialogSubScene
17:45:15.351 [JavaFX Application Thread] DEBUG PrimaryStageWindow   - Push state: DialogSubScene
17:45:15.351 [JavaFX Application Thread] DEBUG Input                - Clearing active input actions
17:45:15.351 [JavaFX Application Thread] DEBUG GameApplicationServi - Removing overlay from GameScene and adding to DialogSubScene
17:45:15.352 [JavaFX Application Thread] DEBUG PrimaryStageWindow   - GameScene -> DialogSubScene
17:45:26.372 [JavaFX Application Thread] DEBUG PrimaryStageWindow   - Pop state: DialogSubScene
17:45:26.373 [JavaFX Application Thread] DEBUG Input                - Clearing active input actions
17:45:26.374 [JavaFX Application Thread] DEBUG GameApplicationServi - Removing overlay from DialogSubScene and adding to GameScene
17:45:26.375 [JavaFX Application Thread] DEBUG PrimaryStageWindow   - GameScene <- DialogSubScene
17:45:28.680 [JavaFX Application Thread] DEBUG PrimaryStageWindow   - Push state: DialogSubScene
17:45:28.681 [JavaFX Application Thread] DEBUG Input                - Clearing active input actions
17:45:28.682 [JavaFX Application Thread] DEBUG GameApplicationServi - Removing overlay from GameScene and adding to DialogSubScene
17:45:28.683 [JavaFX Application Thread] DEBUG PrimaryStageWindow   - GameScene -> DialogSubScene
17:45:32.181 [JavaFX Application Thread] DEBUG PrimaryStageWindow   - Pop state: DialogSubScene
17:45:32.181 [JavaFX Application Thread] DEBUG Input                - Clearing active input actions
17:45:32.182 [JavaFX Application Thread] DEBUG GameApplicationServi - Removing overlay from DialogSubScene and adding to GameScene
17:45:32.183 [JavaFX Application Thread] DEBUG PrimaryStageWindow   - GameScene <- DialogSubScene
17:45:32.184 [JavaFX Application Thread] DEBUG PrimaryStageWindow   - Push state: DialogSubScene
17:45:32.184 [JavaFX Application Thread] DEBUG Input                - Clearing active input actions
17:45:32.185 [JavaFX Application Thread] DEBUG GameApplicationServi - Removing overlay from GameScene and adding to DialogSubScene
17:45:32.185 [JavaFX Application Thread] DEBUG PrimaryStageWindow   - GameScene -> DialogSubScene
17:45:33.623 [JavaFX Application Thread] DEBUG PrimaryStageWindow   - Pop state: DialogSubScene
17:45:33.624 [JavaFX Application Thread] DEBUG Input                - Clearing active input actions
17:45:33.625 [JavaFX Application Thread] DEBUG GameApplicationServi - Removing overlay from DialogSubScene and adding to GameScene
17:45:33.626 [JavaFX Application Thread] DEBUG PrimaryStageWindow   - GameScene <- DialogSubScene
17:46:04.230 [JavaFX Application Thread] DEBUG PrimaryStageWindow   - Push state: DialogSubScene
17:46:04.231 [JavaFX Application Thread] DEBUG Input                - Clearing active input actions
17:46:04.231 [JavaFX Application Thread] DEBUG GameApplicationServi - Removing overlay from GameScene and adding to DialogSubScene
17:46:04.232 [JavaFX Application Thread] DEBUG PrimaryStageWindow   - GameScene -> DialogSubScene
17:46:10.342 [JavaFX Application Thread] DEBUG PrimaryStageWindow   - Pop state: DialogSubScene
17:46:10.342 [JavaFX Application Thread] DEBUG Input                - Clearing active input actions
17:46:10.343 [JavaFX Application Thread] DEBUG GameApplicationServi - Removing overlay from DialogSubScene and adding to GameScene
17:46:10.344 [JavaFX Application Thread] DEBUG PrimaryStageWindow   - GameScene <- DialogSubScene
17:46:18.628 [JavaFX Application Thread] DEBUG PrimaryStageWindow   - Push state: DialogSubScene
17:46:18.628 [JavaFX Application Thread] DEBUG Input                - Clearing active input actions
17:46:18.629 [JavaFX Application Thread] DEBUG GameApplicationServi - Removing overlay from GameScene and adding to DialogSubScene
17:46:18.630 [JavaFX Application Thread] DEBUG PrimaryStageWindow   - GameScene -> DialogSubScene
17:46:27.852 [JavaFX Application Thread] DEBUG PrimaryStageWindow   - Pop state: DialogSubScene
17:46:27.852 [JavaFX Application Thread] DEBUG Input                - Clearing active input actions
17:46:27.853 [JavaFX Application Thread] DEBUG GameApplicationServi - Removing overlay from DialogSubScene and adding to GameScene
17:46:27.854 [JavaFX Application Thread] DEBUG PrimaryStageWindow   - GameScene <- DialogSubScene
17:47:16.945 [JavaFX Application Thread] DEBUG PrimaryStageWindow   - Push state: DialogSubScene
17:47:16.945 [JavaFX Application Thread] DEBUG Input                - Clearing active input actions
17:47:16.945 [JavaFX Application Thread] DEBUG GameApplicationServi - Removing overlay from GameScene and adding to DialogSubScene
17:47:16.947 [JavaFX Application Thread] DEBUG PrimaryStageWindow   - GameScene -> DialogSubScene
17:47:43.640 [JavaFX Application Thread] DEBUG PrimaryStageWindow   - Pop state: DialogSubScene
17:47:43.641 [JavaFX Application Thread] DEBUG Input                - Clearing active input actions
17:47:43.642 [JavaFX Application Thread] DEBUG GameApplicationServi - Removing overlay from DialogSubScene and adding to GameScene
17:47:43.643 [JavaFX Application Thread] DEBUG PrimaryStageWindow   - GameScene <- DialogSubScene
17:47:43.645 [JavaFX Application Thread] DEBUG PrimaryStageWindow   - Push state: DialogSubScene
17:47:43.645 [JavaFX Application Thread] DEBUG Input                - Clearing active input actions
17:47:43.645 [JavaFX Application Thread] DEBUG GameApplicationServi - Removing overlay from GameScene and adding to DialogSubScene
17:47:43.645 [JavaFX Application Thread] DEBUG PrimaryStageWindow   - GameScene -> DialogSubScene
17:47:51.126 [JavaFX Application Thread] DEBUG PrimaryStageWindow   - Pop state: DialogSubScene
17:47:51.126 [JavaFX Application Thread] DEBUG Input                - Clearing active input actions
17:47:51.128 [JavaFX Application Thread] DEBUG GameApplicationServi - Removing overlay from DialogSubScene and adding to GameScene
17:47:51.130 [JavaFX Application Thread] DEBUG PrimaryStageWindow   - GameScene <- DialogSubScene
17:48:40.788 [JavaFX Application Thread] DEBUG TMXLevelLoader       - Parsed TiledMap: file:/Users/darienumanazuniga/Desktop/Prueba1/build/classes/assets/levels/tmx/mapa4.tmx
17:48:40.788 [JavaFX Application Thread] DEBUG TMXLevelLoader       - Creating tile layer entities
17:48:40.789 [JavaFX Application Thread] DEBUG TilesetLoader        - Loading view for layer Tile Layer 1
17:48:40.789 [JavaFX Application Thread] DEBUG TilesetLoader        - Created buffer with size 1440.0x1920.0
17:48:40.921 [JavaFX Application Thread] DEBUG TMXLevelLoader       - Creating object layer entities
17:48:40.927 [JavaFX Application Thread] DEBUG GameWorld            - Clearing removable entities
17:48:40.928 [JavaFX Application Thread] DEBUG GameWorld            - Setting level: com.almasb.fxgl.entity.level.Level@19b1c205
17:48:40.930 [JavaFX Application Thread] DEBUG AudioPlayer          - Stopping music com.almasb.fxgl.audio.Music@4cb28a9f
17:48:40.930 [JavaFX Application Thread] DEBUG AudioPlayer          - Playing music com.almasb.fxgl.audio.Music@38b47380
17:48:40.932 [JavaFX Application Thread] DEBUG FXGLAssetLoaderServi - Loading from file system: file:/Users/darienumanazuniga/Desktop/Prueba1/build/classes/assets/textures/pc.png
17:48:43.577 [JavaFX Application Thread] DEBUG PrimaryStageWindow   - Push state: DialogSubScene
17:48:43.578 [JavaFX Application Thread] DEBUG Input                - Clearing active input actions
17:48:43.578 [JavaFX Application Thread] DEBUG GameApplicationServi - Removing overlay from GameScene and adding to DialogSubScene
17:48:43.579 [JavaFX Application Thread] DEBUG PrimaryStageWindow   - GameScene -> DialogSubScene
17:48:47.458 [JavaFX Application Thread] DEBUG PrimaryStageWindow   - Pop state: DialogSubScene
17:48:47.459 [JavaFX Application Thread] DEBUG Input                - Clearing active input actions
17:48:47.460 [JavaFX Application Thread] DEBUG GameApplicationServi - Removing overlay from DialogSubScene and adding to GameScene
17:48:47.461 [JavaFX Application Thread] DEBUG PrimaryStageWindow   - GameScene <- DialogSubScene
17:49:26.246 [JavaFX Application Thread] DEBUG PrimaryStageWindow   - Push state: DialogSubScene
17:49:26.246 [JavaFX Application Thread] DEBUG Input                - Clearing active input actions
17:49:26.247 [JavaFX Application Thread] DEBUG GameApplicationServi - Removing overlay from GameScene and adding to DialogSubScene
17:49:26.249 [JavaFX Application Thread] DEBUG PrimaryStageWindow   - GameScene -> DialogSubScene
17:50:19.721 [JavaFX Application Thread] DEBUG PrimaryStageWindow   - Pop state: DialogSubScene
17:50:19.721 [JavaFX Application Thread] DEBUG Input                - Clearing active input actions
17:50:19.722 [JavaFX Application Thread] DEBUG GameApplicationServi - Removing overlay from DialogSubScene and adding to GameScene
17:50:19.724 [JavaFX Application Thread] DEBUG PrimaryStageWindow   - GameScene <- DialogSubScene
17:50:19.725 [JavaFX Application Thread] DEBUG PrimaryStageWindow   - Push state: DialogSubScene
17:50:19.725 [JavaFX Application Thread] DEBUG Input                - Clearing active input actions
17:50:19.725 [JavaFX Application Thread] DEBUG GameApplicationServi - Removing overlay from GameScene and adding to DialogSubScene
17:50:19.726 [JavaFX Application Thread] DEBUG PrimaryStageWindow   - GameScene -> DialogSubScene
17:50:22.188 [JavaFX Application Thread] DEBUG PrimaryStageWindow   - Pop state: DialogSubScene
17:50:22.189 [JavaFX Application Thread] DEBUG Input                - Clearing active input actions
17:50:22.189 [JavaFX Application Thread] DEBUG GameApplicationServi - Removing overlay from DialogSubScene and adding to GameScene
17:50:22.191 [JavaFX Application Thread] DEBUG PrimaryStageWindow   - GameScene <- DialogSubScene
17:50:30.115 [JavaFX Application Thread] DEBUG TMXLevelLoader       - Parsed TiledMap: file:/Users/darienumanazuniga/Desktop/Prueba1/build/classes/assets/levels/tmx/mapa5.tmx
17:50:30.115 [JavaFX Application Thread] DEBUG TMXLevelLoader       - Creating tile layer entities
17:50:30.116 [JavaFX Application Thread] DEBUG TilesetLoader        - Loading view for layer Tile Layer 1
17:50:30.118 [JavaFX Application Thread] DEBUG TilesetLoader        - Created buffer with size 1008.0x1056.0
17:50:30.161 [JavaFX Application Thread] DEBUG TMXLevelLoader       - Creating object layer entities
17:50:30.163 [JavaFX Application Thread] DEBUG GameWorld            - Clearing removable entities
17:50:30.165 [JavaFX Application Thread] DEBUG GameWorld            - Setting level: com.almasb.fxgl.entity.level.Level@3a01a040
17:50:30.165 [JavaFX Application Thread] DEBUG AudioPlayer          - Stopping music com.almasb.fxgl.audio.Music@38b47380
17:50:30.165 [JavaFX Application Thread] DEBUG AudioPlayer          - Playing music com.almasb.fxgl.audio.Music@2d5ac2b2
17:50:46.113 [JavaFX Application Thread] DEBUG TMXLevelLoader       - Parsed TiledMap: file:/Users/darienumanazuniga/Desktop/Prueba1/build/classes/assets/levels/tmx/mapa6.tmx
17:50:46.113 [JavaFX Application Thread] DEBUG TMXLevelLoader       - Creating tile layer entities
17:50:46.114 [JavaFX Application Thread] DEBUG TilesetLoader        - Loading view for layer Tile Layer 1
17:50:46.118 [JavaFX Application Thread] DEBUG TilesetLoader        - Created buffer with size 672.0x672.0
17:50:46.141 [JavaFX Application Thread] DEBUG TMXLevelLoader       - Creating object layer entities
17:50:46.143 [JavaFX Application Thread] DEBUG GameWorld            - Clearing removable entities
17:50:46.143 [JavaFX Application Thread] DEBUG GameWorld            - Setting level: com.almasb.fxgl.entity.level.Level@1743136f
17:50:46.144 [JavaFX Application Thread] DEBUG AudioPlayer          - Stopping music com.almasb.fxgl.audio.Music@38b47380
17:50:46.144 [JavaFX Application Thread] DEBUG AudioPlayer          - Playing music com.almasb.fxgl.audio.Music@2d5ac2b2
17:50:52.043 [JavaFX Application Thread] DEBUG PrimaryStageWindow   - Push state: DialogSubScene
17:50:52.043 [JavaFX Application Thread] DEBUG Input                - Clearing active input actions
17:50:52.044 [JavaFX Application Thread] DEBUG GameApplicationServi - Removing overlay from GameScene and adding to DialogSubScene
17:50:52.045 [JavaFX Application Thread] DEBUG PrimaryStageWindow   - GameScene -> DialogSubScene
17:50:56.985 [JavaFX Application Thread] DEBUG PrimaryStageWindow   - Pop state: DialogSubScene
17:50:56.985 [JavaFX Application Thread] DEBUG Input                - Clearing active input actions
17:50:56.986 [JavaFX Application Thread] DEBUG GameApplicationServi - Removing overlay from DialogSubScene and adding to GameScene
17:50:56.987 [JavaFX Application Thread] DEBUG PrimaryStageWindow   - GameScene <- DialogSubScene
17:50:56.991 [JavaFX Application Thread] DEBUG FXGLAssetLoaderServi - Loading from file system: file:/Users/darienumanazuniga/Desktop/Prueba1/build/classes/assets/textures/prin.png
17:50:57.001 [JavaFX Application Thread] DEBUG PrimaryStageWindow   - Push state: DialogSubScene
17:50:57.001 [JavaFX Application Thread] DEBUG Input                - Clearing active input actions
17:50:57.001 [JavaFX Application Thread] DEBUG GameApplicationServi - Removing overlay from GameScene and adding to DialogSubScene
17:50:57.001 [JavaFX Application Thread] DEBUG PrimaryStageWindow   - GameScene -> DialogSubScene
17:50:59.106 [JavaFX Application Thread] DEBUG PrimaryStageWindow   - Pop state: DialogSubScene
17:50:59.107 [JavaFX Application Thread] DEBUG Input                - Clearing active input actions
17:50:59.107 [JavaFX Application Thread] DEBUG GameApplicationServi - Removing overlay from DialogSubScene and adding to GameScene
17:50:59.108 [JavaFX Application Thread] DEBUG PrimaryStageWindow   - GameScene <- DialogSubScene
17:51:02.674 [JavaFX Application Thread] DEBUG PrimaryStageWindow   - Push state: DialogSubScene
17:51:02.674 [JavaFX Application Thread] DEBUG Input                - Clearing active input actions
17:51:02.675 [JavaFX Application Thread] DEBUG GameApplicationServi - Removing overlay from GameScene and adding to DialogSubScene
17:51:02.676 [JavaFX Application Thread] DEBUG PrimaryStageWindow   - GameScene -> DialogSubScene
17:51:20.872 [JavaFX Application Thread] DEBUG PrimaryStageWindow   - Pop state: DialogSubScene
17:51:20.872 [JavaFX Application Thread] DEBUG Input                - Clearing active input actions
17:51:20.873 [JavaFX Application Thread] DEBUG GameApplicationServi - Removing overlay from DialogSubScene and adding to GameScene
17:51:20.874 [JavaFX Application Thread] DEBUG PrimaryStageWindow   - GameScene <- DialogSubScene
17:51:33.006 [JavaFX Application Thread] DEBUG FXGLApplication      - Exiting FXGL
17:51:33.007 [JavaFX Application Thread] DEBUG LoopRunner           - Stopping loop
17:51:33.007 [JavaFX Application Thread] DEBUG SystemBundleService  - Saving FXGL system data
17:51:33.011 [JavaFX Application Thread] DEBUG FileSystemAccess     - Writing to: /Users/darienumanazuniga/Desktop/Prueba1/system/fxgl.bundle
17:51:33.014 [JavaFX Application Thread] DEBUG Async                - Shutting down background threads
17:51:33.014 [JavaFX Application Thread] DEBUG PrimaryStageWindow   - Closing main window
17:51:33.025 [JavaFX Application Thread] DEBUG Logger               - Closing Logger
