00:12:44.803 [main                     ] DEBUG Logger               - Configured Logger
00:12:44.832 [main                     ] DEBUG GameApplication      - Logging settings
Title: Zelda-Minish-Cap
Version: beta
Width: 672
Height: 432
Fullscreen: false
Intro: false
Profiling: false
Single step:false
App Mode: DEVELOPER
Menu Key: ESCAPE
Stage Style: DECORATED
Scene Factory: class codigo.Main$1

00:12:45.137 [JavaFX Application Thread] DEBUG FXGLApplication      - Initializing FXGL
00:12:45.140 [JavaFX Application Thread] INFO  Engine               - FXGL-21 (28.12.2023 13.39) on MAC (J:21.0.2 FX:21.0.2)
00:12:45.141 [JavaFX Application Thread] DEBUG Engine               - JRE Vendor Name: Azul Systems, Inc.
00:12:45.141 [JavaFX Application Thread] DEBUG Engine               - Running on OS: Mac OS X version 14.5
00:12:45.141 [JavaFX Application Thread] DEBUG Engine               - Architecture: aarch64
00:12:45.141 [JavaFX Application Thread] INFO  Engine               - Source code and latest versions at: https://github.com/AlmasB/FXGL
00:12:45.141 [JavaFX Application Thread] INFO  Engine               -       Ask questions and discuss at: https://github.com/AlmasB/FXGL/discussions
00:12:45.141 [JavaFX Application Thread] INFO  Engine               -              Join the FXGL chat at: https://gitter.im/AlmasB/FXGL
00:12:45.198 [JavaFX Application Thread] DEBUG PrimaryStageWindow   - Creating a JavaFX scene
00:12:45.243 [JavaFX Application Thread] DEBUG PrimaryStageWindow   - Target settings size: 672.0 x 432.0
00:12:45.243 [JavaFX Application Thread] DEBUG PrimaryStageWindow   - Scaled scene size:    672.0 x 432.0
00:12:45.243 [JavaFX Application Thread] DEBUG PrimaryStageWindow   - Scaled ratio: (1.0, 1.0)
00:12:45.246 [JavaFX Application Thread] DEBUG PrimaryStageWindow   - Set initial scene to FXGLStartupScene
00:12:45.249 [JavaFX Application Thread] DEBUG PrimaryStageWindow   - Opening main window
00:12:45.375 [JavaFX Application Thread] DEBUG PrimaryStageWindow   - Window border size: (0.0, 28.0)
00:12:45.375 [JavaFX Application Thread] DEBUG PrimaryStageWindow   - Scaled size: 672.0 x 432.0
00:12:45.375 [JavaFX Application Thread] DEBUG PrimaryStageWindow   - Scaled ratio: (1.0, 1.0)
00:12:45.376 [JavaFX Application Thread] DEBUG PrimaryStageWindow   - Scene size: 672.0 x 432.0
00:12:45.376 [JavaFX Application Thread] DEBUG PrimaryStageWindow   - Stage size: 672.0 x 460.0
00:12:45.382 [FXGL Background Thread 1 ] DEBUG Engine               - Initializing environment variables
00:12:45.468 [FXGL Background Thread 1 ] DEBUG FXGLAssetLoaderServi - User app class for loading assets: class codigo.Main
00:12:45.468 [FXGL Background Thread 1 ] DEBUG GameApplicationServi - Applying CSS: fxgl_dark.css
00:12:45.470 [FXGL Background Thread 1 ] DEBUG FXGLAssetLoaderServi - Loading from file system: jar:file:/Users/darienumanazuniga/Desktop/fxgl-21-uber.jar!/fxglassets/ui/css/fxgl_dark.css
00:12:45.521 [FXGL Background Thread 1 ] DEBUG GameApplicationServi - Initializing application scenes
00:12:46.090 [FXGL Background Thread 1 ] DEBUG GameWorld            - Game world initialized
00:12:46.197 [FXGL Background Thread 1 ] DEBUG PhysicsWorld         - Physics world initialized: appHeight=432, physics.ppm=50,0
00:12:46.198 [FXGL Background Thread 1 ] DEBUG PhysicsWorld         - Using strategy: BRUTE_FORCE
00:12:46.203 [FXGL Background Thread 1 ] DEBUG GameScene            - Game scene initialized: 672x432
00:12:46.218 [FXGL Background Thread 1 ] DEBUG FXGLAssetLoaderServi - Loading from file system: file:/Users/darienumanazuniga/Desktop/Prueba1/build/classes/assets/textures/FONDO.png
00:12:46.347 [FXGL Background Thread 1 ] WARN  FXGL.DefaultMenu     - FXGLDefaultMenu is not designed for resolutions < 800x600
00:12:46.348 [FXGL Background Thread 1 ] DEBUG FXGL.DefaultMenu     - createMenuBodyGameMenu()
00:12:46.371 [FXGL Background Thread 1 ] DEBUG FXGL.DefaultMenu     - createOptionsMenu()
00:12:46.379 [FXGL Background Thread 1 ] DEBUG FXGLAssetLoaderServi - Loading from file system: jar:file:/Users/darienumanazuniga/Desktop/fxgl-21-uber.jar!/fxglassets/textures/particles/smoke.png
00:12:46.524 [FXGL Background Thread 1 ] DEBUG FXGLAssetLoaderServi - Loading from file system: jar:file:/Users/darienumanazuniga/Desktop/fxgl-21-uber.jar!/fxglassets/textures/particles/trace_horizontal.png
00:12:46.558 [FXGL Background Thread 1 ] DEBUG GameApplicationServi - Application scenes initialized
00:12:46.571 [FXGL Background Thread 1 ] DEBUG SystemBundleService  - Loading FXGL system data
00:12:46.576 [FXGL Background Thread 1 ] DEBUG FileSystemAccess     - Reading from: /Users/darienumanazuniga/Desktop/Prueba1/system/fxgl.bundle
00:12:46.586 [FXGL Background Thread 1 ] DEBUG SystemBundleService  - Bundle FXGL: {}
00:12:46.586 [FXGL Background Thread 1 ] DEBUG UpdaterService       - Checking for updates
00:12:46.617 [FXGL Background Thread 4 ] DEBUG FXGLApplication      - Loading fonts
00:12:46.617 [FXGL Background Thread 4 ] DEBUG FXGLAssetLoaderServi - Loading from file system: jar:file:/Users/darienumanazuniga/Desktop/fxgl-21-uber.jar!/fxglassets/ui/fonts/VarelaRound-Regular.ttf
00:12:46.617 [FXGL Background Thread 1 ] DEBUG FXGLApplication      - Loading default localization
00:12:46.618 [FXGL Background Thread 1 ] DEBUG FXGLAssetLoaderServi - Loading from file system: jar:file:/Users/darienumanazuniga/Desktop/fxgl-21-uber.jar!/fxglassets/languages/english.lang
00:12:46.636 [FXGL Background Thread 1 ] INFO  FXGLApplication      - FXGL initialization took: 1,253 sec
00:12:46.645 [JavaFX Application Thread] DEBUG Input                - Registered new binding: Left - Left
00:12:46.645 [JavaFX Application Thread] DEBUG Input                - Registered new binding: Right - Right
00:12:46.646 [JavaFX Application Thread] DEBUG Input                - Registered new binding: Up - Up
00:12:46.646 [JavaFX Application Thread] DEBUG Input                - Registered new binding: Down - Down
00:12:46.646 [JavaFX Application Thread] DEBUG FXGLAssetLoaderServi - Loading from file system: jar:file:/Users/darienumanazuniga/Desktop/fxgl-21-uber.jar!/fxglassets/textures/fxgl_icon.png
00:12:46.653 [FXGL Background Thread 4 ] DEBUG FXGLAssetLoaderServi - Loading from file system: jar:file:/Users/darienumanazuniga/Desktop/fxgl-21-uber.jar!/fxglassets/ui/fonts/Abel-Regular.ttf
00:12:46.658 [FXGL Background Thread 4 ] DEBUG FXGLAssetLoaderServi - Loading from file system: jar:file:/Users/darienumanazuniga/Desktop/fxgl-21-uber.jar!/fxglassets/ui/fonts/TerminalLandMono-Regular.otf
00:12:46.662 [FXGL Background Thread 4 ] DEBUG FXGLAssetLoaderServi - Loading from file system: jar:file:/Users/darienumanazuniga/Desktop/fxgl-21-uber.jar!/fxglassets/ui/fonts/Courier-Prime.ttf
00:12:46.674 [JavaFX Application Thread] DEBUG FXGLAssetLoaderServi - Loading from file system: jar:file:/Users/darienumanazuniga/Desktop/fxgl-21-uber.jar!/fxglassets/textures/fxgl_default_cursor.png
00:12:46.676 [JavaFX Application Thread] DEBUG Input                - Registered new binding: Screenshot - CTRL+8
00:12:46.676 [JavaFX Application Thread] DEBUG Input                - Registered new binding: Dev Options - 1
00:12:46.676 [JavaFX Application Thread] DEBUG Input                - Registered new binding: Dev Console - 2
00:12:46.677 [JavaFX Application Thread] DEBUG Input                - Registered new binding: System info dump - CTRL+9
00:12:46.677 [JavaFX Application Thread] DEBUG Input                - Registered new binding: Restart - CTRL+R
00:12:46.678 [JavaFX Application Thread] DEBUG Input                - Registered new binding: Toggle Debug Camera - CTRL+7
00:12:46.680 [JavaFX Application Thread] DEBUG LoopRunner           - Starting loop
00:12:46.691 [JavaFX Application Thread] DEBUG LoopRunner           - Initializing JavaFX AnimationTimerLoop
00:12:46.693 [JavaFX Application Thread] DEBUG Input                - Clearing active input actions
00:12:46.701 [JavaFX Application Thread] DEBUG GameApplicationServi - Removing overlay from FXGLStartupScene and adding to FXGLMainMenuDummyScene
00:12:46.703 [JavaFX Application Thread] DEBUG PrimaryStageWindow   - FXGLStartupScene -> FXGLMainMenuDummyScene
00:12:46.704 [JavaFX Application Thread] DEBUG PrimaryStageWindow   - Push state: ZeldaaMainMenu
00:12:46.704 [JavaFX Application Thread] DEBUG Input                - Clearing active input actions
00:12:46.708 [JavaFX Application Thread] DEBUG GameApplicationServi - Removing overlay from FXGLMainMenuDummyScene and adding to ZeldaaMainMenu
00:12:46.708 [JavaFX Application Thread] DEBUG PrimaryStageWindow   - FXGLMainMenuDummyScene -> ZeldaaMainMenu
00:12:46.761 [JavaFX Application Thread] DEBUG FXGLApplication      - Registering font factories with UI factory
00:12:47.502 [FXGL Background Thread 2 ] INFO  UpdaterService       - Your current version:  21
00:12:47.502 [FXGL Background Thread 2 ] INFO  UpdaterService       - Latest stable version: 21.1
00:12:49.621 [FXGL Background Thread 3 ] DEBUG Engine               - Logging environment variables
00:12:49.622 [FXGL Background Thread 3 ] DEBUG Engine               - achievements: []
00:12:49.622 [FXGL Background Thread 3 ] DEBUG Engine               - actualHeight: 432.0
00:12:49.622 [FXGL Background Thread 3 ] DEBUG Engine               - actualHeightProperty: ReadOnlyDoubleProperty [value: 432.0]
00:12:49.622 [FXGL Background Thread 3 ] DEBUG Engine               - actualWidth: 672.0
00:12:49.622 [FXGL Background Thread 3 ] DEBUG Engine               - actualWidthProperty: ReadOnlyDoubleProperty [value: 672.0]
00:12:49.622 [FXGL Background Thread 3 ] DEBUG Engine               - appIcon: fxgl_icon.png
00:12:49.623 [FXGL Background Thread 3 ] DEBUG Engine               - applicationMode: DEVELOPER
00:12:49.623 [FXGL Background Thread 3 ] DEBUG Engine               - cSSList: [fxgl_dark.css]
00:12:49.623 [FXGL Background Thread 3 ] DEBUG Engine               - collisionDetectionStrategy: BRUTE_FORCE
00:12:49.623 [FXGL Background Thread 3 ] DEBUG Engine               - configClass: Optional.empty
00:12:49.623 [FXGL Background Thread 3 ] DEBUG Engine               - credits: []
00:12:49.625 [FXGL Background Thread 3 ] DEBUG Engine               - defaultCursor: CursorInfo(imageName=fxgl_default_cursor.png, hotspotX=7.0, hotspotY=6.0)
00:12:49.625 [FXGL Background Thread 3 ] DEBUG Engine               - devBBoxColorProperty: ObjectProperty [value: 0xff0000ff]
00:12:49.625 [FXGL Background Thread 3 ] DEBUG Engine               - devEnableDebugCameraProperty: BooleanProperty [value: false]
00:12:49.625 [FXGL Background Thread 3 ] DEBUG Engine               - devSensorColorProperty: ObjectProperty [value: 0xffff00ff]
00:12:49.625 [FXGL Background Thread 3 ] DEBUG Engine               - devShowBBoxProperty: BooleanProperty [value: false]
00:12:49.625 [FXGL Background Thread 3 ] DEBUG Engine               - devShowPositionProperty: BooleanProperty [value: false]
00:12:49.625 [FXGL Background Thread 3 ] DEBUG Engine               - enabledMenuItems: []
00:12:49.626 [FXGL Background Thread 3 ] DEBUG Engine               - engineServices: [class com.almasb.fxgl.app.services.FXGLAssetLoaderService, class com.almasb.fxgl.app.FXGLApplication$GameApplicationService, class com.almasb.fxgl.app.services.FXGLDialogService, class com.almasb.fxgl.app.services.IOTaskExecutorService, class com.almasb.fxgl.io.FileSystemService, class com.almasb.fxgl.localization.LocalizationService, class com.almasb.fxgl.app.services.SystemBundleService, class com.almasb.fxgl.profile.SaveLoadService, class com.almasb.fxgl.ui.FXGLUIFactoryServiceProvider, class com.almasb.fxgl.ui.FXGLDialogFactoryServiceProvider, class com.almasb.fxgl.audio.AudioPlayer, class com.almasb.fxgl.notification.impl.NotificationServiceProvider, class com.almasb.fxgl.achievement.AchievementService, class com.almasb.fxgl.cutscene.CutsceneService, class com.almasb.fxgl.minigames.MiniGameService, class com.almasb.fxgl.net.NetService, class com.almasb.fxgl.app.services.UpdaterService, class com.almasb.fxgl.dev.DevService]
00:12:49.626 [FXGL Background Thread 3 ] DEBUG Engine               - fontGame: Abel-Regular.ttf
00:12:49.626 [FXGL Background Thread 3 ] DEBUG Engine               - fontMono: TerminalLandMono-Regular.otf
00:12:49.626 [FXGL Background Thread 3 ] DEBUG Engine               - fontSizeScaleUI: 1.0
00:12:49.626 [FXGL Background Thread 3 ] DEBUG Engine               - fontText: Courier-Prime.ttf
00:12:49.626 [FXGL Background Thread 3 ] DEBUG Engine               - fontUI: VarelaRound-Regular.ttf
00:12:49.626 [FXGL Background Thread 3 ] DEBUG Engine               - fullScreen: BooleanProperty [value: false]
00:12:49.626 [FXGL Background Thread 3 ] DEBUG Engine               - gameDifficulty: MEDIUM
00:12:49.626 [FXGL Background Thread 3 ] DEBUG Engine               - gameDifficultyProperty: ObjectProperty [value: MEDIUM]
00:12:49.627 [FXGL Background Thread 3 ] DEBUG Engine               - globalMusicVolume: 0.5
00:12:49.627 [FXGL Background Thread 3 ] DEBUG Engine               - globalMusicVolumeProperty: DoubleProperty [value: 0.3]
00:12:49.627 [FXGL Background Thread 3 ] DEBUG Engine               - globalSoundVolume: 0.5
00:12:49.627 [FXGL Background Thread 3 ] DEBUG Engine               - globalSoundVolumeProperty: DoubleProperty [value: 0.5]
00:12:49.627 [FXGL Background Thread 3 ] DEBUG Engine               - height: 432
00:12:49.627 [FXGL Background Thread 3 ] DEBUG Engine               - is3D: false
00:12:49.627 [FXGL Background Thread 3 ] DEBUG Engine               - isAndroid: false
00:12:49.627 [FXGL Background Thread 3 ] DEBUG Engine               - isBrowser: false
00:12:49.627 [FXGL Background Thread 3 ] DEBUG Engine               - isClickFeedbackEnabled: false
00:12:49.627 [FXGL Background Thread 3 ] DEBUG Engine               - isCloseConfirmation: false
00:12:49.628 [FXGL Background Thread 3 ] DEBUG Engine               - isDesktop: true
00:12:49.628 [FXGL Background Thread 3 ] DEBUG Engine               - isDeveloperMenuEnabled: true
00:12:49.628 [FXGL Background Thread 3 ] DEBUG Engine               - isEmbedded: false
00:12:49.628 [FXGL Background Thread 3 ] DEBUG Engine               - isEntityPreloadEnabled: true
00:12:49.628 [FXGL Background Thread 3 ] DEBUG Engine               - isExperimentalTiledLargeMap: false
00:12:49.628 [FXGL Background Thread 3 ] DEBUG Engine               - isFileSystemWriteAllowed: true
00:12:49.628 [FXGL Background Thread 3 ] DEBUG Engine               - isFullScreenAllowed: false
00:12:49.628 [FXGL Background Thread 3 ] DEBUG Engine               - isFullScreenFromStart: false
00:12:49.628 [FXGL Background Thread 3 ] DEBUG Engine               - isGameMenuEnabled: true
00:12:49.628 [FXGL Background Thread 3 ] DEBUG Engine               - isIOS: false
00:12:49.628 [FXGL Background Thread 3 ] DEBUG Engine               - isIntroEnabled: false
00:12:49.628 [FXGL Background Thread 3 ] DEBUG Engine               - isLinux: false
00:12:49.629 [FXGL Background Thread 3 ] DEBUG Engine               - isMac: true
00:12:49.629 [FXGL Background Thread 3 ] DEBUG Engine               - isMainMenuEnabled: true
00:12:49.629 [FXGL Background Thread 3 ] DEBUG Engine               - isManualResizeEnabled: false
00:12:49.629 [FXGL Background Thread 3 ] DEBUG Engine               - isMobile: false
00:12:49.629 [FXGL Background Thread 3 ] DEBUG Engine               - isNative: false
00:12:49.629 [FXGL Background Thread 3 ] DEBUG Engine               - isPauseMusicWhenMinimized: true
00:12:49.629 [FXGL Background Thread 3 ] DEBUG Engine               - isPreserveResizeRatio: false
00:12:49.629 [FXGL Background Thread 3 ] DEBUG Engine               - isProfilingEnabled: false
00:12:49.629 [FXGL Background Thread 3 ] DEBUG Engine               - isScaleAffectedOnResize: true
00:12:49.629 [FXGL Background Thread 3 ] DEBUG Engine               - isSingleStep: false
00:12:49.630 [FXGL Background Thread 3 ] DEBUG Engine               - isUserProfileEnabled: false
00:12:49.630 [FXGL Background Thread 3 ] DEBUG Engine               - isWindows: false
00:12:49.630 [FXGL Background Thread 3 ] DEBUG Engine               - language: ObjectProperty [value: ENGLISH]
00:12:49.630 [FXGL Background Thread 3 ] DEBUG Engine               - menuKey: ESCAPE
00:12:49.630 [FXGL Background Thread 3 ] DEBUG Engine               - mouseSensitivity: 0.2
00:12:49.630 [FXGL Background Thread 3 ] DEBUG Engine               - notificationViewClass: class com.almasb.fxgl.notification.view.XboxNotificationView
00:12:49.630 [FXGL Background Thread 3 ] DEBUG Engine               - pixelsPerMeter: 50.0
00:12:49.630 [FXGL Background Thread 3 ] DEBUG Engine               - platform: MAC
00:12:49.630 [FXGL Background Thread 3 ] DEBUG Engine               - prefHeightProperty: ReadOnlyDoubleProperty [value: 432.0]
00:12:49.631 [FXGL Background Thread 3 ] DEBUG Engine               - prefWidthProperty: ReadOnlyDoubleProperty [value: 672.0]
00:12:49.631 [FXGL Background Thread 3 ] DEBUG Engine               - profileDir: profiles/
00:12:49.631 [FXGL Background Thread 3 ] DEBUG Engine               - profileName: StringProperty [value: DEFAULT]
00:12:49.631 [FXGL Background Thread 3 ] DEBUG Engine               - randomSeed: -1
00:12:49.631 [FXGL Background Thread 3 ] DEBUG Engine               - runtimeInfo: RuntimeInfo(platform=MAC, version=21, build=28.12.2023 13.39)
00:12:49.631 [FXGL Background Thread 3 ] DEBUG Engine               - saveFileExt: sav
00:12:49.631 [FXGL Background Thread 3 ] DEBUG Engine               - scaledHeightProp$fxgl: DoubleProperty [bound, value: 432.0]
00:12:49.631 [FXGL Background Thread 3 ] DEBUG Engine               - scaledWidthProp$fxgl: DoubleProperty [bound, value: 672.0]
00:12:49.631 [FXGL Background Thread 3 ] DEBUG Engine               - sceneFactory: codigo.Main$1@2c0c5dc3
00:12:49.632 [FXGL Background Thread 3 ] DEBUG Engine               - secondsIn24h: 60
00:12:49.632 [FXGL Background Thread 3 ] DEBUG Engine               - soundMenuBack: menu/back.wav
00:12:49.632 [FXGL Background Thread 3 ] DEBUG Engine               - soundMenuPress: menu/press.wav
00:12:49.632 [FXGL Background Thread 3 ] DEBUG Engine               - soundMenuSelect: menu/select.wav
00:12:49.632 [FXGL Background Thread 3 ] DEBUG Engine               - soundNotification: core/notification.wav
00:12:49.632 [FXGL Background Thread 3 ] DEBUG Engine               - stageStyle: DECORATED
00:12:49.632 [FXGL Background Thread 3 ] DEBUG Engine               - supportedLanguages: [ENGLISH, FRENCH, GERMAN, HUNGARIAN, RUSSIAN]
00:12:49.632 [FXGL Background Thread 3 ] DEBUG Engine               - ticksPerSecond: -1
00:12:49.632 [FXGL Background Thread 3 ] DEBUG Engine               - title: Zelda-Minish-Cap
00:12:49.632 [FXGL Background Thread 3 ] DEBUG Engine               - urlGithub: https://github.com/AlmasB/FXGL
00:12:49.632 [FXGL Background Thread 3 ] DEBUG Engine               - urlLeaderboard: http://fxgl-top.herokuapp.com/
00:12:49.633 [FXGL Background Thread 3 ] DEBUG Engine               - urlPOM: https://raw.githubusercontent.com/AlmasB/FXGL/release/README.md
00:12:49.633 [FXGL Background Thread 3 ] DEBUG Engine               - userAppClass: class codigo.Main
00:12:49.633 [FXGL Background Thread 3 ] DEBUG Engine               - version: beta
00:12:49.633 [FXGL Background Thread 3 ] DEBUG Engine               - versionCheckDays: 7
00:12:49.633 [FXGL Background Thread 3 ] DEBUG Engine               - width: 672
00:12:49.633 [FXGL Background Thread 3 ] DEBUG Engine               - Logging services
00:12:49.633 [FXGL Background Thread 3 ] DEBUG Engine               - class com.almasb.fxgl.app.services.FXGLAssetLoaderService
00:12:49.633 [FXGL Background Thread 3 ] DEBUG Engine               - class com.almasb.fxgl.app.FXGLApplication$GameApplicationService
00:12:49.633 [FXGL Background Thread 3 ] DEBUG Engine               - class com.almasb.fxgl.app.services.FXGLDialogService
00:12:49.633 [FXGL Background Thread 3 ] DEBUG Engine               - class com.almasb.fxgl.app.services.IOTaskExecutorService
00:12:49.633 [FXGL Background Thread 3 ] DEBUG Engine               - class com.almasb.fxgl.io.FileSystemService
00:12:49.634 [FXGL Background Thread 3 ] DEBUG Engine               - class com.almasb.fxgl.localization.LocalizationService
00:12:49.634 [FXGL Background Thread 3 ] DEBUG Engine               - class com.almasb.fxgl.app.services.SystemBundleService
00:12:49.634 [FXGL Background Thread 3 ] DEBUG Engine               - class com.almasb.fxgl.profile.SaveLoadService
00:12:49.634 [FXGL Background Thread 3 ] DEBUG Engine               - class com.almasb.fxgl.ui.FXGLUIFactoryServiceProvider
00:12:49.634 [FXGL Background Thread 3 ] DEBUG Engine               - class com.almasb.fxgl.ui.FXGLDialogFactoryServiceProvider
00:12:49.634 [FXGL Background Thread 3 ] DEBUG Engine               - class com.almasb.fxgl.audio.AudioPlayer
00:12:49.634 [FXGL Background Thread 3 ] DEBUG Engine               - class com.almasb.fxgl.notification.impl.NotificationServiceProvider
00:12:49.634 [FXGL Background Thread 3 ] DEBUG Engine               - class com.almasb.fxgl.achievement.AchievementService
00:12:49.634 [FXGL Background Thread 3 ] DEBUG Engine               - class com.almasb.fxgl.cutscene.CutsceneService
00:12:49.634 [FXGL Background Thread 3 ] DEBUG Engine               - class com.almasb.fxgl.minigames.MiniGameService
00:12:49.634 [FXGL Background Thread 3 ] DEBUG Engine               - class com.almasb.fxgl.net.NetService
00:12:49.635 [FXGL Background Thread 3 ] DEBUG Engine               - class com.almasb.fxgl.app.services.UpdaterService
00:12:49.635 [FXGL Background Thread 3 ] DEBUG Engine               - class com.almasb.fxgl.dev.DevService
00:12:58.960 [JavaFX Application Thread] DEBUG Menu                 - fireNewGame()
00:12:58.961 [JavaFX Application Thread] DEBUG GameApplicationServi - Starting new game
00:12:58.961 [JavaFX Application Thread] DEBUG PrimaryStageWindow   - Pop state: ZeldaaMainMenu
00:12:58.962 [JavaFX Application Thread] DEBUG Input                - Clearing active input actions
00:12:58.964 [JavaFX Application Thread] DEBUG GameApplicationServi - Removing overlay from ZeldaaMainMenu and adding to FXGLMainMenuDummyScene
00:12:58.969 [JavaFX Application Thread] DEBUG PrimaryStageWindow   - FXGLMainMenuDummyScene <- ZeldaaMainMenu
00:12:58.969 [JavaFX Application Thread] DEBUG Input                - Clearing active input actions
00:12:58.980 [JavaFX Application Thread] DEBUG GameApplicationServi - Removing overlay from FXGLMainMenuDummyScene and adding to FXGLLoadingScene
00:12:58.980 [JavaFX Application Thread] DEBUG PrimaryStageWindow   - FXGLMainMenuDummyScene -> FXGLLoadingScene
00:12:58.980 [JavaFX Application Thread] DEBUG GameApplicationServi - Clearing previous game
00:12:58.980 [JavaFX Application Thread] DEBUG GameScene            - Clearing game scene
00:12:58.980 [JavaFX Application Thread] DEBUG GameWorld            - Clearing game world
00:12:58.981 [JavaFX Application Thread] DEBUG PhysicsWorld         - Clearing physics world
00:12:58.982 [FXGL Background Thread 2 ] DEBUG FXGLApplication      - Initializing game
00:12:59.012 [FXGL Background Thread 2 ] DEBUG TMXLevelLoader       - Parsed TiledMap: file:/Users/darienumanazuniga/Desktop/Prueba1/build/classes/assets/levels/tmx/mapa1.tmx
00:12:59.012 [FXGL Background Thread 2 ] DEBUG TMXLevelLoader       - Creating tile layer entities
00:12:59.013 [FXGL Background Thread 2 ] DEBUG TilesetLoader        - Loading view for layer Tile Layer 1
00:12:59.014 [FXGL Background Thread 2 ] DEBUG TilesetLoader        - Created buffer with size 672.0x432.0
00:12:59.119 [FXGL Background Thread 2 ] DEBUG TilesetLoader        - Loading view for layer MUEBLES
00:12:59.120 [FXGL Background Thread 2 ] DEBUG TilesetLoader        - Created buffer with size 672.0x432.0
00:12:59.120 [FXGL Background Thread 2 ] DEBUG TMXLevelLoader       - Creating object layer entities
00:12:59.132 [FXGL Background Thread 2 ] DEBUG GameWorld            - Clearing removable entities
00:12:59.133 [FXGL Background Thread 2 ] DEBUG GameWorld            - Setting level: com.almasb.fxgl.entity.level.Level@5ec09475
00:12:59.137 [FXGL Background Thread 2 ] DEBUG FXGLAssetLoaderServi - Loading from file system: file:/Users/darienumanazuniga/Desktop/Prueba1/build/classes/assets/textures/sprits1.png
00:12:59.141 [FXGL Background Thread 2 ] DEBUG FXGLAssetLoaderServi - Loading from file system: file:/Users/darienumanazuniga/Desktop/Prueba1/build/classes/assets/textures/sprits2.png
00:12:59.144 [FXGL Background Thread 2 ] DEBUG FXGLAssetLoaderServi - Loading from file system: file:/Users/darienumanazuniga/Desktop/Prueba1/build/classes/assets/textures/sprits3.png
00:12:59.147 [FXGL Background Thread 2 ] DEBUG FXGLAssetLoaderServi - Loading from file system: file:/Users/darienumanazuniga/Desktop/Prueba1/build/classes/assets/textures/sprits4.png
00:12:59.159 [FXGL Background Thread 2 ] INFO  FXGLApplication      - Game initialization took: 0,177 sec
00:12:59.160 [JavaFX Application Thread] DEBUG Input                - Clearing active input actions
00:12:59.165 [JavaFX Application Thread] DEBUG GameApplicationServi - Removing overlay from FXGLLoadingScene and adding to GameScene
00:12:59.167 [JavaFX Application Thread] DEBUG PrimaryStageWindow   - FXGLLoadingScene -> GameScene
00:13:03.844 [JavaFX Application Thread] DEBUG PrimaryStageWindow   - Push state: DialogSubScene
00:13:03.844 [JavaFX Application Thread] DEBUG Input                - Clearing active input actions
00:13:03.845 [JavaFX Application Thread] DEBUG GameApplicationServi - Removing overlay from GameScene and adding to DialogSubScene
00:13:03.847 [JavaFX Application Thread] DEBUG PrimaryStageWindow   - GameScene -> DialogSubScene
00:13:05.770 [JavaFX Application Thread] DEBUG PrimaryStageWindow   - Pop state: DialogSubScene
00:13:05.770 [JavaFX Application Thread] DEBUG Input                - Clearing active input actions
00:13:05.772 [JavaFX Application Thread] DEBUG GameApplicationServi - Removing overlay from DialogSubScene and adding to GameScene
00:13:05.775 [JavaFX Application Thread] DEBUG PrimaryStageWindow   - GameScene <- DialogSubScene
00:13:17.824 [JavaFX Application Thread] DEBUG FXGLAssetLoaderServi - Loading from file system: file:/Users/darienumanazuniga/Desktop/Prueba1/build/classes/assets/music/mapa1-2.mp3
00:13:18.138 [JavaFX Application Thread] DEBUG FXGLAssetLoaderServi - Loading from file system: file:/Users/darienumanazuniga/Desktop/Prueba1/build/classes/assets/music/mapa32.mp3
00:13:18.139 [JavaFX Application Thread] DEBUG FXGLAssetLoaderServi - Loading from file system: file:/Users/darienumanazuniga/Desktop/Prueba1/build/classes/assets/music/mapa4.mp3
00:13:18.140 [JavaFX Application Thread] DEBUG FXGLAssetLoaderServi - Loading from file system: file:/Users/darienumanazuniga/Desktop/Prueba1/build/classes/assets/music/mapa5-6.mp3
00:13:18.145 [JavaFX Application Thread] DEBUG TMXLevelLoader       - Parsed TiledMap: file:/Users/darienumanazuniga/Desktop/Prueba1/build/classes/assets/levels/tmx/mapa2.tmx
00:13:18.145 [JavaFX Application Thread] DEBUG TMXLevelLoader       - Creating tile layer entities
00:13:18.145 [JavaFX Application Thread] DEBUG TilesetLoader        - Loading view for layer Tile Layer 1
00:13:18.145 [JavaFX Application Thread] DEBUG TilesetLoader        - Created buffer with size 672.0x432.0
00:13:18.231 [JavaFX Application Thread] DEBUG TilesetLoader        - Loading view for layer muebles
00:13:18.232 [JavaFX Application Thread] DEBUG TilesetLoader        - Created buffer with size 672.0x432.0
00:13:18.232 [JavaFX Application Thread] DEBUG TMXLevelLoader       - Creating object layer entities
00:13:18.235 [JavaFX Application Thread] DEBUG GameWorld            - Clearing removable entities
00:13:18.237 [JavaFX Application Thread] DEBUG GameWorld            - Setting level: com.almasb.fxgl.entity.level.Level@7987fc58
00:13:20.878 [JavaFX Application Thread] DEBUG PrimaryStageWindow   - Push state: DialogSubScene
00:13:20.878 [JavaFX Application Thread] DEBUG Input                - Clearing active input actions
00:13:20.880 [JavaFX Application Thread] DEBUG GameApplicationServi - Removing overlay from GameScene and adding to DialogSubScene
00:13:20.882 [JavaFX Application Thread] DEBUG PrimaryStageWindow   - GameScene -> DialogSubScene
00:13:36.760 [JavaFX Application Thread] DEBUG PrimaryStageWindow   - Pop state: DialogSubScene
00:13:36.761 [JavaFX Application Thread] DEBUG Input                - Clearing active input actions
00:13:36.763 [JavaFX Application Thread] DEBUG GameApplicationServi - Removing overlay from DialogSubScene and adding to GameScene
00:13:36.765 [JavaFX Application Thread] DEBUG PrimaryStageWindow   - GameScene <- DialogSubScene
00:13:36.768 [JavaFX Application Thread] DEBUG PrimaryStageWindow   - Push state: DialogSubScene
00:13:36.768 [JavaFX Application Thread] DEBUG Input                - Clearing active input actions
00:13:36.769 [JavaFX Application Thread] DEBUG GameApplicationServi - Removing overlay from GameScene and adding to DialogSubScene
00:13:36.769 [JavaFX Application Thread] DEBUG PrimaryStageWindow   - GameScene -> DialogSubScene
00:13:41.096 [JavaFX Application Thread] DEBUG PrimaryStageWindow   - Pop state: DialogSubScene
00:13:41.096 [JavaFX Application Thread] DEBUG Input                - Clearing active input actions
00:13:41.098 [JavaFX Application Thread] DEBUG GameApplicationServi - Removing overlay from DialogSubScene and adding to GameScene
00:13:41.100 [JavaFX Application Thread] DEBUG PrimaryStageWindow   - GameScene <- DialogSubScene
00:13:44.997 [JavaFX Application Thread] DEBUG TMXLevelLoader       - Parsed TiledMap: file:/Users/darienumanazuniga/Desktop/Prueba1/build/classes/assets/levels/tmx/mapa3.tmx
00:13:44.997 [JavaFX Application Thread] DEBUG TMXLevelLoader       - Creating tile layer entities
00:13:44.998 [JavaFX Application Thread] DEBUG TilesetLoader        - Loading view for layer Capa de patrones 1
00:13:44.998 [JavaFX Application Thread] DEBUG TilesetLoader        - Created buffer with size 2016.0x1344.0
00:13:45.125 [JavaFX Application Thread] DEBUG TMXLevelLoader       - Creating object layer entities
00:13:45.137 [JavaFX Application Thread] DEBUG GameWorld            - Clearing removable entities
00:13:45.138 [JavaFX Application Thread] DEBUG GameWorld            - Setting level: com.almasb.fxgl.entity.level.Level@14057bfd
00:13:45.142 [JavaFX Application Thread] DEBUG AudioPlayer          - Playing music com.almasb.fxgl.audio.Music@1a569317
00:13:45.143 [JavaFX Application Thread] DEBUG AudioPlayer          - Stopping music com.almasb.fxgl.audio.Music@1a569317
00:13:45.146 [JavaFX Application Thread] DEBUG AudioPlayer          - Playing music com.almasb.fxgl.audio.Music@d157b8c
00:13:45.147 [JavaFX Application Thread] DEBUG FXGLAssetLoaderServi - Loading from file system: file:/Users/darienumanazuniga/Desktop/Prueba1/build/classes/assets/textures/gato3.png
00:13:45.152 [JavaFX Application Thread] DEBUG FXGLAssetLoaderServi - Loading from file system: file:/Users/darienumanazuniga/Desktop/Prueba1/build/classes/assets/textures/npcpuzle1.png
00:13:59.643 [JavaFX Application Thread] DEBUG PrimaryStageWindow   - Push state: DialogSubScene
00:13:59.643 [JavaFX Application Thread] DEBUG Input                - Clearing active input actions
00:13:59.644 [JavaFX Application Thread] DEBUG GameApplicationServi - Removing overlay from GameScene and adding to DialogSubScene
00:13:59.646 [JavaFX Application Thread] DEBUG PrimaryStageWindow   - GameScene -> DialogSubScene
00:14:09.529 [JavaFX Application Thread] DEBUG PrimaryStageWindow   - Pop state: DialogSubScene
00:14:09.530 [JavaFX Application Thread] DEBUG Input                - Clearing active input actions
00:14:09.531 [JavaFX Application Thread] DEBUG GameApplicationServi - Removing overlay from DialogSubScene and adding to GameScene
00:14:09.532 [JavaFX Application Thread] DEBUG PrimaryStageWindow   - GameScene <- DialogSubScene
00:14:09.533 [JavaFX Application Thread] DEBUG PrimaryStageWindow   - Push state: DialogSubScene
00:14:09.534 [JavaFX Application Thread] DEBUG Input                - Clearing active input actions
00:14:09.534 [JavaFX Application Thread] DEBUG GameApplicationServi - Removing overlay from GameScene and adding to DialogSubScene
00:14:09.534 [JavaFX Application Thread] DEBUG PrimaryStageWindow   - GameScene -> DialogSubScene
00:14:10.487 [JavaFX Application Thread] DEBUG PrimaryStageWindow   - Pop state: DialogSubScene
00:14:10.487 [JavaFX Application Thread] DEBUG Input                - Clearing active input actions
00:14:10.489 [JavaFX Application Thread] DEBUG GameApplicationServi - Removing overlay from DialogSubScene and adding to GameScene
00:14:10.490 [JavaFX Application Thread] DEBUG PrimaryStageWindow   - GameScene <- DialogSubScene
00:14:40.653 [JavaFX Application Thread] DEBUG TMXLevelLoader       - Parsed TiledMap: file:/Users/darienumanazuniga/Desktop/Prueba1/build/classes/assets/levels/tmx/mapa4.tmx
00:14:40.653 [JavaFX Application Thread] DEBUG TMXLevelLoader       - Creating tile layer entities
00:14:40.654 [JavaFX Application Thread] DEBUG TilesetLoader        - Loading view for layer Tile Layer 1
00:14:40.657 [JavaFX Application Thread] DEBUG TilesetLoader        - Created buffer with size 1440.0x1920.0
00:14:40.790 [JavaFX Application Thread] DEBUG TMXLevelLoader       - Creating object layer entities
00:14:40.795 [JavaFX Application Thread] DEBUG GameWorld            - Clearing removable entities
00:14:40.798 [JavaFX Application Thread] DEBUG GameWorld            - Setting level: com.almasb.fxgl.entity.level.Level@69387a03
00:14:40.799 [JavaFX Application Thread] DEBUG AudioPlayer          - Stopping music com.almasb.fxgl.audio.Music@d157b8c
00:14:40.799 [JavaFX Application Thread] DEBUG AudioPlayer          - Playing music com.almasb.fxgl.audio.Music@51942d2c
00:14:40.801 [JavaFX Application Thread] DEBUG FXGLAssetLoaderServi - Loading from file system: file:/Users/darienumanazuniga/Desktop/Prueba1/build/classes/assets/textures/pc.png
00:15:06.550 [JavaFX Application Thread] DEBUG TMXLevelLoader       - Parsed TiledMap: file:/Users/darienumanazuniga/Desktop/Prueba1/build/classes/assets/levels/tmx/mapa5.tmx
00:15:06.550 [JavaFX Application Thread] DEBUG TMXLevelLoader       - Creating tile layer entities
00:15:06.551 [JavaFX Application Thread] DEBUG TilesetLoader        - Loading view for layer Tile Layer 1
00:15:06.556 [JavaFX Application Thread] DEBUG TilesetLoader        - Created buffer with size 1008.0x1056.0
00:15:06.601 [JavaFX Application Thread] DEBUG TMXLevelLoader       - Creating object layer entities
00:15:06.603 [JavaFX Application Thread] DEBUG GameWorld            - Clearing removable entities
00:15:06.604 [JavaFX Application Thread] DEBUG GameWorld            - Setting level: com.almasb.fxgl.entity.level.Level@7f8b7b8c
00:15:06.605 [JavaFX Application Thread] DEBUG AudioPlayer          - Stopping music com.almasb.fxgl.audio.Music@51942d2c
00:15:06.605 [JavaFX Application Thread] DEBUG AudioPlayer          - Playing music com.almasb.fxgl.audio.Music@24f6462d
00:15:18.777 [JavaFX Application Thread] DEBUG TMXLevelLoader       - Parsed TiledMap: file:/Users/darienumanazuniga/Desktop/Prueba1/build/classes/assets/levels/tmx/mapa6.tmx
00:15:18.777 [JavaFX Application Thread] DEBUG TMXLevelLoader       - Creating tile layer entities
00:15:18.777 [JavaFX Application Thread] DEBUG TilesetLoader        - Loading view for layer Tile Layer 1
00:15:18.778 [JavaFX Application Thread] DEBUG TilesetLoader        - Created buffer with size 672.0x672.0
00:15:18.795 [JavaFX Application Thread] DEBUG TMXLevelLoader       - Creating object layer entities
00:15:18.796 [JavaFX Application Thread] DEBUG GameWorld            - Clearing removable entities
00:15:18.796 [JavaFX Application Thread] DEBUG GameWorld            - Setting level: com.almasb.fxgl.entity.level.Level@60e6886e
00:15:18.797 [JavaFX Application Thread] DEBUG AudioPlayer          - Stopping music com.almasb.fxgl.audio.Music@51942d2c
00:15:18.797 [JavaFX Application Thread] DEBUG AudioPlayer          - Playing music com.almasb.fxgl.audio.Music@24f6462d
00:15:22.260 [JavaFX Application Thread] DEBUG PrimaryStageWindow   - Push state: DialogSubScene
00:15:22.260 [JavaFX Application Thread] DEBUG Input                - Clearing active input actions
00:15:22.261 [JavaFX Application Thread] DEBUG GameApplicationServi - Removing overlay from GameScene and adding to DialogSubScene
00:15:22.263 [JavaFX Application Thread] DEBUG PrimaryStageWindow   - GameScene -> DialogSubScene
00:15:26.513 [JavaFX Application Thread] DEBUG PrimaryStageWindow   - Pop state: DialogSubScene
00:15:26.513 [JavaFX Application Thread] DEBUG Input                - Clearing active input actions
00:15:26.515 [JavaFX Application Thread] DEBUG GameApplicationServi - Removing overlay from DialogSubScene and adding to GameScene
00:15:26.516 [JavaFX Application Thread] DEBUG PrimaryStageWindow   - GameScene <- DialogSubScene
00:15:26.520 [JavaFX Application Thread] DEBUG FXGLAssetLoaderServi - Loading from file system: file:/Users/darienumanazuniga/Desktop/Prueba1/build/classes/assets/textures/prin.png
00:15:26.531 [JavaFX Application Thread] DEBUG PrimaryStageWindow   - Push state: DialogSubScene
00:15:26.531 [JavaFX Application Thread] DEBUG Input                - Clearing active input actions
00:15:26.531 [JavaFX Application Thread] DEBUG GameApplicationServi - Removing overlay from GameScene and adding to DialogSubScene
00:15:26.531 [JavaFX Application Thread] DEBUG PrimaryStageWindow   - GameScene -> DialogSubScene
00:15:29.598 [JavaFX Application Thread] DEBUG PrimaryStageWindow   - Pop state: DialogSubScene
00:15:29.598 [JavaFX Application Thread] DEBUG Input                - Clearing active input actions
00:15:29.599 [JavaFX Application Thread] DEBUG GameApplicationServi - Removing overlay from DialogSubScene and adding to GameScene
00:15:29.601 [JavaFX Application Thread] DEBUG PrimaryStageWindow   - GameScene <- DialogSubScene
00:15:30.575 [JavaFX Application Thread] DEBUG PrimaryStageWindow   - Push state: DialogSubScene
00:15:30.576 [JavaFX Application Thread] DEBUG Input                - Clearing active input actions
00:15:30.576 [JavaFX Application Thread] DEBUG GameApplicationServi - Removing overlay from GameScene and adding to DialogSubScene
00:15:30.578 [JavaFX Application Thread] DEBUG PrimaryStageWindow   - GameScene -> DialogSubScene
00:15:35.243 [JavaFX Application Thread] DEBUG PrimaryStageWindow   - Pop state: DialogSubScene
00:15:35.243 [JavaFX Application Thread] DEBUG Input                - Clearing active input actions
00:15:35.245 [JavaFX Application Thread] DEBUG GameApplicationServi - Removing overlay from DialogSubScene and adding to GameScene
00:15:35.247 [JavaFX Application Thread] DEBUG PrimaryStageWindow   - GameScene <- DialogSubScene
00:15:37.712 [JavaFX Application Thread] DEBUG FXGLApplication      - Exiting FXGL
00:15:37.712 [JavaFX Application Thread] DEBUG LoopRunner           - Stopping loop
00:15:37.712 [JavaFX Application Thread] DEBUG SystemBundleService  - Saving FXGL system data
00:15:37.717 [JavaFX Application Thread] DEBUG FileSystemAccess     - Writing to: /Users/darienumanazuniga/Desktop/Prueba1/system/fxgl.bundle
00:15:37.719 [JavaFX Application Thread] DEBUG Async                - Shutting down background threads
00:15:37.719 [JavaFX Application Thread] DEBUG PrimaryStageWindow   - Closing main window
00:15:37.740 [JavaFX Application Thread] DEBUG Logger               - Closing Logger
