21:07:37.505 [main                     ] DEBUG Logger               - Configured Logger
21:07:37.526 [main                     ] DEBUG GameApplication      - Logging settings
Title: Zelda-Minish-Cap
Version: beta
Width: 672
Height: 432
Fullscreen: false
Intro: false
Profiling: false
Single step:false
App Mode: DEVELOPER
Menu Key: ESCAPE
Stage Style: DECORATED
Scene Factory: class codigo.Main$1

21:07:37.699 [JavaFX Application Thread] DEBUG FXGLApplication      - Initializing FXGL
21:07:37.702 [JavaFX Application Thread] INFO  Engine               - FXGL-21 (28.12.2023 13.39) on MAC (J:21.0.2 FX:21.0.2)
21:07:37.703 [JavaFX Application Thread] DEBUG Engine               - JRE Vendor Name: Azul Systems, Inc.
21:07:37.703 [JavaFX Application Thread] DEBUG Engine               - Running on OS: Mac OS X version 14.4.1
21:07:37.703 [JavaFX Application Thread] DEBUG Engine               - Architecture: aarch64
21:07:37.703 [JavaFX Application Thread] INFO  Engine               - Source code and latest versions at: https://github.com/AlmasB/FXGL
21:07:37.703 [JavaFX Application Thread] INFO  Engine               -       Ask questions and discuss at: https://github.com/AlmasB/FXGL/discussions
21:07:37.703 [JavaFX Application Thread] INFO  Engine               -              Join the FXGL chat at: https://gitter.im/AlmasB/FXGL
21:07:37.753 [JavaFX Application Thread] DEBUG PrimaryStageWindow   - Creating a JavaFX scene
21:07:37.774 [JavaFX Application Thread] DEBUG PrimaryStageWindow   - Target settings size: 672.0 x 432.0
21:07:37.775 [JavaFX Application Thread] DEBUG PrimaryStageWindow   - Scaled scene size:    672.0 x 432.0
21:07:37.775 [JavaFX Application Thread] DEBUG PrimaryStageWindow   - Scaled ratio: (1.0, 1.0)
21:07:37.776 [JavaFX Application Thread] DEBUG PrimaryStageWindow   - Set initial scene to FXGLStartupScene
21:07:37.778 [JavaFX Application Thread] DEBUG PrimaryStageWindow   - Opening main window
21:07:37.845 [JavaFX Application Thread] DEBUG PrimaryStageWindow   - Window border size: (0.0, 28.0)
21:07:37.845 [JavaFX Application Thread] DEBUG PrimaryStageWindow   - Scaled size: 672.0 x 432.0
21:07:37.845 [JavaFX Application Thread] DEBUG PrimaryStageWindow   - Scaled ratio: (1.0, 1.0)
21:07:37.846 [JavaFX Application Thread] DEBUG PrimaryStageWindow   - Scene size: 672.0 x 432.0
21:07:37.846 [JavaFX Application Thread] DEBUG PrimaryStageWindow   - Stage size: 672.0 x 460.0
21:07:37.850 [FXGL Background Thread 1 ] DEBUG Engine               - Initializing environment variables
21:07:37.896 [FXGL Background Thread 1 ] DEBUG FXGLAssetLoaderServi - User app class for loading assets: class codigo.Main
21:07:37.896 [FXGL Background Thread 1 ] DEBUG GameApplicationServi - Applying CSS: fxgl_dark.css
21:07:37.898 [FXGL Background Thread 1 ] DEBUG FXGLAssetLoaderServi - Loading from file system: jar:file:/Users/darienumanazuniga/Desktop/fxgl-21-uber.jar!/fxglassets/ui/css/fxgl_dark.css
21:07:37.939 [FXGL Background Thread 1 ] DEBUG GameApplicationServi - Initializing application scenes
21:07:38.124 [FXGL Background Thread 1 ] DEBUG GameWorld            - Game world initialized
21:07:38.174 [FXGL Background Thread 1 ] DEBUG PhysicsWorld         - Physics world initialized: appHeight=432, physics.ppm=50,0
21:07:38.174 [FXGL Background Thread 1 ] DEBUG PhysicsWorld         - Using strategy: BRUTE_FORCE
21:07:38.176 [FXGL Background Thread 1 ] DEBUG GameScene            - Game scene initialized: 672x432
21:07:38.182 [FXGL Background Thread 1 ] DEBUG FXGLAssetLoaderServi - Loading from file system: file:/Users/darienumanazuniga/Desktop/Prueba1/build/classes/assets/textures/FONDO.png
21:07:38.232 [FXGL Background Thread 1 ] WARN  FXGL.DefaultMenu     - FXGLDefaultMenu is not designed for resolutions < 800x600
21:07:38.232 [FXGL Background Thread 1 ] DEBUG FXGL.DefaultMenu     - createMenuBodyGameMenu()
21:07:38.237 [FXGL Background Thread 1 ] DEBUG FXGL.DefaultMenu     - createOptionsMenu()
21:07:38.241 [FXGL Background Thread 1 ] DEBUG FXGLAssetLoaderServi - Loading from file system: jar:file:/Users/darienumanazuniga/Desktop/fxgl-21-uber.jar!/fxglassets/textures/particles/smoke.png
21:07:38.293 [FXGL Background Thread 1 ] DEBUG FXGLAssetLoaderServi - Loading from file system: jar:file:/Users/darienumanazuniga/Desktop/fxgl-21-uber.jar!/fxglassets/textures/particles/trace_horizontal.png
21:07:38.310 [FXGL Background Thread 1 ] DEBUG GameApplicationServi - Application scenes initialized
21:07:38.316 [FXGL Background Thread 1 ] DEBUG SystemBundleService  - Loading FXGL system data
21:07:38.318 [FXGL Background Thread 1 ] DEBUG FileSystemAccess     - Reading from: /Users/darienumanazuniga/Desktop/Prueba1/system/fxgl.bundle
21:07:38.324 [FXGL Background Thread 1 ] DEBUG SystemBundleService  - Bundle FXGL: {}
21:07:38.324 [FXGL Background Thread 1 ] DEBUG UpdaterService       - Checking for updates
21:07:38.334 [FXGL Background Thread 4 ] DEBUG FXGLApplication      - Loading fonts
21:07:38.335 [FXGL Background Thread 4 ] DEBUG FXGLAssetLoaderServi - Loading from file system: jar:file:/Users/darienumanazuniga/Desktop/fxgl-21-uber.jar!/fxglassets/ui/fonts/VarelaRound-Regular.ttf
21:07:38.335 [FXGL Background Thread 1 ] DEBUG FXGLApplication      - Loading default localization
21:07:38.336 [FXGL Background Thread 1 ] DEBUG FXGLAssetLoaderServi - Loading from file system: jar:file:/Users/darienumanazuniga/Desktop/fxgl-21-uber.jar!/fxglassets/languages/english.lang
21:07:38.346 [FXGL Background Thread 1 ] INFO  FXGLApplication      - FXGL initialization took: 0,496 sec
21:07:38.352 [JavaFX Application Thread] DEBUG Input                - Registered new binding: Left - Left
21:07:38.352 [JavaFX Application Thread] DEBUG Input                - Registered new binding: Right - Right
21:07:38.352 [JavaFX Application Thread] DEBUG Input                - Registered new binding: Up - Up
21:07:38.352 [JavaFX Application Thread] DEBUG Input                - Registered new binding: Down - Down
21:07:38.353 [JavaFX Application Thread] DEBUG FXGLAssetLoaderServi - Loading from file system: jar:file:/Users/darienumanazuniga/Desktop/fxgl-21-uber.jar!/fxglassets/textures/fxgl_icon.png
21:07:38.360 [FXGL Background Thread 4 ] DEBUG FXGLAssetLoaderServi - Loading from file system: jar:file:/Users/darienumanazuniga/Desktop/fxgl-21-uber.jar!/fxglassets/ui/fonts/Abel-Regular.ttf
21:07:38.363 [FXGL Background Thread 4 ] DEBUG FXGLAssetLoaderServi - Loading from file system: jar:file:/Users/darienumanazuniga/Desktop/fxgl-21-uber.jar!/fxglassets/ui/fonts/TerminalLandMono-Regular.otf
21:07:38.365 [FXGL Background Thread 4 ] DEBUG FXGLAssetLoaderServi - Loading from file system: jar:file:/Users/darienumanazuniga/Desktop/fxgl-21-uber.jar!/fxglassets/ui/fonts/Courier-Prime.ttf
21:07:38.371 [JavaFX Application Thread] DEBUG FXGLAssetLoaderServi - Loading from file system: jar:file:/Users/darienumanazuniga/Desktop/fxgl-21-uber.jar!/fxglassets/textures/fxgl_default_cursor.png
21:07:38.372 [JavaFX Application Thread] DEBUG Input                - Registered new binding: Screenshot - CTRL+8
21:07:38.372 [JavaFX Application Thread] DEBUG Input                - Registered new binding: Dev Options - 1
21:07:38.372 [JavaFX Application Thread] DEBUG Input                - Registered new binding: Dev Console - 2
21:07:38.372 [JavaFX Application Thread] DEBUG Input                - Registered new binding: System info dump - CTRL+9
21:07:38.372 [JavaFX Application Thread] DEBUG Input                - Registered new binding: Restart - CTRL+R
21:07:38.372 [JavaFX Application Thread] DEBUG Input                - Registered new binding: Toggle Debug Camera - CTRL+7
21:07:38.374 [JavaFX Application Thread] DEBUG LoopRunner           - Starting loop
21:07:38.380 [JavaFX Application Thread] DEBUG LoopRunner           - Initializing JavaFX AnimationTimerLoop
21:07:38.381 [JavaFX Application Thread] DEBUG Input                - Clearing active input actions
21:07:38.386 [JavaFX Application Thread] DEBUG GameApplicationServi - Removing overlay from FXGLStartupScene and adding to FXGLMainMenuDummyScene
21:07:38.387 [JavaFX Application Thread] DEBUG PrimaryStageWindow   - FXGLStartupScene -> FXGLMainMenuDummyScene
21:07:38.387 [JavaFX Application Thread] DEBUG PrimaryStageWindow   - Push state: ZeldaaMainMenu
21:07:38.388 [JavaFX Application Thread] DEBUG Input                - Clearing active input actions
21:07:38.389 [JavaFX Application Thread] DEBUG GameApplicationServi - Removing overlay from FXGLMainMenuDummyScene and adding to ZeldaaMainMenu
21:07:38.389 [JavaFX Application Thread] DEBUG PrimaryStageWindow   - FXGLMainMenuDummyScene -> ZeldaaMainMenu
21:07:38.400 [JavaFX Application Thread] DEBUG FXGLApplication      - Registering font factories with UI factory
21:07:38.830 [FXGL Background Thread 2 ] INFO  UpdaterService       - Your current version:  21
21:07:38.830 [FXGL Background Thread 2 ] INFO  UpdaterService       - Latest stable version: 21.1
21:07:41.339 [FXGL Background Thread 3 ] DEBUG Engine               - Logging environment variables
21:07:41.342 [FXGL Background Thread 3 ] DEBUG Engine               - achievements: []
21:07:41.342 [FXGL Background Thread 3 ] DEBUG Engine               - actualHeight: 432.0
21:07:41.342 [FXGL Background Thread 3 ] DEBUG Engine               - actualHeightProperty: ReadOnlyDoubleProperty [value: 432.0]
21:07:41.342 [FXGL Background Thread 3 ] DEBUG Engine               - actualWidth: 672.0
21:07:41.342 [FXGL Background Thread 3 ] DEBUG Engine               - actualWidthProperty: ReadOnlyDoubleProperty [value: 672.0]
21:07:41.343 [FXGL Background Thread 3 ] DEBUG Engine               - appIcon: fxgl_icon.png
21:07:41.343 [FXGL Background Thread 3 ] DEBUG Engine               - applicationMode: DEVELOPER
21:07:41.343 [FXGL Background Thread 3 ] DEBUG Engine               - cSSList: [fxgl_dark.css]
21:07:41.343 [FXGL Background Thread 3 ] DEBUG Engine               - collisionDetectionStrategy: BRUTE_FORCE
21:07:41.343 [FXGL Background Thread 3 ] DEBUG Engine               - configClass: Optional.empty
21:07:41.343 [FXGL Background Thread 3 ] DEBUG Engine               - credits: []
21:07:41.344 [FXGL Background Thread 3 ] DEBUG Engine               - defaultCursor: CursorInfo(imageName=fxgl_default_cursor.png, hotspotX=7.0, hotspotY=6.0)
21:07:41.344 [FXGL Background Thread 3 ] DEBUG Engine               - devBBoxColorProperty: ObjectProperty [value: 0xff0000ff]
21:07:41.344 [FXGL Background Thread 3 ] DEBUG Engine               - devEnableDebugCameraProperty: BooleanProperty [value: false]
21:07:41.344 [FXGL Background Thread 3 ] DEBUG Engine               - devSensorColorProperty: ObjectProperty [value: 0xffff00ff]
21:07:41.345 [FXGL Background Thread 3 ] DEBUG Engine               - devShowBBoxProperty: BooleanProperty [value: false]
21:07:41.345 [FXGL Background Thread 3 ] DEBUG Engine               - devShowPositionProperty: BooleanProperty [value: false]
21:07:41.345 [FXGL Background Thread 3 ] DEBUG Engine               - enabledMenuItems: []
21:07:41.345 [FXGL Background Thread 3 ] DEBUG Engine               - engineServices: [class com.almasb.fxgl.app.services.FXGLAssetLoaderService, class com.almasb.fxgl.app.FXGLApplication$GameApplicationService, class com.almasb.fxgl.app.services.FXGLDialogService, class com.almasb.fxgl.app.services.IOTaskExecutorService, class com.almasb.fxgl.io.FileSystemService, class com.almasb.fxgl.localization.LocalizationService, class com.almasb.fxgl.app.services.SystemBundleService, class com.almasb.fxgl.profile.SaveLoadService, class com.almasb.fxgl.ui.FXGLUIFactoryServiceProvider, class com.almasb.fxgl.ui.FXGLDialogFactoryServiceProvider, class com.almasb.fxgl.audio.AudioPlayer, class com.almasb.fxgl.notification.impl.NotificationServiceProvider, class com.almasb.fxgl.achievement.AchievementService, class com.almasb.fxgl.cutscene.CutsceneService, class com.almasb.fxgl.minigames.MiniGameService, class com.almasb.fxgl.net.NetService, class com.almasb.fxgl.app.services.UpdaterService, class com.almasb.fxgl.dev.DevService]
21:07:41.345 [FXGL Background Thread 3 ] DEBUG Engine               - fontGame: Abel-Regular.ttf
21:07:41.345 [FXGL Background Thread 3 ] DEBUG Engine               - fontMono: TerminalLandMono-Regular.otf
21:07:41.346 [FXGL Background Thread 3 ] DEBUG Engine               - fontSizeScaleUI: 1.0
21:07:41.346 [FXGL Background Thread 3 ] DEBUG Engine               - fontText: Courier-Prime.ttf
21:07:41.346 [FXGL Background Thread 3 ] DEBUG Engine               - fontUI: VarelaRound-Regular.ttf
21:07:41.346 [FXGL Background Thread 3 ] DEBUG Engine               - fullScreen: BooleanProperty [value: false]
21:07:41.346 [FXGL Background Thread 3 ] DEBUG Engine               - gameDifficulty: MEDIUM
21:07:41.346 [FXGL Background Thread 3 ] DEBUG Engine               - gameDifficultyProperty: ObjectProperty [value: MEDIUM]
21:07:41.346 [FXGL Background Thread 3 ] DEBUG Engine               - globalMusicVolume: 0.5
21:07:41.347 [FXGL Background Thread 3 ] DEBUG Engine               - globalMusicVolumeProperty: DoubleProperty [value: 0.3]
21:07:41.347 [FXGL Background Thread 3 ] DEBUG Engine               - globalSoundVolume: 0.5
21:07:41.347 [FXGL Background Thread 3 ] DEBUG Engine               - globalSoundVolumeProperty: DoubleProperty [value: 0.5]
21:07:41.347 [FXGL Background Thread 3 ] DEBUG Engine               - height: 432
21:07:41.347 [FXGL Background Thread 3 ] DEBUG Engine               - is3D: false
21:07:41.347 [FXGL Background Thread 3 ] DEBUG Engine               - isAndroid: false
21:07:41.347 [FXGL Background Thread 3 ] DEBUG Engine               - isBrowser: false
21:07:41.347 [FXGL Background Thread 3 ] DEBUG Engine               - isClickFeedbackEnabled: false
21:07:41.347 [FXGL Background Thread 3 ] DEBUG Engine               - isCloseConfirmation: false
21:07:41.347 [FXGL Background Thread 3 ] DEBUG Engine               - isDesktop: true
21:07:41.347 [FXGL Background Thread 3 ] DEBUG Engine               - isDeveloperMenuEnabled: true
21:07:41.348 [FXGL Background Thread 3 ] DEBUG Engine               - isEmbedded: false
21:07:41.348 [FXGL Background Thread 3 ] DEBUG Engine               - isEntityPreloadEnabled: true
21:07:41.348 [FXGL Background Thread 3 ] DEBUG Engine               - isExperimentalTiledLargeMap: false
21:07:41.348 [FXGL Background Thread 3 ] DEBUG Engine               - isFileSystemWriteAllowed: true
21:07:41.348 [FXGL Background Thread 3 ] DEBUG Engine               - isFullScreenAllowed: false
21:07:41.348 [FXGL Background Thread 3 ] DEBUG Engine               - isFullScreenFromStart: false
21:07:41.348 [FXGL Background Thread 3 ] DEBUG Engine               - isGameMenuEnabled: true
21:07:41.348 [FXGL Background Thread 3 ] DEBUG Engine               - isIOS: false
21:07:41.348 [FXGL Background Thread 3 ] DEBUG Engine               - isIntroEnabled: false
21:07:41.348 [FXGL Background Thread 3 ] DEBUG Engine               - isLinux: false
21:07:41.349 [FXGL Background Thread 3 ] DEBUG Engine               - isMac: true
21:07:41.349 [FXGL Background Thread 3 ] DEBUG Engine               - isMainMenuEnabled: true
21:07:41.349 [FXGL Background Thread 3 ] DEBUG Engine               - isManualResizeEnabled: false
21:07:41.349 [FXGL Background Thread 3 ] DEBUG Engine               - isMobile: false
21:07:41.349 [FXGL Background Thread 3 ] DEBUG Engine               - isNative: false
21:07:41.349 [FXGL Background Thread 3 ] DEBUG Engine               - isPauseMusicWhenMinimized: true
21:07:41.349 [FXGL Background Thread 3 ] DEBUG Engine               - isPreserveResizeRatio: false
21:07:41.349 [FXGL Background Thread 3 ] DEBUG Engine               - isProfilingEnabled: false
21:07:41.350 [FXGL Background Thread 3 ] DEBUG Engine               - isScaleAffectedOnResize: true
21:07:41.350 [FXGL Background Thread 3 ] DEBUG Engine               - isSingleStep: false
21:07:41.350 [FXGL Background Thread 3 ] DEBUG Engine               - isUserProfileEnabled: false
21:07:41.350 [FXGL Background Thread 3 ] DEBUG Engine               - isWindows: false
21:07:41.350 [FXGL Background Thread 3 ] DEBUG Engine               - language: ObjectProperty [value: ENGLISH]
21:07:41.350 [FXGL Background Thread 3 ] DEBUG Engine               - menuKey: ESCAPE
21:07:41.350 [FXGL Background Thread 3 ] DEBUG Engine               - mouseSensitivity: 0.2
21:07:41.350 [FXGL Background Thread 3 ] DEBUG Engine               - notificationViewClass: class com.almasb.fxgl.notification.view.XboxNotificationView
21:07:41.350 [FXGL Background Thread 3 ] DEBUG Engine               - pixelsPerMeter: 50.0
21:07:41.350 [FXGL Background Thread 3 ] DEBUG Engine               - platform: MAC
21:07:41.350 [FXGL Background Thread 3 ] DEBUG Engine               - prefHeightProperty: ReadOnlyDoubleProperty [value: 432.0]
21:07:41.350 [FXGL Background Thread 3 ] DEBUG Engine               - prefWidthProperty: ReadOnlyDoubleProperty [value: 672.0]
21:07:41.350 [FXGL Background Thread 3 ] DEBUG Engine               - profileDir: profiles/
21:07:41.351 [FXGL Background Thread 3 ] DEBUG Engine               - profileName: StringProperty [value: DEFAULT]
21:07:41.351 [FXGL Background Thread 3 ] DEBUG Engine               - randomSeed: -1
21:07:41.351 [FXGL Background Thread 3 ] DEBUG Engine               - runtimeInfo: RuntimeInfo(platform=MAC, version=21, build=28.12.2023 13.39)
21:07:41.351 [FXGL Background Thread 3 ] DEBUG Engine               - saveFileExt: sav
21:07:41.351 [FXGL Background Thread 3 ] DEBUG Engine               - scaledHeightProp$fxgl: DoubleProperty [bound, value: 432.0]
21:07:41.351 [FXGL Background Thread 3 ] DEBUG Engine               - scaledWidthProp$fxgl: DoubleProperty [bound, value: 672.0]
21:07:41.351 [FXGL Background Thread 3 ] DEBUG Engine               - sceneFactory: codigo.Main$1@2d9e0553
21:07:41.352 [FXGL Background Thread 3 ] DEBUG Engine               - secondsIn24h: 60
21:07:41.352 [FXGL Background Thread 3 ] DEBUG Engine               - soundMenuBack: menu/back.wav
21:07:41.352 [FXGL Background Thread 3 ] DEBUG Engine               - soundMenuPress: menu/press.wav
21:07:41.352 [FXGL Background Thread 3 ] DEBUG Engine               - soundMenuSelect: menu/select.wav
21:07:41.352 [FXGL Background Thread 3 ] DEBUG Engine               - soundNotification: core/notification.wav
21:07:41.352 [FXGL Background Thread 3 ] DEBUG Engine               - stageStyle: DECORATED
21:07:41.352 [FXGL Background Thread 3 ] DEBUG Engine               - supportedLanguages: [ENGLISH, FRENCH, GERMAN, HUNGARIAN, RUSSIAN]
21:07:41.352 [FXGL Background Thread 3 ] DEBUG Engine               - ticksPerSecond: -1
21:07:41.352 [FXGL Background Thread 3 ] DEBUG Engine               - title: Zelda-Minish-Cap
21:07:41.352 [FXGL Background Thread 3 ] DEBUG Engine               - urlGithub: https://github.com/AlmasB/FXGL
21:07:41.352 [FXGL Background Thread 3 ] DEBUG Engine               - urlLeaderboard: http://fxgl-top.herokuapp.com/
21:07:41.352 [FXGL Background Thread 3 ] DEBUG Engine               - urlPOM: https://raw.githubusercontent.com/AlmasB/FXGL/release/README.md
21:07:41.352 [FXGL Background Thread 3 ] DEBUG Engine               - userAppClass: class codigo.Main
21:07:41.353 [FXGL Background Thread 3 ] DEBUG Engine               - version: beta
21:07:41.353 [FXGL Background Thread 3 ] DEBUG Engine               - versionCheckDays: 7
21:07:41.353 [FXGL Background Thread 3 ] DEBUG Engine               - width: 672
21:07:41.353 [FXGL Background Thread 3 ] DEBUG Engine               - Logging services
21:07:41.353 [FXGL Background Thread 3 ] DEBUG Engine               - class com.almasb.fxgl.app.services.FXGLAssetLoaderService
21:07:41.353 [FXGL Background Thread 3 ] DEBUG Engine               - class com.almasb.fxgl.app.FXGLApplication$GameApplicationService
21:07:41.353 [FXGL Background Thread 3 ] DEBUG Engine               - class com.almasb.fxgl.app.services.FXGLDialogService
21:07:41.353 [FXGL Background Thread 3 ] DEBUG Engine               - class com.almasb.fxgl.app.services.IOTaskExecutorService
21:07:41.353 [FXGL Background Thread 3 ] DEBUG Engine               - class com.almasb.fxgl.io.FileSystemService
21:07:41.353 [FXGL Background Thread 3 ] DEBUG Engine               - class com.almasb.fxgl.localization.LocalizationService
21:07:41.354 [FXGL Background Thread 3 ] DEBUG Engine               - class com.almasb.fxgl.app.services.SystemBundleService
21:07:41.354 [FXGL Background Thread 3 ] DEBUG Engine               - class com.almasb.fxgl.profile.SaveLoadService
21:07:41.354 [FXGL Background Thread 3 ] DEBUG Engine               - class com.almasb.fxgl.ui.FXGLUIFactoryServiceProvider
21:07:41.354 [FXGL Background Thread 3 ] DEBUG Engine               - class com.almasb.fxgl.ui.FXGLDialogFactoryServiceProvider
21:07:41.354 [FXGL Background Thread 3 ] DEBUG Engine               - class com.almasb.fxgl.audio.AudioPlayer
21:07:41.354 [FXGL Background Thread 3 ] DEBUG Engine               - class com.almasb.fxgl.notification.impl.NotificationServiceProvider
21:07:41.354 [FXGL Background Thread 3 ] DEBUG Engine               - class com.almasb.fxgl.achievement.AchievementService
21:07:41.354 [FXGL Background Thread 3 ] DEBUG Engine               - class com.almasb.fxgl.cutscene.CutsceneService
21:07:41.354 [FXGL Background Thread 3 ] DEBUG Engine               - class com.almasb.fxgl.minigames.MiniGameService
21:07:41.354 [FXGL Background Thread 3 ] DEBUG Engine               - class com.almasb.fxgl.net.NetService
21:07:41.354 [FXGL Background Thread 3 ] DEBUG Engine               - class com.almasb.fxgl.app.services.UpdaterService
21:07:41.354 [FXGL Background Thread 3 ] DEBUG Engine               - class com.almasb.fxgl.dev.DevService
21:07:43.135 [JavaFX Application Thread] DEBUG Menu                 - fireNewGame()
21:07:43.135 [JavaFX Application Thread] DEBUG GameApplicationServi - Starting new game
21:07:43.136 [JavaFX Application Thread] DEBUG PrimaryStageWindow   - Pop state: ZeldaaMainMenu
21:07:43.136 [JavaFX Application Thread] DEBUG Input                - Clearing active input actions
21:07:43.138 [JavaFX Application Thread] DEBUG GameApplicationServi - Removing overlay from ZeldaaMainMenu and adding to FXGLMainMenuDummyScene
21:07:43.141 [JavaFX Application Thread] DEBUG PrimaryStageWindow   - FXGLMainMenuDummyScene <- ZeldaaMainMenu
21:07:43.142 [JavaFX Application Thread] DEBUG Input                - Clearing active input actions
21:07:43.150 [JavaFX Application Thread] DEBUG GameApplicationServi - Removing overlay from FXGLMainMenuDummyScene and adding to FXGLLoadingScene
21:07:43.151 [JavaFX Application Thread] DEBUG PrimaryStageWindow   - FXGLMainMenuDummyScene -> FXGLLoadingScene
21:07:43.151 [JavaFX Application Thread] DEBUG GameApplicationServi - Clearing previous game
21:07:43.151 [JavaFX Application Thread] DEBUG GameScene            - Clearing game scene
21:07:43.151 [JavaFX Application Thread] DEBUG GameWorld            - Clearing game world
21:07:43.151 [JavaFX Application Thread] DEBUG PhysicsWorld         - Clearing physics world
21:07:43.152 [FXGL Background Thread 2 ] DEBUG FXGLApplication      - Initializing game
21:07:43.183 [FXGL Background Thread 2 ] DEBUG TMXLevelLoader       - Parsed TiledMap: file:/Users/darienumanazuniga/Desktop/Prueba1/build/classes/assets/levels/tmx/mapa1.tmx
21:07:43.184 [FXGL Background Thread 2 ] DEBUG TMXLevelLoader       - Creating tile layer entities
21:07:43.185 [FXGL Background Thread 2 ] DEBUG TilesetLoader        - Loading view for layer Tile Layer 1
21:07:43.185 [FXGL Background Thread 2 ] DEBUG TilesetLoader        - Created buffer with size 672.0x432.0
21:07:43.291 [FXGL Background Thread 2 ] DEBUG TilesetLoader        - Loading view for layer MUEBLES
21:07:43.291 [FXGL Background Thread 2 ] DEBUG TilesetLoader        - Created buffer with size 672.0x432.0
21:07:43.292 [FXGL Background Thread 2 ] DEBUG TMXLevelLoader       - Creating object layer entities
21:07:43.304 [FXGL Background Thread 2 ] DEBUG GameWorld            - Clearing removable entities
21:07:43.304 [FXGL Background Thread 2 ] DEBUG GameWorld            - Setting level: com.almasb.fxgl.entity.level.Level@74abc8a7
21:07:43.308 [FXGL Background Thread 2 ] DEBUG FXGLAssetLoaderServi - Loading from file system: file:/Users/darienumanazuniga/Desktop/Prueba1/build/classes/assets/textures/sprits1.png
21:07:43.314 [FXGL Background Thread 2 ] DEBUG FXGLAssetLoaderServi - Loading from file system: file:/Users/darienumanazuniga/Desktop/Prueba1/build/classes/assets/textures/sprits2.png
21:07:43.318 [FXGL Background Thread 2 ] DEBUG FXGLAssetLoaderServi - Loading from file system: file:/Users/darienumanazuniga/Desktop/Prueba1/build/classes/assets/textures/sprits3.png
21:07:43.321 [FXGL Background Thread 2 ] DEBUG FXGLAssetLoaderServi - Loading from file system: file:/Users/darienumanazuniga/Desktop/Prueba1/build/classes/assets/textures/sprits4.png
21:07:43.332 [FXGL Background Thread 2 ] INFO  FXGLApplication      - Game initialization took: 0,180 sec
21:07:43.333 [JavaFX Application Thread] DEBUG Input                - Clearing active input actions
21:07:43.337 [JavaFX Application Thread] DEBUG GameApplicationServi - Removing overlay from FXGLLoadingScene and adding to GameScene
21:07:43.340 [JavaFX Application Thread] DEBUG PrimaryStageWindow   - FXGLLoadingScene -> GameScene
21:07:47.612 [JavaFX Application Thread] DEBUG FXGLAssetLoaderServi - Loading from file system: file:/Users/darienumanazuniga/Desktop/Prueba1/build/classes/assets/music/mapa1-2.mp3
21:07:47.670 [JavaFX Application Thread] DEBUG FXGLAssetLoaderServi - Loading from file system: file:/Users/darienumanazuniga/Desktop/Prueba1/build/classes/assets/music/mapa32.mp3
21:07:47.672 [JavaFX Application Thread] DEBUG FXGLAssetLoaderServi - Loading from file system: file:/Users/darienumanazuniga/Desktop/Prueba1/build/classes/assets/music/mapa4.mp3
21:07:47.673 [JavaFX Application Thread] DEBUG FXGLAssetLoaderServi - Loading from file system: file:/Users/darienumanazuniga/Desktop/Prueba1/build/classes/assets/music/mapa5-6.mp3
21:07:47.679 [JavaFX Application Thread] DEBUG TMXLevelLoader       - Parsed TiledMap: file:/Users/darienumanazuniga/Desktop/Prueba1/build/classes/assets/levels/tmx/mapa2.tmx
21:07:47.679 [JavaFX Application Thread] DEBUG TMXLevelLoader       - Creating tile layer entities
21:07:47.679 [JavaFX Application Thread] DEBUG TilesetLoader        - Loading view for layer Tile Layer 1
21:07:47.680 [JavaFX Application Thread] DEBUG TilesetLoader        - Created buffer with size 672.0x432.0
21:07:47.765 [JavaFX Application Thread] DEBUG TilesetLoader        - Loading view for layer muebles
21:07:47.765 [JavaFX Application Thread] DEBUG TilesetLoader        - Created buffer with size 672.0x432.0
21:07:47.765 [JavaFX Application Thread] DEBUG TMXLevelLoader       - Creating object layer entities
21:07:47.769 [JavaFX Application Thread] DEBUG GameWorld            - Clearing removable entities
21:07:47.770 [JavaFX Application Thread] DEBUG GameWorld            - Setting level: com.almasb.fxgl.entity.level.Level@161e4a75
21:07:51.089 [JavaFX Application Thread] DEBUG TMXLevelLoader       - Parsed TiledMap: file:/Users/darienumanazuniga/Desktop/Prueba1/build/classes/assets/levels/tmx/mapa3.tmx
21:07:51.089 [JavaFX Application Thread] DEBUG TMXLevelLoader       - Creating tile layer entities
21:07:51.089 [JavaFX Application Thread] DEBUG TilesetLoader        - Loading view for layer Capa de patrones 1
21:07:51.091 [JavaFX Application Thread] DEBUG TilesetLoader        - Created buffer with size 2016.0x1344.0
21:07:51.219 [JavaFX Application Thread] DEBUG TMXLevelLoader       - Creating object layer entities
21:07:51.231 [JavaFX Application Thread] DEBUG GameWorld            - Clearing removable entities
21:07:51.232 [JavaFX Application Thread] DEBUG GameWorld            - Setting level: com.almasb.fxgl.entity.level.Level@1a2da347
21:07:51.236 [JavaFX Application Thread] DEBUG AudioPlayer          - Playing music com.almasb.fxgl.audio.Music@760ea772
21:07:51.237 [JavaFX Application Thread] DEBUG AudioPlayer          - Stopping music com.almasb.fxgl.audio.Music@760ea772
21:07:51.240 [JavaFX Application Thread] DEBUG AudioPlayer          - Playing music com.almasb.fxgl.audio.Music@22a22310
21:07:51.241 [JavaFX Application Thread] DEBUG FXGLAssetLoaderServi - Loading from file system: file:/Users/darienumanazuniga/Desktop/Prueba1/build/classes/assets/textures/gato3.png
21:07:51.244 [JavaFX Application Thread] DEBUG FXGLAssetLoaderServi - Loading from file system: file:/Users/darienumanazuniga/Desktop/Prueba1/build/classes/assets/textures/npcpuzle1.png
21:08:15.761 [JavaFX Application Thread] DEBUG TMXLevelLoader       - Parsed TiledMap: file:/Users/darienumanazuniga/Desktop/Prueba1/build/classes/assets/levels/tmx/mapa4.tmx
21:08:15.761 [JavaFX Application Thread] DEBUG TMXLevelLoader       - Creating tile layer entities
21:08:15.762 [JavaFX Application Thread] DEBUG TilesetLoader        - Loading view for layer Tile Layer 1
21:08:15.765 [JavaFX Application Thread] DEBUG TilesetLoader        - Created buffer with size 1440.0x1920.0
21:08:15.895 [JavaFX Application Thread] DEBUG TMXLevelLoader       - Creating object layer entities
21:08:15.902 [JavaFX Application Thread] DEBUG GameWorld            - Clearing removable entities
21:08:15.904 [JavaFX Application Thread] DEBUG GameWorld            - Setting level: com.almasb.fxgl.entity.level.Level@492a9ea1
21:08:15.906 [JavaFX Application Thread] DEBUG AudioPlayer          - Stopping music com.almasb.fxgl.audio.Music@22a22310
21:08:15.906 [JavaFX Application Thread] DEBUG AudioPlayer          - Playing music com.almasb.fxgl.audio.Music@4468919d
21:08:15.907 [JavaFX Application Thread] DEBUG FXGLAssetLoaderServi - Loading from file system: file:/Users/darienumanazuniga/Desktop/Prueba1/build/classes/assets/textures/pc.png
21:08:42.368 [JavaFX Application Thread] DEBUG TMXLevelLoader       - Parsed TiledMap: file:/Users/darienumanazuniga/Desktop/Prueba1/build/classes/assets/levels/tmx/mapa5.tmx
21:08:42.369 [JavaFX Application Thread] DEBUG TMXLevelLoader       - Creating tile layer entities
21:08:42.369 [JavaFX Application Thread] DEBUG TilesetLoader        - Loading view for layer Tile Layer 1
21:08:42.372 [JavaFX Application Thread] DEBUG TilesetLoader        - Created buffer with size 1008.0x1056.0
21:08:42.415 [JavaFX Application Thread] DEBUG TMXLevelLoader       - Creating object layer entities
21:08:42.417 [JavaFX Application Thread] DEBUG GameWorld            - Clearing removable entities
21:08:42.418 [JavaFX Application Thread] DEBUG GameWorld            - Setting level: com.almasb.fxgl.entity.level.Level@686d7f1
21:08:42.419 [JavaFX Application Thread] DEBUG AudioPlayer          - Stopping music com.almasb.fxgl.audio.Music@4468919d
21:08:42.419 [JavaFX Application Thread] DEBUG AudioPlayer          - Playing music com.almasb.fxgl.audio.Music@622cf682
21:09:00.680 [JavaFX Application Thread] DEBUG TMXLevelLoader       - Parsed TiledMap: file:/Users/darienumanazuniga/Desktop/Prueba1/build/classes/assets/levels/tmx/mapa6.tmx
21:09:00.680 [JavaFX Application Thread] DEBUG TMXLevelLoader       - Creating tile layer entities
21:09:00.680 [JavaFX Application Thread] DEBUG TilesetLoader        - Loading view for layer Tile Layer 1
21:09:00.680 [JavaFX Application Thread] DEBUG TilesetLoader        - Created buffer with size 672.0x672.0
21:09:00.695 [JavaFX Application Thread] DEBUG TMXLevelLoader       - Creating object layer entities
21:09:00.697 [JavaFX Application Thread] DEBUG GameWorld            - Clearing removable entities
21:09:00.697 [JavaFX Application Thread] DEBUG GameWorld            - Setting level: com.almasb.fxgl.entity.level.Level@69ea0734
21:09:00.698 [JavaFX Application Thread] DEBUG AudioPlayer          - Stopping music com.almasb.fxgl.audio.Music@4468919d
21:09:00.698 [JavaFX Application Thread] DEBUG AudioPlayer          - Playing music com.almasb.fxgl.audio.Music@622cf682
21:09:03.887 [JavaFX Application Thread] DEBUG PrimaryStageWindow   - Push state: DialogSubScene
21:09:03.887 [JavaFX Application Thread] DEBUG Input                - Clearing active input actions
21:09:03.891 [JavaFX Application Thread] DEBUG GameApplicationServi - Removing overlay from GameScene and adding to DialogSubScene
21:09:03.894 [JavaFX Application Thread] DEBUG PrimaryStageWindow   - GameScene -> DialogSubScene
21:09:23.286 [JavaFX Application Thread] DEBUG PrimaryStageWindow   - Pop state: DialogSubScene
21:09:23.286 [JavaFX Application Thread] DEBUG Input                - Clearing active input actions
21:09:23.288 [JavaFX Application Thread] DEBUG GameApplicationServi - Removing overlay from DialogSubScene and adding to GameScene
21:09:23.290 [JavaFX Application Thread] DEBUG PrimaryStageWindow   - GameScene <- DialogSubScene
21:09:23.296 [JavaFX Application Thread] DEBUG PrimaryStageWindow   - Push state: DialogSubScene
21:09:23.296 [JavaFX Application Thread] DEBUG Input                - Clearing active input actions
21:09:23.296 [JavaFX Application Thread] DEBUG GameApplicationServi - Removing overlay from GameScene and adding to DialogSubScene
21:09:23.297 [JavaFX Application Thread] DEBUG PrimaryStageWindow   - GameScene -> DialogSubScene
21:09:26.993 [JavaFX Application Thread] DEBUG PrimaryStageWindow   - Pop state: DialogSubScene
21:09:26.993 [JavaFX Application Thread] DEBUG Input                - Clearing active input actions
21:09:26.995 [JavaFX Application Thread] DEBUG GameApplicationServi - Removing overlay from DialogSubScene and adding to GameScene
21:09:26.996 [JavaFX Application Thread] DEBUG PrimaryStageWindow   - GameScene <- DialogSubScene
21:09:27.002 [JavaFX Application Thread] DEBUG TMXLevelLoader       - Parsed TiledMap: file:/Users/darienumanazuniga/Desktop/Prueba1/build/classes/assets/levels/tmx/mapa1.tmx
21:09:27.002 [JavaFX Application Thread] DEBUG TMXLevelLoader       - Creating tile layer entities
21:09:27.002 [JavaFX Application Thread] DEBUG TilesetLoader        - Loading view for layer Tile Layer 1
21:09:27.006 [JavaFX Application Thread] DEBUG TilesetLoader        - Created buffer with size 672.0x432.0
21:09:27.097 [JavaFX Application Thread] DEBUG TilesetLoader        - Loading view for layer MUEBLES
21:09:27.098 [JavaFX Application Thread] DEBUG TilesetLoader        - Created buffer with size 672.0x432.0
21:09:27.098 [JavaFX Application Thread] DEBUG TMXLevelLoader       - Creating object layer entities
21:09:27.099 [JavaFX Application Thread] DEBUG GameWorld            - Clearing removable entities
21:09:27.100 [JavaFX Application Thread] DEBUG GameWorld            - Setting level: com.almasb.fxgl.entity.level.Level@695b2b3c
21:09:46.468 [JavaFX Application Thread] DEBUG TMXLevelLoader       - Parsed TiledMap: file:/Users/darienumanazuniga/Desktop/Prueba1/build/classes/assets/levels/tmx/mapa2.tmx
21:09:46.468 [JavaFX Application Thread] DEBUG TMXLevelLoader       - Creating tile layer entities
21:09:46.469 [JavaFX Application Thread] DEBUG TilesetLoader        - Loading view for layer Tile Layer 1
21:09:46.469 [JavaFX Application Thread] DEBUG TilesetLoader        - Created buffer with size 672.0x432.0
21:09:46.562 [JavaFX Application Thread] DEBUG TilesetLoader        - Loading view for layer muebles
21:09:46.562 [JavaFX Application Thread] DEBUG TilesetLoader        - Created buffer with size 672.0x432.0
21:09:46.562 [JavaFX Application Thread] DEBUG TMXLevelLoader       - Creating object layer entities
21:09:46.563 [JavaFX Application Thread] DEBUG GameWorld            - Clearing removable entities
21:09:46.564 [JavaFX Application Thread] DEBUG GameWorld            - Setting level: com.almasb.fxgl.entity.level.Level@4c8f2bb4
21:10:19.887 [JavaFX Application Thread] DEBUG TMXLevelLoader       - Parsed TiledMap: file:/Users/darienumanazuniga/Desktop/Prueba1/build/classes/assets/levels/tmx/mapa3.tmx
21:10:19.887 [JavaFX Application Thread] DEBUG TMXLevelLoader       - Creating tile layer entities
21:10:19.889 [JavaFX Application Thread] DEBUG TilesetLoader        - Loading view for layer Capa de patrones 1
21:10:19.893 [JavaFX Application Thread] DEBUG TilesetLoader        - Created buffer with size 2016.0x1344.0
21:10:20.023 [JavaFX Application Thread] DEBUG TMXLevelLoader       - Creating object layer entities
21:10:20.028 [JavaFX Application Thread] DEBUG GameWorld            - Clearing removable entities
21:10:20.029 [JavaFX Application Thread] DEBUG GameWorld            - Setting level: com.almasb.fxgl.entity.level.Level@1f1a7dd
21:10:20.031 [JavaFX Application Thread] DEBUG AudioPlayer          - Playing music com.almasb.fxgl.audio.Music@760ea772
21:10:20.031 [JavaFX Application Thread] DEBUG AudioPlayer          - Stopping music com.almasb.fxgl.audio.Music@760ea772
21:10:20.031 [JavaFX Application Thread] DEBUG AudioPlayer          - Playing music com.almasb.fxgl.audio.Music@22a22310
21:10:35.151 [JavaFX Application Thread] DEBUG TMXLevelLoader       - Parsed TiledMap: file:/Users/darienumanazuniga/Desktop/Prueba1/build/classes/assets/levels/tmx/mapa4.tmx
21:10:35.151 [JavaFX Application Thread] DEBUG TMXLevelLoader       - Creating tile layer entities
21:10:35.151 [JavaFX Application Thread] DEBUG TilesetLoader        - Loading view for layer Tile Layer 1
21:10:35.152 [JavaFX Application Thread] DEBUG TilesetLoader        - Created buffer with size 1440.0x1920.0
21:10:35.281 [JavaFX Application Thread] DEBUG TMXLevelLoader       - Creating object layer entities
21:10:35.284 [JavaFX Application Thread] DEBUG GameWorld            - Clearing removable entities
21:10:35.286 [JavaFX Application Thread] DEBUG GameWorld            - Setting level: com.almasb.fxgl.entity.level.Level@6ce66f4f
21:10:35.287 [JavaFX Application Thread] DEBUG AudioPlayer          - Stopping music com.almasb.fxgl.audio.Music@22a22310
21:10:35.287 [JavaFX Application Thread] DEBUG AudioPlayer          - Playing music com.almasb.fxgl.audio.Music@4468919d
21:10:51.551 [JavaFX Application Thread] DEBUG TMXLevelLoader       - Parsed TiledMap: file:/Users/darienumanazuniga/Desktop/Prueba1/build/classes/assets/levels/tmx/mapa5.tmx
21:10:51.551 [JavaFX Application Thread] DEBUG TMXLevelLoader       - Creating tile layer entities
21:10:51.552 [JavaFX Application Thread] DEBUG TilesetLoader        - Loading view for layer Tile Layer 1
21:10:51.552 [JavaFX Application Thread] DEBUG TilesetLoader        - Created buffer with size 1008.0x1056.0
21:10:51.593 [JavaFX Application Thread] DEBUG TMXLevelLoader       - Creating object layer entities
21:10:51.594 [JavaFX Application Thread] DEBUG GameWorld            - Clearing removable entities
21:10:51.596 [JavaFX Application Thread] DEBUG GameWorld            - Setting level: com.almasb.fxgl.entity.level.Level@547ada66
21:10:51.596 [JavaFX Application Thread] DEBUG AudioPlayer          - Stopping music com.almasb.fxgl.audio.Music@4468919d
21:10:51.596 [JavaFX Application Thread] DEBUG AudioPlayer          - Playing music com.almasb.fxgl.audio.Music@622cf682
21:11:03.663 [JavaFX Application Thread] DEBUG TMXLevelLoader       - Parsed TiledMap: file:/Users/darienumanazuniga/Desktop/Prueba1/build/classes/assets/levels/tmx/mapa6.tmx
21:11:03.663 [JavaFX Application Thread] DEBUG TMXLevelLoader       - Creating tile layer entities
21:11:03.663 [JavaFX Application Thread] DEBUG TilesetLoader        - Loading view for layer Tile Layer 1
21:11:03.663 [JavaFX Application Thread] DEBUG TilesetLoader        - Created buffer with size 672.0x672.0
21:11:03.678 [JavaFX Application Thread] DEBUG TMXLevelLoader       - Creating object layer entities
21:11:03.678 [JavaFX Application Thread] DEBUG GameWorld            - Clearing removable entities
21:11:03.679 [JavaFX Application Thread] DEBUG GameWorld            - Setting level: com.almasb.fxgl.entity.level.Level@5a7a4a28
21:11:03.679 [JavaFX Application Thread] DEBUG AudioPlayer          - Stopping music com.almasb.fxgl.audio.Music@4468919d
21:11:03.679 [JavaFX Application Thread] DEBUG AudioPlayer          - Playing music com.almasb.fxgl.audio.Music@622cf682
21:11:07.113 [JavaFX Application Thread] DEBUG PrimaryStageWindow   - Push state: DialogSubScene
21:11:07.114 [JavaFX Application Thread] DEBUG Input                - Clearing active input actions
21:11:07.115 [JavaFX Application Thread] DEBUG GameApplicationServi - Removing overlay from GameScene and adding to DialogSubScene
21:11:07.117 [JavaFX Application Thread] DEBUG PrimaryStageWindow   - GameScene -> DialogSubScene
21:11:32.573 [JavaFX Application Thread] DEBUG PrimaryStageWindow   - Pop state: DialogSubScene
21:11:32.574 [JavaFX Application Thread] DEBUG Input                - Clearing active input actions
21:11:32.575 [JavaFX Application Thread] DEBUG GameApplicationServi - Removing overlay from DialogSubScene and adding to GameScene
21:11:32.578 [JavaFX Application Thread] DEBUG PrimaryStageWindow   - GameScene <- DialogSubScene
21:11:32.583 [JavaFX Application Thread] DEBUG FXGLAssetLoaderServi - Loading from file system: file:/Users/darienumanazuniga/Desktop/Prueba1/build/classes/assets/textures/prin.png
21:11:32.596 [JavaFX Application Thread] DEBUG PrimaryStageWindow   - Push state: DialogSubScene
21:11:32.596 [JavaFX Application Thread] DEBUG Input                - Clearing active input actions
21:11:32.597 [JavaFX Application Thread] DEBUG GameApplicationServi - Removing overlay from GameScene and adding to DialogSubScene
21:11:32.597 [JavaFX Application Thread] DEBUG PrimaryStageWindow   - GameScene -> DialogSubScene
21:11:39.552 [JavaFX Application Thread] DEBUG PrimaryStageWindow   - Pop state: DialogSubScene
21:11:39.552 [JavaFX Application Thread] DEBUG Input                - Clearing active input actions
21:11:39.554 [JavaFX Application Thread] DEBUG GameApplicationServi - Removing overlay from DialogSubScene and adding to GameScene
21:11:39.556 [JavaFX Application Thread] DEBUG PrimaryStageWindow   - GameScene <- DialogSubScene
21:11:42.543 [JavaFX Application Thread] DEBUG PrimaryStageWindow   - Push state: FXGLDefaultMenu
21:11:42.546 [JavaFX Application Thread] DEBUG Input                - Clearing active input actions
21:11:42.549 [JavaFX Application Thread] DEBUG GameApplicationServi - Removing overlay from GameScene and adding to FXGLDefaultMenu
21:11:42.550 [JavaFX Application Thread] DEBUG PrimaryStageWindow   - GameScene -> FXGLDefaultMenu
21:11:45.532 [JavaFX Application Thread] DEBUG Menu                 - fireExitToMainMenu()
21:11:45.533 [JavaFX Application Thread] DEBUG PrimaryStageWindow   - Push state: DialogSubScene
21:11:45.533 [JavaFX Application Thread] DEBUG Input                - Clearing active input actions
21:11:45.534 [JavaFX Application Thread] DEBUG GameApplicationServi - Removing overlay from FXGLDefaultMenu and adding to DialogSubScene
21:11:45.534 [JavaFX Application Thread] DEBUG PrimaryStageWindow   - FXGLDefaultMenu -> DialogSubScene
21:11:46.542 [JavaFX Application Thread] DEBUG PrimaryStageWindow   - Pop state: DialogSubScene
21:11:46.542 [JavaFX Application Thread] DEBUG Input                - Clearing active input actions
21:11:46.543 [JavaFX Application Thread] DEBUG GameApplicationServi - Removing overlay from DialogSubScene and adding to FXGLDefaultMenu
21:11:46.545 [JavaFX Application Thread] DEBUG PrimaryStageWindow   - FXGLDefaultMenu <- DialogSubScene
21:11:46.547 [JavaFX Application Thread] DEBUG PrimaryStageWindow   - Pop state: FXGLDefaultMenu
21:11:46.547 [JavaFX Application Thread] DEBUG Input                - Clearing active input actions
21:11:46.548 [JavaFX Application Thread] DEBUG GameApplicationServi - Removing overlay from FXGLDefaultMenu and adding to GameScene
21:11:46.548 [JavaFX Application Thread] DEBUG PrimaryStageWindow   - GameScene <- FXGLDefaultMenu
21:11:46.548 [JavaFX Application Thread] DEBUG Input                - Clearing active input actions
21:11:46.559 [JavaFX Application Thread] DEBUG GameApplicationServi - Removing overlay from GameScene and adding to FXGLMainMenuDummyScene
21:11:46.566 [JavaFX Application Thread] DEBUG PrimaryStageWindow   - GameScene -> FXGLMainMenuDummyScene
21:11:46.566 [JavaFX Application Thread] DEBUG PrimaryStageWindow   - Push state: ZeldaaMainMenu
21:11:46.566 [JavaFX Application Thread] DEBUG Input                - Clearing active input actions
21:11:46.566 [JavaFX Application Thread] DEBUG GameApplicationServi - Removing overlay from FXGLMainMenuDummyScene and adding to ZeldaaMainMenu
21:11:46.566 [JavaFX Application Thread] DEBUG PrimaryStageWindow   - FXGLMainMenuDummyScene -> ZeldaaMainMenu
21:12:00.278 [JavaFX Application Thread] DEBUG FXGLApplication      - Exiting FXGL
21:12:00.278 [JavaFX Application Thread] DEBUG LoopRunner           - Stopping loop
21:12:00.278 [JavaFX Application Thread] DEBUG SystemBundleService  - Saving FXGL system data
21:12:00.285 [JavaFX Application Thread] DEBUG FileSystemAccess     - Writing to: /Users/darienumanazuniga/Desktop/Prueba1/system/fxgl.bundle
21:12:00.288 [JavaFX Application Thread] DEBUG Async                - Shutting down background threads
21:12:00.288 [JavaFX Application Thread] DEBUG PrimaryStageWindow   - Closing main window
21:12:00.298 [JavaFX Application Thread] DEBUG Logger               - Closing Logger
